[2025-06-11T09:34:54.909+0000] {local_task_job_runner.py:123} INFO - ::group::Pre task execution logs
[2025-06-11T09:34:54.961+0000] {taskinstance.py:2612} INFO - Dependencies all met for dep_context=non-requeueable deps ti=<TaskInstance: data_ingestion_to_stg.load_countries_20180509 manual__2025-06-11T09:34:38.207959+00:00 [queued]>
[2025-06-11T09:34:54.990+0000] {taskinstance.py:2612} INFO - Dependencies all met for dep_context=requeueable deps ti=<TaskInstance: data_ingestion_to_stg.load_countries_20180509 manual__2025-06-11T09:34:38.207959+00:00 [queued]>
[2025-06-11T09:34:54.992+0000] {taskinstance.py:2865} INFO - Starting attempt 1 of 2
[2025-06-11T09:34:55.014+0000] {taskinstance.py:2888} INFO - Executing <Task(PythonOperator): load_countries_20180509> on 2025-06-11 09:34:38.207959+00:00
[2025-06-11T09:34:55.057+0000] {warnings.py:112} WARNING - /home/***/.local/lib/python3.12/site-packages/***/task/task_runner/standard_task_runner.py:70: DeprecationWarning: This process (pid=1125) is multi-threaded, use of fork() may lead to deadlocks in the child.
  pid = os.fork()

[2025-06-11T09:34:55.060+0000] {standard_task_runner.py:72} INFO - Started process 1157 to run task
[2025-06-11T09:34:55.077+0000] {standard_task_runner.py:104} INFO - Running: ['***', 'tasks', 'run', 'data_ingestion_to_stg', 'load_countries_20180509', 'manual__2025-06-11T09:34:38.207959+00:00', '--job-id', '834', '--raw', '--subdir', 'DAGS_FOLDER/data_ingestion_to_stg.py', '--cfg-path', '/tmp/tmp5hoacdvt']
[2025-06-11T09:34:55.078+0000] {standard_task_runner.py:105} INFO - Job 834: Subtask load_countries_20180509
[2025-06-11T09:34:55.262+0000] {task_command.py:467} INFO - Running <TaskInstance: data_ingestion_to_stg.load_countries_20180509 manual__2025-06-11T09:34:38.207959+00:00 [running]> on host 50af1b76beaf
[2025-06-11T09:34:55.513+0000] {taskinstance.py:3131} INFO - Exporting env vars: AIRFLOW_CTX_DAG_OWNER='***' AIRFLOW_CTX_DAG_ID='data_ingestion_to_stg' AIRFLOW_CTX_TASK_ID='load_countries_20180509' AIRFLOW_CTX_EXECUTION_DATE='2025-06-11T09:34:38.207959+00:00' AIRFLOW_CTX_TRY_NUMBER='1' AIRFLOW_CTX_DAG_RUN_ID='manual__2025-06-11T09:34:38.207959+00:00'
[2025-06-11T09:34:55.516+0000] {logging_mixin.py:190} INFO - Task instance is in running state
[2025-06-11T09:34:55.517+0000] {logging_mixin.py:190} INFO -  Previous state of the Task instance: queued
[2025-06-11T09:34:55.520+0000] {logging_mixin.py:190} INFO - Current task name:load_countries_20180509 state:running start_date:2025-06-11 09:34:54.970086+00:00
[2025-06-11T09:34:55.521+0000] {logging_mixin.py:190} INFO - Dag name:data_ingestion_to_stg and current dag run status:running
[2025-06-11T09:34:55.522+0000] {taskinstance.py:731} INFO - ::endgroup::
[2025-06-11T09:34:55.530+0000] {postgres.py:191} INFO - Running copy expert: COPY stg.countries FROM STDIN WITH CSV DELIMITER ';' HEADER;, filename: /opt/***/INPUT/20180509/20180509.countries.csv
[2025-06-11T09:34:55.565+0000] {base.py:84} INFO - Retrieving connection 'data_warehouse_project'
[2025-06-11T09:34:55.659+0000] {logging_mixin.py:190} INFO - [INFO] Berhasil load 20180509.countries.csv ke stg.countries
[2025-06-11T09:34:55.660+0000] {python.py:240} INFO - Done. Returned value was: None
[2025-06-11T09:34:55.681+0000] {taskinstance.py:340} INFO - ::group::Post task execution logs
[2025-06-11T09:34:55.682+0000] {taskinstance.py:352} INFO - Marking task as SUCCESS. dag_id=data_ingestion_to_stg, task_id=load_countries_20180509, run_id=manual__2025-06-11T09:34:38.207959+00:00, execution_date=20250611T093438, start_date=20250611T093454, end_date=20250611T093455
[2025-06-11T09:34:55.702+0000] {logging_mixin.py:190} INFO - Task instance in success state
[2025-06-11T09:34:55.703+0000] {logging_mixin.py:190} INFO -  Previous state of the Task instance: running
[2025-06-11T09:34:55.704+0000] {logging_mixin.py:190} INFO - Dag name:data_ingestion_to_stg queued_at:2025-06-11 09:34:38.253158+00:00
[2025-06-11T09:34:55.705+0000] {logging_mixin.py:190} INFO - Task hostname:50af1b76beaf operator:PythonOperator
[2025-06-11T09:34:55.737+0000] {local_task_job_runner.py:266} INFO - Task exited with return code 0
[2025-06-11T09:34:55.794+0000] {taskinstance.py:3900} INFO - 0 downstream tasks scheduled from follow-on schedule check
[2025-06-11T09:34:55.798+0000] {local_task_job_runner.py:245} INFO - ::endgroup::
