[2025-06-11T05:16:51.887+0000] {local_task_job_runner.py:123} INFO - ::group::Pre task execution logs
[2025-06-11T05:16:51.977+0000] {taskinstance.py:2612} INFO - Dependencies all met for dep_context=non-requeueable deps ti=<TaskInstance: data_ingestion_to_stg.truncate_customers_20180508 manual__2025-06-11T05:16:36.881201+00:00 [queued]>
[2025-06-11T05:16:52.023+0000] {taskinstance.py:2612} INFO - Dependencies all met for dep_context=requeueable deps ti=<TaskInstance: data_ingestion_to_stg.truncate_customers_20180508 manual__2025-06-11T05:16:36.881201+00:00 [queued]>
[2025-06-11T05:16:52.024+0000] {taskinstance.py:2865} INFO - Starting attempt 1 of 2
[2025-06-11T05:16:52.234+0000] {taskinstance.py:2888} INFO - Executing <Task(PythonOperator): truncate_customers_20180508> on 2025-06-11 05:16:36.881201+00:00
[2025-06-11T05:16:52.347+0000] {warnings.py:112} WARNING - /home/***/.local/lib/python3.12/site-packages/***/task/task_runner/standard_task_runner.py:70: DeprecationWarning: This process (pid=226) is multi-threaded, use of fork() may lead to deadlocks in the child.
  pid = os.fork()

[2025-06-11T05:16:52.355+0000] {standard_task_runner.py:72} INFO - Started process 254 to run task
[2025-06-11T05:16:52.359+0000] {standard_task_runner.py:104} INFO - Running: ['***', 'tasks', 'run', 'data_ingestion_to_stg', 'truncate_customers_20180508', 'manual__2025-06-11T05:16:36.881201+00:00', '--job-id', '315', '--raw', '--subdir', 'DAGS_FOLDER/data_ingestion_to_stg.py', '--cfg-path', '/tmp/tmp1w7aga5_']
[2025-06-11T05:16:52.377+0000] {standard_task_runner.py:105} INFO - Job 315: Subtask truncate_customers_20180508
[2025-06-11T05:16:52.665+0000] {task_command.py:467} INFO - Running <TaskInstance: data_ingestion_to_stg.truncate_customers_20180508 manual__2025-06-11T05:16:36.881201+00:00 [running]> on host d55d1164a4af
[2025-06-11T05:16:53.623+0000] {taskinstance.py:3131} INFO - Exporting env vars: AIRFLOW_CTX_DAG_OWNER='***' AIRFLOW_CTX_DAG_ID='data_ingestion_to_stg' AIRFLOW_CTX_TASK_ID='truncate_customers_20180508' AIRFLOW_CTX_EXECUTION_DATE='2025-06-11T05:16:36.881201+00:00' AIRFLOW_CTX_TRY_NUMBER='1' AIRFLOW_CTX_DAG_RUN_ID='manual__2025-06-11T05:16:36.881201+00:00'
[2025-06-11T05:16:53.634+0000] {logging_mixin.py:190} INFO - Task instance is in running state
[2025-06-11T05:16:53.635+0000] {logging_mixin.py:190} INFO -  Previous state of the Task instance: queued
[2025-06-11T05:16:53.637+0000] {logging_mixin.py:190} INFO - Current task name:truncate_customers_20180508 state:running start_date:2025-06-11 05:16:51.982254+00:00
[2025-06-11T05:16:53.639+0000] {logging_mixin.py:190} INFO - Dag name:data_ingestion_to_stg and current dag run status:running
[2025-06-11T05:16:53.640+0000] {taskinstance.py:731} INFO - ::endgroup::
[2025-06-11T05:16:53.708+0000] {base.py:84} INFO - Retrieving connection 'data_warehouse_project'
[2025-06-11T05:16:53.801+0000] {sql.py:509} INFO - Running statement: TRUNCATE TABLE stg.customers;, parameters: None
[2025-06-11T05:16:53.850+0000] {logging_mixin.py:190} INFO - [INFO] Truncated table stg.customers
[2025-06-11T05:16:53.852+0000] {python.py:240} INFO - Done. Returned value was: None
[2025-06-11T05:16:53.892+0000] {taskinstance.py:340} INFO - ::group::Post task execution logs
[2025-06-11T05:16:53.894+0000] {taskinstance.py:352} INFO - Marking task as SUCCESS. dag_id=data_ingestion_to_stg, task_id=truncate_customers_20180508, run_id=manual__2025-06-11T05:16:36.881201+00:00, execution_date=20250611T051636, start_date=20250611T051651, end_date=20250611T051653
[2025-06-11T05:16:53.965+0000] {logging_mixin.py:190} INFO - Task instance in success state
[2025-06-11T05:16:53.967+0000] {logging_mixin.py:190} INFO -  Previous state of the Task instance: running
[2025-06-11T05:16:53.982+0000] {logging_mixin.py:190} INFO - Dag name:data_ingestion_to_stg queued_at:2025-06-11 05:16:36.905700+00:00
[2025-06-11T05:16:53.997+0000] {logging_mixin.py:190} INFO - Task hostname:d55d1164a4af operator:PythonOperator
[2025-06-11T05:16:54.062+0000] {local_task_job_runner.py:266} INFO - Task exited with return code 0
[2025-06-11T05:16:54.160+0000] {local_task_job_runner.py:245} INFO - ::endgroup::
