[2025-06-11T08:24:19.188+0000] {local_task_job_runner.py:123} INFO - ::group::Pre task execution logs
[2025-06-11T08:24:19.264+0000] {taskinstance.py:2612} INFO - Dependencies all met for dep_context=non-requeueable deps ti=<TaskInstance: data_ingestion_to_stg.truncate_customers_20180508 manual__2025-06-11T08:24:11.898190+00:00 [queued]>
[2025-06-11T08:24:19.323+0000] {taskinstance.py:2612} INFO - Dependencies all met for dep_context=requeueable deps ti=<TaskInstance: data_ingestion_to_stg.truncate_customers_20180508 manual__2025-06-11T08:24:11.898190+00:00 [queued]>
[2025-06-11T08:24:19.338+0000] {taskinstance.py:2865} INFO - Starting attempt 1 of 2
[2025-06-11T08:24:19.403+0000] {taskinstance.py:2888} INFO - Executing <Task(PythonOperator): truncate_customers_20180508> on 2025-06-11 08:24:11.898190+00:00
[2025-06-11T08:24:19.462+0000] {warnings.py:112} WARNING - /home/***/.local/lib/python3.12/site-packages/***/task/task_runner/standard_task_runner.py:70: DeprecationWarning: This process (pid=268) is multi-threaded, use of fork() may lead to deadlocks in the child.
  pid = os.fork()

[2025-06-11T08:24:19.468+0000] {standard_task_runner.py:72} INFO - Started process 315 to run task
[2025-06-11T08:24:19.465+0000] {standard_task_runner.py:104} INFO - Running: ['***', 'tasks', 'run', 'data_ingestion_to_stg', 'truncate_customers_20180508', 'manual__2025-06-11T08:24:11.898190+00:00', '--job-id', '615', '--raw', '--subdir', 'DAGS_FOLDER/data_ingestion_to_stg.py', '--cfg-path', '/tmp/tmph_zi3eym']
[2025-06-11T08:24:19.500+0000] {standard_task_runner.py:105} INFO - Job 615: Subtask truncate_customers_20180508
[2025-06-11T08:24:19.768+0000] {task_command.py:467} INFO - Running <TaskInstance: data_ingestion_to_stg.truncate_customers_20180508 manual__2025-06-11T08:24:11.898190+00:00 [running]> on host 8b2e3fa0123b
[2025-06-11T08:24:20.130+0000] {taskinstance.py:3131} INFO - Exporting env vars: AIRFLOW_CTX_DAG_OWNER='***' AIRFLOW_CTX_DAG_ID='data_ingestion_to_stg' AIRFLOW_CTX_TASK_ID='truncate_customers_20180508' AIRFLOW_CTX_EXECUTION_DATE='2025-06-11T08:24:11.898190+00:00' AIRFLOW_CTX_TRY_NUMBER='1' AIRFLOW_CTX_DAG_RUN_ID='manual__2025-06-11T08:24:11.898190+00:00'
[2025-06-11T08:24:20.144+0000] {logging_mixin.py:190} INFO - Task instance is in running state
[2025-06-11T08:24:20.165+0000] {logging_mixin.py:190} INFO -  Previous state of the Task instance: queued
[2025-06-11T08:24:20.185+0000] {logging_mixin.py:190} INFO - Current task name:truncate_customers_20180508 state:running start_date:2025-06-11 08:24:19.270758+00:00
[2025-06-11T08:24:20.186+0000] {logging_mixin.py:190} INFO - Dag name:data_ingestion_to_stg and current dag run status:running
[2025-06-11T08:24:20.192+0000] {taskinstance.py:731} INFO - ::endgroup::
[2025-06-11T08:24:20.244+0000] {base.py:84} INFO - Retrieving connection 'data_warehouse_project'
[2025-06-11T08:24:20.369+0000] {sql.py:509} INFO - Running statement: TRUNCATE TABLE stg.customers;, parameters: None
[2025-06-11T08:24:20.413+0000] {logging_mixin.py:190} INFO - [INFO] Truncated table stg.customers
[2025-06-11T08:24:20.421+0000] {python.py:240} INFO - Done. Returned value was: None
[2025-06-11T08:24:20.478+0000] {taskinstance.py:340} INFO - ::group::Post task execution logs
[2025-06-11T08:24:20.479+0000] {taskinstance.py:352} INFO - Marking task as SUCCESS. dag_id=data_ingestion_to_stg, task_id=truncate_customers_20180508, run_id=manual__2025-06-11T08:24:11.898190+00:00, execution_date=20250611T082411, start_date=20250611T082419, end_date=20250611T082420
[2025-06-11T08:24:20.536+0000] {logging_mixin.py:190} INFO - Task instance in success state
[2025-06-11T08:24:20.537+0000] {logging_mixin.py:190} INFO -  Previous state of the Task instance: running
[2025-06-11T08:24:20.541+0000] {logging_mixin.py:190} INFO - Dag name:data_ingestion_to_stg queued_at:2025-06-11 08:24:11.908285+00:00
[2025-06-11T08:24:20.549+0000] {logging_mixin.py:190} INFO - Task hostname:8b2e3fa0123b operator:PythonOperator
[2025-06-11T08:24:20.623+0000] {local_task_job_runner.py:266} INFO - Task exited with return code 0
[2025-06-11T08:24:20.683+0000] {local_task_job_runner.py:245} INFO - ::endgroup::
