[2025-06-11T08:39:39.583+0000] {local_task_job_runner.py:123} INFO - ::group::Pre task execution logs
[2025-06-11T08:39:39.634+0000] {taskinstance.py:2612} INFO - Dependencies all met for dep_context=non-requeueable deps ti=<TaskInstance: data_ingestion_to_stg.truncate_employee_20180508 manual__2025-06-11T08:39:27.642988+00:00 [queued]>
[2025-06-11T08:39:39.658+0000] {taskinstance.py:2612} INFO - Dependencies all met for dep_context=requeueable deps ti=<TaskInstance: data_ingestion_to_stg.truncate_employee_20180508 manual__2025-06-11T08:39:27.642988+00:00 [queued]>
[2025-06-11T08:39:39.659+0000] {taskinstance.py:2865} INFO - Starting attempt 1 of 2
[2025-06-11T08:39:39.686+0000] {taskinstance.py:2888} INFO - Executing <Task(PythonOperator): truncate_employee_20180508> on 2025-06-11 08:39:27.642988+00:00
[2025-06-11T08:39:39.702+0000] {warnings.py:112} WARNING - /home/***/.local/lib/python3.12/site-packages/***/task/task_runner/standard_task_runner.py:70: DeprecationWarning: This process (pid=80) is multi-threaded, use of fork() may lead to deadlocks in the child.
  pid = os.fork()

[2025-06-11T08:39:39.713+0000] {standard_task_runner.py:72} INFO - Started process 101 to run task
[2025-06-11T08:39:39.728+0000] {standard_task_runner.py:104} INFO - Running: ['***', 'tasks', 'run', 'data_ingestion_to_stg', 'truncate_employee_20180508', 'manual__2025-06-11T08:39:27.642988+00:00', '--job-id', '680', '--raw', '--subdir', 'DAGS_FOLDER/sql/dimensions/data_ingestion_to_stg.py', '--cfg-path', '/tmp/tmpw7s9mz3s']
[2025-06-11T08:39:39.752+0000] {standard_task_runner.py:105} INFO - Job 680: Subtask truncate_employee_20180508
[2025-06-11T08:39:40.087+0000] {task_command.py:467} INFO - Running <TaskInstance: data_ingestion_to_stg.truncate_employee_20180508 manual__2025-06-11T08:39:27.642988+00:00 [running]> on host 50af1b76beaf
[2025-06-11T08:39:40.579+0000] {taskinstance.py:3131} INFO - Exporting env vars: AIRFLOW_CTX_DAG_OWNER='***' AIRFLOW_CTX_DAG_ID='data_ingestion_to_stg' AIRFLOW_CTX_TASK_ID='truncate_employee_20180508' AIRFLOW_CTX_EXECUTION_DATE='2025-06-11T08:39:27.642988+00:00' AIRFLOW_CTX_TRY_NUMBER='1' AIRFLOW_CTX_DAG_RUN_ID='manual__2025-06-11T08:39:27.642988+00:00'
[2025-06-11T08:39:40.582+0000] {logging_mixin.py:190} INFO - Task instance is in running state
[2025-06-11T08:39:40.591+0000] {logging_mixin.py:190} INFO -  Previous state of the Task instance: queued
[2025-06-11T08:39:40.592+0000] {logging_mixin.py:190} INFO - Current task name:truncate_employee_20180508 state:running start_date:2025-06-11 08:39:39.635742+00:00
[2025-06-11T08:39:40.592+0000] {logging_mixin.py:190} INFO - Dag name:data_ingestion_to_stg and current dag run status:running
[2025-06-11T08:39:40.593+0000] {taskinstance.py:731} INFO - ::endgroup::
[2025-06-11T08:39:40.650+0000] {base.py:84} INFO - Retrieving connection 'data_warehouse_project'
[2025-06-11T08:39:40.802+0000] {sql.py:509} INFO - Running statement: TRUNCATE TABLE stg.employee;, parameters: None
[2025-06-11T08:39:40.842+0000] {logging_mixin.py:190} INFO - [INFO] Truncated table stg.employee
[2025-06-11T08:39:40.843+0000] {python.py:240} INFO - Done. Returned value was: None
[2025-06-11T08:39:40.888+0000] {taskinstance.py:340} INFO - ::group::Post task execution logs
[2025-06-11T08:39:40.896+0000] {taskinstance.py:352} INFO - Marking task as SUCCESS. dag_id=data_ingestion_to_stg, task_id=truncate_employee_20180508, run_id=manual__2025-06-11T08:39:27.642988+00:00, execution_date=20250611T083927, start_date=20250611T083939, end_date=20250611T083940
[2025-06-11T08:39:40.994+0000] {logging_mixin.py:190} INFO - Task instance in success state
[2025-06-11T08:39:41.025+0000] {logging_mixin.py:190} INFO -  Previous state of the Task instance: running
[2025-06-11T08:39:41.038+0000] {logging_mixin.py:190} INFO - Dag name:data_ingestion_to_stg queued_at:2025-06-11 08:39:27.662545+00:00
[2025-06-11T08:39:41.052+0000] {logging_mixin.py:190} INFO - Task hostname:50af1b76beaf operator:PythonOperator
[2025-06-11T08:39:41.124+0000] {local_task_job_runner.py:266} INFO - Task exited with return code 0
[2025-06-11T08:39:41.171+0000] {local_task_job_runner.py:245} INFO - ::endgroup::
