[2025-06-11T06:01:38.713+0000] {local_task_job_runner.py:123} INFO - ::group::Pre task execution logs
[2025-06-11T06:01:38.759+0000] {taskinstance.py:2612} INFO - Dependencies all met for dep_context=non-requeueable deps ti=<TaskInstance: data_ingestion_to_stg.truncate_employee_20180509 manual__2025-06-11T06:01:32.136155+00:00 [queued]>
[2025-06-11T06:01:38.775+0000] {taskinstance.py:2612} INFO - Dependencies all met for dep_context=requeueable deps ti=<TaskInstance: data_ingestion_to_stg.truncate_employee_20180509 manual__2025-06-11T06:01:32.136155+00:00 [queued]>
[2025-06-11T06:01:38.776+0000] {taskinstance.py:2865} INFO - Starting attempt 1 of 2
[2025-06-11T06:01:38.809+0000] {taskinstance.py:2888} INFO - Executing <Task(PythonOperator): truncate_employee_20180509> on 2025-06-11 06:01:32.136155+00:00
[2025-06-11T06:01:38.840+0000] {warnings.py:112} WARNING - /home/***/.local/lib/python3.12/site-packages/***/task/task_runner/standard_task_runner.py:70: DeprecationWarning: This process (pid=1008) is multi-threaded, use of fork() may lead to deadlocks in the child.
  pid = os.fork()

[2025-06-11T06:01:38.859+0000] {standard_task_runner.py:72} INFO - Started process 1030 to run task
[2025-06-11T06:01:38.860+0000] {standard_task_runner.py:104} INFO - Running: ['***', 'tasks', 'run', 'data_ingestion_to_stg', 'truncate_employee_20180509', 'manual__2025-06-11T06:01:32.136155+00:00', '--job-id', '464', '--raw', '--subdir', 'DAGS_FOLDER/data_ingestion_to_stg.py', '--cfg-path', '/tmp/tmpfkmaax6c']
[2025-06-11T06:01:38.866+0000] {standard_task_runner.py:105} INFO - Job 464: Subtask truncate_employee_20180509
[2025-06-11T06:01:39.068+0000] {task_command.py:467} INFO - Running <TaskInstance: data_ingestion_to_stg.truncate_employee_20180509 manual__2025-06-11T06:01:32.136155+00:00 [running]> on host 70fc91f07add
[2025-06-11T06:01:39.552+0000] {taskinstance.py:3131} INFO - Exporting env vars: AIRFLOW_CTX_DAG_OWNER='***' AIRFLOW_CTX_DAG_ID='data_ingestion_to_stg' AIRFLOW_CTX_TASK_ID='truncate_employee_20180509' AIRFLOW_CTX_EXECUTION_DATE='2025-06-11T06:01:32.136155+00:00' AIRFLOW_CTX_TRY_NUMBER='1' AIRFLOW_CTX_DAG_RUN_ID='manual__2025-06-11T06:01:32.136155+00:00'
[2025-06-11T06:01:39.593+0000] {logging_mixin.py:190} INFO - Task instance is in running state
[2025-06-11T06:01:39.596+0000] {logging_mixin.py:190} INFO -  Previous state of the Task instance: queued
[2025-06-11T06:01:39.599+0000] {logging_mixin.py:190} INFO - Current task name:truncate_employee_20180509 state:running start_date:2025-06-11 06:01:38.760846+00:00
[2025-06-11T06:01:39.605+0000] {logging_mixin.py:190} INFO - Dag name:data_ingestion_to_stg and current dag run status:running
[2025-06-11T06:01:39.620+0000] {taskinstance.py:731} INFO - ::endgroup::
[2025-06-11T06:01:39.699+0000] {base.py:84} INFO - Retrieving connection 'data_warehouse_project'
[2025-06-11T06:01:39.809+0000] {sql.py:509} INFO - Running statement: TRUNCATE TABLE stg.employee;, parameters: None
[2025-06-11T06:01:39.835+0000] {logging_mixin.py:190} INFO - [INFO] Truncated table stg.employee
[2025-06-11T06:01:39.839+0000] {python.py:240} INFO - Done. Returned value was: None
[2025-06-11T06:01:39.872+0000] {taskinstance.py:340} INFO - ::group::Post task execution logs
[2025-06-11T06:01:39.874+0000] {taskinstance.py:352} INFO - Marking task as SUCCESS. dag_id=data_ingestion_to_stg, task_id=truncate_employee_20180509, run_id=manual__2025-06-11T06:01:32.136155+00:00, execution_date=20250611T060132, start_date=20250611T060138, end_date=20250611T060139
[2025-06-11T06:01:39.908+0000] {logging_mixin.py:190} INFO - Task instance in success state
[2025-06-11T06:01:39.914+0000] {logging_mixin.py:190} INFO -  Previous state of the Task instance: running
[2025-06-11T06:01:39.922+0000] {logging_mixin.py:190} INFO - Dag name:data_ingestion_to_stg queued_at:2025-06-11 06:01:32.196993+00:00
[2025-06-11T06:01:39.923+0000] {logging_mixin.py:190} INFO - Task hostname:70fc91f07add operator:PythonOperator
[2025-06-11T06:01:39.944+0000] {local_task_job_runner.py:266} INFO - Task exited with return code 0
[2025-06-11T06:01:40.033+0000] {taskinstance.py:3900} INFO - 1 downstream tasks scheduled from follow-on schedule check
[2025-06-11T06:01:40.052+0000] {local_task_job_runner.py:245} INFO - ::endgroup::
