[2025-06-11T08:20:51.540+0000] {local_task_job_runner.py:123} INFO - ::group::Pre task execution logs
[2025-06-11T08:20:51.613+0000] {taskinstance.py:2612} INFO - Dependencies all met for dep_context=non-requeueable deps ti=<TaskInstance: data_ingestion_to_stg.truncate_categories_20180509 manual__2025-06-11T08:20:42.401194+00:00 [queued]>
[2025-06-11T08:20:51.636+0000] {taskinstance.py:2612} INFO - Dependencies all met for dep_context=requeueable deps ti=<TaskInstance: data_ingestion_to_stg.truncate_categories_20180509 manual__2025-06-11T08:20:42.401194+00:00 [queued]>
[2025-06-11T08:20:51.637+0000] {taskinstance.py:2865} INFO - Starting attempt 1 of 2
[2025-06-11T08:20:51.693+0000] {taskinstance.py:2888} INFO - Executing <Task(PythonOperator): truncate_categories_20180509> on 2025-06-11 08:20:42.401194+00:00
[2025-06-11T08:20:51.748+0000] {standard_task_runner.py:104} INFO - Running: ['***', 'tasks', 'run', 'data_ingestion_to_stg', 'truncate_categories_20180509', 'manual__2025-06-11T08:20:42.401194+00:00', '--job-id', '579', '--raw', '--subdir', 'DAGS_FOLDER/data_ingestion_to_stg.py', '--cfg-path', '/tmp/tmpzz34ujsx']
[2025-06-11T08:20:51.763+0000] {standard_task_runner.py:105} INFO - Job 579: Subtask truncate_categories_20180509
[2025-06-11T08:20:51.762+0000] {warnings.py:112} WARNING - /home/***/.local/lib/python3.12/site-packages/***/task/task_runner/standard_task_runner.py:70: DeprecationWarning: This process (pid=100) is multi-threaded, use of fork() may lead to deadlocks in the child.
  pid = os.fork()

[2025-06-11T08:20:51.767+0000] {standard_task_runner.py:72} INFO - Started process 128 to run task
[2025-06-11T08:20:52.119+0000] {task_command.py:467} INFO - Running <TaskInstance: data_ingestion_to_stg.truncate_categories_20180509 manual__2025-06-11T08:20:42.401194+00:00 [running]> on host 8b2e3fa0123b
[2025-06-11T08:20:52.569+0000] {taskinstance.py:3131} INFO - Exporting env vars: AIRFLOW_CTX_DAG_OWNER='***' AIRFLOW_CTX_DAG_ID='data_ingestion_to_stg' AIRFLOW_CTX_TASK_ID='truncate_categories_20180509' AIRFLOW_CTX_EXECUTION_DATE='2025-06-11T08:20:42.401194+00:00' AIRFLOW_CTX_TRY_NUMBER='1' AIRFLOW_CTX_DAG_RUN_ID='manual__2025-06-11T08:20:42.401194+00:00'
[2025-06-11T08:20:52.574+0000] {logging_mixin.py:190} INFO - Task instance is in running state
[2025-06-11T08:20:52.575+0000] {logging_mixin.py:190} INFO -  Previous state of the Task instance: queued
[2025-06-11T08:20:52.577+0000] {logging_mixin.py:190} INFO - Current task name:truncate_categories_20180509 state:running start_date:2025-06-11 08:20:51.619064+00:00
[2025-06-11T08:20:52.577+0000] {logging_mixin.py:190} INFO - Dag name:data_ingestion_to_stg and current dag run status:running
[2025-06-11T08:20:52.578+0000] {taskinstance.py:731} INFO - ::endgroup::
[2025-06-11T08:20:52.628+0000] {base.py:84} INFO - Retrieving connection 'data_warehouse_project'
[2025-06-11T08:20:52.896+0000] {sql.py:509} INFO - Running statement: TRUNCATE TABLE stg.categories;, parameters: None
[2025-06-11T08:20:52.985+0000] {logging_mixin.py:190} INFO - [INFO] Truncated table stg.categories
[2025-06-11T08:20:52.997+0000] {python.py:240} INFO - Done. Returned value was: None
[2025-06-11T08:20:53.046+0000] {taskinstance.py:340} INFO - ::group::Post task execution logs
[2025-06-11T08:20:53.053+0000] {taskinstance.py:352} INFO - Marking task as SUCCESS. dag_id=data_ingestion_to_stg, task_id=truncate_categories_20180509, run_id=manual__2025-06-11T08:20:42.401194+00:00, execution_date=20250611T082042, start_date=20250611T082051, end_date=20250611T082053
[2025-06-11T08:20:53.222+0000] {logging_mixin.py:190} INFO - Task instance in success state
[2025-06-11T08:20:53.239+0000] {logging_mixin.py:190} INFO -  Previous state of the Task instance: running
[2025-06-11T08:20:53.241+0000] {logging_mixin.py:190} INFO - Dag name:data_ingestion_to_stg queued_at:2025-06-11 08:20:42.436905+00:00
[2025-06-11T08:20:53.242+0000] {logging_mixin.py:190} INFO - Task hostname:8b2e3fa0123b operator:PythonOperator
[2025-06-11T08:20:53.311+0000] {local_task_job_runner.py:266} INFO - Task exited with return code 0
[2025-06-11T08:20:53.350+0000] {local_task_job_runner.py:245} INFO - ::endgroup::
