[2025-06-11T08:39:39.595+0000] {local_task_job_runner.py:123} INFO - ::group::Pre task execution logs
[2025-06-11T08:39:39.672+0000] {taskinstance.py:2612} INFO - Dependencies all met for dep_context=non-requeueable deps ti=<TaskInstance: data_ingestion_to_stg.truncate_categories_20180509 manual__2025-06-11T08:39:27.642988+00:00 [queued]>
[2025-06-11T08:39:39.712+0000] {taskinstance.py:2612} INFO - Dependencies all met for dep_context=requeueable deps ti=<TaskInstance: data_ingestion_to_stg.truncate_categories_20180509 manual__2025-06-11T08:39:27.642988+00:00 [queued]>
[2025-06-11T08:39:39.714+0000] {taskinstance.py:2865} INFO - Starting attempt 1 of 2
[2025-06-11T08:39:39.834+0000] {taskinstance.py:2888} INFO - Executing <Task(PythonOperator): truncate_categories_20180509> on 2025-06-11 08:39:27.642988+00:00
[2025-06-11T08:39:39.863+0000] {standard_task_runner.py:104} INFO - Running: ['***', 'tasks', 'run', 'data_ingestion_to_stg', 'truncate_categories_20180509', 'manual__2025-06-11T08:39:27.642988+00:00', '--job-id', '682', '--raw', '--subdir', 'DAGS_FOLDER/sql/dimensions/data_ingestion_to_stg.py', '--cfg-path', '/tmp/tmp19ly1fjk']
[2025-06-11T08:39:39.866+0000] {standard_task_runner.py:105} INFO - Job 682: Subtask truncate_categories_20180509
[2025-06-11T08:39:39.873+0000] {warnings.py:112} WARNING - /home/***/.local/lib/python3.12/site-packages/***/task/task_runner/standard_task_runner.py:70: DeprecationWarning: This process (pid=83) is multi-threaded, use of fork() may lead to deadlocks in the child.
  pid = os.fork()

[2025-06-11T08:39:39.875+0000] {standard_task_runner.py:72} INFO - Started process 110 to run task
[2025-06-11T08:39:40.292+0000] {task_command.py:467} INFO - Running <TaskInstance: data_ingestion_to_stg.truncate_categories_20180509 manual__2025-06-11T08:39:27.642988+00:00 [running]> on host 50af1b76beaf
[2025-06-11T08:39:41.033+0000] {taskinstance.py:3131} INFO - Exporting env vars: AIRFLOW_CTX_DAG_OWNER='***' AIRFLOW_CTX_DAG_ID='data_ingestion_to_stg' AIRFLOW_CTX_TASK_ID='truncate_categories_20180509' AIRFLOW_CTX_EXECUTION_DATE='2025-06-11T08:39:27.642988+00:00' AIRFLOW_CTX_TRY_NUMBER='1' AIRFLOW_CTX_DAG_RUN_ID='manual__2025-06-11T08:39:27.642988+00:00'
[2025-06-11T08:39:41.054+0000] {logging_mixin.py:190} INFO - Task instance is in running state
[2025-06-11T08:39:41.084+0000] {logging_mixin.py:190} INFO -  Previous state of the Task instance: queued
[2025-06-11T08:39:41.090+0000] {logging_mixin.py:190} INFO - Current task name:truncate_categories_20180509 state:running start_date:2025-06-11 08:39:39.675939+00:00
[2025-06-11T08:39:41.090+0000] {logging_mixin.py:190} INFO - Dag name:data_ingestion_to_stg and current dag run status:running
[2025-06-11T08:39:41.092+0000] {taskinstance.py:731} INFO - ::endgroup::
[2025-06-11T08:39:41.180+0000] {base.py:84} INFO - Retrieving connection 'data_warehouse_project'
[2025-06-11T08:39:41.352+0000] {sql.py:509} INFO - Running statement: TRUNCATE TABLE stg.categories;, parameters: None
[2025-06-11T08:39:41.395+0000] {logging_mixin.py:190} INFO - [INFO] Truncated table stg.categories
[2025-06-11T08:39:41.405+0000] {python.py:240} INFO - Done. Returned value was: None
[2025-06-11T08:39:41.454+0000] {taskinstance.py:340} INFO - ::group::Post task execution logs
[2025-06-11T08:39:41.457+0000] {taskinstance.py:352} INFO - Marking task as SUCCESS. dag_id=data_ingestion_to_stg, task_id=truncate_categories_20180509, run_id=manual__2025-06-11T08:39:27.642988+00:00, execution_date=20250611T083927, start_date=20250611T083939, end_date=20250611T083941
[2025-06-11T08:39:41.587+0000] {logging_mixin.py:190} INFO - Task instance in success state
[2025-06-11T08:39:41.593+0000] {logging_mixin.py:190} INFO -  Previous state of the Task instance: running
[2025-06-11T08:39:41.593+0000] {logging_mixin.py:190} INFO - Dag name:data_ingestion_to_stg queued_at:2025-06-11 08:39:27.662545+00:00
[2025-06-11T08:39:41.594+0000] {logging_mixin.py:190} INFO - Task hostname:50af1b76beaf operator:PythonOperator
[2025-06-11T08:39:41.645+0000] {local_task_job_runner.py:266} INFO - Task exited with return code 0
[2025-06-11T08:39:41.663+0000] {local_task_job_runner.py:245} INFO - ::endgroup::
