[2025-06-11T09:47:25.938+0000] {processor.py:186} INFO - Started process (PID=7741) to work on /opt/airflow/dags/etl_to_data_warehouse.py
[2025-06-11T09:47:25.940+0000] {processor.py:914} INFO - Processing file /opt/airflow/dags/etl_to_data_warehouse.py for tasks to queue
[2025-06-11T09:47:25.941+0000] {logging_mixin.py:190} INFO - [2025-06-11T09:47:25.941+0000] {dagbag.py:587} INFO - Filling up the DagBag from /opt/airflow/dags/etl_to_data_warehouse.py
[2025-06-11T09:47:25.993+0000] {processor.py:925} INFO - DAG(s) 'etl_to_data_warehouse' retrieved from /opt/airflow/dags/etl_to_data_warehouse.py
[2025-06-11T09:47:26.116+0000] {logging_mixin.py:190} INFO - [2025-06-11T09:47:26.115+0000] {override.py:1900} INFO - Created Permission View: can edit on DAG:etl_to_data_warehouse
[2025-06-11T09:47:26.128+0000] {logging_mixin.py:190} INFO - [2025-06-11T09:47:26.128+0000] {override.py:1900} INFO - Created Permission View: can read on DAG:etl_to_data_warehouse
[2025-06-11T09:47:26.136+0000] {logging_mixin.py:190} INFO - [2025-06-11T09:47:26.135+0000] {override.py:1900} INFO - Created Permission View: can delete on DAG:etl_to_data_warehouse
[2025-06-11T09:47:26.145+0000] {logging_mixin.py:190} INFO - [2025-06-11T09:47:26.145+0000] {override.py:1900} INFO - Created Permission View: can read on DAG Run:etl_to_data_warehouse
[2025-06-11T09:47:26.152+0000] {logging_mixin.py:190} INFO - [2025-06-11T09:47:26.152+0000] {override.py:1900} INFO - Created Permission View: menu access on DAG Run:etl_to_data_warehouse
[2025-06-11T09:47:26.160+0000] {logging_mixin.py:190} INFO - [2025-06-11T09:47:26.159+0000] {override.py:1900} INFO - Created Permission View: can create on DAG Run:etl_to_data_warehouse
[2025-06-11T09:47:26.166+0000] {logging_mixin.py:190} INFO - [2025-06-11T09:47:26.166+0000] {override.py:1900} INFO - Created Permission View: can delete on DAG Run:etl_to_data_warehouse
[2025-06-11T09:47:26.167+0000] {logging_mixin.py:190} INFO - [2025-06-11T09:47:26.167+0000] {dag.py:3229} INFO - Sync 1 DAGs
[2025-06-11T09:47:26.183+0000] {logging_mixin.py:190} INFO - [2025-06-11T09:47:26.182+0000] {dag.py:3252} INFO - Creating ORM DAG for etl_to_data_warehouse
[2025-06-11T09:47:26.184+0000] {logging_mixin.py:190} INFO - [2025-06-11T09:47:26.183+0000] {dag.py:4156} INFO - Setting next_dagrun for etl_to_data_warehouse to None, run_after=None
[2025-06-11T09:47:26.218+0000] {processor.py:208} INFO - Processing /opt/airflow/dags/etl_to_data_warehouse.py took 0.287 seconds
[2025-06-11T09:47:56.886+0000] {processor.py:186} INFO - Started process (PID=7804) to work on /opt/airflow/dags/etl_to_data_warehouse.py
[2025-06-11T09:47:56.887+0000] {processor.py:914} INFO - Processing file /opt/airflow/dags/etl_to_data_warehouse.py for tasks to queue
[2025-06-11T09:47:56.888+0000] {logging_mixin.py:190} INFO - [2025-06-11T09:47:56.888+0000] {dagbag.py:587} INFO - Filling up the DagBag from /opt/airflow/dags/etl_to_data_warehouse.py
[2025-06-11T09:47:56.945+0000] {processor.py:925} INFO - DAG(s) 'etl_to_data_warehouse' retrieved from /opt/airflow/dags/etl_to_data_warehouse.py
[2025-06-11T09:47:56.979+0000] {logging_mixin.py:190} INFO - [2025-06-11T09:47:56.979+0000] {dag.py:3229} INFO - Sync 1 DAGs
[2025-06-11T09:47:56.997+0000] {logging_mixin.py:190} INFO - [2025-06-11T09:47:56.996+0000] {dag.py:4156} INFO - Setting next_dagrun for etl_to_data_warehouse to None, run_after=None
[2025-06-11T09:47:57.016+0000] {processor.py:208} INFO - Processing /opt/airflow/dags/etl_to_data_warehouse.py took 0.136 seconds
[2025-06-11T09:48:27.520+0000] {processor.py:186} INFO - Started process (PID=7899) to work on /opt/airflow/dags/etl_to_data_warehouse.py
[2025-06-11T09:48:27.521+0000] {processor.py:914} INFO - Processing file /opt/airflow/dags/etl_to_data_warehouse.py for tasks to queue
[2025-06-11T09:48:27.523+0000] {logging_mixin.py:190} INFO - [2025-06-11T09:48:27.522+0000] {dagbag.py:587} INFO - Filling up the DagBag from /opt/airflow/dags/etl_to_data_warehouse.py
[2025-06-11T09:48:27.588+0000] {processor.py:925} INFO - DAG(s) 'etl_to_data_warehouse' retrieved from /opt/airflow/dags/etl_to_data_warehouse.py
[2025-06-11T09:48:27.636+0000] {logging_mixin.py:190} INFO - [2025-06-11T09:48:27.635+0000] {dag.py:3229} INFO - Sync 1 DAGs
[2025-06-11T09:48:27.659+0000] {logging_mixin.py:190} INFO - [2025-06-11T09:48:27.659+0000] {dag.py:4156} INFO - Setting next_dagrun for etl_to_data_warehouse to None, run_after=None
[2025-06-11T09:48:27.687+0000] {processor.py:208} INFO - Processing /opt/airflow/dags/etl_to_data_warehouse.py took 0.175 seconds
[2025-06-11T09:48:58.402+0000] {processor.py:186} INFO - Started process (PID=7962) to work on /opt/airflow/dags/etl_to_data_warehouse.py
[2025-06-11T09:48:58.403+0000] {processor.py:914} INFO - Processing file /opt/airflow/dags/etl_to_data_warehouse.py for tasks to queue
[2025-06-11T09:48:58.405+0000] {logging_mixin.py:190} INFO - [2025-06-11T09:48:58.404+0000] {dagbag.py:587} INFO - Filling up the DagBag from /opt/airflow/dags/etl_to_data_warehouse.py
[2025-06-11T09:48:58.462+0000] {processor.py:925} INFO - DAG(s) 'etl_to_data_warehouse' retrieved from /opt/airflow/dags/etl_to_data_warehouse.py
[2025-06-11T09:48:58.505+0000] {logging_mixin.py:190} INFO - [2025-06-11T09:48:58.504+0000] {dag.py:3229} INFO - Sync 1 DAGs
[2025-06-11T09:48:58.528+0000] {logging_mixin.py:190} INFO - [2025-06-11T09:48:58.527+0000] {dag.py:4156} INFO - Setting next_dagrun for etl_to_data_warehouse to None, run_after=None
[2025-06-11T09:48:58.555+0000] {processor.py:208} INFO - Processing /opt/airflow/dags/etl_to_data_warehouse.py took 0.159 seconds
[2025-06-11T09:49:28.756+0000] {processor.py:186} INFO - Started process (PID=8025) to work on /opt/airflow/dags/etl_to_data_warehouse.py
[2025-06-11T09:49:28.757+0000] {processor.py:914} INFO - Processing file /opt/airflow/dags/etl_to_data_warehouse.py for tasks to queue
[2025-06-11T09:49:28.759+0000] {logging_mixin.py:190} INFO - [2025-06-11T09:49:28.758+0000] {dagbag.py:587} INFO - Filling up the DagBag from /opt/airflow/dags/etl_to_data_warehouse.py
[2025-06-11T09:49:28.803+0000] {processor.py:925} INFO - DAG(s) 'etl_to_data_warehouse' retrieved from /opt/airflow/dags/etl_to_data_warehouse.py
[2025-06-11T09:49:28.836+0000] {logging_mixin.py:190} INFO - [2025-06-11T09:49:28.836+0000] {dag.py:3229} INFO - Sync 1 DAGs
[2025-06-11T09:49:28.852+0000] {logging_mixin.py:190} INFO - [2025-06-11T09:49:28.851+0000] {dag.py:4156} INFO - Setting next_dagrun for etl_to_data_warehouse to None, run_after=None
[2025-06-11T09:49:28.875+0000] {processor.py:208} INFO - Processing /opt/airflow/dags/etl_to_data_warehouse.py took 0.124 seconds
[2025-06-11T09:49:59.794+0000] {processor.py:186} INFO - Started process (PID=8088) to work on /opt/airflow/dags/etl_to_data_warehouse.py
[2025-06-11T09:49:59.795+0000] {processor.py:914} INFO - Processing file /opt/airflow/dags/etl_to_data_warehouse.py for tasks to queue
[2025-06-11T09:49:59.796+0000] {logging_mixin.py:190} INFO - [2025-06-11T09:49:59.796+0000] {dagbag.py:587} INFO - Filling up the DagBag from /opt/airflow/dags/etl_to_data_warehouse.py
[2025-06-11T09:49:59.842+0000] {processor.py:925} INFO - DAG(s) 'etl_to_data_warehouse' retrieved from /opt/airflow/dags/etl_to_data_warehouse.py
[2025-06-11T09:49:59.872+0000] {logging_mixin.py:190} INFO - [2025-06-11T09:49:59.872+0000] {dag.py:3229} INFO - Sync 1 DAGs
[2025-06-11T09:49:59.886+0000] {logging_mixin.py:190} INFO - [2025-06-11T09:49:59.886+0000] {dag.py:4156} INFO - Setting next_dagrun for etl_to_data_warehouse to None, run_after=None
[2025-06-11T09:49:59.909+0000] {processor.py:208} INFO - Processing /opt/airflow/dags/etl_to_data_warehouse.py took 0.120 seconds
[2025-06-11T09:50:30.171+0000] {processor.py:186} INFO - Started process (PID=8151) to work on /opt/airflow/dags/etl_to_data_warehouse.py
[2025-06-11T09:50:30.173+0000] {processor.py:914} INFO - Processing file /opt/airflow/dags/etl_to_data_warehouse.py for tasks to queue
[2025-06-11T09:50:30.174+0000] {logging_mixin.py:190} INFO - [2025-06-11T09:50:30.174+0000] {dagbag.py:587} INFO - Filling up the DagBag from /opt/airflow/dags/etl_to_data_warehouse.py
[2025-06-11T09:50:30.225+0000] {processor.py:925} INFO - DAG(s) 'etl_to_data_warehouse' retrieved from /opt/airflow/dags/etl_to_data_warehouse.py
[2025-06-11T09:50:30.263+0000] {logging_mixin.py:190} INFO - [2025-06-11T09:50:30.262+0000] {dag.py:3229} INFO - Sync 1 DAGs
[2025-06-11T09:50:30.280+0000] {logging_mixin.py:190} INFO - [2025-06-11T09:50:30.280+0000] {dag.py:4156} INFO - Setting next_dagrun for etl_to_data_warehouse to None, run_after=None
[2025-06-11T09:50:30.303+0000] {processor.py:208} INFO - Processing /opt/airflow/dags/etl_to_data_warehouse.py took 0.139 seconds
[2025-06-11T09:51:00.637+0000] {processor.py:186} INFO - Started process (PID=8214) to work on /opt/airflow/dags/etl_to_data_warehouse.py
[2025-06-11T09:51:00.638+0000] {processor.py:914} INFO - Processing file /opt/airflow/dags/etl_to_data_warehouse.py for tasks to queue
[2025-06-11T09:51:00.640+0000] {logging_mixin.py:190} INFO - [2025-06-11T09:51:00.639+0000] {dagbag.py:587} INFO - Filling up the DagBag from /opt/airflow/dags/etl_to_data_warehouse.py
[2025-06-11T09:51:00.699+0000] {processor.py:925} INFO - DAG(s) 'etl_to_data_warehouse' retrieved from /opt/airflow/dags/etl_to_data_warehouse.py
[2025-06-11T09:51:00.733+0000] {logging_mixin.py:190} INFO - [2025-06-11T09:51:00.733+0000] {dag.py:3229} INFO - Sync 1 DAGs
[2025-06-11T09:51:00.750+0000] {logging_mixin.py:190} INFO - [2025-06-11T09:51:00.749+0000] {dag.py:4156} INFO - Setting next_dagrun for etl_to_data_warehouse to None, run_after=None
[2025-06-11T09:51:00.773+0000] {processor.py:208} INFO - Processing /opt/airflow/dags/etl_to_data_warehouse.py took 0.141 seconds
[2025-06-11T09:51:30.881+0000] {processor.py:186} INFO - Started process (PID=8277) to work on /opt/airflow/dags/etl_to_data_warehouse.py
[2025-06-11T09:51:30.882+0000] {processor.py:914} INFO - Processing file /opt/airflow/dags/etl_to_data_warehouse.py for tasks to queue
[2025-06-11T09:51:30.884+0000] {logging_mixin.py:190} INFO - [2025-06-11T09:51:30.884+0000] {dagbag.py:587} INFO - Filling up the DagBag from /opt/airflow/dags/etl_to_data_warehouse.py
[2025-06-11T09:51:30.942+0000] {processor.py:925} INFO - DAG(s) 'etl_to_data_warehouse' retrieved from /opt/airflow/dags/etl_to_data_warehouse.py
[2025-06-11T09:51:30.973+0000] {logging_mixin.py:190} INFO - [2025-06-11T09:51:30.973+0000] {dag.py:3229} INFO - Sync 1 DAGs
[2025-06-11T09:51:30.990+0000] {logging_mixin.py:190} INFO - [2025-06-11T09:51:30.990+0000] {dag.py:4156} INFO - Setting next_dagrun for etl_to_data_warehouse to None, run_after=None
[2025-06-11T09:51:31.014+0000] {processor.py:208} INFO - Processing /opt/airflow/dags/etl_to_data_warehouse.py took 0.141 seconds
[2025-06-11T09:52:01.295+0000] {processor.py:186} INFO - Started process (PID=8340) to work on /opt/airflow/dags/etl_to_data_warehouse.py
[2025-06-11T09:52:01.299+0000] {processor.py:914} INFO - Processing file /opt/airflow/dags/etl_to_data_warehouse.py for tasks to queue
[2025-06-11T09:52:01.307+0000] {logging_mixin.py:190} INFO - [2025-06-11T09:52:01.304+0000] {dagbag.py:587} INFO - Filling up the DagBag from /opt/airflow/dags/etl_to_data_warehouse.py
[2025-06-11T09:52:01.396+0000] {processor.py:925} INFO - DAG(s) 'etl_to_data_warehouse' retrieved from /opt/airflow/dags/etl_to_data_warehouse.py
[2025-06-11T09:52:01.449+0000] {logging_mixin.py:190} INFO - [2025-06-11T09:52:01.448+0000] {dag.py:3229} INFO - Sync 1 DAGs
[2025-06-11T09:52:01.486+0000] {logging_mixin.py:190} INFO - [2025-06-11T09:52:01.486+0000] {dag.py:4156} INFO - Setting next_dagrun for etl_to_data_warehouse to None, run_after=None
[2025-06-11T09:52:01.540+0000] {processor.py:208} INFO - Processing /opt/airflow/dags/etl_to_data_warehouse.py took 0.263 seconds
[2025-06-11T09:52:31.743+0000] {processor.py:186} INFO - Started process (PID=8403) to work on /opt/airflow/dags/etl_to_data_warehouse.py
[2025-06-11T09:52:31.744+0000] {processor.py:914} INFO - Processing file /opt/airflow/dags/etl_to_data_warehouse.py for tasks to queue
[2025-06-11T09:52:31.746+0000] {logging_mixin.py:190} INFO - [2025-06-11T09:52:31.746+0000] {dagbag.py:587} INFO - Filling up the DagBag from /opt/airflow/dags/etl_to_data_warehouse.py
[2025-06-11T09:52:31.806+0000] {processor.py:925} INFO - DAG(s) 'etl_to_data_warehouse' retrieved from /opt/airflow/dags/etl_to_data_warehouse.py
[2025-06-11T09:52:31.837+0000] {logging_mixin.py:190} INFO - [2025-06-11T09:52:31.837+0000] {dag.py:3229} INFO - Sync 1 DAGs
[2025-06-11T09:52:31.853+0000] {logging_mixin.py:190} INFO - [2025-06-11T09:52:31.853+0000] {dag.py:4156} INFO - Setting next_dagrun for etl_to_data_warehouse to None, run_after=None
[2025-06-11T09:52:31.876+0000] {processor.py:208} INFO - Processing /opt/airflow/dags/etl_to_data_warehouse.py took 0.141 seconds
[2025-06-11T09:53:02.131+0000] {processor.py:186} INFO - Started process (PID=8466) to work on /opt/airflow/dags/etl_to_data_warehouse.py
[2025-06-11T09:53:02.132+0000] {processor.py:914} INFO - Processing file /opt/airflow/dags/etl_to_data_warehouse.py for tasks to queue
[2025-06-11T09:53:02.133+0000] {logging_mixin.py:190} INFO - [2025-06-11T09:53:02.133+0000] {dagbag.py:587} INFO - Filling up the DagBag from /opt/airflow/dags/etl_to_data_warehouse.py
[2025-06-11T09:53:02.189+0000] {processor.py:925} INFO - DAG(s) 'etl_to_data_warehouse' retrieved from /opt/airflow/dags/etl_to_data_warehouse.py
[2025-06-11T09:53:02.220+0000] {logging_mixin.py:190} INFO - [2025-06-11T09:53:02.219+0000] {dag.py:3229} INFO - Sync 1 DAGs
[2025-06-11T09:53:02.237+0000] {logging_mixin.py:190} INFO - [2025-06-11T09:53:02.237+0000] {dag.py:4156} INFO - Setting next_dagrun for etl_to_data_warehouse to None, run_after=None
[2025-06-11T09:53:02.257+0000] {processor.py:208} INFO - Processing /opt/airflow/dags/etl_to_data_warehouse.py took 0.133 seconds
