[2025-06-11T05:16:51.895+0000] {local_task_job_runner.py:123} INFO - ::group::Pre task execution logs
[2025-06-11T05:16:51.942+0000] {taskinstance.py:2612} INFO - Dependencies all met for dep_context=non-requeueable deps ti=<TaskInstance: data_ingestion_to_stg.truncate_sales_20180509 manual__2025-06-11T05:16:36.881201+00:00 [queued]>
[2025-06-11T05:16:51.993+0000] {taskinstance.py:2612} INFO - Dependencies all met for dep_context=requeueable deps ti=<TaskInstance: data_ingestion_to_stg.truncate_sales_20180509 manual__2025-06-11T05:16:36.881201+00:00 [queued]>
[2025-06-11T05:16:51.995+0000] {taskinstance.py:2865} INFO - Starting attempt 1 of 2
[2025-06-11T05:16:52.095+0000] {taskinstance.py:2888} INFO - Executing <Task(PythonOperator): truncate_sales_20180509> on 2025-06-11 05:16:36.881201+00:00
[2025-06-11T05:16:52.170+0000] {warnings.py:112} WARNING - /home/***/.local/lib/python3.12/site-packages/***/task/task_runner/standard_task_runner.py:70: DeprecationWarning: This process (pid=221) is multi-threaded, use of fork() may lead to deadlocks in the child.
  pid = os.fork()

[2025-06-11T05:16:52.180+0000] {standard_task_runner.py:72} INFO - Started process 247 to run task
[2025-06-11T05:16:52.183+0000] {standard_task_runner.py:104} INFO - Running: ['***', 'tasks', 'run', 'data_ingestion_to_stg', 'truncate_sales_20180509', 'manual__2025-06-11T05:16:36.881201+00:00', '--job-id', '314', '--raw', '--subdir', 'DAGS_FOLDER/data_ingestion_to_stg.py', '--cfg-path', '/tmp/tmpj8jfhmg3']
[2025-06-11T05:16:52.213+0000] {standard_task_runner.py:105} INFO - Job 314: Subtask truncate_sales_20180509
[2025-06-11T05:16:52.449+0000] {task_command.py:467} INFO - Running <TaskInstance: data_ingestion_to_stg.truncate_sales_20180509 manual__2025-06-11T05:16:36.881201+00:00 [running]> on host d55d1164a4af
[2025-06-11T05:16:53.104+0000] {taskinstance.py:3131} INFO - Exporting env vars: AIRFLOW_CTX_DAG_OWNER='***' AIRFLOW_CTX_DAG_ID='data_ingestion_to_stg' AIRFLOW_CTX_TASK_ID='truncate_sales_20180509' AIRFLOW_CTX_EXECUTION_DATE='2025-06-11T05:16:36.881201+00:00' AIRFLOW_CTX_TRY_NUMBER='1' AIRFLOW_CTX_DAG_RUN_ID='manual__2025-06-11T05:16:36.881201+00:00'
[2025-06-11T05:16:53.111+0000] {logging_mixin.py:190} INFO - Task instance is in running state
[2025-06-11T05:16:53.113+0000] {logging_mixin.py:190} INFO -  Previous state of the Task instance: queued
[2025-06-11T05:16:53.113+0000] {logging_mixin.py:190} INFO - Current task name:truncate_sales_20180509 state:running start_date:2025-06-11 05:16:51.950741+00:00
[2025-06-11T05:16:53.114+0000] {logging_mixin.py:190} INFO - Dag name:data_ingestion_to_stg and current dag run status:running
[2025-06-11T05:16:53.115+0000] {taskinstance.py:731} INFO - ::endgroup::
[2025-06-11T05:16:53.220+0000] {base.py:84} INFO - Retrieving connection 'data_warehouse_project'
[2025-06-11T05:16:53.531+0000] {sql.py:509} INFO - Running statement: TRUNCATE TABLE stg.sales;, parameters: None
[2025-06-11T05:16:53.611+0000] {logging_mixin.py:190} INFO - [INFO] Truncated table stg.sales
[2025-06-11T05:16:53.613+0000] {python.py:240} INFO - Done. Returned value was: None
[2025-06-11T05:16:53.656+0000] {taskinstance.py:340} INFO - ::group::Post task execution logs
[2025-06-11T05:16:53.661+0000] {taskinstance.py:352} INFO - Marking task as SUCCESS. dag_id=data_ingestion_to_stg, task_id=truncate_sales_20180509, run_id=manual__2025-06-11T05:16:36.881201+00:00, execution_date=20250611T051636, start_date=20250611T051651, end_date=20250611T051653
[2025-06-11T05:16:53.717+0000] {logging_mixin.py:190} INFO - Task instance in success state
[2025-06-11T05:16:53.718+0000] {logging_mixin.py:190} INFO -  Previous state of the Task instance: running
[2025-06-11T05:16:53.719+0000] {logging_mixin.py:190} INFO - Dag name:data_ingestion_to_stg queued_at:2025-06-11 05:16:36.905700+00:00
[2025-06-11T05:16:53.719+0000] {logging_mixin.py:190} INFO - Task hostname:d55d1164a4af operator:PythonOperator
[2025-06-11T05:16:53.781+0000] {local_task_job_runner.py:266} INFO - Task exited with return code 0
[2025-06-11T05:16:53.966+0000] {taskinstance.py:3900} INFO - 1 downstream tasks scheduled from follow-on schedule check
[2025-06-11T05:16:54.012+0000] {local_task_job_runner.py:245} INFO - ::endgroup::
