[2025-06-11T05:17:01.214+0000] {local_task_job_runner.py:123} INFO - ::group::Pre task execution logs
[2025-06-11T05:17:01.285+0000] {taskinstance.py:2612} INFO - Dependencies all met for dep_context=non-requeueable deps ti=<TaskInstance: data_ingestion_to_stg.load_employee_20180509 manual__2025-06-11T05:16:36.881201+00:00 [queued]>
[2025-06-11T05:17:01.304+0000] {taskinstance.py:2612} INFO - Dependencies all met for dep_context=requeueable deps ti=<TaskInstance: data_ingestion_to_stg.load_employee_20180509 manual__2025-06-11T05:16:36.881201+00:00 [queued]>
[2025-06-11T05:17:01.308+0000] {taskinstance.py:2865} INFO - Starting attempt 1 of 2
[2025-06-11T05:17:01.337+0000] {taskinstance.py:2888} INFO - Executing <Task(PythonOperator): load_employee_20180509> on 2025-06-11 05:16:36.881201+00:00
[2025-06-11T05:17:01.377+0000] {warnings.py:112} WARNING - /home/***/.local/lib/python3.12/site-packages/***/task/task_runner/standard_task_runner.py:70: DeprecationWarning: This process (pid=285) is multi-threaded, use of fork() may lead to deadlocks in the child.
  pid = os.fork()

[2025-06-11T05:17:01.379+0000] {standard_task_runner.py:72} INFO - Started process 309 to run task
[2025-06-11T05:17:01.382+0000] {standard_task_runner.py:104} INFO - Running: ['***', 'tasks', 'run', 'data_ingestion_to_stg', 'load_employee_20180509', 'manual__2025-06-11T05:16:36.881201+00:00', '--job-id', '331', '--raw', '--subdir', 'DAGS_FOLDER/data_ingestion_to_stg.py', '--cfg-path', '/tmp/tmp2ins_txb']
[2025-06-11T05:17:01.388+0000] {standard_task_runner.py:105} INFO - Job 331: Subtask load_employee_20180509
[2025-06-11T05:17:01.697+0000] {task_command.py:467} INFO - Running <TaskInstance: data_ingestion_to_stg.load_employee_20180509 manual__2025-06-11T05:16:36.881201+00:00 [running]> on host d55d1164a4af
[2025-06-11T05:17:02.123+0000] {taskinstance.py:3131} INFO - Exporting env vars: AIRFLOW_CTX_DAG_OWNER='***' AIRFLOW_CTX_DAG_ID='data_ingestion_to_stg' AIRFLOW_CTX_TASK_ID='load_employee_20180509' AIRFLOW_CTX_EXECUTION_DATE='2025-06-11T05:16:36.881201+00:00' AIRFLOW_CTX_TRY_NUMBER='1' AIRFLOW_CTX_DAG_RUN_ID='manual__2025-06-11T05:16:36.881201+00:00'
[2025-06-11T05:17:02.126+0000] {logging_mixin.py:190} INFO - Task instance is in running state
[2025-06-11T05:17:02.128+0000] {logging_mixin.py:190} INFO -  Previous state of the Task instance: queued
[2025-06-11T05:17:02.130+0000] {logging_mixin.py:190} INFO - Current task name:load_employee_20180509 state:running start_date:2025-06-11 05:17:01.286219+00:00
[2025-06-11T05:17:02.132+0000] {logging_mixin.py:190} INFO - Dag name:data_ingestion_to_stg and current dag run status:running
[2025-06-11T05:17:02.132+0000] {taskinstance.py:731} INFO - ::endgroup::
[2025-06-11T05:17:02.157+0000] {postgres.py:191} INFO - Running copy expert: COPY stg.employee FROM STDIN WITH CSV DELIMITER ';' HEADER;, filename: /opt/***/INPUT/20180509/20180509.employes.csv
[2025-06-11T05:17:02.224+0000] {base.py:84} INFO - Retrieving connection 'data_warehouse_project'
[2025-06-11T05:17:02.382+0000] {logging_mixin.py:190} INFO - [INFO] Berhasil load 20180509.employes.csv ke stg.employee
[2025-06-11T05:17:02.386+0000] {python.py:240} INFO - Done. Returned value was: None
[2025-06-11T05:17:02.423+0000] {taskinstance.py:340} INFO - ::group::Post task execution logs
[2025-06-11T05:17:02.428+0000] {taskinstance.py:352} INFO - Marking task as SUCCESS. dag_id=data_ingestion_to_stg, task_id=load_employee_20180509, run_id=manual__2025-06-11T05:16:36.881201+00:00, execution_date=20250611T051636, start_date=20250611T051701, end_date=20250611T051702
[2025-06-11T05:17:02.463+0000] {logging_mixin.py:190} INFO - Task instance in success state
[2025-06-11T05:17:02.478+0000] {logging_mixin.py:190} INFO -  Previous state of the Task instance: running
[2025-06-11T05:17:02.479+0000] {logging_mixin.py:190} INFO - Dag name:data_ingestion_to_stg queued_at:2025-06-11 05:16:36.905700+00:00
[2025-06-11T05:17:02.482+0000] {logging_mixin.py:190} INFO - Task hostname:d55d1164a4af operator:PythonOperator
[2025-06-11T05:17:02.544+0000] {local_task_job_runner.py:266} INFO - Task exited with return code 0
[2025-06-11T05:17:02.603+0000] {local_task_job_runner.py:245} INFO - ::endgroup::
