[2025-06-11T08:20:59.563+0000] {local_task_job_runner.py:123} INFO - ::group::Pre task execution logs
[2025-06-11T08:20:59.646+0000] {taskinstance.py:2612} INFO - Dependencies all met for dep_context=non-requeueable deps ti=<TaskInstance: data_ingestion_to_stg.load_cities_20180509 manual__2025-06-11T08:20:42.401194+00:00 [queued]>
[2025-06-11T08:20:59.674+0000] {taskinstance.py:2612} INFO - Dependencies all met for dep_context=requeueable deps ti=<TaskInstance: data_ingestion_to_stg.load_cities_20180509 manual__2025-06-11T08:20:42.401194+00:00 [queued]>
[2025-06-11T08:20:59.681+0000] {taskinstance.py:2865} INFO - Starting attempt 1 of 2
[2025-06-11T08:20:59.720+0000] {taskinstance.py:2888} INFO - Executing <Task(PythonOperator): load_cities_20180509> on 2025-06-11 08:20:42.401194+00:00
[2025-06-11T08:20:59.751+0000] {warnings.py:112} WARNING - /home/***/.local/lib/python3.12/site-packages/***/task/task_runner/standard_task_runner.py:70: DeprecationWarning: This process (pid=149) is multi-threaded, use of fork() may lead to deadlocks in the child.
  pid = os.fork()

[2025-06-11T08:20:59.754+0000] {standard_task_runner.py:72} INFO - Started process 177 to run task
[2025-06-11T08:20:59.768+0000] {standard_task_runner.py:104} INFO - Running: ['***', 'tasks', 'run', 'data_ingestion_to_stg', 'load_cities_20180509', 'manual__2025-06-11T08:20:42.401194+00:00', '--job-id', '589', '--raw', '--subdir', 'DAGS_FOLDER/data_ingestion_to_stg.py', '--cfg-path', '/tmp/tmpo3zne76u']
[2025-06-11T08:20:59.788+0000] {standard_task_runner.py:105} INFO - Job 589: Subtask load_cities_20180509
[2025-06-11T08:21:00.004+0000] {task_command.py:467} INFO - Running <TaskInstance: data_ingestion_to_stg.load_cities_20180509 manual__2025-06-11T08:20:42.401194+00:00 [running]> on host 8b2e3fa0123b
[2025-06-11T08:21:00.415+0000] {taskinstance.py:3131} INFO - Exporting env vars: AIRFLOW_CTX_DAG_OWNER='***' AIRFLOW_CTX_DAG_ID='data_ingestion_to_stg' AIRFLOW_CTX_TASK_ID='load_cities_20180509' AIRFLOW_CTX_EXECUTION_DATE='2025-06-11T08:20:42.401194+00:00' AIRFLOW_CTX_TRY_NUMBER='1' AIRFLOW_CTX_DAG_RUN_ID='manual__2025-06-11T08:20:42.401194+00:00'
[2025-06-11T08:21:00.417+0000] {logging_mixin.py:190} INFO - Task instance is in running state
[2025-06-11T08:21:00.418+0000] {logging_mixin.py:190} INFO -  Previous state of the Task instance: queued
[2025-06-11T08:21:00.419+0000] {logging_mixin.py:190} INFO - Current task name:load_cities_20180509 state:running start_date:2025-06-11 08:20:59.655016+00:00
[2025-06-11T08:21:00.427+0000] {logging_mixin.py:190} INFO - Dag name:data_ingestion_to_stg and current dag run status:running
[2025-06-11T08:21:00.429+0000] {taskinstance.py:731} INFO - ::endgroup::
[2025-06-11T08:21:00.433+0000] {postgres.py:191} INFO - Running copy expert: COPY stg.cities FROM STDIN WITH CSV DELIMITER ';' HEADER;, filename: /opt/***/INPUT/20180509/20180509.cities.csv
[2025-06-11T08:21:00.449+0000] {base.py:84} INFO - Retrieving connection 'data_warehouse_project'
[2025-06-11T08:21:00.537+0000] {logging_mixin.py:190} INFO - [INFO] Berhasil load 20180509.cities.csv ke stg.cities
[2025-06-11T08:21:00.538+0000] {python.py:240} INFO - Done. Returned value was: None
[2025-06-11T08:21:00.566+0000] {taskinstance.py:340} INFO - ::group::Post task execution logs
[2025-06-11T08:21:00.566+0000] {taskinstance.py:352} INFO - Marking task as SUCCESS. dag_id=data_ingestion_to_stg, task_id=load_cities_20180509, run_id=manual__2025-06-11T08:20:42.401194+00:00, execution_date=20250611T082042, start_date=20250611T082059, end_date=20250611T082100
[2025-06-11T08:21:00.592+0000] {logging_mixin.py:190} INFO - Task instance in success state
[2025-06-11T08:21:00.593+0000] {logging_mixin.py:190} INFO -  Previous state of the Task instance: running
[2025-06-11T08:21:00.594+0000] {logging_mixin.py:190} INFO - Dag name:data_ingestion_to_stg queued_at:2025-06-11 08:20:42.436905+00:00
[2025-06-11T08:21:00.595+0000] {logging_mixin.py:190} INFO - Task hostname:8b2e3fa0123b operator:PythonOperator
[2025-06-11T08:21:00.623+0000] {local_task_job_runner.py:266} INFO - Task exited with return code 0
[2025-06-11T08:21:00.653+0000] {local_task_job_runner.py:245} INFO - ::endgroup::
