[2025-06-11T04:22:06.453+0000] {local_task_job_runner.py:123} INFO - ::group::Pre task execution logs
[2025-06-11T04:22:06.552+0000] {taskinstance.py:2612} INFO - Dependencies all met for dep_context=non-requeueable deps ti=<TaskInstance: data_ingestion_to_stg.load_countries_20180509 manual__2025-06-11T04:21:52.898586+00:00 [queued]>
[2025-06-11T04:22:06.576+0000] {taskinstance.py:2612} INFO - Dependencies all met for dep_context=requeueable deps ti=<TaskInstance: data_ingestion_to_stg.load_countries_20180509 manual__2025-06-11T04:21:52.898586+00:00 [queued]>
[2025-06-11T04:22:06.579+0000] {taskinstance.py:2865} INFO - Starting attempt 1 of 2
[2025-06-11T04:22:06.638+0000] {taskinstance.py:2888} INFO - Executing <Task(PythonOperator): load_countries_20180509> on 2025-06-11 04:21:52.898586+00:00
[2025-06-11T04:22:06.649+0000] {warnings.py:112} WARNING - /home/***/.local/lib/python3.12/site-packages/***/task/task_runner/standard_task_runner.py:70: DeprecationWarning: This process (pid=996) is multi-threaded, use of fork() may lead to deadlocks in the child.
  pid = os.fork()

[2025-06-11T04:22:06.651+0000] {standard_task_runner.py:72} INFO - Started process 1022 to run task
[2025-06-11T04:22:06.664+0000] {standard_task_runner.py:104} INFO - Running: ['***', 'tasks', 'run', 'data_ingestion_to_stg', 'load_countries_20180509', 'manual__2025-06-11T04:21:52.898586+00:00', '--job-id', '270', '--raw', '--subdir', 'DAGS_FOLDER/data_ingestion_to_stg.py', '--cfg-path', '/tmp/tmpd0iqlj1c']
[2025-06-11T04:22:06.667+0000] {standard_task_runner.py:105} INFO - Job 270: Subtask load_countries_20180509
[2025-06-11T04:22:06.813+0000] {task_command.py:467} INFO - Running <TaskInstance: data_ingestion_to_stg.load_countries_20180509 manual__2025-06-11T04:21:52.898586+00:00 [running]> on host bc5ec7a98490
[2025-06-11T04:22:07.051+0000] {taskinstance.py:3131} INFO - Exporting env vars: AIRFLOW_CTX_DAG_OWNER='***' AIRFLOW_CTX_DAG_ID='data_ingestion_to_stg' AIRFLOW_CTX_TASK_ID='load_countries_20180509' AIRFLOW_CTX_EXECUTION_DATE='2025-06-11T04:21:52.898586+00:00' AIRFLOW_CTX_TRY_NUMBER='1' AIRFLOW_CTX_DAG_RUN_ID='manual__2025-06-11T04:21:52.898586+00:00'
[2025-06-11T04:22:07.054+0000] {logging_mixin.py:190} INFO - Task instance is in running state
[2025-06-11T04:22:07.055+0000] {logging_mixin.py:190} INFO -  Previous state of the Task instance: queued
[2025-06-11T04:22:07.056+0000] {logging_mixin.py:190} INFO - Current task name:load_countries_20180509 state:running start_date:2025-06-11 04:22:06.554586+00:00
[2025-06-11T04:22:07.057+0000] {logging_mixin.py:190} INFO - Dag name:data_ingestion_to_stg and current dag run status:running
[2025-06-11T04:22:07.058+0000] {taskinstance.py:731} INFO - ::endgroup::
[2025-06-11T04:22:07.072+0000] {postgres.py:191} INFO - Running copy expert: COPY stg.countries FROM STDIN WITH CSV DELIMITER ';' HEADER;, filename: /opt/***/INPUT/20180509/20180509.countries.csv
[2025-06-11T04:22:07.110+0000] {base.py:84} INFO - Retrieving connection 'data_warehouse_project'
[2025-06-11T04:22:07.206+0000] {logging_mixin.py:190} INFO - [INFO] Berhasil load 20180509.countries.csv ke stg.countries
[2025-06-11T04:22:07.207+0000] {python.py:240} INFO - Done. Returned value was: None
[2025-06-11T04:22:07.243+0000] {taskinstance.py:340} INFO - ::group::Post task execution logs
[2025-06-11T04:22:07.244+0000] {taskinstance.py:352} INFO - Marking task as SUCCESS. dag_id=data_ingestion_to_stg, task_id=load_countries_20180509, run_id=manual__2025-06-11T04:21:52.898586+00:00, execution_date=20250611T042152, start_date=20250611T042206, end_date=20250611T042207
[2025-06-11T04:22:07.288+0000] {logging_mixin.py:190} INFO - Task instance in success state
[2025-06-11T04:22:07.290+0000] {logging_mixin.py:190} INFO -  Previous state of the Task instance: running
[2025-06-11T04:22:07.291+0000] {logging_mixin.py:190} INFO - Dag name:data_ingestion_to_stg queued_at:2025-06-11 04:21:52.963273+00:00
[2025-06-11T04:22:07.292+0000] {logging_mixin.py:190} INFO - Task hostname:bc5ec7a98490 operator:PythonOperator
[2025-06-11T04:22:07.322+0000] {local_task_job_runner.py:266} INFO - Task exited with return code 0
[2025-06-11T04:22:07.372+0000] {taskinstance.py:3900} INFO - 0 downstream tasks scheduled from follow-on schedule check
[2025-06-11T04:22:07.391+0000] {local_task_job_runner.py:245} INFO - ::endgroup::
