[2025-06-11T08:29:06.406+0000] {local_task_job_runner.py:123} INFO - ::group::Pre task execution logs
[2025-06-11T08:29:06.493+0000] {taskinstance.py:2612} INFO - Dependencies all met for dep_context=non-requeueable deps ti=<TaskInstance: data_ingestion_to_stg.truncate_cities_20180509 manual__2025-06-11T08:28:59.274946+00:00 [queued]>
[2025-06-11T08:29:06.570+0000] {taskinstance.py:2612} INFO - Dependencies all met for dep_context=requeueable deps ti=<TaskInstance: data_ingestion_to_stg.truncate_cities_20180509 manual__2025-06-11T08:28:59.274946+00:00 [queued]>
[2025-06-11T08:29:06.574+0000] {taskinstance.py:2865} INFO - Starting attempt 1 of 2
[2025-06-11T08:29:06.632+0000] {taskinstance.py:2888} INFO - Executing <Task(PythonOperator): truncate_cities_20180509> on 2025-06-11 08:28:59.274946+00:00
[2025-06-11T08:29:06.654+0000] {warnings.py:112} WARNING - /home/***/.local/lib/python3.12/site-packages/***/task/task_runner/standard_task_runner.py:70: DeprecationWarning: This process (pid=452) is multi-threaded, use of fork() may lead to deadlocks in the child.
  pid = os.fork()

[2025-06-11T08:29:06.657+0000] {standard_task_runner.py:72} INFO - Started process 481 to run task
[2025-06-11T08:29:06.676+0000] {standard_task_runner.py:104} INFO - Running: ['***', 'tasks', 'run', 'data_ingestion_to_stg', 'truncate_cities_20180509', 'manual__2025-06-11T08:28:59.274946+00:00', '--job-id', '638', '--raw', '--subdir', 'DAGS_FOLDER/data_ingestion_to_stg.py', '--cfg-path', '/tmp/tmptzwq6nad']
[2025-06-11T08:29:06.679+0000] {standard_task_runner.py:105} INFO - Job 638: Subtask truncate_cities_20180509
[2025-06-11T08:29:06.902+0000] {task_command.py:467} INFO - Running <TaskInstance: data_ingestion_to_stg.truncate_cities_20180509 manual__2025-06-11T08:28:59.274946+00:00 [running]> on host 8b2e3fa0123b
[2025-06-11T08:29:07.375+0000] {taskinstance.py:3131} INFO - Exporting env vars: AIRFLOW_CTX_DAG_OWNER='***' AIRFLOW_CTX_DAG_ID='data_ingestion_to_stg' AIRFLOW_CTX_TASK_ID='truncate_cities_20180509' AIRFLOW_CTX_EXECUTION_DATE='2025-06-11T08:28:59.274946+00:00' AIRFLOW_CTX_TRY_NUMBER='1' AIRFLOW_CTX_DAG_RUN_ID='manual__2025-06-11T08:28:59.274946+00:00'
[2025-06-11T08:29:07.387+0000] {logging_mixin.py:190} INFO - Task instance is in running state
[2025-06-11T08:29:07.392+0000] {logging_mixin.py:190} INFO -  Previous state of the Task instance: queued
[2025-06-11T08:29:07.396+0000] {logging_mixin.py:190} INFO - Current task name:truncate_cities_20180509 state:running start_date:2025-06-11 08:29:06.502088+00:00
[2025-06-11T08:29:07.402+0000] {logging_mixin.py:190} INFO - Dag name:data_ingestion_to_stg and current dag run status:running
[2025-06-11T08:29:07.415+0000] {taskinstance.py:731} INFO - ::endgroup::
[2025-06-11T08:29:07.529+0000] {base.py:84} INFO - Retrieving connection 'data_warehouse_project'
[2025-06-11T08:29:07.665+0000] {sql.py:509} INFO - Running statement: TRUNCATE TABLE stg.cities;, parameters: None
[2025-06-11T08:29:07.718+0000] {logging_mixin.py:190} INFO - [INFO] Truncated table stg.cities
[2025-06-11T08:29:07.726+0000] {python.py:240} INFO - Done. Returned value was: None
[2025-06-11T08:29:07.800+0000] {taskinstance.py:340} INFO - ::group::Post task execution logs
[2025-06-11T08:29:07.801+0000] {taskinstance.py:352} INFO - Marking task as SUCCESS. dag_id=data_ingestion_to_stg, task_id=truncate_cities_20180509, run_id=manual__2025-06-11T08:28:59.274946+00:00, execution_date=20250611T082859, start_date=20250611T082906, end_date=20250611T082907
[2025-06-11T08:29:07.870+0000] {logging_mixin.py:190} INFO - Task instance in success state
[2025-06-11T08:29:07.874+0000] {logging_mixin.py:190} INFO -  Previous state of the Task instance: running
[2025-06-11T08:29:07.883+0000] {logging_mixin.py:190} INFO - Dag name:data_ingestion_to_stg queued_at:2025-06-11 08:28:59.295920+00:00
[2025-06-11T08:29:07.884+0000] {logging_mixin.py:190} INFO - Task hostname:8b2e3fa0123b operator:PythonOperator
[2025-06-11T08:29:07.970+0000] {local_task_job_runner.py:266} INFO - Task exited with return code 0
[2025-06-11T08:29:08.028+0000] {local_task_job_runner.py:245} INFO - ::endgroup::
