[2025-06-11T09:48:15.283+0000] {local_task_job_runner.py:123} INFO - ::group::Pre task execution logs
[2025-06-11T09:48:15.301+0000] {taskinstance.py:2612} INFO - Dependencies all met for dep_context=non-requeueable deps ti=<TaskInstance: etl_to_data_warehouse.dim_group.dim_product manual__2025-06-11T09:47:58.435646+00:00 [queued]>
[2025-06-11T09:48:15.315+0000] {taskinstance.py:2612} INFO - Dependencies all met for dep_context=requeueable deps ti=<TaskInstance: etl_to_data_warehouse.dim_group.dim_product manual__2025-06-11T09:47:58.435646+00:00 [queued]>
[2025-06-11T09:48:15.316+0000] {taskinstance.py:2865} INFO - Starting attempt 1 of 2
[2025-06-11T09:48:15.329+0000] {taskinstance.py:2888} INFO - Executing <Task(SQLExecuteQueryOperator): dim_group.dim_product> on 2025-06-11 09:47:58.435646+00:00
[2025-06-11T09:48:15.336+0000] {warnings.py:112} WARNING - /home/***/.local/lib/python3.12/site-packages/***/task/task_runner/standard_task_runner.py:70: DeprecationWarning: This process (pid=1734) is multi-threaded, use of fork() may lead to deadlocks in the child.
  pid = os.fork()

[2025-06-11T09:48:15.338+0000] {standard_task_runner.py:72} INFO - Started process 1741 to run task
[2025-06-11T09:48:15.338+0000] {standard_task_runner.py:104} INFO - Running: ['***', 'tasks', 'run', 'etl_to_data_warehouse', 'dim_group.dim_product', 'manual__2025-06-11T09:47:58.435646+00:00', '--job-id', '939', '--raw', '--subdir', 'DAGS_FOLDER/etl_to_data_warehouse.py', '--cfg-path', '/tmp/tmpynwfd7vs']
[2025-06-11T09:48:15.339+0000] {standard_task_runner.py:105} INFO - Job 939: Subtask dim_group.dim_product
[2025-06-11T09:48:15.390+0000] {task_command.py:467} INFO - Running <TaskInstance: etl_to_data_warehouse.dim_group.dim_product manual__2025-06-11T09:47:58.435646+00:00 [running]> on host 50af1b76beaf
[2025-06-11T09:48:15.469+0000] {taskinstance.py:3131} INFO - Exporting env vars: AIRFLOW_CTX_DAG_OWNER='***' AIRFLOW_CTX_DAG_ID='etl_to_data_warehouse' AIRFLOW_CTX_TASK_ID='dim_group.dim_product' AIRFLOW_CTX_EXECUTION_DATE='2025-06-11T09:47:58.435646+00:00' AIRFLOW_CTX_TRY_NUMBER='1' AIRFLOW_CTX_DAG_RUN_ID='manual__2025-06-11T09:47:58.435646+00:00'
[2025-06-11T09:48:15.471+0000] {logging_mixin.py:190} INFO - Task instance is in running state
[2025-06-11T09:48:15.472+0000] {logging_mixin.py:190} INFO -  Previous state of the Task instance: queued
[2025-06-11T09:48:15.472+0000] {logging_mixin.py:190} INFO - Current task name:dim_group.dim_product state:running start_date:2025-06-11 09:48:15.302523+00:00
[2025-06-11T09:48:15.472+0000] {logging_mixin.py:190} INFO - Dag name:etl_to_data_warehouse and current dag run status:running
[2025-06-11T09:48:15.473+0000] {taskinstance.py:731} INFO - ::endgroup::
[2025-06-11T09:48:15.473+0000] {sql.py:266} INFO - Executing: 
TRUNCATE TABLE dm.dim_product;

INSERT INTO dm.dim_product (
    product_id, product_name, product_price, category_id,
    category_name, modify_datetime, insert_date
)
SELECT 
    p.productid,
    p.productname,
    p.price,
    p.categoryid,
    c.categoryname,
    p.modifydate,
    CURRENT_DATE
FROM stg.products p
LEFT JOIN stg.categories c ON p.categoryid = c.categoryid;
[2025-06-11T09:48:15.481+0000] {base.py:84} INFO - Retrieving connection 'data_warehouse_project'
[2025-06-11T09:48:15.488+0000] {base.py:84} INFO - Retrieving connection 'data_warehouse_project'
[2025-06-11T09:48:15.540+0000] {sql.py:509} INFO - Running statement: 
TRUNCATE TABLE dm.dim_product;

INSERT INTO dm.dim_product (
    product_id, product_name, product_price, category_id,
    category_name, modify_datetime, insert_date
)
SELECT 
    p.productid,
    p.productname,
    p.price,
    p.categoryid,
    c.categoryname,
    p.modifydate,
    CURRENT_DATE
FROM stg.products p
LEFT JOIN stg.categories c ON p.categoryid = c.categoryid;, parameters: None
[2025-06-11T09:48:15.561+0000] {sql.py:518} INFO - Rows affected: 1808
[2025-06-11T09:48:15.581+0000] {taskinstance.py:340} INFO - ::group::Post task execution logs
[2025-06-11T09:48:15.582+0000] {taskinstance.py:352} INFO - Marking task as SUCCESS. dag_id=etl_to_data_warehouse, task_id=dim_group.dim_product, run_id=manual__2025-06-11T09:47:58.435646+00:00, execution_date=20250611T094758, start_date=20250611T094815, end_date=20250611T094815
[2025-06-11T09:48:15.595+0000] {logging_mixin.py:190} INFO - Task instance in success state
[2025-06-11T09:48:15.595+0000] {logging_mixin.py:190} INFO -  Previous state of the Task instance: running
[2025-06-11T09:48:15.596+0000] {logging_mixin.py:190} INFO - Dag name:etl_to_data_warehouse queued_at:2025-06-11 09:47:58.494987+00:00
[2025-06-11T09:48:15.596+0000] {logging_mixin.py:190} INFO - Task hostname:50af1b76beaf operator:SQLExecuteQueryOperator
[2025-06-11T09:48:15.634+0000] {local_task_job_runner.py:266} INFO - Task exited with return code 0
[2025-06-11T09:48:15.643+0000] {local_task_job_runner.py:245} INFO - ::endgroup::
