[2025-06-11T09:48:04.272+0000] {local_task_job_runner.py:123} INFO - ::group::Pre task execution logs
[2025-06-11T09:48:04.311+0000] {taskinstance.py:2612} INFO - Dependencies all met for dep_context=non-requeueable deps ti=<TaskInstance: etl_to_data_warehouse.truncate_sales_20180509 manual__2025-06-11T09:47:58.435646+00:00 [queued]>
[2025-06-11T09:48:04.342+0000] {taskinstance.py:2612} INFO - Dependencies all met for dep_context=requeueable deps ti=<TaskInstance: etl_to_data_warehouse.truncate_sales_20180509 manual__2025-06-11T09:47:58.435646+00:00 [queued]>
[2025-06-11T09:48:04.343+0000] {taskinstance.py:2865} INFO - Starting attempt 1 of 2
[2025-06-11T09:48:04.392+0000] {taskinstance.py:2888} INFO - Executing <Task(PythonOperator): truncate_sales_20180509> on 2025-06-11 09:47:58.435646+00:00
[2025-06-11T09:48:04.407+0000] {warnings.py:112} WARNING - /home/***/.local/lib/python3.12/site-packages/***/task/task_runner/standard_task_runner.py:70: DeprecationWarning: This process (pid=1625) is multi-threaded, use of fork() may lead to deadlocks in the child.
  pid = os.fork()

[2025-06-11T09:48:04.412+0000] {standard_task_runner.py:72} INFO - Started process 1653 to run task
[2025-06-11T09:48:04.417+0000] {standard_task_runner.py:104} INFO - Running: ['***', 'tasks', 'run', 'etl_to_data_warehouse', 'truncate_sales_20180509', 'manual__2025-06-11T09:47:58.435646+00:00', '--job-id', '913', '--raw', '--subdir', 'DAGS_FOLDER/etl_to_data_warehouse.py', '--cfg-path', '/tmp/tmpweiiyfmi']
[2025-06-11T09:48:04.419+0000] {standard_task_runner.py:105} INFO - Job 913: Subtask truncate_sales_20180509
[2025-06-11T09:48:04.540+0000] {task_command.py:467} INFO - Running <TaskInstance: etl_to_data_warehouse.truncate_sales_20180509 manual__2025-06-11T09:47:58.435646+00:00 [running]> on host 50af1b76beaf
[2025-06-11T09:48:05.007+0000] {taskinstance.py:3131} INFO - Exporting env vars: AIRFLOW_CTX_DAG_OWNER='***' AIRFLOW_CTX_DAG_ID='etl_to_data_warehouse' AIRFLOW_CTX_TASK_ID='truncate_sales_20180509' AIRFLOW_CTX_EXECUTION_DATE='2025-06-11T09:47:58.435646+00:00' AIRFLOW_CTX_TRY_NUMBER='1' AIRFLOW_CTX_DAG_RUN_ID='manual__2025-06-11T09:47:58.435646+00:00'
[2025-06-11T09:48:05.015+0000] {logging_mixin.py:190} INFO - Task instance is in running state
[2025-06-11T09:48:05.020+0000] {logging_mixin.py:190} INFO -  Previous state of the Task instance: queued
[2025-06-11T09:48:05.029+0000] {logging_mixin.py:190} INFO - Current task name:truncate_sales_20180509 state:running start_date:2025-06-11 09:48:04.314959+00:00
[2025-06-11T09:48:05.030+0000] {logging_mixin.py:190} INFO - Dag name:etl_to_data_warehouse and current dag run status:running
[2025-06-11T09:48:05.031+0000] {taskinstance.py:731} INFO - ::endgroup::
[2025-06-11T09:48:05.057+0000] {base.py:84} INFO - Retrieving connection 'data_warehouse_project'
[2025-06-11T09:48:05.187+0000] {sql.py:509} INFO - Running statement: TRUNCATE TABLE stg.sales;, parameters: None
[2025-06-11T09:48:05.212+0000] {logging_mixin.py:190} INFO - [INFO] Truncated table stg.sales
[2025-06-11T09:48:05.215+0000] {python.py:240} INFO - Done. Returned value was: None
[2025-06-11T09:48:05.287+0000] {taskinstance.py:340} INFO - ::group::Post task execution logs
[2025-06-11T09:48:05.289+0000] {taskinstance.py:352} INFO - Marking task as SUCCESS. dag_id=etl_to_data_warehouse, task_id=truncate_sales_20180509, run_id=manual__2025-06-11T09:47:58.435646+00:00, execution_date=20250611T094758, start_date=20250611T094804, end_date=20250611T094805
[2025-06-11T09:48:05.347+0000] {logging_mixin.py:190} INFO - Task instance in success state
[2025-06-11T09:48:05.353+0000] {logging_mixin.py:190} INFO -  Previous state of the Task instance: running
[2025-06-11T09:48:05.357+0000] {logging_mixin.py:190} INFO - Dag name:etl_to_data_warehouse queued_at:2025-06-11 09:47:58.494987+00:00
[2025-06-11T09:48:05.365+0000] {logging_mixin.py:190} INFO - Task hostname:50af1b76beaf operator:PythonOperator
[2025-06-11T09:48:05.390+0000] {local_task_job_runner.py:266} INFO - Task exited with return code 0
[2025-06-11T09:48:05.437+0000] {taskinstance.py:3900} INFO - 1 downstream tasks scheduled from follow-on schedule check
[2025-06-11T09:48:05.451+0000] {local_task_job_runner.py:245} INFO - ::endgroup::
