[2025-06-11T04:17:54.309+0000] {local_task_job_runner.py:123} INFO - ::group::Pre task execution logs
[2025-06-11T04:17:54.393+0000] {taskinstance.py:2612} INFO - Dependencies all met for dep_context=non-requeueable deps ti=<TaskInstance: data_ingestion_to_stg.load_categories_20180508 manual__2025-06-11T04:17:42.293472+00:00 [queued]>
[2025-06-11T04:17:54.425+0000] {taskinstance.py:2612} INFO - Dependencies all met for dep_context=requeueable deps ti=<TaskInstance: data_ingestion_to_stg.load_categories_20180508 manual__2025-06-11T04:17:42.293472+00:00 [queued]>
[2025-06-11T04:17:54.427+0000] {taskinstance.py:2865} INFO - Starting attempt 1 of 2
[2025-06-11T04:17:54.459+0000] {taskinstance.py:2888} INFO - Executing <Task(PythonOperator): load_categories_20180508> on 2025-06-11 04:17:42.293472+00:00
[2025-06-11T04:17:54.479+0000] {warnings.py:112} WARNING - /home/***/.local/lib/python3.12/site-packages/***/task/task_runner/standard_task_runner.py:70: DeprecationWarning: This process (pid=834) is multi-threaded, use of fork() may lead to deadlocks in the child.
  pid = os.fork()

[2025-06-11T04:17:54.483+0000] {standard_task_runner.py:72} INFO - Started process 859 to run task
[2025-06-11T04:17:54.490+0000] {standard_task_runner.py:104} INFO - Running: ['***', 'tasks', 'run', 'data_ingestion_to_stg', 'load_categories_20180508', 'manual__2025-06-11T04:17:42.293472+00:00', '--job-id', '241', '--raw', '--subdir', 'DAGS_FOLDER/data_ingestion_to_stg.py', '--cfg-path', '/tmp/tmptxtmzwh7']
[2025-06-11T04:17:54.491+0000] {standard_task_runner.py:105} INFO - Job 241: Subtask load_categories_20180508
[2025-06-11T04:17:54.633+0000] {task_command.py:467} INFO - Running <TaskInstance: data_ingestion_to_stg.load_categories_20180508 manual__2025-06-11T04:17:42.293472+00:00 [running]> on host bc5ec7a98490
[2025-06-11T04:17:54.882+0000] {taskinstance.py:3131} INFO - Exporting env vars: AIRFLOW_CTX_DAG_OWNER='***' AIRFLOW_CTX_DAG_ID='data_ingestion_to_stg' AIRFLOW_CTX_TASK_ID='load_categories_20180508' AIRFLOW_CTX_EXECUTION_DATE='2025-06-11T04:17:42.293472+00:00' AIRFLOW_CTX_TRY_NUMBER='1' AIRFLOW_CTX_DAG_RUN_ID='manual__2025-06-11T04:17:42.293472+00:00'
[2025-06-11T04:17:54.889+0000] {logging_mixin.py:190} INFO - Task instance is in running state
[2025-06-11T04:17:54.893+0000] {logging_mixin.py:190} INFO -  Previous state of the Task instance: queued
[2025-06-11T04:17:54.899+0000] {logging_mixin.py:190} INFO - Current task name:load_categories_20180508 state:running start_date:2025-06-11 04:17:54.394377+00:00
[2025-06-11T04:17:54.900+0000] {logging_mixin.py:190} INFO - Dag name:data_ingestion_to_stg and current dag run status:running
[2025-06-11T04:17:54.900+0000] {taskinstance.py:731} INFO - ::endgroup::
[2025-06-11T04:17:54.904+0000] {postgres.py:191} INFO - Running copy expert: COPY stg.categories FROM STDIN WITH CSV DELIMITER '|' HEADER;, filename: /opt/***/INPUT/20180508/20180508.categories.csv
[2025-06-11T04:17:54.936+0000] {base.py:84} INFO - Retrieving connection 'data_warehouse_project'
[2025-06-11T04:17:55.020+0000] {logging_mixin.py:190} INFO - [INFO] Berhasil load 20180508.categories.csv ke stg.categories
[2025-06-11T04:17:55.021+0000] {python.py:240} INFO - Done. Returned value was: None
[2025-06-11T04:17:55.038+0000] {taskinstance.py:340} INFO - ::group::Post task execution logs
[2025-06-11T04:17:55.040+0000] {taskinstance.py:352} INFO - Marking task as SUCCESS. dag_id=data_ingestion_to_stg, task_id=load_categories_20180508, run_id=manual__2025-06-11T04:17:42.293472+00:00, execution_date=20250611T041742, start_date=20250611T041754, end_date=20250611T041755
[2025-06-11T04:17:55.081+0000] {logging_mixin.py:190} INFO - Task instance in success state
[2025-06-11T04:17:55.081+0000] {logging_mixin.py:190} INFO -  Previous state of the Task instance: running
[2025-06-11T04:17:55.082+0000] {logging_mixin.py:190} INFO - Dag name:data_ingestion_to_stg queued_at:2025-06-11 04:17:42.322226+00:00
[2025-06-11T04:17:55.084+0000] {logging_mixin.py:190} INFO - Task hostname:bc5ec7a98490 operator:PythonOperator
[2025-06-11T04:17:55.111+0000] {local_task_job_runner.py:266} INFO - Task exited with return code 0
[2025-06-11T04:17:55.180+0000] {taskinstance.py:3900} INFO - 0 downstream tasks scheduled from follow-on schedule check
[2025-06-11T04:17:55.193+0000] {local_task_job_runner.py:245} INFO - ::endgroup::
