[2025-06-11T09:48:10.286+0000] {local_task_job_runner.py:123} INFO - ::group::Pre task execution logs
[2025-06-11T09:48:10.360+0000] {taskinstance.py:2612} INFO - Dependencies all met for dep_context=non-requeueable deps ti=<TaskInstance: etl_to_data_warehouse.load_products_20180509 manual__2025-06-11T09:47:58.435646+00:00 [queued]>
[2025-06-11T09:48:10.389+0000] {taskinstance.py:2612} INFO - Dependencies all met for dep_context=requeueable deps ti=<TaskInstance: etl_to_data_warehouse.load_products_20180509 manual__2025-06-11T09:47:58.435646+00:00 [queued]>
[2025-06-11T09:48:10.390+0000] {taskinstance.py:2865} INFO - Starting attempt 1 of 2
[2025-06-11T09:48:10.428+0000] {taskinstance.py:2888} INFO - Executing <Task(PythonOperator): load_products_20180509> on 2025-06-11 09:47:58.435646+00:00
[2025-06-11T09:48:10.462+0000] {warnings.py:112} WARNING - /home/***/.local/lib/python3.12/site-packages/***/task/task_runner/standard_task_runner.py:70: DeprecationWarning: This process (pid=1678) is multi-threaded, use of fork() may lead to deadlocks in the child.
  pid = os.fork()

[2025-06-11T09:48:10.468+0000] {standard_task_runner.py:72} INFO - Started process 1706 to run task
[2025-06-11T09:48:10.483+0000] {standard_task_runner.py:104} INFO - Running: ['***', 'tasks', 'run', 'etl_to_data_warehouse', 'load_products_20180509', 'manual__2025-06-11T09:47:58.435646+00:00', '--job-id', '926', '--raw', '--subdir', 'DAGS_FOLDER/etl_to_data_warehouse.py', '--cfg-path', '/tmp/tmp7abplqbe']
[2025-06-11T09:48:10.493+0000] {standard_task_runner.py:105} INFO - Job 926: Subtask load_products_20180509
[2025-06-11T09:48:10.726+0000] {task_command.py:467} INFO - Running <TaskInstance: etl_to_data_warehouse.load_products_20180509 manual__2025-06-11T09:47:58.435646+00:00 [running]> on host 50af1b76beaf
[2025-06-11T09:48:11.082+0000] {taskinstance.py:3131} INFO - Exporting env vars: AIRFLOW_CTX_DAG_OWNER='***' AIRFLOW_CTX_DAG_ID='etl_to_data_warehouse' AIRFLOW_CTX_TASK_ID='load_products_20180509' AIRFLOW_CTX_EXECUTION_DATE='2025-06-11T09:47:58.435646+00:00' AIRFLOW_CTX_TRY_NUMBER='1' AIRFLOW_CTX_DAG_RUN_ID='manual__2025-06-11T09:47:58.435646+00:00'
[2025-06-11T09:48:11.086+0000] {logging_mixin.py:190} INFO - Task instance is in running state
[2025-06-11T09:48:11.088+0000] {logging_mixin.py:190} INFO -  Previous state of the Task instance: queued
[2025-06-11T09:48:11.090+0000] {logging_mixin.py:190} INFO - Current task name:load_products_20180509 state:running start_date:2025-06-11 09:48:10.365783+00:00
[2025-06-11T09:48:11.095+0000] {logging_mixin.py:190} INFO - Dag name:etl_to_data_warehouse and current dag run status:running
[2025-06-11T09:48:11.109+0000] {taskinstance.py:731} INFO - ::endgroup::
[2025-06-11T09:48:11.127+0000] {postgres.py:191} INFO - Running copy expert: COPY stg.products FROM STDIN WITH CSV DELIMITER ';' HEADER;, filename: /tmp/tmps19w6vth
[2025-06-11T09:48:11.161+0000] {base.py:84} INFO - Retrieving connection 'data_warehouse_project'
[2025-06-11T09:48:11.279+0000] {logging_mixin.py:190} INFO - [INFO] Berhasil load 20180509.products.csv ke stg.products
[2025-06-11T09:48:11.282+0000] {python.py:240} INFO - Done. Returned value was: None
[2025-06-11T09:48:11.301+0000] {taskinstance.py:340} INFO - ::group::Post task execution logs
[2025-06-11T09:48:11.303+0000] {taskinstance.py:352} INFO - Marking task as SUCCESS. dag_id=etl_to_data_warehouse, task_id=load_products_20180509, run_id=manual__2025-06-11T09:47:58.435646+00:00, execution_date=20250611T094758, start_date=20250611T094810, end_date=20250611T094811
[2025-06-11T09:48:11.402+0000] {logging_mixin.py:190} INFO - Task instance in success state
[2025-06-11T09:48:11.403+0000] {logging_mixin.py:190} INFO -  Previous state of the Task instance: running
[2025-06-11T09:48:11.404+0000] {logging_mixin.py:190} INFO - Dag name:etl_to_data_warehouse queued_at:2025-06-11 09:47:58.494987+00:00
[2025-06-11T09:48:11.410+0000] {logging_mixin.py:190} INFO - Task hostname:50af1b76beaf operator:PythonOperator
[2025-06-11T09:48:11.488+0000] {local_task_job_runner.py:266} INFO - Task exited with return code 0
[2025-06-11T09:48:11.512+0000] {local_task_job_runner.py:245} INFO - ::endgroup::
