[2025-06-11T05:16:53.627+0000] {local_task_job_runner.py:123} INFO - ::group::Pre task execution logs
[2025-06-11T05:16:53.747+0000] {taskinstance.py:2612} INFO - Dependencies all met for dep_context=non-requeueable deps ti=<TaskInstance: data_ingestion_to_stg.truncate_products_20180508 manual__2025-06-11T05:16:36.881201+00:00 [queued]>
[2025-06-11T05:16:53.788+0000] {taskinstance.py:2612} INFO - Dependencies all met for dep_context=requeueable deps ti=<TaskInstance: data_ingestion_to_stg.truncate_products_20180508 manual__2025-06-11T05:16:36.881201+00:00 [queued]>
[2025-06-11T05:16:53.790+0000] {taskinstance.py:2865} INFO - Starting attempt 1 of 2
[2025-06-11T05:16:53.966+0000] {taskinstance.py:2888} INFO - Executing <Task(PythonOperator): truncate_products_20180508> on 2025-06-11 05:16:36.881201+00:00
[2025-06-11T05:16:54.006+0000] {warnings.py:112} WARNING - /home/***/.local/lib/python3.12/site-packages/***/task/task_runner/standard_task_runner.py:70: DeprecationWarning: This process (pid=225) is multi-threaded, use of fork() may lead to deadlocks in the child.
  pid = os.fork()

[2025-06-11T05:16:54.025+0000] {standard_task_runner.py:72} INFO - Started process 273 to run task
[2025-06-11T05:16:54.024+0000] {standard_task_runner.py:104} INFO - Running: ['***', 'tasks', 'run', 'data_ingestion_to_stg', 'truncate_products_20180508', 'manual__2025-06-11T05:16:36.881201+00:00', '--job-id', '327', '--raw', '--subdir', 'DAGS_FOLDER/data_ingestion_to_stg.py', '--cfg-path', '/tmp/tmpsidtelpc']
[2025-06-11T05:16:54.051+0000] {standard_task_runner.py:105} INFO - Job 327: Subtask truncate_products_20180508
[2025-06-11T05:16:54.343+0000] {task_command.py:467} INFO - Running <TaskInstance: data_ingestion_to_stg.truncate_products_20180508 manual__2025-06-11T05:16:36.881201+00:00 [running]> on host d55d1164a4af
[2025-06-11T05:16:54.611+0000] {taskinstance.py:3131} INFO - Exporting env vars: AIRFLOW_CTX_DAG_OWNER='***' AIRFLOW_CTX_DAG_ID='data_ingestion_to_stg' AIRFLOW_CTX_TASK_ID='truncate_products_20180508' AIRFLOW_CTX_EXECUTION_DATE='2025-06-11T05:16:36.881201+00:00' AIRFLOW_CTX_TRY_NUMBER='1' AIRFLOW_CTX_DAG_RUN_ID='manual__2025-06-11T05:16:36.881201+00:00'
[2025-06-11T05:16:54.620+0000] {logging_mixin.py:190} INFO - Task instance is in running state
[2025-06-11T05:16:54.635+0000] {logging_mixin.py:190} INFO -  Previous state of the Task instance: queued
[2025-06-11T05:16:54.638+0000] {logging_mixin.py:190} INFO - Current task name:truncate_products_20180508 state:running start_date:2025-06-11 05:16:53.750377+00:00
[2025-06-11T05:16:54.646+0000] {logging_mixin.py:190} INFO - Dag name:data_ingestion_to_stg and current dag run status:running
[2025-06-11T05:16:54.658+0000] {taskinstance.py:731} INFO - ::endgroup::
[2025-06-11T05:16:54.729+0000] {base.py:84} INFO - Retrieving connection 'data_warehouse_project'
[2025-06-11T05:16:54.870+0000] {sql.py:509} INFO - Running statement: TRUNCATE TABLE stg.products;, parameters: None
[2025-06-11T05:16:54.894+0000] {logging_mixin.py:190} INFO - [INFO] Truncated table stg.products
[2025-06-11T05:16:54.896+0000] {python.py:240} INFO - Done. Returned value was: None
[2025-06-11T05:16:54.923+0000] {taskinstance.py:340} INFO - ::group::Post task execution logs
[2025-06-11T05:16:54.925+0000] {taskinstance.py:352} INFO - Marking task as SUCCESS. dag_id=data_ingestion_to_stg, task_id=truncate_products_20180508, run_id=manual__2025-06-11T05:16:36.881201+00:00, execution_date=20250611T051636, start_date=20250611T051653, end_date=20250611T051654
[2025-06-11T05:16:54.955+0000] {logging_mixin.py:190} INFO - Task instance in success state
[2025-06-11T05:16:54.959+0000] {logging_mixin.py:190} INFO -  Previous state of the Task instance: running
[2025-06-11T05:16:54.961+0000] {logging_mixin.py:190} INFO - Dag name:data_ingestion_to_stg queued_at:2025-06-11 05:16:36.905700+00:00
[2025-06-11T05:16:54.978+0000] {logging_mixin.py:190} INFO - Task hostname:d55d1164a4af operator:PythonOperator
[2025-06-11T05:16:55.060+0000] {local_task_job_runner.py:266} INFO - Task exited with return code 0
[2025-06-11T05:16:55.163+0000] {taskinstance.py:3900} INFO - 1 downstream tasks scheduled from follow-on schedule check
[2025-06-11T05:16:55.166+0000] {local_task_job_runner.py:245} INFO - ::endgroup::
