[2025-06-11T08:29:15.811+0000] {local_task_job_runner.py:123} INFO - ::group::Pre task execution logs
[2025-06-11T08:29:15.874+0000] {taskinstance.py:2612} INFO - Dependencies all met for dep_context=non-requeueable deps ti=<TaskInstance: data_ingestion_to_stg.load_sales_20180509 manual__2025-06-11T08:28:59.274946+00:00 [queued]>
[2025-06-11T08:29:15.957+0000] {taskinstance.py:2612} INFO - Dependencies all met for dep_context=requeueable deps ti=<TaskInstance: data_ingestion_to_stg.load_sales_20180509 manual__2025-06-11T08:28:59.274946+00:00 [queued]>
[2025-06-11T08:29:15.961+0000] {taskinstance.py:2865} INFO - Starting attempt 1 of 2
[2025-06-11T08:29:16.006+0000] {taskinstance.py:2888} INFO - Executing <Task(PythonOperator): load_sales_20180509> on 2025-06-11 08:28:59.274946+00:00
[2025-06-11T08:29:16.028+0000] {warnings.py:112} WARNING - /home/***/.local/lib/python3.12/site-packages/***/task/task_runner/standard_task_runner.py:70: DeprecationWarning: This process (pid=516) is multi-threaded, use of fork() may lead to deadlocks in the child.
  pid = os.fork()

[2025-06-11T08:29:16.032+0000] {standard_task_runner.py:72} INFO - Started process 557 to run task
[2025-06-11T08:29:16.050+0000] {standard_task_runner.py:104} INFO - Running: ['***', 'tasks', 'run', 'data_ingestion_to_stg', 'load_sales_20180509', 'manual__2025-06-11T08:28:59.274946+00:00', '--job-id', '663', '--raw', '--subdir', 'DAGS_FOLDER/data_ingestion_to_stg.py', '--cfg-path', '/tmp/tmpa0e3r67o']
[2025-06-11T08:29:16.056+0000] {standard_task_runner.py:105} INFO - Job 663: Subtask load_sales_20180509
[2025-06-11T08:29:16.241+0000] {task_command.py:467} INFO - Running <TaskInstance: data_ingestion_to_stg.load_sales_20180509 manual__2025-06-11T08:28:59.274946+00:00 [running]> on host 8b2e3fa0123b
[2025-06-11T08:29:16.577+0000] {taskinstance.py:3131} INFO - Exporting env vars: AIRFLOW_CTX_DAG_OWNER='***' AIRFLOW_CTX_DAG_ID='data_ingestion_to_stg' AIRFLOW_CTX_TASK_ID='load_sales_20180509' AIRFLOW_CTX_EXECUTION_DATE='2025-06-11T08:28:59.274946+00:00' AIRFLOW_CTX_TRY_NUMBER='1' AIRFLOW_CTX_DAG_RUN_ID='manual__2025-06-11T08:28:59.274946+00:00'
[2025-06-11T08:29:16.581+0000] {logging_mixin.py:190} INFO - Task instance is in running state
[2025-06-11T08:29:16.587+0000] {logging_mixin.py:190} INFO -  Previous state of the Task instance: queued
[2025-06-11T08:29:16.589+0000] {logging_mixin.py:190} INFO - Current task name:load_sales_20180509 state:running start_date:2025-06-11 08:29:15.888693+00:00
[2025-06-11T08:29:16.590+0000] {logging_mixin.py:190} INFO - Dag name:data_ingestion_to_stg and current dag run status:running
[2025-06-11T08:29:16.593+0000] {taskinstance.py:731} INFO - ::endgroup::
[2025-06-11T08:29:16.612+0000] {postgres.py:191} INFO - Running copy expert: COPY stg.sales FROM STDIN WITH CSV DELIMITER ';' HEADER;, filename: /opt/***/INPUT/20180509/20180509.sales.csv
[2025-06-11T08:29:16.634+0000] {base.py:84} INFO - Retrieving connection 'data_warehouse_project'
[2025-06-11T08:29:16.776+0000] {logging_mixin.py:190} INFO - [INFO] Berhasil load 20180509.sales.csv ke stg.sales
[2025-06-11T08:29:16.780+0000] {python.py:240} INFO - Done. Returned value was: None
[2025-06-11T08:29:16.807+0000] {taskinstance.py:340} INFO - ::group::Post task execution logs
[2025-06-11T08:29:16.808+0000] {taskinstance.py:352} INFO - Marking task as SUCCESS. dag_id=data_ingestion_to_stg, task_id=load_sales_20180509, run_id=manual__2025-06-11T08:28:59.274946+00:00, execution_date=20250611T082859, start_date=20250611T082915, end_date=20250611T082916
[2025-06-11T08:29:16.835+0000] {logging_mixin.py:190} INFO - Task instance in success state
[2025-06-11T08:29:16.836+0000] {logging_mixin.py:190} INFO -  Previous state of the Task instance: running
[2025-06-11T08:29:16.840+0000] {logging_mixin.py:190} INFO - Dag name:data_ingestion_to_stg queued_at:2025-06-11 08:28:59.295920+00:00
[2025-06-11T08:29:16.841+0000] {logging_mixin.py:190} INFO - Task hostname:8b2e3fa0123b operator:PythonOperator
[2025-06-11T08:29:16.893+0000] {local_task_job_runner.py:266} INFO - Task exited with return code 0
[2025-06-11T08:29:16.935+0000] {taskinstance.py:3900} INFO - 0 downstream tasks scheduled from follow-on schedule check
[2025-06-11T08:29:16.940+0000] {local_task_job_runner.py:245} INFO - ::endgroup::
