[2025-06-11T09:14:36.644+0000] {local_task_job_runner.py:123} INFO - ::group::Pre task execution logs
[2025-06-11T09:14:36.664+0000] {taskinstance.py:2612} INFO - Dependencies all met for dep_context=non-requeueable deps ti=<TaskInstance: data_ingestion_to_stg.dim_group.dim_product manual__2025-06-11T09:14:10.182020+00:00 [queued]>
[2025-06-11T09:14:36.676+0000] {taskinstance.py:2612} INFO - Dependencies all met for dep_context=requeueable deps ti=<TaskInstance: data_ingestion_to_stg.dim_group.dim_product manual__2025-06-11T09:14:10.182020+00:00 [queued]>
[2025-06-11T09:14:36.676+0000] {taskinstance.py:2865} INFO - Starting attempt 1 of 2
[2025-06-11T09:14:36.690+0000] {taskinstance.py:2888} INFO - Executing <Task(SQLExecuteQueryOperator): dim_group.dim_product> on 2025-06-11 09:14:10.182020+00:00
[2025-06-11T09:14:36.701+0000] {warnings.py:112} WARNING - /home/***/.local/lib/python3.12/site-packages/***/task/task_runner/standard_task_runner.py:70: DeprecationWarning: This process (pid=646) is multi-threaded, use of fork() may lead to deadlocks in the child.
  pid = os.fork()

[2025-06-11T09:14:36.705+0000] {standard_task_runner.py:72} INFO - Started process 660 to run task
[2025-06-11T09:14:36.704+0000] {standard_task_runner.py:104} INFO - Running: ['***', 'tasks', 'run', 'data_ingestion_to_stg', 'dim_group.dim_product', 'manual__2025-06-11T09:14:10.182020+00:00', '--job-id', '777', '--raw', '--subdir', 'DAGS_FOLDER/data_ingestion_to_stg.py', '--cfg-path', '/tmp/tmp8i51u8d0']
[2025-06-11T09:14:36.706+0000] {standard_task_runner.py:105} INFO - Job 777: Subtask dim_group.dim_product
[2025-06-11T09:14:36.756+0000] {task_command.py:467} INFO - Running <TaskInstance: data_ingestion_to_stg.dim_group.dim_product manual__2025-06-11T09:14:10.182020+00:00 [running]> on host 50af1b76beaf
[2025-06-11T09:14:36.869+0000] {taskinstance.py:3131} INFO - Exporting env vars: AIRFLOW_CTX_DAG_OWNER='***' AIRFLOW_CTX_DAG_ID='data_ingestion_to_stg' AIRFLOW_CTX_TASK_ID='dim_group.dim_product' AIRFLOW_CTX_EXECUTION_DATE='2025-06-11T09:14:10.182020+00:00' AIRFLOW_CTX_TRY_NUMBER='1' AIRFLOW_CTX_DAG_RUN_ID='manual__2025-06-11T09:14:10.182020+00:00'
[2025-06-11T09:14:36.872+0000] {logging_mixin.py:190} INFO - Task instance is in running state
[2025-06-11T09:14:36.874+0000] {logging_mixin.py:190} INFO -  Previous state of the Task instance: queued
[2025-06-11T09:14:36.875+0000] {logging_mixin.py:190} INFO - Current task name:dim_group.dim_product state:running start_date:2025-06-11 09:14:36.665060+00:00
[2025-06-11T09:14:36.875+0000] {logging_mixin.py:190} INFO - Dag name:data_ingestion_to_stg and current dag run status:running
[2025-06-11T09:14:36.876+0000] {taskinstance.py:731} INFO - ::endgroup::
[2025-06-11T09:14:36.876+0000] {sql.py:266} INFO - Executing: 
TRUNCATE TABLE dm.dim_product;

INSERT INTO dm.dim_product (
    product_id, product_name, product_price, category_id,
    category_name, modify_datetime, insert_date
)
SELECT 
    p.productid,
    p.productname,
    p.price,
    p.categoryid,
    c.categoryname,
    p.modifydate,
    CURRENT_DATE
FROM stg.products p
LEFT JOIN stg.categories c ON p.categoryid = c.categoryid;
[2025-06-11T09:14:36.886+0000] {base.py:84} INFO - Retrieving connection 'data_warehouse_project'
[2025-06-11T09:14:36.897+0000] {base.py:84} INFO - Retrieving connection 'data_warehouse_project'
[2025-06-11T09:14:36.952+0000] {sql.py:509} INFO - Running statement: 
TRUNCATE TABLE dm.dim_product;

INSERT INTO dm.dim_product (
    product_id, product_name, product_price, category_id,
    category_name, modify_datetime, insert_date
)
SELECT 
    p.productid,
    p.productname,
    p.price,
    p.categoryid,
    c.categoryname,
    p.modifydate,
    CURRENT_DATE
FROM stg.products p
LEFT JOIN stg.categories c ON p.categoryid = c.categoryid;, parameters: None
[2025-06-11T09:14:36.982+0000] {sql.py:518} INFO - Rows affected: 1808
[2025-06-11T09:14:37.009+0000] {taskinstance.py:340} INFO - ::group::Post task execution logs
[2025-06-11T09:14:37.009+0000] {taskinstance.py:352} INFO - Marking task as SUCCESS. dag_id=data_ingestion_to_stg, task_id=dim_group.dim_product, run_id=manual__2025-06-11T09:14:10.182020+00:00, execution_date=20250611T091410, start_date=20250611T091436, end_date=20250611T091437
[2025-06-11T09:14:37.021+0000] {logging_mixin.py:190} INFO - Task instance in success state
[2025-06-11T09:14:37.021+0000] {logging_mixin.py:190} INFO -  Previous state of the Task instance: running
[2025-06-11T09:14:37.022+0000] {logging_mixin.py:190} INFO - Dag name:data_ingestion_to_stg queued_at:2025-06-11 09:14:10.199485+00:00
[2025-06-11T09:14:37.022+0000] {logging_mixin.py:190} INFO - Task hostname:50af1b76beaf operator:SQLExecuteQueryOperator
[2025-06-11T09:14:37.040+0000] {local_task_job_runner.py:266} INFO - Task exited with return code 0
[2025-06-11T09:14:37.072+0000] {taskinstance.py:3900} INFO - 0 downstream tasks scheduled from follow-on schedule check
[2025-06-11T09:14:37.075+0000] {local_task_job_runner.py:245} INFO - ::endgroup::
