[2025-06-10T15:59:32.746+0000] {taskinstance.py:1956} INFO - Dependencies all met for dep_context=non-requeueable deps ti=<TaskInstance: data_ingestion_to_stg.load_cities_20180509 manual__2025-06-10T15:59:29.937624+00:00 [queued]>
[2025-06-10T15:59:32.769+0000] {taskinstance.py:1956} INFO - Dependencies all met for dep_context=requeueable deps ti=<TaskInstance: data_ingestion_to_stg.load_cities_20180509 manual__2025-06-10T15:59:29.937624+00:00 [queued]>
[2025-06-10T15:59:32.774+0000] {taskinstance.py:2170} INFO - Starting attempt 1 of 2
[2025-06-10T15:59:32.805+0000] {taskinstance.py:2191} INFO - Executing <Task(PythonOperator): load_cities_20180509> on 2025-06-10 15:59:29.937624+00:00
[2025-06-10T15:59:32.830+0000] {standard_task_runner.py:60} INFO - Started process 208 to run task
[2025-06-10T15:59:32.835+0000] {standard_task_runner.py:87} INFO - Running: ['***', 'tasks', 'run', 'data_ingestion_to_stg', 'load_cities_20180509', 'manual__2025-06-10T15:59:29.937624+00:00', '--job-id', '14', '--raw', '--subdir', 'DAGS_FOLDER/data_ingestion_to_stg.py', '--cfg-path', '/tmp/tmp3l8idy5r']
[2025-06-10T15:59:32.842+0000] {standard_task_runner.py:88} INFO - Job 14: Subtask load_cities_20180509
[2025-06-10T15:59:32.884+0000] {logging_mixin.py:188} WARNING - /home/***/.local/lib/python3.8/site-packages/***/settings.py:194 DeprecationWarning: The sql_alchemy_conn option in [core] has been moved to the sql_alchemy_conn option in [database] - the old setting has been used, but please update your config.
[2025-06-10T15:59:32.970+0000] {task_command.py:423} INFO - Running <TaskInstance: data_ingestion_to_stg.load_cities_20180509 manual__2025-06-10T15:59:29.937624+00:00 [running]> on host 382b107fa3ab
[2025-06-10T15:59:33.132+0000] {taskinstance.py:2480} INFO - Exporting env vars: AIRFLOW_CTX_DAG_OWNER='***' AIRFLOW_CTX_DAG_ID='data_ingestion_to_stg' AIRFLOW_CTX_TASK_ID='load_cities_20180509' AIRFLOW_CTX_EXECUTION_DATE='2025-06-10T15:59:29.937624+00:00' AIRFLOW_CTX_TRY_NUMBER='1' AIRFLOW_CTX_DAG_RUN_ID='manual__2025-06-10T15:59:29.937624+00:00'
[2025-06-10T15:59:33.138+0000] {taskinstance.py:2698} ERROR - Task failed with exception
Traceback (most recent call last):
  File "/home/airflow/.local/lib/python3.8/site-packages/airflow/models/taskinstance.py", line 433, in _execute_task
    result = execute_callable(context=context, **execute_callable_kwargs)
  File "/home/airflow/.local/lib/python3.8/site-packages/airflow/operators/python.py", line 199, in execute
    return_value = self.execute_callable()
  File "/home/airflow/.local/lib/python3.8/site-packages/airflow/operators/python.py", line 216, in execute_callable
    return self.python_callable(*self.op_args, **self.op_kwargs)
  File "/opt/airflow/dags/data_ingestion_to_stg.py", line 26, in load_csv_to_postgres
    raise FileNotFoundError(f"{file_path} tidak ditemukan.")
FileNotFoundError: /opt/***/INPUT/20180509/20180509.cities tidak ditemukan.
[2025-06-10T15:59:33.158+0000] {taskinstance.py:1138} INFO - Marking task as UP_FOR_RETRY. dag_id=data_ingestion_to_stg, task_id=load_cities_20180509, execution_date=20250610T155929, start_date=20250610T155932, end_date=20250610T155933
[2025-06-10T15:59:33.183+0000] {standard_task_runner.py:107} ERROR - Failed to execute job 14 for task load_cities_20180509 (/opt/***/INPUT/20180509/20180509.cities tidak ditemukan.; 208)
[2025-06-10T15:59:33.224+0000] {local_task_job_runner.py:234} INFO - Task exited with return code 1
[2025-06-10T15:59:33.427+0000] {taskinstance.py:3280} INFO - 0 downstream tasks scheduled from follow-on schedule check
