[2025-06-11T08:14:10.617+0000] {local_task_job_runner.py:123} INFO - ::group::Pre task execution logs
[2025-06-11T08:14:10.712+0000] {taskinstance.py:2612} INFO - Dependencies all met for dep_context=non-requeueable deps ti=<TaskInstance: data_ingestion_to_stg.truncate_sales_20180508 manual__2025-06-11T08:13:59.453815+00:00 [queued]>
[2025-06-11T08:14:10.746+0000] {taskinstance.py:2612} INFO - Dependencies all met for dep_context=requeueable deps ti=<TaskInstance: data_ingestion_to_stg.truncate_sales_20180508 manual__2025-06-11T08:13:59.453815+00:00 [queued]>
[2025-06-11T08:14:10.748+0000] {taskinstance.py:2865} INFO - Starting attempt 1 of 2
[2025-06-11T08:14:10.783+0000] {taskinstance.py:2888} INFO - Executing <Task(PythonOperator): truncate_sales_20180508> on 2025-06-11 08:13:59.453815+00:00
[2025-06-11T08:14:10.875+0000] {warnings.py:112} WARNING - /home/***/.local/lib/python3.12/site-packages/***/task/task_runner/standard_task_runner.py:70: DeprecationWarning: This process (pid=150) is multi-threaded, use of fork() may lead to deadlocks in the child.
  pid = os.fork()

[2025-06-11T08:14:10.914+0000] {standard_task_runner.py:72} INFO - Started process 179 to run task
[2025-06-11T08:14:10.909+0000] {standard_task_runner.py:104} INFO - Running: ['***', 'tasks', 'run', 'data_ingestion_to_stg', 'truncate_sales_20180508', 'manual__2025-06-11T08:13:59.453815+00:00', '--job-id', '538', '--raw', '--subdir', 'DAGS_FOLDER/data_ingestion_to_stg.py', '--cfg-path', '/tmp/tmpqkotpa9g']
[2025-06-11T08:14:10.933+0000] {standard_task_runner.py:105} INFO - Job 538: Subtask truncate_sales_20180508
[2025-06-11T08:14:11.655+0000] {task_command.py:467} INFO - Running <TaskInstance: data_ingestion_to_stg.truncate_sales_20180508 manual__2025-06-11T08:13:59.453815+00:00 [running]> on host 2d4b374c5f38
[2025-06-11T08:14:11.955+0000] {taskinstance.py:3131} INFO - Exporting env vars: AIRFLOW_CTX_DAG_OWNER='***' AIRFLOW_CTX_DAG_ID='data_ingestion_to_stg' AIRFLOW_CTX_TASK_ID='truncate_sales_20180508' AIRFLOW_CTX_EXECUTION_DATE='2025-06-11T08:13:59.453815+00:00' AIRFLOW_CTX_TRY_NUMBER='1' AIRFLOW_CTX_DAG_RUN_ID='manual__2025-06-11T08:13:59.453815+00:00'
[2025-06-11T08:14:11.961+0000] {logging_mixin.py:190} INFO - Task instance is in running state
[2025-06-11T08:14:11.963+0000] {logging_mixin.py:190} INFO -  Previous state of the Task instance: queued
[2025-06-11T08:14:11.965+0000] {logging_mixin.py:190} INFO - Current task name:truncate_sales_20180508 state:running start_date:2025-06-11 08:14:10.717105+00:00
[2025-06-11T08:14:11.971+0000] {logging_mixin.py:190} INFO - Dag name:data_ingestion_to_stg and current dag run status:running
[2025-06-11T08:14:11.972+0000] {taskinstance.py:731} INFO - ::endgroup::
[2025-06-11T08:14:12.008+0000] {base.py:84} INFO - Retrieving connection 'data_warehouse_project'
[2025-06-11T08:14:12.070+0000] {sql.py:509} INFO - Running statement: TRUNCATE TABLE stg.sales;, parameters: None
[2025-06-11T08:14:12.106+0000] {logging_mixin.py:190} INFO - [INFO] Truncated table stg.sales
[2025-06-11T08:14:12.108+0000] {python.py:240} INFO - Done. Returned value was: None
[2025-06-11T08:14:12.160+0000] {taskinstance.py:340} INFO - ::group::Post task execution logs
[2025-06-11T08:14:12.166+0000] {taskinstance.py:352} INFO - Marking task as SUCCESS. dag_id=data_ingestion_to_stg, task_id=truncate_sales_20180508, run_id=manual__2025-06-11T08:13:59.453815+00:00, execution_date=20250611T081359, start_date=20250611T081410, end_date=20250611T081412
[2025-06-11T08:14:12.204+0000] {logging_mixin.py:190} INFO - Task instance in success state
[2025-06-11T08:14:12.210+0000] {logging_mixin.py:190} INFO -  Previous state of the Task instance: running
[2025-06-11T08:14:12.211+0000] {logging_mixin.py:190} INFO - Dag name:data_ingestion_to_stg queued_at:2025-06-11 08:13:59.492750+00:00
[2025-06-11T08:14:12.211+0000] {logging_mixin.py:190} INFO - Task hostname:2d4b374c5f38 operator:PythonOperator
[2025-06-11T08:14:12.275+0000] {local_task_job_runner.py:266} INFO - Task exited with return code 0
[2025-06-11T08:14:12.332+0000] {local_task_job_runner.py:245} INFO - ::endgroup::
