[2025-06-11T05:17:01.615+0000] {local_task_job_runner.py:123} INFO - ::group::Pre task execution logs
[2025-06-11T05:17:01.686+0000] {taskinstance.py:2612} INFO - Dependencies all met for dep_context=non-requeueable deps ti=<TaskInstance: data_ingestion_to_stg.load_customers_20180508 manual__2025-06-11T05:16:36.881201+00:00 [queued]>
[2025-06-11T05:17:01.720+0000] {taskinstance.py:2612} INFO - Dependencies all met for dep_context=requeueable deps ti=<TaskInstance: data_ingestion_to_stg.load_customers_20180508 manual__2025-06-11T05:16:36.881201+00:00 [queued]>
[2025-06-11T05:17:01.731+0000] {taskinstance.py:2865} INFO - Starting attempt 1 of 2
[2025-06-11T05:17:01.800+0000] {taskinstance.py:2888} INFO - Executing <Task(PythonOperator): load_customers_20180508> on 2025-06-11 05:16:36.881201+00:00
[2025-06-11T05:17:01.834+0000] {warnings.py:112} WARNING - /home/***/.local/lib/python3.12/site-packages/***/task/task_runner/standard_task_runner.py:70: DeprecationWarning: This process (pid=282) is multi-threaded, use of fork() may lead to deadlocks in the child.
  pid = os.fork()

[2025-06-11T05:17:01.846+0000] {standard_task_runner.py:72} INFO - Started process 314 to run task
[2025-06-11T05:17:01.837+0000] {standard_task_runner.py:104} INFO - Running: ['***', 'tasks', 'run', 'data_ingestion_to_stg', 'load_customers_20180508', 'manual__2025-06-11T05:16:36.881201+00:00', '--job-id', '335', '--raw', '--subdir', 'DAGS_FOLDER/data_ingestion_to_stg.py', '--cfg-path', '/tmp/tmpalyv_ong']
[2025-06-11T05:17:01.848+0000] {standard_task_runner.py:105} INFO - Job 335: Subtask load_customers_20180508
[2025-06-11T05:17:02.082+0000] {task_command.py:467} INFO - Running <TaskInstance: data_ingestion_to_stg.load_customers_20180508 manual__2025-06-11T05:16:36.881201+00:00 [running]> on host d55d1164a4af
[2025-06-11T05:17:02.576+0000] {taskinstance.py:3131} INFO - Exporting env vars: AIRFLOW_CTX_DAG_OWNER='***' AIRFLOW_CTX_DAG_ID='data_ingestion_to_stg' AIRFLOW_CTX_TASK_ID='load_customers_20180508' AIRFLOW_CTX_EXECUTION_DATE='2025-06-11T05:16:36.881201+00:00' AIRFLOW_CTX_TRY_NUMBER='1' AIRFLOW_CTX_DAG_RUN_ID='manual__2025-06-11T05:16:36.881201+00:00'
[2025-06-11T05:17:02.587+0000] {logging_mixin.py:190} INFO - Task instance is in running state
[2025-06-11T05:17:02.595+0000] {logging_mixin.py:190} INFO -  Previous state of the Task instance: queued
[2025-06-11T05:17:02.606+0000] {logging_mixin.py:190} INFO - Current task name:load_customers_20180508 state:running start_date:2025-06-11 05:17:01.697423+00:00
[2025-06-11T05:17:02.609+0000] {logging_mixin.py:190} INFO - Dag name:data_ingestion_to_stg and current dag run status:running
[2025-06-11T05:17:02.610+0000] {taskinstance.py:731} INFO - ::endgroup::
[2025-06-11T05:17:02.613+0000] {postgres.py:191} INFO - Running copy expert: COPY stg.customers FROM STDIN WITH CSV DELIMITER ';' HEADER;, filename: /opt/***/INPUT/20180508/20180508.customers.csv
[2025-06-11T05:17:02.658+0000] {base.py:84} INFO - Retrieving connection 'data_warehouse_project'
[2025-06-11T05:17:03.882+0000] {logging_mixin.py:190} INFO - [INFO] Berhasil load 20180508.customers.csv ke stg.customers
[2025-06-11T05:17:03.882+0000] {python.py:240} INFO - Done. Returned value was: None
[2025-06-11T05:17:03.896+0000] {taskinstance.py:340} INFO - ::group::Post task execution logs
[2025-06-11T05:17:03.897+0000] {taskinstance.py:352} INFO - Marking task as SUCCESS. dag_id=data_ingestion_to_stg, task_id=load_customers_20180508, run_id=manual__2025-06-11T05:16:36.881201+00:00, execution_date=20250611T051636, start_date=20250611T051701, end_date=20250611T051703
[2025-06-11T05:17:03.915+0000] {logging_mixin.py:190} INFO - Task instance in success state
[2025-06-11T05:17:03.916+0000] {logging_mixin.py:190} INFO -  Previous state of the Task instance: running
[2025-06-11T05:17:03.917+0000] {logging_mixin.py:190} INFO - Dag name:data_ingestion_to_stg queued_at:2025-06-11 05:16:36.905700+00:00
[2025-06-11T05:17:03.917+0000] {logging_mixin.py:190} INFO - Task hostname:d55d1164a4af operator:PythonOperator
[2025-06-11T05:17:03.967+0000] {local_task_job_runner.py:266} INFO - Task exited with return code 0
[2025-06-11T05:17:04.012+0000] {taskinstance.py:3900} INFO - 0 downstream tasks scheduled from follow-on schedule check
[2025-06-11T05:17:04.015+0000] {local_task_job_runner.py:245} INFO - ::endgroup::
