[2025-06-11T09:34:54.245+0000] {local_task_job_runner.py:123} INFO - ::group::Pre task execution logs
[2025-06-11T09:34:54.334+0000] {taskinstance.py:2612} INFO - Dependencies all met for dep_context=non-requeueable deps ti=<TaskInstance: data_ingestion_to_stg.load_products_20180509 manual__2025-06-11T09:34:38.207959+00:00 [queued]>
[2025-06-11T09:34:54.356+0000] {taskinstance.py:2612} INFO - Dependencies all met for dep_context=requeueable deps ti=<TaskInstance: data_ingestion_to_stg.load_products_20180509 manual__2025-06-11T09:34:38.207959+00:00 [queued]>
[2025-06-11T09:34:54.369+0000] {taskinstance.py:2865} INFO - Starting attempt 1 of 2
[2025-06-11T09:34:54.431+0000] {taskinstance.py:2888} INFO - Executing <Task(PythonOperator): load_products_20180509> on 2025-06-11 09:34:38.207959+00:00
[2025-06-11T09:34:54.464+0000] {warnings.py:112} WARNING - /home/***/.local/lib/python3.12/site-packages/***/task/task_runner/standard_task_runner.py:70: DeprecationWarning: This process (pid=1128) is multi-threaded, use of fork() may lead to deadlocks in the child.
  pid = os.fork()

[2025-06-11T09:34:54.474+0000] {standard_task_runner.py:72} INFO - Started process 1151 to run task
[2025-06-11T09:34:54.476+0000] {standard_task_runner.py:104} INFO - Running: ['***', 'tasks', 'run', 'data_ingestion_to_stg', 'load_products_20180509', 'manual__2025-06-11T09:34:38.207959+00:00', '--job-id', '831', '--raw', '--subdir', 'DAGS_FOLDER/data_ingestion_to_stg.py', '--cfg-path', '/tmp/tmp3giv4vnf']
[2025-06-11T09:34:54.484+0000] {standard_task_runner.py:105} INFO - Job 831: Subtask load_products_20180509
[2025-06-11T09:34:54.762+0000] {task_command.py:467} INFO - Running <TaskInstance: data_ingestion_to_stg.load_products_20180509 manual__2025-06-11T09:34:38.207959+00:00 [running]> on host 50af1b76beaf
[2025-06-11T09:34:55.018+0000] {taskinstance.py:3131} INFO - Exporting env vars: AIRFLOW_CTX_DAG_OWNER='***' AIRFLOW_CTX_DAG_ID='data_ingestion_to_stg' AIRFLOW_CTX_TASK_ID='load_products_20180509' AIRFLOW_CTX_EXECUTION_DATE='2025-06-11T09:34:38.207959+00:00' AIRFLOW_CTX_TRY_NUMBER='1' AIRFLOW_CTX_DAG_RUN_ID='manual__2025-06-11T09:34:38.207959+00:00'
[2025-06-11T09:34:55.032+0000] {logging_mixin.py:190} INFO - Task instance is in running state
[2025-06-11T09:34:55.033+0000] {logging_mixin.py:190} INFO -  Previous state of the Task instance: queued
[2025-06-11T09:34:55.033+0000] {logging_mixin.py:190} INFO - Current task name:load_products_20180509 state:running start_date:2025-06-11 09:34:54.336825+00:00
[2025-06-11T09:34:55.034+0000] {logging_mixin.py:190} INFO - Dag name:data_ingestion_to_stg and current dag run status:running
[2025-06-11T09:34:55.035+0000] {taskinstance.py:731} INFO - ::endgroup::
[2025-06-11T09:34:55.084+0000] {postgres.py:191} INFO - Running copy expert: COPY stg.products FROM STDIN WITH CSV DELIMITER ';' HEADER;, filename: /tmp/tmpki3h956u
[2025-06-11T09:34:55.106+0000] {base.py:84} INFO - Retrieving connection 'data_warehouse_project'
[2025-06-11T09:34:55.240+0000] {logging_mixin.py:190} INFO - [INFO] Berhasil load 20180509.products.csv ke stg.products
[2025-06-11T09:34:55.242+0000] {python.py:240} INFO - Done. Returned value was: None
[2025-06-11T09:34:55.268+0000] {taskinstance.py:340} INFO - ::group::Post task execution logs
[2025-06-11T09:34:55.269+0000] {taskinstance.py:352} INFO - Marking task as SUCCESS. dag_id=data_ingestion_to_stg, task_id=load_products_20180509, run_id=manual__2025-06-11T09:34:38.207959+00:00, execution_date=20250611T093438, start_date=20250611T093454, end_date=20250611T093455
[2025-06-11T09:34:55.297+0000] {logging_mixin.py:190} INFO - Task instance in success state
[2025-06-11T09:34:55.305+0000] {logging_mixin.py:190} INFO -  Previous state of the Task instance: running
[2025-06-11T09:34:55.310+0000] {logging_mixin.py:190} INFO - Dag name:data_ingestion_to_stg queued_at:2025-06-11 09:34:38.253158+00:00
[2025-06-11T09:34:55.322+0000] {logging_mixin.py:190} INFO - Task hostname:50af1b76beaf operator:PythonOperator
[2025-06-11T09:34:55.353+0000] {local_task_job_runner.py:266} INFO - Task exited with return code 0
[2025-06-11T09:34:55.370+0000] {local_task_job_runner.py:245} INFO - ::endgroup::
