[2025-06-11T09:48:04.520+0000] {local_task_job_runner.py:123} INFO - ::group::Pre task execution logs
[2025-06-11T09:48:04.553+0000] {taskinstance.py:2612} INFO - Dependencies all met for dep_context=non-requeueable deps ti=<TaskInstance: etl_to_data_warehouse.truncate_categories_20180509 manual__2025-06-11T09:47:58.435646+00:00 [queued]>
[2025-06-11T09:48:04.565+0000] {taskinstance.py:2612} INFO - Dependencies all met for dep_context=requeueable deps ti=<TaskInstance: etl_to_data_warehouse.truncate_categories_20180509 manual__2025-06-11T09:47:58.435646+00:00 [queued]>
[2025-06-11T09:48:04.572+0000] {taskinstance.py:2865} INFO - Starting attempt 1 of 2
[2025-06-11T09:48:04.619+0000] {taskinstance.py:2888} INFO - Executing <Task(PythonOperator): truncate_categories_20180509> on 2025-06-11 09:47:58.435646+00:00
[2025-06-11T09:48:04.646+0000] {warnings.py:112} WARNING - /home/***/.local/lib/python3.12/site-packages/***/task/task_runner/standard_task_runner.py:70: DeprecationWarning: This process (pid=1620) is multi-threaded, use of fork() may lead to deadlocks in the child.
  pid = os.fork()

[2025-06-11T09:48:04.650+0000] {standard_task_runner.py:72} INFO - Started process 1658 to run task
[2025-06-11T09:48:04.661+0000] {standard_task_runner.py:104} INFO - Running: ['***', 'tasks', 'run', 'etl_to_data_warehouse', 'truncate_categories_20180509', 'manual__2025-06-11T09:47:58.435646+00:00', '--job-id', '915', '--raw', '--subdir', 'DAGS_FOLDER/etl_to_data_warehouse.py', '--cfg-path', '/tmp/tmph1bgztoj']
[2025-06-11T09:48:04.663+0000] {standard_task_runner.py:105} INFO - Job 915: Subtask truncate_categories_20180509
[2025-06-11T09:48:04.922+0000] {task_command.py:467} INFO - Running <TaskInstance: etl_to_data_warehouse.truncate_categories_20180509 manual__2025-06-11T09:47:58.435646+00:00 [running]> on host 50af1b76beaf
[2025-06-11T09:48:05.376+0000] {taskinstance.py:3131} INFO - Exporting env vars: AIRFLOW_CTX_DAG_OWNER='***' AIRFLOW_CTX_DAG_ID='etl_to_data_warehouse' AIRFLOW_CTX_TASK_ID='truncate_categories_20180509' AIRFLOW_CTX_EXECUTION_DATE='2025-06-11T09:47:58.435646+00:00' AIRFLOW_CTX_TRY_NUMBER='1' AIRFLOW_CTX_DAG_RUN_ID='manual__2025-06-11T09:47:58.435646+00:00'
[2025-06-11T09:48:05.380+0000] {logging_mixin.py:190} INFO - Task instance is in running state
[2025-06-11T09:48:05.384+0000] {logging_mixin.py:190} INFO -  Previous state of the Task instance: queued
[2025-06-11T09:48:05.385+0000] {logging_mixin.py:190} INFO - Current task name:truncate_categories_20180509 state:running start_date:2025-06-11 09:48:04.554526+00:00
[2025-06-11T09:48:05.388+0000] {logging_mixin.py:190} INFO - Dag name:etl_to_data_warehouse and current dag run status:running
[2025-06-11T09:48:05.389+0000] {taskinstance.py:731} INFO - ::endgroup::
[2025-06-11T09:48:05.430+0000] {base.py:84} INFO - Retrieving connection 'data_warehouse_project'
[2025-06-11T09:48:05.520+0000] {sql.py:509} INFO - Running statement: TRUNCATE TABLE stg.categories;, parameters: None
[2025-06-11T09:48:05.554+0000] {logging_mixin.py:190} INFO - [INFO] Truncated table stg.categories
[2025-06-11T09:48:05.556+0000] {python.py:240} INFO - Done. Returned value was: None
[2025-06-11T09:48:05.580+0000] {taskinstance.py:340} INFO - ::group::Post task execution logs
[2025-06-11T09:48:05.581+0000] {taskinstance.py:352} INFO - Marking task as SUCCESS. dag_id=etl_to_data_warehouse, task_id=truncate_categories_20180509, run_id=manual__2025-06-11T09:47:58.435646+00:00, execution_date=20250611T094758, start_date=20250611T094804, end_date=20250611T094805
[2025-06-11T09:48:05.598+0000] {logging_mixin.py:190} INFO - Task instance in success state
[2025-06-11T09:48:05.602+0000] {logging_mixin.py:190} INFO -  Previous state of the Task instance: running
[2025-06-11T09:48:05.603+0000] {logging_mixin.py:190} INFO - Dag name:etl_to_data_warehouse queued_at:2025-06-11 09:47:58.494987+00:00
[2025-06-11T09:48:05.604+0000] {logging_mixin.py:190} INFO - Task hostname:50af1b76beaf operator:PythonOperator
[2025-06-11T09:48:05.639+0000] {local_task_job_runner.py:266} INFO - Task exited with return code 0
[2025-06-11T09:48:05.700+0000] {local_task_job_runner.py:245} INFO - ::endgroup::
