[2025-06-11T09:42:14.246+0000] {local_task_job_runner.py:123} INFO - ::group::Pre task execution logs
[2025-06-11T09:42:14.310+0000] {taskinstance.py:2612} INFO - Dependencies all met for dep_context=non-requeueable deps ti=<TaskInstance: data_ingestion_to_stg.load_employee_20180509 manual__2025-06-11T09:41:58.682100+00:00 [queued]>
[2025-06-11T09:42:14.348+0000] {taskinstance.py:2612} INFO - Dependencies all met for dep_context=requeueable deps ti=<TaskInstance: data_ingestion_to_stg.load_employee_20180509 manual__2025-06-11T09:41:58.682100+00:00 [queued]>
[2025-06-11T09:42:14.350+0000] {taskinstance.py:2865} INFO - Starting attempt 1 of 2
[2025-06-11T09:42:14.391+0000] {taskinstance.py:2888} INFO - Executing <Task(PythonOperator): load_employee_20180509> on 2025-06-11 09:41:58.682100+00:00
[2025-06-11T09:42:14.439+0000] {warnings.py:112} WARNING - /home/***/.local/lib/python3.12/site-packages/***/task/task_runner/standard_task_runner.py:70: DeprecationWarning: This process (pid=1343) is multi-threaded, use of fork() may lead to deadlocks in the child.
  pid = os.fork()

[2025-06-11T09:42:14.442+0000] {standard_task_runner.py:72} INFO - Started process 1377 to run task
[2025-06-11T09:42:14.451+0000] {standard_task_runner.py:104} INFO - Running: ['***', 'tasks', 'run', 'data_ingestion_to_stg', 'load_employee_20180509', 'manual__2025-06-11T09:41:58.682100+00:00', '--job-id', '861', '--raw', '--subdir', 'DAGS_FOLDER/data_ingestion_to_stg.py', '--cfg-path', '/tmp/tmpxw0vc75s']
[2025-06-11T09:42:14.460+0000] {standard_task_runner.py:105} INFO - Job 861: Subtask load_employee_20180509
[2025-06-11T09:42:14.688+0000] {task_command.py:467} INFO - Running <TaskInstance: data_ingestion_to_stg.load_employee_20180509 manual__2025-06-11T09:41:58.682100+00:00 [running]> on host 50af1b76beaf
[2025-06-11T09:42:15.130+0000] {taskinstance.py:3131} INFO - Exporting env vars: AIRFLOW_CTX_DAG_OWNER='***' AIRFLOW_CTX_DAG_ID='data_ingestion_to_stg' AIRFLOW_CTX_TASK_ID='load_employee_20180509' AIRFLOW_CTX_EXECUTION_DATE='2025-06-11T09:41:58.682100+00:00' AIRFLOW_CTX_TRY_NUMBER='1' AIRFLOW_CTX_DAG_RUN_ID='manual__2025-06-11T09:41:58.682100+00:00'
[2025-06-11T09:42:15.136+0000] {logging_mixin.py:190} INFO - Task instance is in running state
[2025-06-11T09:42:15.138+0000] {logging_mixin.py:190} INFO -  Previous state of the Task instance: queued
[2025-06-11T09:42:15.140+0000] {logging_mixin.py:190} INFO - Current task name:load_employee_20180509 state:running start_date:2025-06-11 09:42:14.313583+00:00
[2025-06-11T09:42:15.141+0000] {logging_mixin.py:190} INFO - Dag name:data_ingestion_to_stg and current dag run status:running
[2025-06-11T09:42:15.146+0000] {taskinstance.py:731} INFO - ::endgroup::
[2025-06-11T09:42:15.161+0000] {postgres.py:191} INFO - Running copy expert: COPY stg.employee FROM STDIN WITH CSV DELIMITER ';' HEADER;, filename: /opt/***/INPUT/20180509/20180509.employes.csv
[2025-06-11T09:42:15.213+0000] {base.py:84} INFO - Retrieving connection 'data_warehouse_project'
[2025-06-11T09:42:15.373+0000] {logging_mixin.py:190} INFO - [INFO] Berhasil load 20180509.employes.csv ke stg.employee
[2025-06-11T09:42:15.375+0000] {python.py:240} INFO - Done. Returned value was: None
[2025-06-11T09:42:15.438+0000] {taskinstance.py:340} INFO - ::group::Post task execution logs
[2025-06-11T09:42:15.441+0000] {taskinstance.py:352} INFO - Marking task as SUCCESS. dag_id=data_ingestion_to_stg, task_id=load_employee_20180509, run_id=manual__2025-06-11T09:41:58.682100+00:00, execution_date=20250611T094158, start_date=20250611T094214, end_date=20250611T094215
[2025-06-11T09:42:15.523+0000] {logging_mixin.py:190} INFO - Task instance in success state
[2025-06-11T09:42:15.542+0000] {logging_mixin.py:190} INFO -  Previous state of the Task instance: running
[2025-06-11T09:42:15.543+0000] {logging_mixin.py:190} INFO - Dag name:data_ingestion_to_stg queued_at:2025-06-11 09:41:58.731560+00:00
[2025-06-11T09:42:15.544+0000] {logging_mixin.py:190} INFO - Task hostname:50af1b76beaf operator:PythonOperator
[2025-06-11T09:42:15.606+0000] {local_task_job_runner.py:266} INFO - Task exited with return code 0
[2025-06-11T09:42:15.638+0000] {local_task_job_runner.py:245} INFO - ::endgroup::
