[2025-06-11T09:14:29.785+0000] {local_task_job_runner.py:123} INFO - ::group::Pre task execution logs
[2025-06-11T09:14:29.823+0000] {taskinstance.py:2612} INFO - Dependencies all met for dep_context=non-requeueable deps ti=<TaskInstance: data_ingestion_to_stg.load_cities_20180509 manual__2025-06-11T09:14:10.182020+00:00 [queued]>
[2025-06-11T09:14:29.875+0000] {taskinstance.py:2612} INFO - Dependencies all met for dep_context=requeueable deps ti=<TaskInstance: data_ingestion_to_stg.load_cities_20180509 manual__2025-06-11T09:14:10.182020+00:00 [queued]>
[2025-06-11T09:14:29.879+0000] {taskinstance.py:2865} INFO - Starting attempt 1 of 2
[2025-06-11T09:14:29.906+0000] {taskinstance.py:2888} INFO - Executing <Task(PythonOperator): load_cities_20180509> on 2025-06-11 09:14:10.182020+00:00
[2025-06-11T09:14:29.923+0000] {warnings.py:112} WARNING - /home/***/.local/lib/python3.12/site-packages/***/task/task_runner/standard_task_runner.py:70: DeprecationWarning: This process (pid=595) is multi-threaded, use of fork() may lead to deadlocks in the child.
  pid = os.fork()

[2025-06-11T09:14:29.927+0000] {standard_task_runner.py:72} INFO - Started process 624 to run task
[2025-06-11T09:14:29.945+0000] {standard_task_runner.py:104} INFO - Running: ['***', 'tasks', 'run', 'data_ingestion_to_stg', 'load_cities_20180509', 'manual__2025-06-11T09:14:10.182020+00:00', '--job-id', '764', '--raw', '--subdir', 'DAGS_FOLDER/data_ingestion_to_stg.py', '--cfg-path', '/tmp/tmpsaxa8753']
[2025-06-11T09:14:29.947+0000] {standard_task_runner.py:105} INFO - Job 764: Subtask load_cities_20180509
[2025-06-11T09:14:30.101+0000] {task_command.py:467} INFO - Running <TaskInstance: data_ingestion_to_stg.load_cities_20180509 manual__2025-06-11T09:14:10.182020+00:00 [running]> on host 50af1b76beaf
[2025-06-11T09:14:30.355+0000] {taskinstance.py:3131} INFO - Exporting env vars: AIRFLOW_CTX_DAG_OWNER='***' AIRFLOW_CTX_DAG_ID='data_ingestion_to_stg' AIRFLOW_CTX_TASK_ID='load_cities_20180509' AIRFLOW_CTX_EXECUTION_DATE='2025-06-11T09:14:10.182020+00:00' AIRFLOW_CTX_TRY_NUMBER='1' AIRFLOW_CTX_DAG_RUN_ID='manual__2025-06-11T09:14:10.182020+00:00'
[2025-06-11T09:14:30.374+0000] {logging_mixin.py:190} INFO - Task instance is in running state
[2025-06-11T09:14:30.377+0000] {logging_mixin.py:190} INFO -  Previous state of the Task instance: queued
[2025-06-11T09:14:30.378+0000] {logging_mixin.py:190} INFO - Current task name:load_cities_20180509 state:running start_date:2025-06-11 09:14:29.826194+00:00
[2025-06-11T09:14:30.379+0000] {logging_mixin.py:190} INFO - Dag name:data_ingestion_to_stg and current dag run status:running
[2025-06-11T09:14:30.380+0000] {taskinstance.py:731} INFO - ::endgroup::
[2025-06-11T09:14:30.397+0000] {postgres.py:191} INFO - Running copy expert: COPY stg.cities FROM STDIN WITH CSV DELIMITER ';' HEADER;, filename: /opt/***/INPUT/20180509/20180509.cities.csv
[2025-06-11T09:14:30.472+0000] {base.py:84} INFO - Retrieving connection 'data_warehouse_project'
[2025-06-11T09:14:30.582+0000] {logging_mixin.py:190} INFO - [INFO] Berhasil load 20180509.cities.csv ke stg.cities
[2025-06-11T09:14:30.585+0000] {python.py:240} INFO - Done. Returned value was: None
[2025-06-11T09:14:30.617+0000] {taskinstance.py:340} INFO - ::group::Post task execution logs
[2025-06-11T09:14:30.619+0000] {taskinstance.py:352} INFO - Marking task as SUCCESS. dag_id=data_ingestion_to_stg, task_id=load_cities_20180509, run_id=manual__2025-06-11T09:14:10.182020+00:00, execution_date=20250611T091410, start_date=20250611T091429, end_date=20250611T091430
[2025-06-11T09:14:30.710+0000] {logging_mixin.py:190} INFO - Task instance in success state
[2025-06-11T09:14:30.712+0000] {logging_mixin.py:190} INFO -  Previous state of the Task instance: running
[2025-06-11T09:14:30.712+0000] {logging_mixin.py:190} INFO - Dag name:data_ingestion_to_stg queued_at:2025-06-11 09:14:10.199485+00:00
[2025-06-11T09:14:30.715+0000] {logging_mixin.py:190} INFO - Task hostname:50af1b76beaf operator:PythonOperator
[2025-06-11T09:14:30.795+0000] {local_task_job_runner.py:266} INFO - Task exited with return code 0
[2025-06-11T09:14:30.850+0000] {local_task_job_runner.py:245} INFO - ::endgroup::
