[2025-06-11T05:38:33.429+0000] {local_task_job_runner.py:123} INFO - ::group::Pre task execution logs
[2025-06-11T05:38:33.492+0000] {taskinstance.py:2612} INFO - Dependencies all met for dep_context=non-requeueable deps ti=<TaskInstance: data_ingestion_to_stg.load_products_20180508 manual__2025-06-11T05:38:19.104169+00:00 [queued]>
[2025-06-11T05:38:33.523+0000] {taskinstance.py:2612} INFO - Dependencies all met for dep_context=requeueable deps ti=<TaskInstance: data_ingestion_to_stg.load_products_20180508 manual__2025-06-11T05:38:19.104169+00:00 [queued]>
[2025-06-11T05:38:33.525+0000] {taskinstance.py:2865} INFO - Starting attempt 1 of 2
[2025-06-11T05:38:33.570+0000] {taskinstance.py:2888} INFO - Executing <Task(PythonOperator): load_products_20180508> on 2025-06-11 05:38:19.104169+00:00
[2025-06-11T05:38:33.597+0000] {warnings.py:112} WARNING - /home/***/.local/lib/python3.12/site-packages/***/task/task_runner/standard_task_runner.py:70: DeprecationWarning: This process (pid=468) is multi-threaded, use of fork() may lead to deadlocks in the child.
  pid = os.fork()

[2025-06-11T05:38:33.613+0000] {standard_task_runner.py:72} INFO - Started process 502 to run task
[2025-06-11T05:38:33.602+0000] {standard_task_runner.py:104} INFO - Running: ['***', 'tasks', 'run', 'data_ingestion_to_stg', 'load_products_20180508', 'manual__2025-06-11T05:38:19.104169+00:00', '--job-id', '407', '--raw', '--subdir', 'DAGS_FOLDER/data_ingestion_to_stg.py', '--cfg-path', '/tmp/tmp2_24y_73']
[2025-06-11T05:38:33.630+0000] {standard_task_runner.py:105} INFO - Job 407: Subtask load_products_20180508
[2025-06-11T05:38:33.833+0000] {task_command.py:467} INFO - Running <TaskInstance: data_ingestion_to_stg.load_products_20180508 manual__2025-06-11T05:38:19.104169+00:00 [running]> on host 70fc91f07add
[2025-06-11T05:38:34.057+0000] {taskinstance.py:3131} INFO - Exporting env vars: AIRFLOW_CTX_DAG_OWNER='***' AIRFLOW_CTX_DAG_ID='data_ingestion_to_stg' AIRFLOW_CTX_TASK_ID='load_products_20180508' AIRFLOW_CTX_EXECUTION_DATE='2025-06-11T05:38:19.104169+00:00' AIRFLOW_CTX_TRY_NUMBER='1' AIRFLOW_CTX_DAG_RUN_ID='manual__2025-06-11T05:38:19.104169+00:00'
[2025-06-11T05:38:34.062+0000] {logging_mixin.py:190} INFO - Task instance is in running state
[2025-06-11T05:38:34.063+0000] {logging_mixin.py:190} INFO -  Previous state of the Task instance: queued
[2025-06-11T05:38:34.064+0000] {logging_mixin.py:190} INFO - Current task name:load_products_20180508 state:running start_date:2025-06-11 05:38:33.502106+00:00
[2025-06-11T05:38:34.065+0000] {logging_mixin.py:190} INFO - Dag name:data_ingestion_to_stg and current dag run status:running
[2025-06-11T05:38:34.067+0000] {taskinstance.py:731} INFO - ::endgroup::
[2025-06-11T05:38:34.079+0000] {postgres.py:191} INFO - Running copy expert: COPY stg.products FROM STDIN WITH CSV DELIMITER ';' HEADER;, filename: /tmp/tmpqf8q4se6
[2025-06-11T05:38:34.113+0000] {base.py:84} INFO - Retrieving connection 'data_warehouse_project'
[2025-06-11T05:38:34.230+0000] {logging_mixin.py:190} INFO - [INFO] Berhasil load 20180508.products.csv ke stg.products
[2025-06-11T05:38:34.242+0000] {python.py:240} INFO - Done. Returned value was: None
[2025-06-11T05:38:34.259+0000] {taskinstance.py:340} INFO - ::group::Post task execution logs
[2025-06-11T05:38:34.260+0000] {taskinstance.py:352} INFO - Marking task as SUCCESS. dag_id=data_ingestion_to_stg, task_id=load_products_20180508, run_id=manual__2025-06-11T05:38:19.104169+00:00, execution_date=20250611T053819, start_date=20250611T053833, end_date=20250611T053834
[2025-06-11T05:38:34.279+0000] {logging_mixin.py:190} INFO - Task instance in success state
[2025-06-11T05:38:34.282+0000] {logging_mixin.py:190} INFO -  Previous state of the Task instance: running
[2025-06-11T05:38:34.284+0000] {logging_mixin.py:190} INFO - Dag name:data_ingestion_to_stg queued_at:2025-06-11 05:38:19.155859+00:00
[2025-06-11T05:38:34.291+0000] {logging_mixin.py:190} INFO - Task hostname:70fc91f07add operator:PythonOperator
[2025-06-11T05:38:34.336+0000] {local_task_job_runner.py:266} INFO - Task exited with return code 0
[2025-06-11T05:38:34.388+0000] {taskinstance.py:3900} INFO - 0 downstream tasks scheduled from follow-on schedule check
[2025-06-11T05:38:34.401+0000] {local_task_job_runner.py:245} INFO - ::endgroup::
