[2025-06-11T08:29:06.695+0000] {local_task_job_runner.py:123} INFO - ::group::Pre task execution logs
[2025-06-11T08:29:06.747+0000] {taskinstance.py:2612} INFO - Dependencies all met for dep_context=non-requeueable deps ti=<TaskInstance: data_ingestion_to_stg.truncate_countries_20180509 manual__2025-06-11T08:28:59.274946+00:00 [queued]>
[2025-06-11T08:29:06.780+0000] {taskinstance.py:2612} INFO - Dependencies all met for dep_context=requeueable deps ti=<TaskInstance: data_ingestion_to_stg.truncate_countries_20180509 manual__2025-06-11T08:28:59.274946+00:00 [queued]>
[2025-06-11T08:29:06.781+0000] {taskinstance.py:2865} INFO - Starting attempt 1 of 2
[2025-06-11T08:29:06.841+0000] {taskinstance.py:2888} INFO - Executing <Task(PythonOperator): truncate_countries_20180509> on 2025-06-11 08:28:59.274946+00:00
[2025-06-11T08:29:06.880+0000] {warnings.py:112} WARNING - /home/***/.local/lib/python3.12/site-packages/***/task/task_runner/standard_task_runner.py:70: DeprecationWarning: This process (pid=459) is multi-threaded, use of fork() may lead to deadlocks in the child.
  pid = os.fork()

[2025-06-11T08:29:06.884+0000] {standard_task_runner.py:72} INFO - Started process 488 to run task
[2025-06-11T08:29:06.883+0000] {standard_task_runner.py:104} INFO - Running: ['***', 'tasks', 'run', 'data_ingestion_to_stg', 'truncate_countries_20180509', 'manual__2025-06-11T08:28:59.274946+00:00', '--job-id', '645', '--raw', '--subdir', 'DAGS_FOLDER/data_ingestion_to_stg.py', '--cfg-path', '/tmp/tmpbqr0s5v7']
[2025-06-11T08:29:06.890+0000] {standard_task_runner.py:105} INFO - Job 645: Subtask truncate_countries_20180509
[2025-06-11T08:29:07.030+0000] {task_command.py:467} INFO - Running <TaskInstance: data_ingestion_to_stg.truncate_countries_20180509 manual__2025-06-11T08:28:59.274946+00:00 [running]> on host 8b2e3fa0123b
[2025-06-11T08:29:07.597+0000] {taskinstance.py:3131} INFO - Exporting env vars: AIRFLOW_CTX_DAG_OWNER='***' AIRFLOW_CTX_DAG_ID='data_ingestion_to_stg' AIRFLOW_CTX_TASK_ID='truncate_countries_20180509' AIRFLOW_CTX_EXECUTION_DATE='2025-06-11T08:28:59.274946+00:00' AIRFLOW_CTX_TRY_NUMBER='1' AIRFLOW_CTX_DAG_RUN_ID='manual__2025-06-11T08:28:59.274946+00:00'
[2025-06-11T08:29:07.644+0000] {logging_mixin.py:190} INFO - Task instance is in running state
[2025-06-11T08:29:07.646+0000] {logging_mixin.py:190} INFO -  Previous state of the Task instance: queued
[2025-06-11T08:29:07.647+0000] {logging_mixin.py:190} INFO - Current task name:truncate_countries_20180509 state:running start_date:2025-06-11 08:29:06.753985+00:00
[2025-06-11T08:29:07.650+0000] {logging_mixin.py:190} INFO - Dag name:data_ingestion_to_stg and current dag run status:running
[2025-06-11T08:29:07.664+0000] {taskinstance.py:731} INFO - ::endgroup::
[2025-06-11T08:29:07.705+0000] {base.py:84} INFO - Retrieving connection 'data_warehouse_project'
[2025-06-11T08:29:07.838+0000] {sql.py:509} INFO - Running statement: TRUNCATE TABLE stg.countries;, parameters: None
[2025-06-11T08:29:07.892+0000] {logging_mixin.py:190} INFO - [INFO] Truncated table stg.countries
[2025-06-11T08:29:07.905+0000] {python.py:240} INFO - Done. Returned value was: None
[2025-06-11T08:29:07.976+0000] {taskinstance.py:340} INFO - ::group::Post task execution logs
[2025-06-11T08:29:07.988+0000] {taskinstance.py:352} INFO - Marking task as SUCCESS. dag_id=data_ingestion_to_stg, task_id=truncate_countries_20180509, run_id=manual__2025-06-11T08:28:59.274946+00:00, execution_date=20250611T082859, start_date=20250611T082906, end_date=20250611T082907
[2025-06-11T08:29:08.055+0000] {logging_mixin.py:190} INFO - Task instance in success state
[2025-06-11T08:29:08.065+0000] {logging_mixin.py:190} INFO -  Previous state of the Task instance: running
[2025-06-11T08:29:08.071+0000] {logging_mixin.py:190} INFO - Dag name:data_ingestion_to_stg queued_at:2025-06-11 08:28:59.295920+00:00
[2025-06-11T08:29:08.074+0000] {logging_mixin.py:190} INFO - Task hostname:8b2e3fa0123b operator:PythonOperator
[2025-06-11T08:29:08.154+0000] {local_task_job_runner.py:266} INFO - Task exited with return code 0
[2025-06-11T08:29:08.181+0000] {local_task_job_runner.py:245} INFO - ::endgroup::
