[2025-06-11T08:24:19.117+0000] {local_task_job_runner.py:123} INFO - ::group::Pre task execution logs
[2025-06-11T08:24:19.218+0000] {taskinstance.py:2612} INFO - Dependencies all met for dep_context=non-requeueable deps ti=<TaskInstance: data_ingestion_to_stg.truncate_cities_20180509 manual__2025-06-11T08:24:11.898190+00:00 [queued]>
[2025-06-11T08:24:19.291+0000] {taskinstance.py:2612} INFO - Dependencies all met for dep_context=requeueable deps ti=<TaskInstance: data_ingestion_to_stg.truncate_cities_20180509 manual__2025-06-11T08:24:11.898190+00:00 [queued]>
[2025-06-11T08:24:19.292+0000] {taskinstance.py:2865} INFO - Starting attempt 1 of 2
[2025-06-11T08:24:19.386+0000] {taskinstance.py:2888} INFO - Executing <Task(PythonOperator): truncate_cities_20180509> on 2025-06-11 08:24:11.898190+00:00
[2025-06-11T08:24:19.420+0000] {warnings.py:112} WARNING - /home/***/.local/lib/python3.12/site-packages/***/task/task_runner/standard_task_runner.py:70: DeprecationWarning: This process (pid=269) is multi-threaded, use of fork() may lead to deadlocks in the child.
  pid = os.fork()

[2025-06-11T08:24:19.429+0000] {standard_task_runner.py:72} INFO - Started process 313 to run task
[2025-06-11T08:24:19.441+0000] {standard_task_runner.py:104} INFO - Running: ['***', 'tasks', 'run', 'data_ingestion_to_stg', 'truncate_cities_20180509', 'manual__2025-06-11T08:24:11.898190+00:00', '--job-id', '614', '--raw', '--subdir', 'DAGS_FOLDER/data_ingestion_to_stg.py', '--cfg-path', '/tmp/tmpntw9vabm']
[2025-06-11T08:24:19.458+0000] {standard_task_runner.py:105} INFO - Job 614: Subtask truncate_cities_20180509
[2025-06-11T08:24:19.725+0000] {task_command.py:467} INFO - Running <TaskInstance: data_ingestion_to_stg.truncate_cities_20180509 manual__2025-06-11T08:24:11.898190+00:00 [running]> on host 8b2e3fa0123b
[2025-06-11T08:24:20.131+0000] {taskinstance.py:3131} INFO - Exporting env vars: AIRFLOW_CTX_DAG_OWNER='***' AIRFLOW_CTX_DAG_ID='data_ingestion_to_stg' AIRFLOW_CTX_TASK_ID='truncate_cities_20180509' AIRFLOW_CTX_EXECUTION_DATE='2025-06-11T08:24:11.898190+00:00' AIRFLOW_CTX_TRY_NUMBER='1' AIRFLOW_CTX_DAG_RUN_ID='manual__2025-06-11T08:24:11.898190+00:00'
[2025-06-11T08:24:20.138+0000] {logging_mixin.py:190} INFO - Task instance is in running state
[2025-06-11T08:24:20.139+0000] {logging_mixin.py:190} INFO -  Previous state of the Task instance: queued
[2025-06-11T08:24:20.139+0000] {logging_mixin.py:190} INFO - Current task name:truncate_cities_20180509 state:running start_date:2025-06-11 08:24:19.219436+00:00
[2025-06-11T08:24:20.140+0000] {logging_mixin.py:190} INFO - Dag name:data_ingestion_to_stg and current dag run status:running
[2025-06-11T08:24:20.140+0000] {taskinstance.py:731} INFO - ::endgroup::
[2025-06-11T08:24:20.201+0000] {base.py:84} INFO - Retrieving connection 'data_warehouse_project'
[2025-06-11T08:24:20.325+0000] {sql.py:509} INFO - Running statement: TRUNCATE TABLE stg.cities;, parameters: None
[2025-06-11T08:24:20.341+0000] {logging_mixin.py:190} INFO - [INFO] Truncated table stg.cities
[2025-06-11T08:24:20.343+0000] {python.py:240} INFO - Done. Returned value was: None
[2025-06-11T08:24:20.372+0000] {taskinstance.py:340} INFO - ::group::Post task execution logs
[2025-06-11T08:24:20.376+0000] {taskinstance.py:352} INFO - Marking task as SUCCESS. dag_id=data_ingestion_to_stg, task_id=truncate_cities_20180509, run_id=manual__2025-06-11T08:24:11.898190+00:00, execution_date=20250611T082411, start_date=20250611T082419, end_date=20250611T082420
[2025-06-11T08:24:20.421+0000] {logging_mixin.py:190} INFO - Task instance in success state
[2025-06-11T08:24:20.425+0000] {logging_mixin.py:190} INFO -  Previous state of the Task instance: running
[2025-06-11T08:24:20.427+0000] {logging_mixin.py:190} INFO - Dag name:data_ingestion_to_stg queued_at:2025-06-11 08:24:11.908285+00:00
[2025-06-11T08:24:20.428+0000] {logging_mixin.py:190} INFO - Task hostname:8b2e3fa0123b operator:PythonOperator
[2025-06-11T08:24:20.482+0000] {local_task_job_runner.py:266} INFO - Task exited with return code 0
[2025-06-11T08:24:20.505+0000] {local_task_job_runner.py:245} INFO - ::endgroup::
