[2025-06-11T04:17:48.051+0000] {local_task_job_runner.py:123} INFO - ::group::Pre task execution logs
[2025-06-11T04:17:48.106+0000] {taskinstance.py:2612} INFO - Dependencies all met for dep_context=non-requeueable deps ti=<TaskInstance: data_ingestion_to_stg.truncate_employee_20180509 manual__2025-06-11T04:17:42.293472+00:00 [queued]>
[2025-06-11T04:17:48.137+0000] {taskinstance.py:2612} INFO - Dependencies all met for dep_context=requeueable deps ti=<TaskInstance: data_ingestion_to_stg.truncate_employee_20180509 manual__2025-06-11T04:17:42.293472+00:00 [queued]>
[2025-06-11T04:17:48.144+0000] {taskinstance.py:2865} INFO - Starting attempt 1 of 2
[2025-06-11T04:17:48.188+0000] {taskinstance.py:2888} INFO - Executing <Task(PythonOperator): truncate_employee_20180509> on 2025-06-11 04:17:42.293472+00:00
[2025-06-11T04:17:48.214+0000] {standard_task_runner.py:104} INFO - Running: ['***', 'tasks', 'run', 'data_ingestion_to_stg', 'truncate_employee_20180509', 'manual__2025-06-11T04:17:42.293472+00:00', '--job-id', '227', '--raw', '--subdir', 'DAGS_FOLDER/data_ingestion_to_stg.py', '--cfg-path', '/tmp/tmpl1qb5lq9']
[2025-06-11T04:17:48.208+0000] {warnings.py:112} WARNING - /home/***/.local/lib/python3.12/site-packages/***/task/task_runner/standard_task_runner.py:70: DeprecationWarning: This process (pid=781) is multi-threaded, use of fork() may lead to deadlocks in the child.
  pid = os.fork()

[2025-06-11T04:17:48.230+0000] {standard_task_runner.py:72} INFO - Started process 803 to run task
[2025-06-11T04:17:48.230+0000] {standard_task_runner.py:105} INFO - Job 227: Subtask truncate_employee_20180509
[2025-06-11T04:17:48.479+0000] {task_command.py:467} INFO - Running <TaskInstance: data_ingestion_to_stg.truncate_employee_20180509 manual__2025-06-11T04:17:42.293472+00:00 [running]> on host bc5ec7a98490
[2025-06-11T04:17:49.115+0000] {taskinstance.py:3131} INFO - Exporting env vars: AIRFLOW_CTX_DAG_OWNER='***' AIRFLOW_CTX_DAG_ID='data_ingestion_to_stg' AIRFLOW_CTX_TASK_ID='truncate_employee_20180509' AIRFLOW_CTX_EXECUTION_DATE='2025-06-11T04:17:42.293472+00:00' AIRFLOW_CTX_TRY_NUMBER='1' AIRFLOW_CTX_DAG_RUN_ID='manual__2025-06-11T04:17:42.293472+00:00'
[2025-06-11T04:17:49.121+0000] {logging_mixin.py:190} INFO - Task instance is in running state
[2025-06-11T04:17:49.132+0000] {logging_mixin.py:190} INFO -  Previous state of the Task instance: queued
[2025-06-11T04:17:49.133+0000] {logging_mixin.py:190} INFO - Current task name:truncate_employee_20180509 state:running start_date:2025-06-11 04:17:48.110043+00:00
[2025-06-11T04:17:49.133+0000] {logging_mixin.py:190} INFO - Dag name:data_ingestion_to_stg and current dag run status:running
[2025-06-11T04:17:49.134+0000] {taskinstance.py:731} INFO - ::endgroup::
[2025-06-11T04:17:49.223+0000] {base.py:84} INFO - Retrieving connection 'data_warehouse_project'
[2025-06-11T04:17:49.302+0000] {sql.py:509} INFO - Running statement: TRUNCATE TABLE stg.employee;, parameters: None
[2025-06-11T04:17:49.337+0000] {logging_mixin.py:190} INFO - [INFO] Table stg.employee truncated.
[2025-06-11T04:17:49.338+0000] {python.py:240} INFO - Done. Returned value was: None
[2025-06-11T04:17:49.365+0000] {taskinstance.py:340} INFO - ::group::Post task execution logs
[2025-06-11T04:17:49.366+0000] {taskinstance.py:352} INFO - Marking task as SUCCESS. dag_id=data_ingestion_to_stg, task_id=truncate_employee_20180509, run_id=manual__2025-06-11T04:17:42.293472+00:00, execution_date=20250611T041742, start_date=20250611T041748, end_date=20250611T041749
[2025-06-11T04:17:49.509+0000] {logging_mixin.py:190} INFO - Task instance in success state
[2025-06-11T04:17:49.509+0000] {logging_mixin.py:190} INFO -  Previous state of the Task instance: running
[2025-06-11T04:17:49.510+0000] {logging_mixin.py:190} INFO - Dag name:data_ingestion_to_stg queued_at:2025-06-11 04:17:42.322226+00:00
[2025-06-11T04:17:49.514+0000] {logging_mixin.py:190} INFO - Task hostname:bc5ec7a98490 operator:PythonOperator
[2025-06-11T04:17:49.601+0000] {local_task_job_runner.py:266} INFO - Task exited with return code 0
[2025-06-11T04:17:49.646+0000] {local_task_job_runner.py:245} INFO - ::endgroup::
