[2025-06-11T08:20:51.593+0000] {local_task_job_runner.py:123} INFO - ::group::Pre task execution logs
[2025-06-11T08:20:51.653+0000] {taskinstance.py:2612} INFO - Dependencies all met for dep_context=non-requeueable deps ti=<TaskInstance: data_ingestion_to_stg.truncate_customers_20180509 manual__2025-06-11T08:20:42.401194+00:00 [queued]>
[2025-06-11T08:20:51.755+0000] {taskinstance.py:2612} INFO - Dependencies all met for dep_context=requeueable deps ti=<TaskInstance: data_ingestion_to_stg.truncate_customers_20180509 manual__2025-06-11T08:20:42.401194+00:00 [queued]>
[2025-06-11T08:20:51.756+0000] {taskinstance.py:2865} INFO - Starting attempt 1 of 2
[2025-06-11T08:20:51.819+0000] {taskinstance.py:2888} INFO - Executing <Task(PythonOperator): truncate_customers_20180509> on 2025-06-11 08:20:42.401194+00:00
[2025-06-11T08:20:51.887+0000] {standard_task_runner.py:104} INFO - Running: ['***', 'tasks', 'run', 'data_ingestion_to_stg', 'truncate_customers_20180509', 'manual__2025-06-11T08:20:42.401194+00:00', '--job-id', '581', '--raw', '--subdir', 'DAGS_FOLDER/data_ingestion_to_stg.py', '--cfg-path', '/tmp/tmpapi2b0km']
[2025-06-11T08:20:51.893+0000] {standard_task_runner.py:105} INFO - Job 581: Subtask truncate_customers_20180509
[2025-06-11T08:20:51.894+0000] {warnings.py:112} WARNING - /home/***/.local/lib/python3.12/site-packages/***/task/task_runner/standard_task_runner.py:70: DeprecationWarning: This process (pid=101) is multi-threaded, use of fork() may lead to deadlocks in the child.
  pid = os.fork()

[2025-06-11T08:20:51.898+0000] {standard_task_runner.py:72} INFO - Started process 133 to run task
[2025-06-11T08:20:52.226+0000] {task_command.py:467} INFO - Running <TaskInstance: data_ingestion_to_stg.truncate_customers_20180509 manual__2025-06-11T08:20:42.401194+00:00 [running]> on host 8b2e3fa0123b
[2025-06-11T08:20:52.593+0000] {taskinstance.py:3131} INFO - Exporting env vars: AIRFLOW_CTX_DAG_OWNER='***' AIRFLOW_CTX_DAG_ID='data_ingestion_to_stg' AIRFLOW_CTX_TASK_ID='truncate_customers_20180509' AIRFLOW_CTX_EXECUTION_DATE='2025-06-11T08:20:42.401194+00:00' AIRFLOW_CTX_TRY_NUMBER='1' AIRFLOW_CTX_DAG_RUN_ID='manual__2025-06-11T08:20:42.401194+00:00'
[2025-06-11T08:20:52.625+0000] {logging_mixin.py:190} INFO - Task instance is in running state
[2025-06-11T08:20:52.631+0000] {logging_mixin.py:190} INFO -  Previous state of the Task instance: queued
[2025-06-11T08:20:52.633+0000] {logging_mixin.py:190} INFO - Current task name:truncate_customers_20180509 state:running start_date:2025-06-11 08:20:51.673633+00:00
[2025-06-11T08:20:52.634+0000] {logging_mixin.py:190} INFO - Dag name:data_ingestion_to_stg and current dag run status:running
[2025-06-11T08:20:52.648+0000] {taskinstance.py:731} INFO - ::endgroup::
[2025-06-11T08:20:52.707+0000] {base.py:84} INFO - Retrieving connection 'data_warehouse_project'
[2025-06-11T08:20:53.065+0000] {sql.py:509} INFO - Running statement: TRUNCATE TABLE stg.customers;, parameters: None
[2025-06-11T08:20:53.128+0000] {logging_mixin.py:190} INFO - [INFO] Truncated table stg.customers
[2025-06-11T08:20:53.135+0000] {python.py:240} INFO - Done. Returned value was: None
[2025-06-11T08:20:53.176+0000] {taskinstance.py:340} INFO - ::group::Post task execution logs
[2025-06-11T08:20:53.183+0000] {taskinstance.py:352} INFO - Marking task as SUCCESS. dag_id=data_ingestion_to_stg, task_id=truncate_customers_20180509, run_id=manual__2025-06-11T08:20:42.401194+00:00, execution_date=20250611T082042, start_date=20250611T082051, end_date=20250611T082053
[2025-06-11T08:20:53.248+0000] {logging_mixin.py:190} INFO - Task instance in success state
[2025-06-11T08:20:53.265+0000] {logging_mixin.py:190} INFO -  Previous state of the Task instance: running
[2025-06-11T08:20:53.266+0000] {logging_mixin.py:190} INFO - Dag name:data_ingestion_to_stg queued_at:2025-06-11 08:20:42.436905+00:00
[2025-06-11T08:20:53.266+0000] {logging_mixin.py:190} INFO - Task hostname:8b2e3fa0123b operator:PythonOperator
[2025-06-11T08:20:53.307+0000] {local_task_job_runner.py:266} INFO - Task exited with return code 0
[2025-06-11T08:20:53.376+0000] {taskinstance.py:3900} INFO - 1 downstream tasks scheduled from follow-on schedule check
[2025-06-11T08:20:53.381+0000] {local_task_job_runner.py:245} INFO - ::endgroup::
