[2025-06-11T09:48:11.779+0000] {local_task_job_runner.py:123} INFO - ::group::Pre task execution logs
[2025-06-11T09:48:11.837+0000] {taskinstance.py:2612} INFO - Dependencies all met for dep_context=non-requeueable deps ti=<TaskInstance: etl_to_data_warehouse.load_cities_20180509 manual__2025-06-11T09:47:58.435646+00:00 [queued]>
[2025-06-11T09:48:11.905+0000] {taskinstance.py:2612} INFO - Dependencies all met for dep_context=requeueable deps ti=<TaskInstance: etl_to_data_warehouse.load_cities_20180509 manual__2025-06-11T09:47:58.435646+00:00 [queued]>
[2025-06-11T09:48:11.910+0000] {taskinstance.py:2865} INFO - Starting attempt 1 of 2
[2025-06-11T09:48:11.961+0000] {taskinstance.py:2888} INFO - Executing <Task(PythonOperator): load_cities_20180509> on 2025-06-11 09:47:58.435646+00:00
[2025-06-11T09:48:11.999+0000] {warnings.py:112} WARNING - /home/***/.local/lib/python3.12/site-packages/***/task/task_runner/standard_task_runner.py:70: DeprecationWarning: This process (pid=1687) is multi-threaded, use of fork() may lead to deadlocks in the child.
  pid = os.fork()

[2025-06-11T09:48:12.001+0000] {standard_task_runner.py:72} INFO - Started process 1724 to run task
[2025-06-11T09:48:11.996+0000] {standard_task_runner.py:104} INFO - Running: ['***', 'tasks', 'run', 'etl_to_data_warehouse', 'load_cities_20180509', 'manual__2025-06-11T09:47:58.435646+00:00', '--job-id', '933', '--raw', '--subdir', 'DAGS_FOLDER/etl_to_data_warehouse.py', '--cfg-path', '/tmp/tmpxr_73ftg']
[2025-06-11T09:48:12.008+0000] {standard_task_runner.py:105} INFO - Job 933: Subtask load_cities_20180509
[2025-06-11T09:48:12.148+0000] {task_command.py:467} INFO - Running <TaskInstance: etl_to_data_warehouse.load_cities_20180509 manual__2025-06-11T09:47:58.435646+00:00 [running]> on host 50af1b76beaf
[2025-06-11T09:48:12.310+0000] {taskinstance.py:3131} INFO - Exporting env vars: AIRFLOW_CTX_DAG_OWNER='***' AIRFLOW_CTX_DAG_ID='etl_to_data_warehouse' AIRFLOW_CTX_TASK_ID='load_cities_20180509' AIRFLOW_CTX_EXECUTION_DATE='2025-06-11T09:47:58.435646+00:00' AIRFLOW_CTX_TRY_NUMBER='1' AIRFLOW_CTX_DAG_RUN_ID='manual__2025-06-11T09:47:58.435646+00:00'
[2025-06-11T09:48:12.312+0000] {logging_mixin.py:190} INFO - Task instance is in running state
[2025-06-11T09:48:12.314+0000] {logging_mixin.py:190} INFO -  Previous state of the Task instance: queued
[2025-06-11T09:48:12.314+0000] {logging_mixin.py:190} INFO - Current task name:load_cities_20180509 state:running start_date:2025-06-11 09:48:11.844644+00:00
[2025-06-11T09:48:12.315+0000] {logging_mixin.py:190} INFO - Dag name:etl_to_data_warehouse and current dag run status:running
[2025-06-11T09:48:12.315+0000] {taskinstance.py:731} INFO - ::endgroup::
[2025-06-11T09:48:12.323+0000] {postgres.py:191} INFO - Running copy expert: COPY stg.cities FROM STDIN WITH CSV DELIMITER ';' HEADER;, filename: /opt/***/INPUT/20180509/20180509.cities.csv
[2025-06-11T09:48:12.350+0000] {base.py:84} INFO - Retrieving connection 'data_warehouse_project'
[2025-06-11T09:48:12.565+0000] {logging_mixin.py:190} INFO - [INFO] Berhasil load 20180509.cities.csv ke stg.cities
[2025-06-11T09:48:12.570+0000] {python.py:240} INFO - Done. Returned value was: None
[2025-06-11T09:48:12.594+0000] {taskinstance.py:340} INFO - ::group::Post task execution logs
[2025-06-11T09:48:12.595+0000] {taskinstance.py:352} INFO - Marking task as SUCCESS. dag_id=etl_to_data_warehouse, task_id=load_cities_20180509, run_id=manual__2025-06-11T09:47:58.435646+00:00, execution_date=20250611T094758, start_date=20250611T094811, end_date=20250611T094812
[2025-06-11T09:48:12.615+0000] {logging_mixin.py:190} INFO - Task instance in success state
[2025-06-11T09:48:12.619+0000] {logging_mixin.py:190} INFO -  Previous state of the Task instance: running
[2025-06-11T09:48:12.620+0000] {logging_mixin.py:190} INFO - Dag name:etl_to_data_warehouse queued_at:2025-06-11 09:47:58.494987+00:00
[2025-06-11T09:48:12.622+0000] {logging_mixin.py:190} INFO - Task hostname:50af1b76beaf operator:PythonOperator
[2025-06-11T09:48:12.655+0000] {local_task_job_runner.py:266} INFO - Task exited with return code 0
[2025-06-11T09:48:12.724+0000] {taskinstance.py:3900} INFO - 0 downstream tasks scheduled from follow-on schedule check
[2025-06-11T09:48:12.729+0000] {local_task_job_runner.py:245} INFO - ::endgroup::
