[2025-06-11T08:48:03.904+0000] {local_task_job_runner.py:123} INFO - ::group::Pre task execution logs
[2025-06-11T08:48:03.945+0000] {taskinstance.py:2612} INFO - Dependencies all met for dep_context=non-requeueable deps ti=<TaskInstance: data_ingestion_to_stg.truncate_products_20180509 manual__2025-06-11T08:47:56.344686+00:00 [queued]>
[2025-06-11T08:48:03.968+0000] {taskinstance.py:2612} INFO - Dependencies all met for dep_context=requeueable deps ti=<TaskInstance: data_ingestion_to_stg.truncate_products_20180509 manual__2025-06-11T08:47:56.344686+00:00 [queued]>
[2025-06-11T08:48:03.974+0000] {taskinstance.py:2865} INFO - Starting attempt 1 of 2
[2025-06-11T08:48:04.057+0000] {taskinstance.py:2888} INFO - Executing <Task(PythonOperator): truncate_products_20180509> on 2025-06-11 08:47:56.344686+00:00
[2025-06-11T08:48:04.079+0000] {standard_task_runner.py:104} INFO - Running: ['***', 'tasks', 'run', 'data_ingestion_to_stg', 'truncate_products_20180509', 'manual__2025-06-11T08:47:56.344686+00:00', '--job-id', '728', '--raw', '--subdir', 'DAGS_FOLDER/sql/dimensions/data_ingestion_to_stg.py', '--cfg-path', '/tmp/tmpxw67389n']
[2025-06-11T08:48:04.082+0000] {warnings.py:112} WARNING - /home/***/.local/lib/python3.12/site-packages/***/task/task_runner/standard_task_runner.py:70: DeprecationWarning: This process (pid=77) is multi-threaded, use of fork() may lead to deadlocks in the child.
  pid = os.fork()

[2025-06-11T08:48:04.083+0000] {standard_task_runner.py:105} INFO - Job 728: Subtask truncate_products_20180509
[2025-06-11T08:48:04.088+0000] {standard_task_runner.py:72} INFO - Started process 118 to run task
[2025-06-11T08:48:04.109+0000] {task_command.py:467} INFO - Running <TaskInstance: data_ingestion_to_stg.truncate_products_20180509 manual__2025-06-11T08:47:56.344686+00:00 [running]> on host 50af1b76beaf
[2025-06-11T08:48:04.559+0000] {taskinstance.py:3131} INFO - Exporting env vars: AIRFLOW_CTX_DAG_OWNER='***' AIRFLOW_CTX_DAG_ID='data_ingestion_to_stg' AIRFLOW_CTX_TASK_ID='truncate_products_20180509' AIRFLOW_CTX_EXECUTION_DATE='2025-06-11T08:47:56.344686+00:00' AIRFLOW_CTX_TRY_NUMBER='1' AIRFLOW_CTX_DAG_RUN_ID='manual__2025-06-11T08:47:56.344686+00:00'
[2025-06-11T08:48:04.563+0000] {logging_mixin.py:190} INFO - Task instance is in running state
[2025-06-11T08:48:04.565+0000] {logging_mixin.py:190} INFO -  Previous state of the Task instance: queued
[2025-06-11T08:48:04.568+0000] {logging_mixin.py:190} INFO - Current task name:truncate_products_20180509 state:running start_date:2025-06-11 08:48:03.949972+00:00
[2025-06-11T08:48:04.570+0000] {logging_mixin.py:190} INFO - Dag name:data_ingestion_to_stg and current dag run status:running
[2025-06-11T08:48:04.570+0000] {taskinstance.py:731} INFO - ::endgroup::
[2025-06-11T08:48:04.594+0000] {base.py:84} INFO - Retrieving connection 'data_warehouse_project'
[2025-06-11T08:48:04.806+0000] {sql.py:509} INFO - Running statement: TRUNCATE TABLE stg.products;, parameters: None
[2025-06-11T08:48:04.834+0000] {logging_mixin.py:190} INFO - [INFO] Truncated table stg.products
[2025-06-11T08:48:04.835+0000] {python.py:240} INFO - Done. Returned value was: None
[2025-06-11T08:48:04.879+0000] {taskinstance.py:340} INFO - ::group::Post task execution logs
[2025-06-11T08:48:04.880+0000] {taskinstance.py:352} INFO - Marking task as SUCCESS. dag_id=data_ingestion_to_stg, task_id=truncate_products_20180509, run_id=manual__2025-06-11T08:47:56.344686+00:00, execution_date=20250611T084756, start_date=20250611T084803, end_date=20250611T084804
[2025-06-11T08:48:04.977+0000] {logging_mixin.py:190} INFO - Task instance in success state
[2025-06-11T08:48:04.978+0000] {logging_mixin.py:190} INFO -  Previous state of the Task instance: running
[2025-06-11T08:48:04.979+0000] {logging_mixin.py:190} INFO - Dag name:data_ingestion_to_stg queued_at:2025-06-11 08:47:56.379660+00:00
[2025-06-11T08:48:04.983+0000] {logging_mixin.py:190} INFO - Task hostname:50af1b76beaf operator:PythonOperator
[2025-06-11T08:48:05.053+0000] {local_task_job_runner.py:266} INFO - Task exited with return code 0
[2025-06-11T08:48:05.129+0000] {taskinstance.py:3900} INFO - 1 downstream tasks scheduled from follow-on schedule check
[2025-06-11T08:48:05.132+0000] {local_task_job_runner.py:245} INFO - ::endgroup::
