[2025-06-11T05:17:05.407+0000] {local_task_job_runner.py:123} INFO - ::group::Pre task execution logs
[2025-06-11T05:17:05.426+0000] {taskinstance.py:2612} INFO - Dependencies all met for dep_context=non-requeueable deps ti=<TaskInstance: data_ingestion_to_stg.load_countries_20180508 manual__2025-06-11T05:16:36.881201+00:00 [queued]>
[2025-06-11T05:17:05.438+0000] {taskinstance.py:2612} INFO - Dependencies all met for dep_context=requeueable deps ti=<TaskInstance: data_ingestion_to_stg.load_countries_20180508 manual__2025-06-11T05:16:36.881201+00:00 [queued]>
[2025-06-11T05:17:05.439+0000] {taskinstance.py:2865} INFO - Starting attempt 1 of 2
[2025-06-11T05:17:05.461+0000] {taskinstance.py:2888} INFO - Executing <Task(PythonOperator): load_countries_20180508> on 2025-06-11 05:16:36.881201+00:00
[2025-06-11T05:17:05.471+0000] {warnings.py:112} WARNING - /home/***/.local/lib/python3.12/site-packages/***/task/task_runner/standard_task_runner.py:70: DeprecationWarning: This process (pid=280) is multi-threaded, use of fork() may lead to deadlocks in the child.
  pid = os.fork()

[2025-06-11T05:17:05.473+0000] {standard_task_runner.py:72} INFO - Started process 329 to run task
[2025-06-11T05:17:05.474+0000] {standard_task_runner.py:104} INFO - Running: ['***', 'tasks', 'run', 'data_ingestion_to_stg', 'load_countries_20180508', 'manual__2025-06-11T05:16:36.881201+00:00', '--job-id', '341', '--raw', '--subdir', 'DAGS_FOLDER/data_ingestion_to_stg.py', '--cfg-path', '/tmp/tmp94pxlmev']
[2025-06-11T05:17:05.476+0000] {standard_task_runner.py:105} INFO - Job 341: Subtask load_countries_20180508
[2025-06-11T05:17:05.524+0000] {task_command.py:467} INFO - Running <TaskInstance: data_ingestion_to_stg.load_countries_20180508 manual__2025-06-11T05:16:36.881201+00:00 [running]> on host d55d1164a4af
[2025-06-11T05:17:05.621+0000] {taskinstance.py:3131} INFO - Exporting env vars: AIRFLOW_CTX_DAG_OWNER='***' AIRFLOW_CTX_DAG_ID='data_ingestion_to_stg' AIRFLOW_CTX_TASK_ID='load_countries_20180508' AIRFLOW_CTX_EXECUTION_DATE='2025-06-11T05:16:36.881201+00:00' AIRFLOW_CTX_TRY_NUMBER='1' AIRFLOW_CTX_DAG_RUN_ID='manual__2025-06-11T05:16:36.881201+00:00'
[2025-06-11T05:17:05.622+0000] {logging_mixin.py:190} INFO - Task instance is in running state
[2025-06-11T05:17:05.623+0000] {logging_mixin.py:190} INFO -  Previous state of the Task instance: queued
[2025-06-11T05:17:05.623+0000] {logging_mixin.py:190} INFO - Current task name:load_countries_20180508 state:running start_date:2025-06-11 05:17:05.427195+00:00
[2025-06-11T05:17:05.624+0000] {logging_mixin.py:190} INFO - Dag name:data_ingestion_to_stg and current dag run status:running
[2025-06-11T05:17:05.624+0000] {taskinstance.py:731} INFO - ::endgroup::
[2025-06-11T05:17:05.628+0000] {postgres.py:191} INFO - Running copy expert: COPY stg.countries FROM STDIN WITH CSV DELIMITER ';' HEADER;, filename: /opt/***/INPUT/20180508/20180508.countries.csv
[2025-06-11T05:17:05.637+0000] {base.py:84} INFO - Retrieving connection 'data_warehouse_project'
[2025-06-11T05:17:05.703+0000] {logging_mixin.py:190} INFO - [INFO] Berhasil load 20180508.countries.csv ke stg.countries
[2025-06-11T05:17:05.704+0000] {python.py:240} INFO - Done. Returned value was: None
[2025-06-11T05:17:05.717+0000] {taskinstance.py:340} INFO - ::group::Post task execution logs
[2025-06-11T05:17:05.717+0000] {taskinstance.py:352} INFO - Marking task as SUCCESS. dag_id=data_ingestion_to_stg, task_id=load_countries_20180508, run_id=manual__2025-06-11T05:16:36.881201+00:00, execution_date=20250611T051636, start_date=20250611T051705, end_date=20250611T051705
[2025-06-11T05:17:05.735+0000] {logging_mixin.py:190} INFO - Task instance in success state
[2025-06-11T05:17:05.736+0000] {logging_mixin.py:190} INFO -  Previous state of the Task instance: running
[2025-06-11T05:17:05.736+0000] {logging_mixin.py:190} INFO - Dag name:data_ingestion_to_stg queued_at:2025-06-11 05:16:36.905700+00:00
[2025-06-11T05:17:05.737+0000] {logging_mixin.py:190} INFO - Task hostname:d55d1164a4af operator:PythonOperator
[2025-06-11T05:17:05.770+0000] {local_task_job_runner.py:266} INFO - Task exited with return code 0
[2025-06-11T05:17:05.801+0000] {taskinstance.py:3900} INFO - 4 downstream tasks scheduled from follow-on schedule check
[2025-06-11T05:17:05.804+0000] {local_task_job_runner.py:245} INFO - ::endgroup::
