[2025-06-11T05:29:29.612+0000] {local_task_job_runner.py:123} INFO - ::group::Pre task execution logs
[2025-06-11T05:29:29.664+0000] {taskinstance.py:2612} INFO - Dependencies all met for dep_context=non-requeueable deps ti=<TaskInstance: data_ingestion_to_stg.load_categories_20180508 manual__2025-06-11T05:29:09.840408+00:00 [queued]>
[2025-06-11T05:29:29.706+0000] {taskinstance.py:2612} INFO - Dependencies all met for dep_context=requeueable deps ti=<TaskInstance: data_ingestion_to_stg.load_categories_20180508 manual__2025-06-11T05:29:09.840408+00:00 [queued]>
[2025-06-11T05:29:29.714+0000] {taskinstance.py:2865} INFO - Starting attempt 1 of 2
[2025-06-11T05:29:29.791+0000] {taskinstance.py:2888} INFO - Executing <Task(PythonOperator): load_categories_20180508> on 2025-06-11 05:29:09.840408+00:00
[2025-06-11T05:29:29.862+0000] {warnings.py:112} WARNING - /home/***/.local/lib/python3.12/site-packages/***/task/task_runner/standard_task_runner.py:70: DeprecationWarning: This process (pid=203) is multi-threaded, use of fork() may lead to deadlocks in the child.
  pid = os.fork()

[2025-06-11T05:29:29.866+0000] {standard_task_runner.py:104} INFO - Running: ['***', 'tasks', 'run', 'data_ingestion_to_stg', 'load_categories_20180508', 'manual__2025-06-11T05:29:09.840408+00:00', '--job-id', '366', '--raw', '--subdir', 'DAGS_FOLDER/data_ingestion_to_stg.py', '--cfg-path', '/tmp/tmpx1lae88t']
[2025-06-11T05:29:29.885+0000] {standard_task_runner.py:105} INFO - Job 366: Subtask load_categories_20180508
[2025-06-11T05:29:29.885+0000] {standard_task_runner.py:72} INFO - Started process 229 to run task
[2025-06-11T05:29:30.127+0000] {task_command.py:467} INFO - Running <TaskInstance: data_ingestion_to_stg.load_categories_20180508 manual__2025-06-11T05:29:09.840408+00:00 [running]> on host 70fc91f07add
[2025-06-11T05:29:30.510+0000] {taskinstance.py:3131} INFO - Exporting env vars: AIRFLOW_CTX_DAG_OWNER='***' AIRFLOW_CTX_DAG_ID='data_ingestion_to_stg' AIRFLOW_CTX_TASK_ID='load_categories_20180508' AIRFLOW_CTX_EXECUTION_DATE='2025-06-11T05:29:09.840408+00:00' AIRFLOW_CTX_TRY_NUMBER='1' AIRFLOW_CTX_DAG_RUN_ID='manual__2025-06-11T05:29:09.840408+00:00'
[2025-06-11T05:29:30.525+0000] {logging_mixin.py:190} INFO - Task instance is in running state
[2025-06-11T05:29:30.533+0000] {logging_mixin.py:190} INFO -  Previous state of the Task instance: queued
[2025-06-11T05:29:30.535+0000] {logging_mixin.py:190} INFO - Current task name:load_categories_20180508 state:running start_date:2025-06-11 05:29:29.672336+00:00
[2025-06-11T05:29:30.536+0000] {logging_mixin.py:190} INFO - Dag name:data_ingestion_to_stg and current dag run status:running
[2025-06-11T05:29:30.541+0000] {taskinstance.py:731} INFO - ::endgroup::
[2025-06-11T05:29:30.579+0000] {postgres.py:191} INFO - Running copy expert: COPY stg.categories FROM STDIN WITH CSV DELIMITER '|' HEADER;, filename: /opt/***/INPUT/20180508/20180508.categories.csv
[2025-06-11T05:29:30.647+0000] {base.py:84} INFO - Retrieving connection 'data_warehouse_project'
[2025-06-11T05:29:30.790+0000] {logging_mixin.py:190} INFO - [INFO] Berhasil load 20180508.categories.csv ke stg.categories
[2025-06-11T05:29:30.792+0000] {python.py:240} INFO - Done. Returned value was: None
[2025-06-11T05:29:30.827+0000] {taskinstance.py:340} INFO - ::group::Post task execution logs
[2025-06-11T05:29:30.841+0000] {taskinstance.py:352} INFO - Marking task as SUCCESS. dag_id=data_ingestion_to_stg, task_id=load_categories_20180508, run_id=manual__2025-06-11T05:29:09.840408+00:00, execution_date=20250611T052909, start_date=20250611T052929, end_date=20250611T052930
[2025-06-11T05:29:30.886+0000] {logging_mixin.py:190} INFO - Task instance in success state
[2025-06-11T05:29:30.889+0000] {logging_mixin.py:190} INFO -  Previous state of the Task instance: running
[2025-06-11T05:29:30.890+0000] {logging_mixin.py:190} INFO - Dag name:data_ingestion_to_stg queued_at:2025-06-11 05:29:09.861090+00:00
[2025-06-11T05:29:30.891+0000] {logging_mixin.py:190} INFO - Task hostname:70fc91f07add operator:PythonOperator
[2025-06-11T05:29:30.974+0000] {local_task_job_runner.py:266} INFO - Task exited with return code 0
[2025-06-11T05:29:31.034+0000] {taskinstance.py:3900} INFO - 0 downstream tasks scheduled from follow-on schedule check
[2025-06-11T05:29:31.047+0000] {local_task_job_runner.py:245} INFO - ::endgroup::
