[2025-06-11T04:02:32.883+0000] {local_task_job_runner.py:123} INFO - ::group::Pre task execution logs
[2025-06-11T04:02:33.010+0000] {taskinstance.py:2612} INFO - Dependencies all met for dep_context=non-requeueable deps ti=<TaskInstance: data_ingestion_to_stg.load_cities_20180508 manual__2025-06-11T04:02:25.002715+00:00 [queued]>
[2025-06-11T04:02:33.037+0000] {taskinstance.py:2612} INFO - Dependencies all met for dep_context=requeueable deps ti=<TaskInstance: data_ingestion_to_stg.load_cities_20180508 manual__2025-06-11T04:02:25.002715+00:00 [queued]>
[2025-06-11T04:02:33.039+0000] {taskinstance.py:2865} INFO - Starting attempt 1 of 2
[2025-06-11T04:02:33.080+0000] {taskinstance.py:2888} INFO - Executing <Task(PythonOperator): load_cities_20180508> on 2025-06-11 04:02:25.002715+00:00
[2025-06-11T04:02:33.118+0000] {warnings.py:112} WARNING - /home/***/.local/lib/python3.12/site-packages/***/task/task_runner/standard_task_runner.py:70: DeprecationWarning: This process (pid=432) is multi-threaded, use of fork() may lead to deadlocks in the child.
  pid = os.fork()

[2025-06-11T04:02:33.132+0000] {standard_task_runner.py:72} INFO - Started process 476 to run task
[2025-06-11T04:02:33.161+0000] {standard_task_runner.py:104} INFO - Running: ['***', 'tasks', 'run', 'data_ingestion_to_stg', 'load_cities_20180508', 'manual__2025-06-11T04:02:25.002715+00:00', '--job-id', '199', '--raw', '--subdir', 'DAGS_FOLDER/data_ingestion_to_stg.py', '--cfg-path', '/tmp/tmpvgurwice']
[2025-06-11T04:02:33.193+0000] {standard_task_runner.py:105} INFO - Job 199: Subtask load_cities_20180508
[2025-06-11T04:02:33.594+0000] {task_command.py:467} INFO - Running <TaskInstance: data_ingestion_to_stg.load_cities_20180508 manual__2025-06-11T04:02:25.002715+00:00 [running]> on host bc5ec7a98490
[2025-06-11T04:02:34.222+0000] {taskinstance.py:3131} INFO - Exporting env vars: AIRFLOW_CTX_DAG_OWNER='***' AIRFLOW_CTX_DAG_ID='data_ingestion_to_stg' AIRFLOW_CTX_TASK_ID='load_cities_20180508' AIRFLOW_CTX_EXECUTION_DATE='2025-06-11T04:02:25.002715+00:00' AIRFLOW_CTX_TRY_NUMBER='1' AIRFLOW_CTX_DAG_RUN_ID='manual__2025-06-11T04:02:25.002715+00:00'
[2025-06-11T04:02:34.227+0000] {logging_mixin.py:190} INFO - Task instance is in running state
[2025-06-11T04:02:34.232+0000] {logging_mixin.py:190} INFO -  Previous state of the Task instance: queued
[2025-06-11T04:02:34.232+0000] {logging_mixin.py:190} INFO - Current task name:load_cities_20180508 state:running start_date:2025-06-11 04:02:33.011305+00:00
[2025-06-11T04:02:34.238+0000] {logging_mixin.py:190} INFO - Dag name:data_ingestion_to_stg and current dag run status:running
[2025-06-11T04:02:34.241+0000] {taskinstance.py:731} INFO - ::endgroup::
[2025-06-11T04:02:34.294+0000] {postgres.py:191} INFO - Running copy expert: COPY stg.cities FROM STDIN WITH CSV DELIMITER ';' HEADER;, filename: /opt/***/INPUT/20180508/20180508.cities.csv
[2025-06-11T04:02:34.318+0000] {base.py:84} INFO - Retrieving connection 'data_warehouse_project'
[2025-06-11T04:02:34.599+0000] {logging_mixin.py:190} INFO - [INFO] Berhasil load 20180508.cities.csv ke stg.cities
[2025-06-11T04:02:34.601+0000] {python.py:240} INFO - Done. Returned value was: None
[2025-06-11T04:02:34.620+0000] {taskinstance.py:340} INFO - ::group::Post task execution logs
[2025-06-11T04:02:34.642+0000] {taskinstance.py:352} INFO - Marking task as SUCCESS. dag_id=data_ingestion_to_stg, task_id=load_cities_20180508, run_id=manual__2025-06-11T04:02:25.002715+00:00, execution_date=20250611T040225, start_date=20250611T040233, end_date=20250611T040234
[2025-06-11T04:02:34.840+0000] {logging_mixin.py:190} INFO - Task instance in success state
[2025-06-11T04:02:34.865+0000] {logging_mixin.py:190} INFO -  Previous state of the Task instance: running
[2025-06-11T04:02:34.866+0000] {logging_mixin.py:190} INFO - Dag name:data_ingestion_to_stg queued_at:2025-06-11 04:02:25.026075+00:00
[2025-06-11T04:02:34.867+0000] {logging_mixin.py:190} INFO - Task hostname:bc5ec7a98490 operator:PythonOperator
[2025-06-11T04:02:34.910+0000] {local_task_job_runner.py:266} INFO - Task exited with return code 0
[2025-06-11T04:02:34.975+0000] {taskinstance.py:3900} INFO - 0 downstream tasks scheduled from follow-on schedule check
[2025-06-11T04:02:34.996+0000] {local_task_job_runner.py:245} INFO - ::endgroup::
