[2025-06-11T09:48:10.428+0000] {local_task_job_runner.py:123} INFO - ::group::Pre task execution logs
[2025-06-11T09:48:10.518+0000] {taskinstance.py:2612} INFO - Dependencies all met for dep_context=non-requeueable deps ti=<TaskInstance: etl_to_data_warehouse.load_products_20180508 manual__2025-06-11T09:47:58.435646+00:00 [queued]>
[2025-06-11T09:48:10.582+0000] {taskinstance.py:2612} INFO - Dependencies all met for dep_context=requeueable deps ti=<TaskInstance: etl_to_data_warehouse.load_products_20180508 manual__2025-06-11T09:47:58.435646+00:00 [queued]>
[2025-06-11T09:48:10.583+0000] {taskinstance.py:2865} INFO - Starting attempt 1 of 2
[2025-06-11T09:48:10.626+0000] {taskinstance.py:2888} INFO - Executing <Task(PythonOperator): load_products_20180508> on 2025-06-11 09:47:58.435646+00:00
[2025-06-11T09:48:10.646+0000] {warnings.py:112} WARNING - /home/***/.local/lib/python3.12/site-packages/***/task/task_runner/standard_task_runner.py:70: DeprecationWarning: This process (pid=1676) is multi-threaded, use of fork() may lead to deadlocks in the child.
  pid = os.fork()

[2025-06-11T09:48:10.669+0000] {standard_task_runner.py:72} INFO - Started process 1710 to run task
[2025-06-11T09:48:10.666+0000] {standard_task_runner.py:104} INFO - Running: ['***', 'tasks', 'run', 'etl_to_data_warehouse', 'load_products_20180508', 'manual__2025-06-11T09:47:58.435646+00:00', '--job-id', '927', '--raw', '--subdir', 'DAGS_FOLDER/etl_to_data_warehouse.py', '--cfg-path', '/tmp/tmpce2sxxwy']
[2025-06-11T09:48:10.694+0000] {standard_task_runner.py:105} INFO - Job 927: Subtask load_products_20180508
[2025-06-11T09:48:10.904+0000] {task_command.py:467} INFO - Running <TaskInstance: etl_to_data_warehouse.load_products_20180508 manual__2025-06-11T09:47:58.435646+00:00 [running]> on host 50af1b76beaf
[2025-06-11T09:48:11.233+0000] {taskinstance.py:3131} INFO - Exporting env vars: AIRFLOW_CTX_DAG_OWNER='***' AIRFLOW_CTX_DAG_ID='etl_to_data_warehouse' AIRFLOW_CTX_TASK_ID='load_products_20180508' AIRFLOW_CTX_EXECUTION_DATE='2025-06-11T09:47:58.435646+00:00' AIRFLOW_CTX_TRY_NUMBER='1' AIRFLOW_CTX_DAG_RUN_ID='manual__2025-06-11T09:47:58.435646+00:00'
[2025-06-11T09:48:11.236+0000] {logging_mixin.py:190} INFO - Task instance is in running state
[2025-06-11T09:48:11.244+0000] {logging_mixin.py:190} INFO -  Previous state of the Task instance: queued
[2025-06-11T09:48:11.250+0000] {logging_mixin.py:190} INFO - Current task name:load_products_20180508 state:running start_date:2025-06-11 09:48:10.530465+00:00
[2025-06-11T09:48:11.254+0000] {logging_mixin.py:190} INFO - Dag name:etl_to_data_warehouse and current dag run status:running
[2025-06-11T09:48:11.256+0000] {taskinstance.py:731} INFO - ::endgroup::
[2025-06-11T09:48:11.285+0000] {postgres.py:191} INFO - Running copy expert: COPY stg.products FROM STDIN WITH CSV DELIMITER ';' HEADER;, filename: /tmp/tmpp8c9jskp
[2025-06-11T09:48:11.329+0000] {base.py:84} INFO - Retrieving connection 'data_warehouse_project'
[2025-06-11T09:48:11.484+0000] {logging_mixin.py:190} INFO - [INFO] Berhasil load 20180508.products.csv ke stg.products
[2025-06-11T09:48:11.488+0000] {python.py:240} INFO - Done. Returned value was: None
[2025-06-11T09:48:11.538+0000] {taskinstance.py:340} INFO - ::group::Post task execution logs
[2025-06-11T09:48:11.550+0000] {taskinstance.py:352} INFO - Marking task as SUCCESS. dag_id=etl_to_data_warehouse, task_id=load_products_20180508, run_id=manual__2025-06-11T09:47:58.435646+00:00, execution_date=20250611T094758, start_date=20250611T094810, end_date=20250611T094811
[2025-06-11T09:48:11.579+0000] {logging_mixin.py:190} INFO - Task instance in success state
[2025-06-11T09:48:11.588+0000] {logging_mixin.py:190} INFO -  Previous state of the Task instance: running
[2025-06-11T09:48:11.595+0000] {logging_mixin.py:190} INFO - Dag name:etl_to_data_warehouse queued_at:2025-06-11 09:47:58.494987+00:00
[2025-06-11T09:48:11.602+0000] {logging_mixin.py:190} INFO - Task hostname:50af1b76beaf operator:PythonOperator
[2025-06-11T09:48:11.653+0000] {local_task_job_runner.py:266} INFO - Task exited with return code 0
[2025-06-11T09:48:11.753+0000] {taskinstance.py:3900} INFO - 0 downstream tasks scheduled from follow-on schedule check
[2025-06-11T09:48:11.776+0000] {local_task_job_runner.py:245} INFO - ::endgroup::
