[2025-06-11T05:16:52.192+0000] {local_task_job_runner.py:123} INFO - ::group::Pre task execution logs
[2025-06-11T05:16:52.343+0000] {taskinstance.py:2612} INFO - Dependencies all met for dep_context=non-requeueable deps ti=<TaskInstance: data_ingestion_to_stg.truncate_employee_20180509 manual__2025-06-11T05:16:36.881201+00:00 [queued]>
[2025-06-11T05:16:52.392+0000] {taskinstance.py:2612} INFO - Dependencies all met for dep_context=requeueable deps ti=<TaskInstance: data_ingestion_to_stg.truncate_employee_20180509 manual__2025-06-11T05:16:36.881201+00:00 [queued]>
[2025-06-11T05:16:52.393+0000] {taskinstance.py:2865} INFO - Starting attempt 1 of 2
[2025-06-11T05:16:52.434+0000] {taskinstance.py:2888} INFO - Executing <Task(PythonOperator): truncate_employee_20180509> on 2025-06-11 05:16:36.881201+00:00
[2025-06-11T05:16:52.497+0000] {warnings.py:112} WARNING - /home/***/.local/lib/python3.12/site-packages/***/task/task_runner/standard_task_runner.py:70: DeprecationWarning: This process (pid=229) is multi-threaded, use of fork() may lead to deadlocks in the child.
  pid = os.fork()

[2025-06-11T05:16:52.522+0000] {standard_task_runner.py:72} INFO - Started process 260 to run task
[2025-06-11T05:16:52.513+0000] {standard_task_runner.py:104} INFO - Running: ['***', 'tasks', 'run', 'data_ingestion_to_stg', 'truncate_employee_20180509', 'manual__2025-06-11T05:16:36.881201+00:00', '--job-id', '321', '--raw', '--subdir', 'DAGS_FOLDER/data_ingestion_to_stg.py', '--cfg-path', '/tmp/tmpz3zc9s8k']
[2025-06-11T05:16:52.569+0000] {standard_task_runner.py:105} INFO - Job 321: Subtask truncate_employee_20180509
[2025-06-11T05:16:52.873+0000] {task_command.py:467} INFO - Running <TaskInstance: data_ingestion_to_stg.truncate_employee_20180509 manual__2025-06-11T05:16:36.881201+00:00 [running]> on host d55d1164a4af
[2025-06-11T05:16:53.702+0000] {taskinstance.py:3131} INFO - Exporting env vars: AIRFLOW_CTX_DAG_OWNER='***' AIRFLOW_CTX_DAG_ID='data_ingestion_to_stg' AIRFLOW_CTX_TASK_ID='truncate_employee_20180509' AIRFLOW_CTX_EXECUTION_DATE='2025-06-11T05:16:36.881201+00:00' AIRFLOW_CTX_TRY_NUMBER='1' AIRFLOW_CTX_DAG_RUN_ID='manual__2025-06-11T05:16:36.881201+00:00'
[2025-06-11T05:16:53.706+0000] {logging_mixin.py:190} INFO - Task instance is in running state
[2025-06-11T05:16:53.708+0000] {logging_mixin.py:190} INFO -  Previous state of the Task instance: queued
[2025-06-11T05:16:53.720+0000] {logging_mixin.py:190} INFO - Current task name:truncate_employee_20180509 state:running start_date:2025-06-11 05:16:52.348490+00:00
[2025-06-11T05:16:53.725+0000] {logging_mixin.py:190} INFO - Dag name:data_ingestion_to_stg and current dag run status:running
[2025-06-11T05:16:53.726+0000] {taskinstance.py:731} INFO - ::endgroup::
[2025-06-11T05:16:53.774+0000] {base.py:84} INFO - Retrieving connection 'data_warehouse_project'
[2025-06-11T05:16:53.878+0000] {sql.py:509} INFO - Running statement: TRUNCATE TABLE stg.employee;, parameters: None
[2025-06-11T05:16:53.901+0000] {logging_mixin.py:190} INFO - [INFO] Truncated table stg.employee
[2025-06-11T05:16:53.902+0000] {python.py:240} INFO - Done. Returned value was: None
[2025-06-11T05:16:53.972+0000] {taskinstance.py:340} INFO - ::group::Post task execution logs
[2025-06-11T05:16:53.982+0000] {taskinstance.py:352} INFO - Marking task as SUCCESS. dag_id=data_ingestion_to_stg, task_id=truncate_employee_20180509, run_id=manual__2025-06-11T05:16:36.881201+00:00, execution_date=20250611T051636, start_date=20250611T051652, end_date=20250611T051653
[2025-06-11T05:16:54.126+0000] {logging_mixin.py:190} INFO - Task instance in success state
[2025-06-11T05:16:54.128+0000] {logging_mixin.py:190} INFO -  Previous state of the Task instance: running
[2025-06-11T05:16:54.129+0000] {logging_mixin.py:190} INFO - Dag name:data_ingestion_to_stg queued_at:2025-06-11 05:16:36.905700+00:00
[2025-06-11T05:16:54.129+0000] {logging_mixin.py:190} INFO - Task hostname:d55d1164a4af operator:PythonOperator
[2025-06-11T05:16:54.192+0000] {local_task_job_runner.py:266} INFO - Task exited with return code 0
[2025-06-11T05:16:54.242+0000] {local_task_job_runner.py:245} INFO - ::endgroup::
