[2025-06-11T08:48:14.788+0000] {local_task_job_runner.py:123} INFO - ::group::Pre task execution logs
[2025-06-11T08:48:14.804+0000] {taskinstance.py:2612} INFO - Dependencies all met for dep_context=non-requeueable deps ti=<TaskInstance: data_ingestion_to_stg.dim_group manual__2025-06-11T08:47:56.344686+00:00 [queued]>
[2025-06-11T08:48:14.814+0000] {taskinstance.py:2612} INFO - Dependencies all met for dep_context=requeueable deps ti=<TaskInstance: data_ingestion_to_stg.dim_group manual__2025-06-11T08:47:56.344686+00:00 [queued]>
[2025-06-11T08:48:14.815+0000] {taskinstance.py:2865} INFO - Starting attempt 1 of 2
[2025-06-11T08:48:14.830+0000] {taskinstance.py:2888} INFO - Executing <Task(SQLExecuteQueryOperator): dim_group> on 2025-06-11 08:47:56.344686+00:00
[2025-06-11T08:48:14.840+0000] {warnings.py:112} WARNING - /home/***/.local/lib/python3.12/site-packages/***/task/task_runner/standard_task_runner.py:70: DeprecationWarning: This process (pid=181) is multi-threaded, use of fork() may lead to deadlocks in the child.
  pid = os.fork()

[2025-06-11T08:48:14.843+0000] {standard_task_runner.py:72} INFO - Started process 183 to run task
[2025-06-11T08:48:14.843+0000] {standard_task_runner.py:104} INFO - Running: ['***', 'tasks', 'run', 'data_ingestion_to_stg', 'dim_group', 'manual__2025-06-11T08:47:56.344686+00:00', '--job-id', '744', '--raw', '--subdir', 'DAGS_FOLDER/sql/dimensions/data_ingestion_to_stg.py', '--cfg-path', '/tmp/tmp0web5ze8']
[2025-06-11T08:48:14.844+0000] {standard_task_runner.py:105} INFO - Job 744: Subtask dim_group
[2025-06-11T08:48:14.888+0000] {task_command.py:467} INFO - Running <TaskInstance: data_ingestion_to_stg.dim_group manual__2025-06-11T08:47:56.344686+00:00 [running]> on host 50af1b76beaf
[2025-06-11T08:48:14.961+0000] {taskinstance.py:3131} INFO - Exporting env vars: AIRFLOW_CTX_DAG_OWNER='***' AIRFLOW_CTX_DAG_ID='data_ingestion_to_stg' AIRFLOW_CTX_TASK_ID='dim_group' AIRFLOW_CTX_EXECUTION_DATE='2025-06-11T08:47:56.344686+00:00' AIRFLOW_CTX_TRY_NUMBER='1' AIRFLOW_CTX_DAG_RUN_ID='manual__2025-06-11T08:47:56.344686+00:00'
[2025-06-11T08:48:14.963+0000] {logging_mixin.py:190} INFO - Task instance is in running state
[2025-06-11T08:48:14.963+0000] {logging_mixin.py:190} INFO -  Previous state of the Task instance: queued
[2025-06-11T08:48:14.964+0000] {logging_mixin.py:190} INFO - Current task name:dim_group state:running start_date:2025-06-11 08:48:14.805408+00:00
[2025-06-11T08:48:14.964+0000] {logging_mixin.py:190} INFO - Dag name:data_ingestion_to_stg and current dag run status:running
[2025-06-11T08:48:14.965+0000] {taskinstance.py:731} INFO - ::endgroup::
[2025-06-11T08:48:14.966+0000] {sql.py:266} INFO - Executing: 
TRUNCATE TABLE dm.dim_customer;

INSERT INTO dm.dim_customer (
            customer_id, customer_first_name, customer_middle_initial_name, 
            customer_last_name, customer_address, customer_city_id,
            customer_city_name, customer_zipcode, customer_country_id,
            customer_country_name, customer_country_code, start_date, end_date
        )
        SELECT 
            cu.customerid,
            cu.firstname,
            cu.middleinitial,
            cu.lastname,
            cu.address,
            cu.cityid,
            ci.cityname,
            ci.zipcode,
            ci.countryid,
            co.countryname,
            co.countrycode,
            CURRENT_DATE,
            NULL
        FROM stg.customers cu
        LEFT JOIN stg.cities ci ON cu.cityid = ci.cityid
        LEFT JOIN stg.countries co ON ci.countryid = co.countryid;

TRUNCATE TABLE dm.dim_employee

INSERT INTO dm.dim_employee (
            employee_id, employee_first_name, employee_middle_initial,
            employee_last_name, employee_birth_date, employee_gender,
            employee_city_id, employee_city_name, employee_country_id,
            employee_country_name, employee_country_code, employee_hire_date,
            start_date, end_date
        )
        SELECT 
            e.employeeid,
            e.firstname,
            e.middleinitial,
            e.lastname,
            e.birthdate,
            e.gender,
            e.cityid,
            ci.cityname,
            ci.countryid,
            co.countryname,
            co.countrycode,
            e.hiredate,
            CURRENT_DATE,
            NULL
        FROM stg.employee e
        LEFT JOIN stg.cities ci ON e.cityid = ci.cityid
        LEFT JOIN stg.countries co ON ci.countryid = co.countryid;

TRUNCATE TABLE dm.dim_product;

INSERT INTO dm.dim_product (
    product_id, product_name, product_price, category_id,
    category_name, modify_datetime, insert_date
)
SELECT 
    p.productid,
    p.productname,
    p.price,
    p.categoryid,
    c.categoryname,
    p.modifydate,
    CURRENT_DATE
FROM stg.products p
LEFT JOIN stg.categories c ON p.categoryid = c.categoryid;

TRUNCATE TABLE dm.dim_tme;

INSERT INTO dm.dim_time(date, days, month_id, month_name, year)
SELECT 
days.d::DATE as date, 
to_char(days.d, 'FMMonth DD, YYYY') as days, 
to_char(days.d, 'MM')::integer as month_id, 
to_char(days.d, 'FMMonth') as month_name, 
to_char(days.d, 'YYYY')::integer as year
from (
    SELECT generate_series(
        ('2000-01-01')::date, -- 'start' date
        ('2100-12-31')::date, -- 'end' date
        interval '1 day'  -- one for each day between the start and day
        )) as days(d);
[2025-06-11T08:48:14.975+0000] {base.py:84} INFO - Retrieving connection 'data_warehouse_project'
[2025-06-11T08:48:14.983+0000] {base.py:84} INFO - Retrieving connection 'data_warehouse_project'
[2025-06-11T08:48:15.140+0000] {sql.py:509} INFO - Running statement: 
TRUNCATE TABLE dm.dim_customer;

INSERT INTO dm.dim_customer (
            customer_id, customer_first_name, customer_middle_initial_name, 
            customer_last_name, customer_address, customer_city_id,
            customer_city_name, customer_zipcode, customer_country_id,
            customer_country_name, customer_country_code, start_date, end_date
        )
        SELECT 
            cu.customerid,
            cu.firstname,
            cu.middleinitial,
            cu.lastname,
            cu.address,
            cu.cityid,
            ci.cityname,
            ci.zipcode,
            ci.countryid,
            co.countryname,
            co.countrycode,
            CURRENT_DATE,
            NULL
        FROM stg.customers cu
        LEFT JOIN stg.cities ci ON cu.cityid = ci.cityid
        LEFT JOIN stg.countries co ON ci.countryid = co.countryid;

TRUNCATE TABLE dm.dim_employee

INSERT INTO dm.dim_employee (
            employee_id, employee_first_name, employee_middle_initial,
            employee_last_name, employee_birth_date, employee_gender,
            employee_city_id, employee_city_name, employee_country_id,
            employee_country_name, employee_country_code, employee_hire_date,
            start_date, end_date
        )
        SELECT 
            e.employeeid,
            e.firstname,
            e.middleinitial,
            e.lastname,
            e.birthdate,
            e.gender,
            e.cityid,
            ci.cityname,
            ci.countryid,
            co.countryname,
            co.countrycode,
            e.hiredate,
            CURRENT_DATE,
            NULL
        FROM stg.employee e
        LEFT JOIN stg.cities ci ON e.cityid = ci.cityid
        LEFT JOIN stg.countries co ON ci.countryid = co.countryid;

TRUNCATE TABLE dm.dim_product;

INSERT INTO dm.dim_product (
    product_id, product_name, product_price, category_id,
    category_name, modify_datetime, insert_date
)
SELECT 
    p.productid,
    p.productname,
    p.price,
    p.categoryid,
    c.categoryname,
    p.modifydate,
    CURRENT_DATE
FROM stg.products p
LEFT JOIN stg.categories c ON p.categoryid = c.categoryid;

TRUNCATE TABLE dm.dim_tme;

INSERT INTO dm.dim_time(date, days, month_id, month_name, year)
SELECT 
days.d::DATE as date, 
to_char(days.d, 'FMMonth DD, YYYY') as days, 
to_char(days.d, 'MM')::integer as month_id, 
to_char(days.d, 'FMMonth') as month_name, 
to_char(days.d, 'YYYY')::integer as year
from (
    SELECT generate_series(
        ('2000-01-01')::date, -- 'start' date
        ('2100-12-31')::date, -- 'end' date
        interval '1 day'  -- one for each day between the start and day
        )) as days(d);, parameters: None
[2025-06-11T08:48:15.148+0000] {taskinstance.py:3310} ERROR - Task failed with exception
Traceback (most recent call last):
  File "/home/airflow/.local/lib/python3.12/site-packages/airflow/models/taskinstance.py", line 767, in _execute_task
    result = _execute_callable(context=context, **execute_callable_kwargs)
             ^^^^^^^^^^^^^^^^^^^^^^^^^^^^^^^^^^^^^^^^^^^^^^^^^^^^^^^^^^^^^
  File "/home/airflow/.local/lib/python3.12/site-packages/airflow/models/taskinstance.py", line 733, in _execute_callable
    return ExecutionCallableRunner(
           ^^^^^^^^^^^^^^^^^^^^^^^^
  File "/home/airflow/.local/lib/python3.12/site-packages/airflow/utils/operator_helpers.py", line 252, in run
    return self.func(*args, **kwargs)
           ^^^^^^^^^^^^^^^^^^^^^^^^^^
  File "/home/airflow/.local/lib/python3.12/site-packages/airflow/models/baseoperator.py", line 406, in wrapper
    return func(self, *args, **kwargs)
           ^^^^^^^^^^^^^^^^^^^^^^^^^^^
  File "/home/airflow/.local/lib/python3.12/site-packages/airflow/providers/common/sql/operators/sql.py", line 272, in execute
    output = hook.run(
             ^^^^^^^^^
  File "/home/airflow/.local/lib/python3.12/site-packages/airflow/providers/common/sql/hooks/sql.py", line 456, in run
    self._run_command(cur, sql_statement, parameters)
  File "/home/airflow/.local/lib/python3.12/site-packages/airflow/providers/common/sql/hooks/sql.py", line 514, in _run_command
    cur.execute(sql_statement)
psycopg2.errors.SyntaxError: syntax error at or near "INSERT"
LINE 30: INSERT INTO dm.dim_employee (
         ^

[2025-06-11T08:48:15.167+0000] {logging_mixin.py:190} INFO - Task instance in failure state
[2025-06-11T08:48:15.168+0000] {logging_mixin.py:190} INFO - Task start:2025-06-11 08:48:14.805408+00:00 end:2025-06-11 08:48:15.166268+00:00 duration:0.36086
[2025-06-11T08:48:15.169+0000] {logging_mixin.py:190} INFO - Task:<Task(SQLExecuteQueryOperator): dim_group> dag:<DAG: data_ingestion_to_stg> dagrun:<DagRun data_ingestion_to_stg @ 2025-06-11 08:47:56.344686+00:00: manual__2025-06-11T08:47:56.344686+00:00, state:running, queued_at: 2025-06-11 08:47:56.379660+00:00. externally triggered: True>
[2025-06-11T08:48:15.170+0000] {logging_mixin.py:190} INFO - Failure caused by syntax error at or near "INSERT"
LINE 30: INSERT INTO dm.dim_employee (
         ^
[2025-06-11T08:48:15.171+0000] {taskinstance.py:1225} INFO - Marking task as UP_FOR_RETRY. dag_id=data_ingestion_to_stg, task_id=dim_group, run_id=manual__2025-06-11T08:47:56.344686+00:00, execution_date=20250611T084756, start_date=20250611T084814, end_date=20250611T084815
[2025-06-11T08:48:15.187+0000] {taskinstance.py:340} INFO - ::group::Post task execution logs
[2025-06-11T08:48:15.188+0000] {standard_task_runner.py:124} ERROR - Failed to execute job 744 for task dim_group (syntax error at or near "INSERT"
LINE 30: INSERT INTO dm.dim_employee (
         ^
; 183)
Traceback (most recent call last):
  File "/home/airflow/.local/lib/python3.12/site-packages/airflow/task/task_runner/standard_task_runner.py", line 117, in _start_by_fork
    ret = args.func(args, dag=self.dag)
          ^^^^^^^^^^^^^^^^^^^^^^^^^^^^^
  File "/home/airflow/.local/lib/python3.12/site-packages/airflow/cli/cli_config.py", line 49, in command
    return func(*args, **kwargs)
           ^^^^^^^^^^^^^^^^^^^^^
  File "/home/airflow/.local/lib/python3.12/site-packages/airflow/utils/cli.py", line 115, in wrapper
    return f(*args, **kwargs)
           ^^^^^^^^^^^^^^^^^^
  File "/home/airflow/.local/lib/python3.12/site-packages/airflow/cli/commands/task_command.py", line 483, in task_run
    task_return_code = _run_task_by_selected_method(args, _dag, ti)
                       ^^^^^^^^^^^^^^^^^^^^^^^^^^^^^^^^^^^^^^^^^^^^
  File "/home/airflow/.local/lib/python3.12/site-packages/airflow/cli/commands/task_command.py", line 256, in _run_task_by_selected_method
    return _run_raw_task(args, ti)
           ^^^^^^^^^^^^^^^^^^^^^^^
  File "/home/airflow/.local/lib/python3.12/site-packages/airflow/cli/commands/task_command.py", line 341, in _run_raw_task
    return ti._run_raw_task(
           ^^^^^^^^^^^^^^^^^
  File "/home/airflow/.local/lib/python3.12/site-packages/airflow/utils/session.py", line 97, in wrapper
    return func(*args, session=session, **kwargs)
           ^^^^^^^^^^^^^^^^^^^^^^^^^^^^^^^^^^^^^^
  File "/home/airflow/.local/lib/python3.12/site-packages/airflow/models/taskinstance.py", line 3004, in _run_raw_task
    return _run_raw_task(
           ^^^^^^^^^^^^^^
  File "/home/airflow/.local/lib/python3.12/site-packages/airflow/models/taskinstance.py", line 273, in _run_raw_task
    TaskInstance._execute_task_with_callbacks(
  File "/home/airflow/.local/lib/python3.12/site-packages/airflow/models/taskinstance.py", line 3158, in _execute_task_with_callbacks
    result = self._execute_task(context, task_orig)
             ^^^^^^^^^^^^^^^^^^^^^^^^^^^^^^^^^^^^^^
  File "/home/airflow/.local/lib/python3.12/site-packages/airflow/models/taskinstance.py", line 3182, in _execute_task
    return _execute_task(self, context, task_orig)
           ^^^^^^^^^^^^^^^^^^^^^^^^^^^^^^^^^^^^^^^
  File "/home/airflow/.local/lib/python3.12/site-packages/airflow/models/taskinstance.py", line 767, in _execute_task
    result = _execute_callable(context=context, **execute_callable_kwargs)
             ^^^^^^^^^^^^^^^^^^^^^^^^^^^^^^^^^^^^^^^^^^^^^^^^^^^^^^^^^^^^^
  File "/home/airflow/.local/lib/python3.12/site-packages/airflow/models/taskinstance.py", line 733, in _execute_callable
    return ExecutionCallableRunner(
           ^^^^^^^^^^^^^^^^^^^^^^^^
  File "/home/airflow/.local/lib/python3.12/site-packages/airflow/utils/operator_helpers.py", line 252, in run
    return self.func(*args, **kwargs)
           ^^^^^^^^^^^^^^^^^^^^^^^^^^
  File "/home/airflow/.local/lib/python3.12/site-packages/airflow/models/baseoperator.py", line 406, in wrapper
    return func(self, *args, **kwargs)
           ^^^^^^^^^^^^^^^^^^^^^^^^^^^
  File "/home/airflow/.local/lib/python3.12/site-packages/airflow/providers/common/sql/operators/sql.py", line 272, in execute
    output = hook.run(
             ^^^^^^^^^
  File "/home/airflow/.local/lib/python3.12/site-packages/airflow/providers/common/sql/hooks/sql.py", line 456, in run
    self._run_command(cur, sql_statement, parameters)
  File "/home/airflow/.local/lib/python3.12/site-packages/airflow/providers/common/sql/hooks/sql.py", line 514, in _run_command
    cur.execute(sql_statement)
psycopg2.errors.SyntaxError: syntax error at or near "INSERT"
LINE 30: INSERT INTO dm.dim_employee (
         ^

[2025-06-11T08:48:15.220+0000] {local_task_job_runner.py:266} INFO - Task exited with return code 1
[2025-06-11T08:48:15.240+0000] {taskinstance.py:3900} INFO - 0 downstream tasks scheduled from follow-on schedule check
[2025-06-11T08:48:15.242+0000] {local_task_job_runner.py:245} INFO - ::endgroup::
