[2025-06-11T09:43:29.589+0000] {local_task_job_runner.py:123} INFO - ::group::Pre task execution logs
[2025-06-11T09:43:29.614+0000] {taskinstance.py:2612} INFO - Dependencies all met for dep_context=non-requeueable deps ti=<TaskInstance: data_ingestion_to_stg.dim_group.dim_time manual__2025-06-11T09:43:12.716102+00:00 [queued]>
[2025-06-11T09:43:29.626+0000] {taskinstance.py:2612} INFO - Dependencies all met for dep_context=requeueable deps ti=<TaskInstance: data_ingestion_to_stg.dim_group.dim_time manual__2025-06-11T09:43:12.716102+00:00 [queued]>
[2025-06-11T09:43:29.628+0000] {taskinstance.py:2865} INFO - Starting attempt 1 of 2
[2025-06-11T09:43:29.645+0000] {taskinstance.py:2888} INFO - Executing <Task(SQLExecuteQueryOperator): dim_group.dim_time> on 2025-06-11 09:43:12.716102+00:00
[2025-06-11T09:43:29.656+0000] {warnings.py:112} WARNING - /home/***/.local/lib/python3.12/site-packages/***/task/task_runner/standard_task_runner.py:70: DeprecationWarning: This process (pid=1544) is multi-threaded, use of fork() may lead to deadlocks in the child.
  pid = os.fork()

[2025-06-11T09:43:29.658+0000] {standard_task_runner.py:72} INFO - Started process 1556 to run task
[2025-06-11T09:43:29.659+0000] {standard_task_runner.py:104} INFO - Running: ['***', 'tasks', 'run', 'data_ingestion_to_stg', 'dim_group.dim_time', 'manual__2025-06-11T09:43:12.716102+00:00', '--job-id', '907', '--raw', '--subdir', 'DAGS_FOLDER/data_ingestion_to_stg.py', '--cfg-path', '/tmp/tmp_ga9p6ri']
[2025-06-11T09:43:29.660+0000] {standard_task_runner.py:105} INFO - Job 907: Subtask dim_group.dim_time
[2025-06-11T09:43:29.709+0000] {task_command.py:467} INFO - Running <TaskInstance: data_ingestion_to_stg.dim_group.dim_time manual__2025-06-11T09:43:12.716102+00:00 [running]> on host 50af1b76beaf
[2025-06-11T09:43:29.812+0000] {taskinstance.py:3131} INFO - Exporting env vars: AIRFLOW_CTX_DAG_OWNER='***' AIRFLOW_CTX_DAG_ID='data_ingestion_to_stg' AIRFLOW_CTX_TASK_ID='dim_group.dim_time' AIRFLOW_CTX_EXECUTION_DATE='2025-06-11T09:43:12.716102+00:00' AIRFLOW_CTX_TRY_NUMBER='1' AIRFLOW_CTX_DAG_RUN_ID='manual__2025-06-11T09:43:12.716102+00:00'
[2025-06-11T09:43:29.815+0000] {logging_mixin.py:190} INFO - Task instance is in running state
[2025-06-11T09:43:29.816+0000] {logging_mixin.py:190} INFO -  Previous state of the Task instance: queued
[2025-06-11T09:43:29.816+0000] {logging_mixin.py:190} INFO - Current task name:dim_group.dim_time state:running start_date:2025-06-11 09:43:29.615599+00:00
[2025-06-11T09:43:29.817+0000] {logging_mixin.py:190} INFO - Dag name:data_ingestion_to_stg and current dag run status:running
[2025-06-11T09:43:29.817+0000] {taskinstance.py:731} INFO - ::endgroup::
[2025-06-11T09:43:29.818+0000] {sql.py:266} INFO - Executing: 
TRUNCATE TABLE dm.dim_time;

INSERT INTO dm.dim_time(date, days, month_id, month_name, year)
SELECT 
days.d::DATE as date, 
to_char(days.d, 'FMMonth DD, YYYY') as days, 
to_char(days.d, 'MM')::integer as month_id, 
to_char(days.d, 'FMMonth') as month_name, 
to_char(days.d, 'YYYY')::integer as year
from (
    SELECT generate_series(
        ('2000-01-01')::date, -- 'start' date
        ('2100-12-31')::date, -- 'end' date
        interval '1 day'  -- one for each day between the start and day
        )) as days(d);
[2025-06-11T09:43:29.830+0000] {base.py:84} INFO - Retrieving connection 'data_warehouse_project'
[2025-06-11T09:43:29.841+0000] {base.py:84} INFO - Retrieving connection 'data_warehouse_project'
[2025-06-11T09:43:29.897+0000] {sql.py:509} INFO - Running statement: 
TRUNCATE TABLE dm.dim_time;

INSERT INTO dm.dim_time(date, days, month_id, month_name, year)
SELECT 
days.d::DATE as date, 
to_char(days.d, 'FMMonth DD, YYYY') as days, 
to_char(days.d, 'MM')::integer as month_id, 
to_char(days.d, 'FMMonth') as month_name, 
to_char(days.d, 'YYYY')::integer as year
from (
    SELECT generate_series(
        ('2000-01-01')::date, -- 'start' date
        ('2100-12-31')::date, -- 'end' date
        interval '1 day'  -- one for each day between the start and day
        )) as days(d);, parameters: None
[2025-06-11T09:43:30.179+0000] {sql.py:518} INFO - Rows affected: 36890
[2025-06-11T09:43:30.201+0000] {taskinstance.py:340} INFO - ::group::Post task execution logs
[2025-06-11T09:43:30.202+0000] {taskinstance.py:352} INFO - Marking task as SUCCESS. dag_id=data_ingestion_to_stg, task_id=dim_group.dim_time, run_id=manual__2025-06-11T09:43:12.716102+00:00, execution_date=20250611T094312, start_date=20250611T094329, end_date=20250611T094330
[2025-06-11T09:43:30.215+0000] {logging_mixin.py:190} INFO - Task instance in success state
[2025-06-11T09:43:30.215+0000] {logging_mixin.py:190} INFO -  Previous state of the Task instance: running
[2025-06-11T09:43:30.216+0000] {logging_mixin.py:190} INFO - Dag name:data_ingestion_to_stg queued_at:2025-06-11 09:43:12.780670+00:00
[2025-06-11T09:43:30.216+0000] {logging_mixin.py:190} INFO - Task hostname:50af1b76beaf operator:SQLExecuteQueryOperator
[2025-06-11T09:43:30.235+0000] {local_task_job_runner.py:266} INFO - Task exited with return code 0
[2025-06-11T09:43:30.262+0000] {taskinstance.py:3900} INFO - 0 downstream tasks scheduled from follow-on schedule check
[2025-06-11T09:43:30.265+0000] {local_task_job_runner.py:245} INFO - ::endgroup::
