[2025-06-11T08:21:00.259+0000] {local_task_job_runner.py:123} INFO - ::group::Pre task execution logs
[2025-06-11T08:21:00.326+0000] {taskinstance.py:2612} INFO - Dependencies all met for dep_context=non-requeueable deps ti=<TaskInstance: data_ingestion_to_stg.load_sales_20180508 manual__2025-06-11T08:20:42.401194+00:00 [queued]>
[2025-06-11T08:21:00.353+0000] {taskinstance.py:2612} INFO - Dependencies all met for dep_context=requeueable deps ti=<TaskInstance: data_ingestion_to_stg.load_sales_20180508 manual__2025-06-11T08:20:42.401194+00:00 [queued]>
[2025-06-11T08:21:00.356+0000] {taskinstance.py:2865} INFO - Starting attempt 1 of 2
[2025-06-11T08:21:00.417+0000] {taskinstance.py:2888} INFO - Executing <Task(PythonOperator): load_sales_20180508> on 2025-06-11 08:20:42.401194+00:00
[2025-06-11T08:21:00.435+0000] {warnings.py:112} WARNING - /home/***/.local/lib/python3.12/site-packages/***/task/task_runner/standard_task_runner.py:70: DeprecationWarning: This process (pid=156) is multi-threaded, use of fork() may lead to deadlocks in the child.
  pid = os.fork()

[2025-06-11T08:21:00.440+0000] {standard_task_runner.py:72} INFO - Started process 187 to run task
[2025-06-11T08:21:00.446+0000] {standard_task_runner.py:104} INFO - Running: ['***', 'tasks', 'run', 'data_ingestion_to_stg', 'load_sales_20180508', 'manual__2025-06-11T08:20:42.401194+00:00', '--job-id', '594', '--raw', '--subdir', 'DAGS_FOLDER/data_ingestion_to_stg.py', '--cfg-path', '/tmp/tmpm8vvebb9']
[2025-06-11T08:21:00.461+0000] {standard_task_runner.py:105} INFO - Job 594: Subtask load_sales_20180508
[2025-06-11T08:21:00.643+0000] {task_command.py:467} INFO - Running <TaskInstance: data_ingestion_to_stg.load_sales_20180508 manual__2025-06-11T08:20:42.401194+00:00 [running]> on host 8b2e3fa0123b
[2025-06-11T08:21:01.105+0000] {taskinstance.py:3131} INFO - Exporting env vars: AIRFLOW_CTX_DAG_OWNER='***' AIRFLOW_CTX_DAG_ID='data_ingestion_to_stg' AIRFLOW_CTX_TASK_ID='load_sales_20180508' AIRFLOW_CTX_EXECUTION_DATE='2025-06-11T08:20:42.401194+00:00' AIRFLOW_CTX_TRY_NUMBER='1' AIRFLOW_CTX_DAG_RUN_ID='manual__2025-06-11T08:20:42.401194+00:00'
[2025-06-11T08:21:01.108+0000] {logging_mixin.py:190} INFO - Task instance is in running state
[2025-06-11T08:21:01.131+0000] {logging_mixin.py:190} INFO -  Previous state of the Task instance: queued
[2025-06-11T08:21:01.132+0000] {logging_mixin.py:190} INFO - Current task name:load_sales_20180508 state:running start_date:2025-06-11 08:21:00.336596+00:00
[2025-06-11T08:21:01.146+0000] {logging_mixin.py:190} INFO - Dag name:data_ingestion_to_stg and current dag run status:running
[2025-06-11T08:21:01.149+0000] {taskinstance.py:731} INFO - ::endgroup::
[2025-06-11T08:21:01.174+0000] {postgres.py:191} INFO - Running copy expert: COPY stg.sales FROM STDIN WITH CSV DELIMITER ';' HEADER;, filename: /opt/***/INPUT/20180508/20180508.sales.csv
[2025-06-11T08:21:01.229+0000] {base.py:84} INFO - Retrieving connection 'data_warehouse_project'
[2025-06-11T08:21:02.753+0000] {logging_mixin.py:190} INFO - [INFO] Berhasil load 20180508.sales.csv ke stg.sales
[2025-06-11T08:21:02.753+0000] {python.py:240} INFO - Done. Returned value was: None
[2025-06-11T08:21:02.771+0000] {taskinstance.py:340} INFO - ::group::Post task execution logs
[2025-06-11T08:21:02.772+0000] {taskinstance.py:352} INFO - Marking task as SUCCESS. dag_id=data_ingestion_to_stg, task_id=load_sales_20180508, run_id=manual__2025-06-11T08:20:42.401194+00:00, execution_date=20250611T082042, start_date=20250611T082100, end_date=20250611T082102
[2025-06-11T08:21:02.803+0000] {logging_mixin.py:190} INFO - Task instance in success state
[2025-06-11T08:21:02.804+0000] {logging_mixin.py:190} INFO -  Previous state of the Task instance: running
[2025-06-11T08:21:02.805+0000] {logging_mixin.py:190} INFO - Dag name:data_ingestion_to_stg queued_at:2025-06-11 08:20:42.436905+00:00
[2025-06-11T08:21:02.805+0000] {logging_mixin.py:190} INFO - Task hostname:8b2e3fa0123b operator:PythonOperator
[2025-06-11T08:21:02.836+0000] {local_task_job_runner.py:266} INFO - Task exited with return code 0
[2025-06-11T08:21:02.873+0000] {taskinstance.py:3900} INFO - 0 downstream tasks scheduled from follow-on schedule check
[2025-06-11T08:21:02.875+0000] {local_task_job_runner.py:245} INFO - ::endgroup::
