[2025-06-11T04:27:24.171+0000] {local_task_job_runner.py:123} INFO - ::group::Pre task execution logs
[2025-06-11T04:27:24.216+0000] {taskinstance.py:2612} INFO - Dependencies all met for dep_context=non-requeueable deps ti=<TaskInstance: data_ingestion_to_stg.load_countries_20180509 manual__2025-06-11T04:27:11.104144+00:00 [queued]>
[2025-06-11T04:27:24.251+0000] {taskinstance.py:2612} INFO - Dependencies all met for dep_context=requeueable deps ti=<TaskInstance: data_ingestion_to_stg.load_countries_20180509 manual__2025-06-11T04:27:11.104144+00:00 [queued]>
[2025-06-11T04:27:24.271+0000] {taskinstance.py:2865} INFO - Starting attempt 1 of 2
[2025-06-11T04:27:24.301+0000] {taskinstance.py:2888} INFO - Executing <Task(PythonOperator): load_countries_20180509> on 2025-06-11 04:27:11.104144+00:00
[2025-06-11T04:27:24.315+0000] {warnings.py:112} WARNING - /home/***/.local/lib/python3.12/site-packages/***/task/task_runner/standard_task_runner.py:70: DeprecationWarning: This process (pid=1185) is multi-threaded, use of fork() may lead to deadlocks in the child.
  pid = os.fork()

[2025-06-11T04:27:24.319+0000] {standard_task_runner.py:72} INFO - Started process 1213 to run task
[2025-06-11T04:27:24.352+0000] {standard_task_runner.py:104} INFO - Running: ['***', 'tasks', 'run', 'data_ingestion_to_stg', 'load_countries_20180509', 'manual__2025-06-11T04:27:11.104144+00:00', '--job-id', '300', '--raw', '--subdir', 'DAGS_FOLDER/data_ingestion_to_stg.py', '--cfg-path', '/tmp/tmpjxexhqm2']
[2025-06-11T04:27:24.354+0000] {standard_task_runner.py:105} INFO - Job 300: Subtask load_countries_20180509
[2025-06-11T04:27:24.435+0000] {task_command.py:467} INFO - Running <TaskInstance: data_ingestion_to_stg.load_countries_20180509 manual__2025-06-11T04:27:11.104144+00:00 [running]> on host bc5ec7a98490
[2025-06-11T04:27:24.590+0000] {taskinstance.py:3131} INFO - Exporting env vars: AIRFLOW_CTX_DAG_OWNER='***' AIRFLOW_CTX_DAG_ID='data_ingestion_to_stg' AIRFLOW_CTX_TASK_ID='load_countries_20180509' AIRFLOW_CTX_EXECUTION_DATE='2025-06-11T04:27:11.104144+00:00' AIRFLOW_CTX_TRY_NUMBER='1' AIRFLOW_CTX_DAG_RUN_ID='manual__2025-06-11T04:27:11.104144+00:00'
[2025-06-11T04:27:24.594+0000] {logging_mixin.py:190} INFO - Task instance is in running state
[2025-06-11T04:27:24.596+0000] {logging_mixin.py:190} INFO -  Previous state of the Task instance: queued
[2025-06-11T04:27:24.603+0000] {logging_mixin.py:190} INFO - Current task name:load_countries_20180509 state:running start_date:2025-06-11 04:27:24.217796+00:00
[2025-06-11T04:27:24.605+0000] {logging_mixin.py:190} INFO - Dag name:data_ingestion_to_stg and current dag run status:running
[2025-06-11T04:27:24.606+0000] {taskinstance.py:731} INFO - ::endgroup::
[2025-06-11T04:27:24.620+0000] {postgres.py:191} INFO - Running copy expert: COPY stg.countries FROM STDIN WITH CSV DELIMITER ';' HEADER;, filename: /opt/***/INPUT/20180509/20180509.countries.csv
[2025-06-11T04:27:24.644+0000] {base.py:84} INFO - Retrieving connection 'data_warehouse_project'
[2025-06-11T04:27:24.754+0000] {logging_mixin.py:190} INFO - [INFO] Berhasil load 20180509.countries.csv ke stg.countries
[2025-06-11T04:27:24.756+0000] {python.py:240} INFO - Done. Returned value was: None
[2025-06-11T04:27:24.780+0000] {taskinstance.py:340} INFO - ::group::Post task execution logs
[2025-06-11T04:27:24.781+0000] {taskinstance.py:352} INFO - Marking task as SUCCESS. dag_id=data_ingestion_to_stg, task_id=load_countries_20180509, run_id=manual__2025-06-11T04:27:11.104144+00:00, execution_date=20250611T042711, start_date=20250611T042724, end_date=20250611T042724
[2025-06-11T04:27:24.809+0000] {logging_mixin.py:190} INFO - Task instance in success state
[2025-06-11T04:27:24.812+0000] {logging_mixin.py:190} INFO -  Previous state of the Task instance: running
[2025-06-11T04:27:24.814+0000] {logging_mixin.py:190} INFO - Dag name:data_ingestion_to_stg queued_at:2025-06-11 04:27:11.124719+00:00
[2025-06-11T04:27:24.815+0000] {logging_mixin.py:190} INFO - Task hostname:bc5ec7a98490 operator:PythonOperator
[2025-06-11T04:27:24.834+0000] {local_task_job_runner.py:266} INFO - Task exited with return code 0
[2025-06-11T04:27:24.874+0000] {taskinstance.py:3900} INFO - 0 downstream tasks scheduled from follow-on schedule check
[2025-06-11T04:27:24.885+0000] {local_task_job_runner.py:245} INFO - ::endgroup::
