[2025-06-11T08:14:12.446+0000] {local_task_job_runner.py:123} INFO - ::group::Pre task execution logs
[2025-06-11T08:14:12.520+0000] {taskinstance.py:2612} INFO - Dependencies all met for dep_context=non-requeueable deps ti=<TaskInstance: data_ingestion_to_stg.truncate_employee_20180508 manual__2025-06-11T08:13:59.453815+00:00 [queued]>
[2025-06-11T08:14:12.567+0000] {taskinstance.py:2612} INFO - Dependencies all met for dep_context=requeueable deps ti=<TaskInstance: data_ingestion_to_stg.truncate_employee_20180508 manual__2025-06-11T08:13:59.453815+00:00 [queued]>
[2025-06-11T08:14:12.570+0000] {taskinstance.py:2865} INFO - Starting attempt 1 of 2
[2025-06-11T08:14:12.653+0000] {taskinstance.py:2888} INFO - Executing <Task(PythonOperator): truncate_employee_20180508> on 2025-06-11 08:13:59.453815+00:00
[2025-06-11T08:14:12.677+0000] {warnings.py:112} WARNING - /home/***/.local/lib/python3.12/site-packages/***/task/task_runner/standard_task_runner.py:70: DeprecationWarning: This process (pid=162) is multi-threaded, use of fork() may lead to deadlocks in the child.
  pid = os.fork()

[2025-06-11T08:14:12.688+0000] {standard_task_runner.py:72} INFO - Started process 191 to run task
[2025-06-11T08:14:12.701+0000] {standard_task_runner.py:104} INFO - Running: ['***', 'tasks', 'run', 'data_ingestion_to_stg', 'truncate_employee_20180508', 'manual__2025-06-11T08:13:59.453815+00:00', '--job-id', '544', '--raw', '--subdir', 'DAGS_FOLDER/data_ingestion_to_stg.py', '--cfg-path', '/tmp/tmprb8huk1g']
[2025-06-11T08:14:12.725+0000] {standard_task_runner.py:105} INFO - Job 544: Subtask truncate_employee_20180508
[2025-06-11T08:14:12.985+0000] {task_command.py:467} INFO - Running <TaskInstance: data_ingestion_to_stg.truncate_employee_20180508 manual__2025-06-11T08:13:59.453815+00:00 [running]> on host 2d4b374c5f38
[2025-06-11T08:14:13.259+0000] {taskinstance.py:3131} INFO - Exporting env vars: AIRFLOW_CTX_DAG_OWNER='***' AIRFLOW_CTX_DAG_ID='data_ingestion_to_stg' AIRFLOW_CTX_TASK_ID='truncate_employee_20180508' AIRFLOW_CTX_EXECUTION_DATE='2025-06-11T08:13:59.453815+00:00' AIRFLOW_CTX_TRY_NUMBER='1' AIRFLOW_CTX_DAG_RUN_ID='manual__2025-06-11T08:13:59.453815+00:00'
[2025-06-11T08:14:13.262+0000] {logging_mixin.py:190} INFO - Task instance is in running state
[2025-06-11T08:14:13.263+0000] {logging_mixin.py:190} INFO -  Previous state of the Task instance: queued
[2025-06-11T08:14:13.265+0000] {logging_mixin.py:190} INFO - Current task name:truncate_employee_20180508 state:running start_date:2025-06-11 08:14:12.522469+00:00
[2025-06-11T08:14:13.270+0000] {logging_mixin.py:190} INFO - Dag name:data_ingestion_to_stg and current dag run status:running
[2025-06-11T08:14:13.272+0000] {taskinstance.py:731} INFO - ::endgroup::
[2025-06-11T08:14:13.307+0000] {base.py:84} INFO - Retrieving connection 'data_warehouse_project'
[2025-06-11T08:14:13.441+0000] {sql.py:509} INFO - Running statement: TRUNCATE TABLE stg.employee;, parameters: None
[2025-06-11T08:14:13.472+0000] {logging_mixin.py:190} INFO - [INFO] Truncated table stg.employee
[2025-06-11T08:14:13.473+0000] {python.py:240} INFO - Done. Returned value was: None
[2025-06-11T08:14:13.520+0000] {taskinstance.py:340} INFO - ::group::Post task execution logs
[2025-06-11T08:14:13.523+0000] {taskinstance.py:352} INFO - Marking task as SUCCESS. dag_id=data_ingestion_to_stg, task_id=truncate_employee_20180508, run_id=manual__2025-06-11T08:13:59.453815+00:00, execution_date=20250611T081359, start_date=20250611T081412, end_date=20250611T081413
[2025-06-11T08:14:13.615+0000] {logging_mixin.py:190} INFO - Task instance in success state
[2025-06-11T08:14:13.618+0000] {logging_mixin.py:190} INFO -  Previous state of the Task instance: running
[2025-06-11T08:14:13.621+0000] {logging_mixin.py:190} INFO - Dag name:data_ingestion_to_stg queued_at:2025-06-11 08:13:59.492750+00:00
[2025-06-11T08:14:13.621+0000] {logging_mixin.py:190} INFO - Task hostname:2d4b374c5f38 operator:PythonOperator
[2025-06-11T08:14:13.671+0000] {local_task_job_runner.py:266} INFO - Task exited with return code 0
[2025-06-11T08:14:13.774+0000] {taskinstance.py:3900} INFO - 1 downstream tasks scheduled from follow-on schedule check
[2025-06-11T08:14:13.777+0000] {local_task_job_runner.py:245} INFO - ::endgroup::
