[2025-06-11T09:14:29.959+0000] {local_task_job_runner.py:123} INFO - ::group::Pre task execution logs
[2025-06-11T09:14:30.031+0000] {taskinstance.py:2612} INFO - Dependencies all met for dep_context=non-requeueable deps ti=<TaskInstance: data_ingestion_to_stg.load_sales_20180508 manual__2025-06-11T09:14:10.182020+00:00 [queued]>
[2025-06-11T09:14:30.060+0000] {taskinstance.py:2612} INFO - Dependencies all met for dep_context=requeueable deps ti=<TaskInstance: data_ingestion_to_stg.load_sales_20180508 manual__2025-06-11T09:14:10.182020+00:00 [queued]>
[2025-06-11T09:14:30.066+0000] {taskinstance.py:2865} INFO - Starting attempt 1 of 2
[2025-06-11T09:14:30.108+0000] {taskinstance.py:2888} INFO - Executing <Task(PythonOperator): load_sales_20180508> on 2025-06-11 09:14:10.182020+00:00
[2025-06-11T09:14:30.124+0000] {warnings.py:112} WARNING - /home/***/.local/lib/python3.12/site-packages/***/task/task_runner/standard_task_runner.py:70: DeprecationWarning: This process (pid=607) is multi-threaded, use of fork() may lead to deadlocks in the child.
  pid = os.fork()

[2025-06-11T09:14:30.125+0000] {standard_task_runner.py:72} INFO - Started process 632 to run task
[2025-06-11T09:14:30.131+0000] {standard_task_runner.py:104} INFO - Running: ['***', 'tasks', 'run', 'data_ingestion_to_stg', 'load_sales_20180508', 'manual__2025-06-11T09:14:10.182020+00:00', '--job-id', '767', '--raw', '--subdir', 'DAGS_FOLDER/data_ingestion_to_stg.py', '--cfg-path', '/tmp/tmpqvafvjnd']
[2025-06-11T09:14:30.136+0000] {standard_task_runner.py:105} INFO - Job 767: Subtask load_sales_20180508
[2025-06-11T09:14:30.281+0000] {task_command.py:467} INFO - Running <TaskInstance: data_ingestion_to_stg.load_sales_20180508 manual__2025-06-11T09:14:10.182020+00:00 [running]> on host 50af1b76beaf
[2025-06-11T09:14:30.734+0000] {taskinstance.py:3131} INFO - Exporting env vars: AIRFLOW_CTX_DAG_OWNER='***' AIRFLOW_CTX_DAG_ID='data_ingestion_to_stg' AIRFLOW_CTX_TASK_ID='load_sales_20180508' AIRFLOW_CTX_EXECUTION_DATE='2025-06-11T09:14:10.182020+00:00' AIRFLOW_CTX_TRY_NUMBER='1' AIRFLOW_CTX_DAG_RUN_ID='manual__2025-06-11T09:14:10.182020+00:00'
[2025-06-11T09:14:30.739+0000] {logging_mixin.py:190} INFO - Task instance is in running state
[2025-06-11T09:14:30.751+0000] {logging_mixin.py:190} INFO -  Previous state of the Task instance: queued
[2025-06-11T09:14:30.752+0000] {logging_mixin.py:190} INFO - Current task name:load_sales_20180508 state:running start_date:2025-06-11 09:14:30.032318+00:00
[2025-06-11T09:14:30.753+0000] {logging_mixin.py:190} INFO - Dag name:data_ingestion_to_stg and current dag run status:running
[2025-06-11T09:14:30.758+0000] {taskinstance.py:731} INFO - ::endgroup::
[2025-06-11T09:14:30.773+0000] {postgres.py:191} INFO - Running copy expert: COPY stg.sales FROM STDIN WITH CSV DELIMITER ';' HEADER;, filename: /opt/***/INPUT/20180508/20180508.sales.csv
[2025-06-11T09:14:30.831+0000] {base.py:84} INFO - Retrieving connection 'data_warehouse_project'
[2025-06-11T09:14:32.093+0000] {logging_mixin.py:190} INFO - [INFO] Berhasil load 20180508.sales.csv ke stg.sales
[2025-06-11T09:14:32.094+0000] {python.py:240} INFO - Done. Returned value was: None
[2025-06-11T09:14:32.113+0000] {taskinstance.py:340} INFO - ::group::Post task execution logs
[2025-06-11T09:14:32.114+0000] {taskinstance.py:352} INFO - Marking task as SUCCESS. dag_id=data_ingestion_to_stg, task_id=load_sales_20180508, run_id=manual__2025-06-11T09:14:10.182020+00:00, execution_date=20250611T091410, start_date=20250611T091430, end_date=20250611T091432
[2025-06-11T09:14:32.131+0000] {logging_mixin.py:190} INFO - Task instance in success state
[2025-06-11T09:14:32.132+0000] {logging_mixin.py:190} INFO -  Previous state of the Task instance: running
[2025-06-11T09:14:32.133+0000] {logging_mixin.py:190} INFO - Dag name:data_ingestion_to_stg queued_at:2025-06-11 09:14:10.199485+00:00
[2025-06-11T09:14:32.134+0000] {logging_mixin.py:190} INFO - Task hostname:50af1b76beaf operator:PythonOperator
[2025-06-11T09:14:32.174+0000] {local_task_job_runner.py:266} INFO - Task exited with return code 0
[2025-06-11T09:14:32.220+0000] {taskinstance.py:3900} INFO - 0 downstream tasks scheduled from follow-on schedule check
[2025-06-11T09:14:32.223+0000] {local_task_job_runner.py:245} INFO - ::endgroup::
