[2025-06-11T06:01:38.869+0000] {local_task_job_runner.py:123} INFO - ::group::Pre task execution logs
[2025-06-11T06:01:38.936+0000] {taskinstance.py:2612} INFO - Dependencies all met for dep_context=non-requeueable deps ti=<TaskInstance: data_ingestion_to_stg.truncate_products_20180509 manual__2025-06-11T06:01:32.136155+00:00 [queued]>
[2025-06-11T06:01:38.976+0000] {taskinstance.py:2612} INFO - Dependencies all met for dep_context=requeueable deps ti=<TaskInstance: data_ingestion_to_stg.truncate_products_20180509 manual__2025-06-11T06:01:32.136155+00:00 [queued]>
[2025-06-11T06:01:38.996+0000] {taskinstance.py:2865} INFO - Starting attempt 1 of 2
[2025-06-11T06:01:39.052+0000] {taskinstance.py:2888} INFO - Executing <Task(PythonOperator): truncate_products_20180509> on 2025-06-11 06:01:32.136155+00:00
[2025-06-11T06:01:39.065+0000] {warnings.py:112} WARNING - /home/***/.local/lib/python3.12/site-packages/***/task/task_runner/standard_task_runner.py:70: DeprecationWarning: This process (pid=1010) is multi-threaded, use of fork() may lead to deadlocks in the child.
  pid = os.fork()

[2025-06-11T06:01:39.069+0000] {standard_task_runner.py:72} INFO - Started process 1038 to run task
[2025-06-11T06:01:39.100+0000] {standard_task_runner.py:104} INFO - Running: ['***', 'tasks', 'run', 'data_ingestion_to_stg', 'truncate_products_20180509', 'manual__2025-06-11T06:01:32.136155+00:00', '--job-id', '468', '--raw', '--subdir', 'DAGS_FOLDER/data_ingestion_to_stg.py', '--cfg-path', '/tmp/tmpypcpzxw7']
[2025-06-11T06:01:39.102+0000] {standard_task_runner.py:105} INFO - Job 468: Subtask truncate_products_20180509
[2025-06-11T06:01:39.518+0000] {task_command.py:467} INFO - Running <TaskInstance: data_ingestion_to_stg.truncate_products_20180509 manual__2025-06-11T06:01:32.136155+00:00 [running]> on host 70fc91f07add
[2025-06-11T06:01:39.900+0000] {taskinstance.py:3131} INFO - Exporting env vars: AIRFLOW_CTX_DAG_OWNER='***' AIRFLOW_CTX_DAG_ID='data_ingestion_to_stg' AIRFLOW_CTX_TASK_ID='truncate_products_20180509' AIRFLOW_CTX_EXECUTION_DATE='2025-06-11T06:01:32.136155+00:00' AIRFLOW_CTX_TRY_NUMBER='1' AIRFLOW_CTX_DAG_RUN_ID='manual__2025-06-11T06:01:32.136155+00:00'
[2025-06-11T06:01:39.905+0000] {logging_mixin.py:190} INFO - Task instance is in running state
[2025-06-11T06:01:39.919+0000] {logging_mixin.py:190} INFO -  Previous state of the Task instance: queued
[2025-06-11T06:01:39.920+0000] {logging_mixin.py:190} INFO - Current task name:truncate_products_20180509 state:running start_date:2025-06-11 06:01:38.940296+00:00
[2025-06-11T06:01:39.920+0000] {logging_mixin.py:190} INFO - Dag name:data_ingestion_to_stg and current dag run status:running
[2025-06-11T06:01:39.921+0000] {taskinstance.py:731} INFO - ::endgroup::
[2025-06-11T06:01:39.944+0000] {base.py:84} INFO - Retrieving connection 'data_warehouse_project'
[2025-06-11T06:01:40.013+0000] {sql.py:509} INFO - Running statement: TRUNCATE TABLE stg.products;, parameters: None
[2025-06-11T06:01:40.031+0000] {logging_mixin.py:190} INFO - [INFO] Truncated table stg.products
[2025-06-11T06:01:40.035+0000] {python.py:240} INFO - Done. Returned value was: None
[2025-06-11T06:01:40.063+0000] {taskinstance.py:340} INFO - ::group::Post task execution logs
[2025-06-11T06:01:40.065+0000] {taskinstance.py:352} INFO - Marking task as SUCCESS. dag_id=data_ingestion_to_stg, task_id=truncate_products_20180509, run_id=manual__2025-06-11T06:01:32.136155+00:00, execution_date=20250611T060132, start_date=20250611T060138, end_date=20250611T060140
[2025-06-11T06:01:40.112+0000] {logging_mixin.py:190} INFO - Task instance in success state
[2025-06-11T06:01:40.119+0000] {logging_mixin.py:190} INFO -  Previous state of the Task instance: running
[2025-06-11T06:01:40.122+0000] {logging_mixin.py:190} INFO - Dag name:data_ingestion_to_stg queued_at:2025-06-11 06:01:32.196993+00:00
[2025-06-11T06:01:40.122+0000] {logging_mixin.py:190} INFO - Task hostname:70fc91f07add operator:PythonOperator
[2025-06-11T06:01:40.170+0000] {local_task_job_runner.py:266} INFO - Task exited with return code 0
[2025-06-11T06:01:40.223+0000] {local_task_job_runner.py:245} INFO - ::endgroup::
