[2025-06-11T08:24:19.021+0000] {local_task_job_runner.py:123} INFO - ::group::Pre task execution logs
[2025-06-11T08:24:19.174+0000] {taskinstance.py:2612} INFO - Dependencies all met for dep_context=non-requeueable deps ti=<TaskInstance: data_ingestion_to_stg.truncate_sales_20180508 manual__2025-06-11T08:24:11.898190+00:00 [queued]>
[2025-06-11T08:24:19.279+0000] {taskinstance.py:2612} INFO - Dependencies all met for dep_context=requeueable deps ti=<TaskInstance: data_ingestion_to_stg.truncate_sales_20180508 manual__2025-06-11T08:24:11.898190+00:00 [queued]>
[2025-06-11T08:24:19.285+0000] {taskinstance.py:2865} INFO - Starting attempt 1 of 2
[2025-06-11T08:24:19.347+0000] {taskinstance.py:2888} INFO - Executing <Task(PythonOperator): truncate_sales_20180508> on 2025-06-11 08:24:11.898190+00:00
[2025-06-11T08:24:19.358+0000] {warnings.py:112} WARNING - /home/***/.local/lib/python3.12/site-packages/***/task/task_runner/standard_task_runner.py:70: DeprecationWarning: This process (pid=266) is multi-threaded, use of fork() may lead to deadlocks in the child.
  pid = os.fork()

[2025-06-11T08:24:19.366+0000] {standard_task_runner.py:72} INFO - Started process 309 to run task
[2025-06-11T08:24:19.372+0000] {standard_task_runner.py:104} INFO - Running: ['***', 'tasks', 'run', 'data_ingestion_to_stg', 'truncate_sales_20180508', 'manual__2025-06-11T08:24:11.898190+00:00', '--job-id', '612', '--raw', '--subdir', 'DAGS_FOLDER/data_ingestion_to_stg.py', '--cfg-path', '/tmp/tmpfutrni8o']
[2025-06-11T08:24:19.377+0000] {standard_task_runner.py:105} INFO - Job 612: Subtask truncate_sales_20180508
[2025-06-11T08:24:19.554+0000] {task_command.py:467} INFO - Running <TaskInstance: data_ingestion_to_stg.truncate_sales_20180508 manual__2025-06-11T08:24:11.898190+00:00 [running]> on host 8b2e3fa0123b
[2025-06-11T08:24:20.077+0000] {taskinstance.py:3131} INFO - Exporting env vars: AIRFLOW_CTX_DAG_OWNER='***' AIRFLOW_CTX_DAG_ID='data_ingestion_to_stg' AIRFLOW_CTX_TASK_ID='truncate_sales_20180508' AIRFLOW_CTX_EXECUTION_DATE='2025-06-11T08:24:11.898190+00:00' AIRFLOW_CTX_TRY_NUMBER='1' AIRFLOW_CTX_DAG_RUN_ID='manual__2025-06-11T08:24:11.898190+00:00'
[2025-06-11T08:24:20.095+0000] {logging_mixin.py:190} INFO - Task instance is in running state
[2025-06-11T08:24:20.105+0000] {logging_mixin.py:190} INFO -  Previous state of the Task instance: queued
[2025-06-11T08:24:20.116+0000] {logging_mixin.py:190} INFO - Current task name:truncate_sales_20180508 state:running start_date:2025-06-11 08:24:19.189000+00:00
[2025-06-11T08:24:20.117+0000] {logging_mixin.py:190} INFO - Dag name:data_ingestion_to_stg and current dag run status:running
[2025-06-11T08:24:20.118+0000] {taskinstance.py:731} INFO - ::endgroup::
[2025-06-11T08:24:20.191+0000] {base.py:84} INFO - Retrieving connection 'data_warehouse_project'
[2025-06-11T08:24:20.341+0000] {sql.py:509} INFO - Running statement: TRUNCATE TABLE stg.sales;, parameters: None
[2025-06-11T08:24:20.369+0000] {logging_mixin.py:190} INFO - [INFO] Truncated table stg.sales
[2025-06-11T08:24:20.375+0000] {python.py:240} INFO - Done. Returned value was: None
[2025-06-11T08:24:20.463+0000] {taskinstance.py:340} INFO - ::group::Post task execution logs
[2025-06-11T08:24:20.466+0000] {taskinstance.py:352} INFO - Marking task as SUCCESS. dag_id=data_ingestion_to_stg, task_id=truncate_sales_20180508, run_id=manual__2025-06-11T08:24:11.898190+00:00, execution_date=20250611T082411, start_date=20250611T082419, end_date=20250611T082420
[2025-06-11T08:24:20.507+0000] {logging_mixin.py:190} INFO - Task instance in success state
[2025-06-11T08:24:20.509+0000] {logging_mixin.py:190} INFO -  Previous state of the Task instance: running
[2025-06-11T08:24:20.515+0000] {logging_mixin.py:190} INFO - Dag name:data_ingestion_to_stg queued_at:2025-06-11 08:24:11.908285+00:00
[2025-06-11T08:24:20.518+0000] {logging_mixin.py:190} INFO - Task hostname:8b2e3fa0123b operator:PythonOperator
[2025-06-11T08:24:20.578+0000] {local_task_job_runner.py:266} INFO - Task exited with return code 0
[2025-06-11T08:24:20.680+0000] {taskinstance.py:3900} INFO - 1 downstream tasks scheduled from follow-on schedule check
[2025-06-11T08:24:20.704+0000] {local_task_job_runner.py:245} INFO - ::endgroup::
