[2025-06-11T09:48:15.283+0000] {local_task_job_runner.py:123} INFO - ::group::Pre task execution logs
[2025-06-11T09:48:15.302+0000] {taskinstance.py:2612} INFO - Dependencies all met for dep_context=non-requeueable deps ti=<TaskInstance: etl_to_data_warehouse.dim_group.dim_customer manual__2025-06-11T09:47:58.435646+00:00 [queued]>
[2025-06-11T09:48:15.313+0000] {taskinstance.py:2612} INFO - Dependencies all met for dep_context=requeueable deps ti=<TaskInstance: etl_to_data_warehouse.dim_group.dim_customer manual__2025-06-11T09:47:58.435646+00:00 [queued]>
[2025-06-11T09:48:15.315+0000] {taskinstance.py:2865} INFO - Starting attempt 1 of 2
[2025-06-11T09:48:15.328+0000] {taskinstance.py:2888} INFO - Executing <Task(SQLExecuteQueryOperator): dim_group.dim_customer> on 2025-06-11 09:47:58.435646+00:00
[2025-06-11T09:48:15.336+0000] {warnings.py:112} WARNING - /home/***/.local/lib/python3.12/site-packages/***/task/task_runner/standard_task_runner.py:70: DeprecationWarning: This process (pid=1735) is multi-threaded, use of fork() may lead to deadlocks in the child.
  pid = os.fork()

[2025-06-11T09:48:15.338+0000] {standard_task_runner.py:72} INFO - Started process 1742 to run task
[2025-06-11T09:48:15.343+0000] {standard_task_runner.py:104} INFO - Running: ['***', 'tasks', 'run', 'etl_to_data_warehouse', 'dim_group.dim_customer', 'manual__2025-06-11T09:47:58.435646+00:00', '--job-id', '938', '--raw', '--subdir', 'DAGS_FOLDER/etl_to_data_warehouse.py', '--cfg-path', '/tmp/tmpz_bn8m_9']
[2025-06-11T09:48:15.344+0000] {standard_task_runner.py:105} INFO - Job 938: Subtask dim_group.dim_customer
[2025-06-11T09:48:15.391+0000] {task_command.py:467} INFO - Running <TaskInstance: etl_to_data_warehouse.dim_group.dim_customer manual__2025-06-11T09:47:58.435646+00:00 [running]> on host 50af1b76beaf
[2025-06-11T09:48:15.468+0000] {taskinstance.py:3131} INFO - Exporting env vars: AIRFLOW_CTX_DAG_OWNER='***' AIRFLOW_CTX_DAG_ID='etl_to_data_warehouse' AIRFLOW_CTX_TASK_ID='dim_group.dim_customer' AIRFLOW_CTX_EXECUTION_DATE='2025-06-11T09:47:58.435646+00:00' AIRFLOW_CTX_TRY_NUMBER='1' AIRFLOW_CTX_DAG_RUN_ID='manual__2025-06-11T09:47:58.435646+00:00'
[2025-06-11T09:48:15.470+0000] {logging_mixin.py:190} INFO - Task instance is in running state
[2025-06-11T09:48:15.471+0000] {logging_mixin.py:190} INFO -  Previous state of the Task instance: queued
[2025-06-11T09:48:15.471+0000] {logging_mixin.py:190} INFO - Current task name:dim_group.dim_customer state:running start_date:2025-06-11 09:48:15.302888+00:00
[2025-06-11T09:48:15.472+0000] {logging_mixin.py:190} INFO - Dag name:etl_to_data_warehouse and current dag run status:running
[2025-06-11T09:48:15.472+0000] {taskinstance.py:731} INFO - ::endgroup::
[2025-06-11T09:48:15.473+0000] {sql.py:266} INFO - Executing: 
TRUNCATE TABLE dm.dim_customer;

INSERT INTO dm.dim_customer (
            customer_id, customer_first_name, customer_middle_initial_name, 
            customer_last_name, customer_address, customer_city_id,
            customer_city_name, customer_zipcode, customer_country_id,
            customer_country_name, customer_country_code, start_date, end_date
        )
        SELECT 
            cu.customerid,
            cu.firstname,
            cu.middleinitial,
            cu.lastname,
            cu.address,
            cu.cityid,
            ci.cityname,
            ci.zipcode,
            ci.countryid,
            co.countryname,
            co.countrycode,
            CURRENT_DATE,
            NULL
        FROM stg.customers cu
        LEFT JOIN stg.cities ci ON cu.cityid = ci.cityid
        LEFT JOIN stg.countries co ON ci.countryid = co.countryid;
[2025-06-11T09:48:15.481+0000] {base.py:84} INFO - Retrieving connection 'data_warehouse_project'
[2025-06-11T09:48:15.489+0000] {base.py:84} INFO - Retrieving connection 'data_warehouse_project'
[2025-06-11T09:48:15.640+0000] {sql.py:509} INFO - Running statement: 
TRUNCATE TABLE dm.dim_customer;

INSERT INTO dm.dim_customer (
            customer_id, customer_first_name, customer_middle_initial_name, 
            customer_last_name, customer_address, customer_city_id,
            customer_city_name, customer_zipcode, customer_country_id,
            customer_country_name, customer_country_code, start_date, end_date
        )
        SELECT 
            cu.customerid,
            cu.firstname,
            cu.middleinitial,
            cu.lastname,
            cu.address,
            cu.cityid,
            ci.cityname,
            ci.zipcode,
            ci.countryid,
            co.countryname,
            co.countrycode,
            CURRENT_DATE,
            NULL
        FROM stg.customers cu
        LEFT JOIN stg.cities ci ON cu.cityid = ci.cityid
        LEFT JOIN stg.countries co ON ci.countryid = co.countryid;, parameters: None
[2025-06-11T09:48:19.691+0000] {sql.py:518} INFO - Rows affected: 790072
[2025-06-11T09:48:19.737+0000] {taskinstance.py:340} INFO - ::group::Post task execution logs
[2025-06-11T09:48:19.738+0000] {taskinstance.py:352} INFO - Marking task as SUCCESS. dag_id=etl_to_data_warehouse, task_id=dim_group.dim_customer, run_id=manual__2025-06-11T09:47:58.435646+00:00, execution_date=20250611T094758, start_date=20250611T094815, end_date=20250611T094819
[2025-06-11T09:48:19.755+0000] {logging_mixin.py:190} INFO - Task instance in success state
[2025-06-11T09:48:19.756+0000] {logging_mixin.py:190} INFO -  Previous state of the Task instance: running
[2025-06-11T09:48:19.757+0000] {logging_mixin.py:190} INFO - Dag name:etl_to_data_warehouse queued_at:2025-06-11 09:47:58.494987+00:00
[2025-06-11T09:48:19.757+0000] {logging_mixin.py:190} INFO - Task hostname:50af1b76beaf operator:SQLExecuteQueryOperator
[2025-06-11T09:48:19.807+0000] {local_task_job_runner.py:266} INFO - Task exited with return code 0
[2025-06-11T09:48:19.851+0000] {taskinstance.py:3900} INFO - 1 downstream tasks scheduled from follow-on schedule check
[2025-06-11T09:48:19.854+0000] {local_task_job_runner.py:245} INFO - ::endgroup::
