[2025-06-11T04:08:24.994+0000] {local_task_job_runner.py:123} INFO - ::group::Pre task execution logs
[2025-06-11T04:08:25.065+0000] {taskinstance.py:2612} INFO - Dependencies all met for dep_context=non-requeueable deps ti=<TaskInstance: data_ingestion_to_stg.load_categories_20180509 manual__2025-06-11T04:08:18.730721+00:00 [queued]>
[2025-06-11T04:08:25.094+0000] {taskinstance.py:2612} INFO - Dependencies all met for dep_context=requeueable deps ti=<TaskInstance: data_ingestion_to_stg.load_categories_20180509 manual__2025-06-11T04:08:18.730721+00:00 [queued]>
[2025-06-11T04:08:25.097+0000] {taskinstance.py:2865} INFO - Starting attempt 1 of 2
[2025-06-11T04:08:25.140+0000] {taskinstance.py:2888} INFO - Executing <Task(PythonOperator): load_categories_20180509> on 2025-06-11 04:08:18.730721+00:00
[2025-06-11T04:08:25.175+0000] {warnings.py:112} WARNING - /home/***/.local/lib/python3.12/site-packages/***/task/task_runner/standard_task_runner.py:70: DeprecationWarning: This process (pid=582) is multi-threaded, use of fork() may lead to deadlocks in the child.
  pid = os.fork()

[2025-06-11T04:08:25.177+0000] {standard_task_runner.py:72} INFO - Started process 607 to run task
[2025-06-11T04:08:25.184+0000] {standard_task_runner.py:104} INFO - Running: ['***', 'tasks', 'run', 'data_ingestion_to_stg', 'load_categories_20180509', 'manual__2025-06-11T04:08:18.730721+00:00', '--job-id', '211', '--raw', '--subdir', 'DAGS_FOLDER/data_ingestion_to_stg.py', '--cfg-path', '/tmp/tmpd_y7dmf4']
[2025-06-11T04:08:25.188+0000] {standard_task_runner.py:105} INFO - Job 211: Subtask load_categories_20180509
[2025-06-11T04:08:25.324+0000] {task_command.py:467} INFO - Running <TaskInstance: data_ingestion_to_stg.load_categories_20180509 manual__2025-06-11T04:08:18.730721+00:00 [running]> on host bc5ec7a98490
[2025-06-11T04:08:25.665+0000] {taskinstance.py:3131} INFO - Exporting env vars: AIRFLOW_CTX_DAG_OWNER='***' AIRFLOW_CTX_DAG_ID='data_ingestion_to_stg' AIRFLOW_CTX_TASK_ID='load_categories_20180509' AIRFLOW_CTX_EXECUTION_DATE='2025-06-11T04:08:18.730721+00:00' AIRFLOW_CTX_TRY_NUMBER='1' AIRFLOW_CTX_DAG_RUN_ID='manual__2025-06-11T04:08:18.730721+00:00'
[2025-06-11T04:08:25.682+0000] {logging_mixin.py:190} INFO - Task instance is in running state
[2025-06-11T04:08:25.690+0000] {logging_mixin.py:190} INFO -  Previous state of the Task instance: queued
[2025-06-11T04:08:25.702+0000] {logging_mixin.py:190} INFO - Current task name:load_categories_20180509 state:running start_date:2025-06-11 04:08:25.068916+00:00
[2025-06-11T04:08:25.705+0000] {logging_mixin.py:190} INFO - Dag name:data_ingestion_to_stg and current dag run status:running
[2025-06-11T04:08:25.708+0000] {taskinstance.py:731} INFO - ::endgroup::
[2025-06-11T04:08:25.779+0000] {base.py:84} INFO - Retrieving connection 'data_warehouse_project'
[2025-06-11T04:08:25.888+0000] {sql.py:509} INFO - Running statement: TRUNCATE TABLE stg.categories;, parameters: None
[2025-06-11T04:08:25.922+0000] {postgres.py:191} INFO - Running copy expert: COPY stg.categories FROM STDIN WITH CSV DELIMITER '|' HEADER;, filename: /opt/***/INPUT/20180509/20180509.categories.csv
[2025-06-11T04:08:25.953+0000] {base.py:84} INFO - Retrieving connection 'data_warehouse_project'
[2025-06-11T04:08:26.100+0000] {logging_mixin.py:190} INFO - [INFO] Berhasil load 20180509.categories.csv ke stg.categories
[2025-06-11T04:08:26.103+0000] {python.py:240} INFO - Done. Returned value was: None
[2025-06-11T04:08:26.140+0000] {taskinstance.py:340} INFO - ::group::Post task execution logs
[2025-06-11T04:08:26.144+0000] {taskinstance.py:352} INFO - Marking task as SUCCESS. dag_id=data_ingestion_to_stg, task_id=load_categories_20180509, run_id=manual__2025-06-11T04:08:18.730721+00:00, execution_date=20250611T040818, start_date=20250611T040825, end_date=20250611T040826
[2025-06-11T04:08:26.171+0000] {logging_mixin.py:190} INFO - Task instance in success state
[2025-06-11T04:08:26.176+0000] {logging_mixin.py:190} INFO -  Previous state of the Task instance: running
[2025-06-11T04:08:26.187+0000] {logging_mixin.py:190} INFO - Dag name:data_ingestion_to_stg queued_at:2025-06-11 04:08:18.759645+00:00
[2025-06-11T04:08:26.192+0000] {logging_mixin.py:190} INFO - Task hostname:bc5ec7a98490 operator:PythonOperator
[2025-06-11T04:08:26.233+0000] {local_task_job_runner.py:266} INFO - Task exited with return code 0
[2025-06-11T04:08:26.263+0000] {local_task_job_runner.py:245} INFO - ::endgroup::
