[2025-06-11T08:29:06.983+0000] {local_task_job_runner.py:123} INFO - ::group::Pre task execution logs
[2025-06-11T08:29:07.023+0000] {taskinstance.py:2612} INFO - Dependencies all met for dep_context=non-requeueable deps ti=<TaskInstance: data_ingestion_to_stg.truncate_categories_20180508 manual__2025-06-11T08:28:59.274946+00:00 [queued]>
[2025-06-11T08:29:07.044+0000] {taskinstance.py:2612} INFO - Dependencies all met for dep_context=requeueable deps ti=<TaskInstance: data_ingestion_to_stg.truncate_categories_20180508 manual__2025-06-11T08:28:59.274946+00:00 [queued]>
[2025-06-11T08:29:07.046+0000] {taskinstance.py:2865} INFO - Starting attempt 1 of 2
[2025-06-11T08:29:07.153+0000] {taskinstance.py:2888} INFO - Executing <Task(PythonOperator): truncate_categories_20180508> on 2025-06-11 08:28:59.274946+00:00
[2025-06-11T08:29:07.188+0000] {warnings.py:112} WARNING - /home/***/.local/lib/python3.12/site-packages/***/task/task_runner/standard_task_runner.py:70: DeprecationWarning: This process (pid=448) is multi-threaded, use of fork() may lead to deadlocks in the child.
  pid = os.fork()

[2025-06-11T08:29:07.203+0000] {standard_task_runner.py:72} INFO - Started process 501 to run task
[2025-06-11T08:29:07.252+0000] {standard_task_runner.py:104} INFO - Running: ['***', 'tasks', 'run', 'data_ingestion_to_stg', 'truncate_categories_20180508', 'manual__2025-06-11T08:28:59.274946+00:00', '--job-id', '648', '--raw', '--subdir', 'DAGS_FOLDER/data_ingestion_to_stg.py', '--cfg-path', '/tmp/tmpxnnf2czn']
[2025-06-11T08:29:07.263+0000] {standard_task_runner.py:105} INFO - Job 648: Subtask truncate_categories_20180508
[2025-06-11T08:29:07.667+0000] {task_command.py:467} INFO - Running <TaskInstance: data_ingestion_to_stg.truncate_categories_20180508 manual__2025-06-11T08:28:59.274946+00:00 [running]> on host 8b2e3fa0123b
[2025-06-11T08:29:08.023+0000] {taskinstance.py:3131} INFO - Exporting env vars: AIRFLOW_CTX_DAG_OWNER='***' AIRFLOW_CTX_DAG_ID='data_ingestion_to_stg' AIRFLOW_CTX_TASK_ID='truncate_categories_20180508' AIRFLOW_CTX_EXECUTION_DATE='2025-06-11T08:28:59.274946+00:00' AIRFLOW_CTX_TRY_NUMBER='1' AIRFLOW_CTX_DAG_RUN_ID='manual__2025-06-11T08:28:59.274946+00:00'
[2025-06-11T08:29:08.048+0000] {logging_mixin.py:190} INFO - Task instance is in running state
[2025-06-11T08:29:08.059+0000] {logging_mixin.py:190} INFO -  Previous state of the Task instance: queued
[2025-06-11T08:29:08.065+0000] {logging_mixin.py:190} INFO - Current task name:truncate_categories_20180508 state:running start_date:2025-06-11 08:29:07.029048+00:00
[2025-06-11T08:29:08.069+0000] {logging_mixin.py:190} INFO - Dag name:data_ingestion_to_stg and current dag run status:running
[2025-06-11T08:29:08.075+0000] {taskinstance.py:731} INFO - ::endgroup::
[2025-06-11T08:29:08.118+0000] {base.py:84} INFO - Retrieving connection 'data_warehouse_project'
[2025-06-11T08:29:08.276+0000] {sql.py:509} INFO - Running statement: TRUNCATE TABLE stg.categories;, parameters: None
[2025-06-11T08:29:08.315+0000] {logging_mixin.py:190} INFO - [INFO] Truncated table stg.categories
[2025-06-11T08:29:08.316+0000] {python.py:240} INFO - Done. Returned value was: None
[2025-06-11T08:29:08.358+0000] {taskinstance.py:340} INFO - ::group::Post task execution logs
[2025-06-11T08:29:08.366+0000] {taskinstance.py:352} INFO - Marking task as SUCCESS. dag_id=data_ingestion_to_stg, task_id=truncate_categories_20180508, run_id=manual__2025-06-11T08:28:59.274946+00:00, execution_date=20250611T082859, start_date=20250611T082907, end_date=20250611T082908
[2025-06-11T08:29:08.398+0000] {logging_mixin.py:190} INFO - Task instance in success state
[2025-06-11T08:29:08.400+0000] {logging_mixin.py:190} INFO -  Previous state of the Task instance: running
[2025-06-11T08:29:08.414+0000] {logging_mixin.py:190} INFO - Dag name:data_ingestion_to_stg queued_at:2025-06-11 08:28:59.295920+00:00
[2025-06-11T08:29:08.415+0000] {logging_mixin.py:190} INFO - Task hostname:8b2e3fa0123b operator:PythonOperator
[2025-06-11T08:29:08.465+0000] {local_task_job_runner.py:266} INFO - Task exited with return code 0
[2025-06-11T08:29:08.490+0000] {local_task_job_runner.py:245} INFO - ::endgroup::
