[2025-06-11T08:14:11.679+0000] {local_task_job_runner.py:123} INFO - ::group::Pre task execution logs
[2025-06-11T08:14:11.797+0000] {taskinstance.py:2612} INFO - Dependencies all met for dep_context=non-requeueable deps ti=<TaskInstance: data_ingestion_to_stg.truncate_sales_20180509 manual__2025-06-11T08:13:59.453815+00:00 [queued]>
[2025-06-11T08:14:11.849+0000] {taskinstance.py:2612} INFO - Dependencies all met for dep_context=requeueable deps ti=<TaskInstance: data_ingestion_to_stg.truncate_sales_20180509 manual__2025-06-11T08:13:59.453815+00:00 [queued]>
[2025-06-11T08:14:11.856+0000] {taskinstance.py:2865} INFO - Starting attempt 1 of 2
[2025-06-11T08:14:11.962+0000] {taskinstance.py:2888} INFO - Executing <Task(PythonOperator): truncate_sales_20180509> on 2025-06-11 08:13:59.453815+00:00
[2025-06-11T08:14:11.974+0000] {warnings.py:112} WARNING - /home/***/.local/lib/python3.12/site-packages/***/task/task_runner/standard_task_runner.py:70: DeprecationWarning: This process (pid=158) is multi-threaded, use of fork() may lead to deadlocks in the child.
  pid = os.fork()

[2025-06-11T08:14:11.988+0000] {standard_task_runner.py:72} INFO - Started process 185 to run task
[2025-06-11T08:14:11.986+0000] {standard_task_runner.py:104} INFO - Running: ['***', 'tasks', 'run', 'data_ingestion_to_stg', 'truncate_sales_20180509', 'manual__2025-06-11T08:13:59.453815+00:00', '--job-id', '541', '--raw', '--subdir', 'DAGS_FOLDER/data_ingestion_to_stg.py', '--cfg-path', '/tmp/tmp1qazts_w']
[2025-06-11T08:14:11.994+0000] {standard_task_runner.py:105} INFO - Job 541: Subtask truncate_sales_20180509
[2025-06-11T08:14:12.170+0000] {task_command.py:467} INFO - Running <TaskInstance: data_ingestion_to_stg.truncate_sales_20180509 manual__2025-06-11T08:13:59.453815+00:00 [running]> on host 2d4b374c5f38
[2025-06-11T08:14:12.481+0000] {taskinstance.py:3131} INFO - Exporting env vars: AIRFLOW_CTX_DAG_OWNER='***' AIRFLOW_CTX_DAG_ID='data_ingestion_to_stg' AIRFLOW_CTX_TASK_ID='truncate_sales_20180509' AIRFLOW_CTX_EXECUTION_DATE='2025-06-11T08:13:59.453815+00:00' AIRFLOW_CTX_TRY_NUMBER='1' AIRFLOW_CTX_DAG_RUN_ID='manual__2025-06-11T08:13:59.453815+00:00'
[2025-06-11T08:14:12.483+0000] {logging_mixin.py:190} INFO - Task instance is in running state
[2025-06-11T08:14:12.484+0000] {logging_mixin.py:190} INFO -  Previous state of the Task instance: queued
[2025-06-11T08:14:12.486+0000] {logging_mixin.py:190} INFO - Current task name:truncate_sales_20180509 state:running start_date:2025-06-11 08:14:11.799614+00:00
[2025-06-11T08:14:12.487+0000] {logging_mixin.py:190} INFO - Dag name:data_ingestion_to_stg and current dag run status:running
[2025-06-11T08:14:12.491+0000] {taskinstance.py:731} INFO - ::endgroup::
[2025-06-11T08:14:12.529+0000] {base.py:84} INFO - Retrieving connection 'data_warehouse_project'
[2025-06-11T08:14:12.676+0000] {sql.py:509} INFO - Running statement: TRUNCATE TABLE stg.sales;, parameters: None
[2025-06-11T08:14:12.715+0000] {logging_mixin.py:190} INFO - [INFO] Truncated table stg.sales
[2025-06-11T08:14:12.719+0000] {python.py:240} INFO - Done. Returned value was: None
[2025-06-11T08:14:12.786+0000] {taskinstance.py:340} INFO - ::group::Post task execution logs
[2025-06-11T08:14:12.788+0000] {taskinstance.py:352} INFO - Marking task as SUCCESS. dag_id=data_ingestion_to_stg, task_id=truncate_sales_20180509, run_id=manual__2025-06-11T08:13:59.453815+00:00, execution_date=20250611T081359, start_date=20250611T081411, end_date=20250611T081412
[2025-06-11T08:14:12.881+0000] {logging_mixin.py:190} INFO - Task instance in success state
[2025-06-11T08:14:12.890+0000] {logging_mixin.py:190} INFO -  Previous state of the Task instance: running
[2025-06-11T08:14:12.895+0000] {logging_mixin.py:190} INFO - Dag name:data_ingestion_to_stg queued_at:2025-06-11 08:13:59.492750+00:00
[2025-06-11T08:14:12.895+0000] {logging_mixin.py:190} INFO - Task hostname:2d4b374c5f38 operator:PythonOperator
[2025-06-11T08:14:12.927+0000] {local_task_job_runner.py:266} INFO - Task exited with return code 0
[2025-06-11T08:14:12.958+0000] {local_task_job_runner.py:245} INFO - ::endgroup::
