[2025-06-11T09:42:19.556+0000] {local_task_job_runner.py:123} INFO - ::group::Pre task execution logs
[2025-06-11T09:42:19.576+0000] {taskinstance.py:2612} INFO - Dependencies all met for dep_context=non-requeueable deps ti=<TaskInstance: data_ingestion_to_stg.dim_group.dim_product manual__2025-06-11T09:41:58.682100+00:00 [queued]>
[2025-06-11T09:42:19.589+0000] {taskinstance.py:2612} INFO - Dependencies all met for dep_context=requeueable deps ti=<TaskInstance: data_ingestion_to_stg.dim_group.dim_product manual__2025-06-11T09:41:58.682100+00:00 [queued]>
[2025-06-11T09:42:19.590+0000] {taskinstance.py:2865} INFO - Starting attempt 1 of 2
[2025-06-11T09:42:19.607+0000] {taskinstance.py:2888} INFO - Executing <Task(SQLExecuteQueryOperator): dim_group.dim_product> on 2025-06-11 09:41:58.682100+00:00
[2025-06-11T09:42:19.621+0000] {warnings.py:112} WARNING - /home/***/.local/lib/python3.12/site-packages/***/task/task_runner/standard_task_runner.py:70: DeprecationWarning: This process (pid=1399) is multi-threaded, use of fork() may lead to deadlocks in the child.
  pid = os.fork()

[2025-06-11T09:42:19.624+0000] {standard_task_runner.py:72} INFO - Started process 1411 to run task
[2025-06-11T09:42:19.623+0000] {standard_task_runner.py:104} INFO - Running: ['***', 'tasks', 'run', 'data_ingestion_to_stg', 'dim_group.dim_product', 'manual__2025-06-11T09:41:58.682100+00:00', '--job-id', '874', '--raw', '--subdir', 'DAGS_FOLDER/data_ingestion_to_stg.py', '--cfg-path', '/tmp/tmp4_t65nj2']
[2025-06-11T09:42:19.626+0000] {standard_task_runner.py:105} INFO - Job 874: Subtask dim_group.dim_product
[2025-06-11T09:42:19.689+0000] {task_command.py:467} INFO - Running <TaskInstance: data_ingestion_to_stg.dim_group.dim_product manual__2025-06-11T09:41:58.682100+00:00 [running]> on host 50af1b76beaf
[2025-06-11T09:42:19.805+0000] {taskinstance.py:3131} INFO - Exporting env vars: AIRFLOW_CTX_DAG_OWNER='***' AIRFLOW_CTX_DAG_ID='data_ingestion_to_stg' AIRFLOW_CTX_TASK_ID='dim_group.dim_product' AIRFLOW_CTX_EXECUTION_DATE='2025-06-11T09:41:58.682100+00:00' AIRFLOW_CTX_TRY_NUMBER='1' AIRFLOW_CTX_DAG_RUN_ID='manual__2025-06-11T09:41:58.682100+00:00'
[2025-06-11T09:42:19.808+0000] {logging_mixin.py:190} INFO - Task instance is in running state
[2025-06-11T09:42:19.808+0000] {logging_mixin.py:190} INFO -  Previous state of the Task instance: queued
[2025-06-11T09:42:19.809+0000] {logging_mixin.py:190} INFO - Current task name:dim_group.dim_product state:running start_date:2025-06-11 09:42:19.577035+00:00
[2025-06-11T09:42:19.810+0000] {logging_mixin.py:190} INFO - Dag name:data_ingestion_to_stg and current dag run status:running
[2025-06-11T09:42:19.811+0000] {taskinstance.py:731} INFO - ::endgroup::
[2025-06-11T09:42:19.812+0000] {sql.py:266} INFO - Executing: 
TRUNCATE TABLE dm.dim_product;

INSERT INTO dm.dim_product (
    product_id, product_name, product_price, category_id,
    category_name, modify_datetime, insert_date
)
SELECT 
    p.productid,
    p.productname,
    p.price,
    p.categoryid,
    c.categoryname,
    p.modifydate,
    CURRENT_DATE
FROM stg.products p
LEFT JOIN stg.categories c ON p.categoryid = c.categoryid;
[2025-06-11T09:42:19.827+0000] {base.py:84} INFO - Retrieving connection 'data_warehouse_project'
[2025-06-11T09:42:19.843+0000] {base.py:84} INFO - Retrieving connection 'data_warehouse_project'
[2025-06-11T09:42:19.913+0000] {sql.py:509} INFO - Running statement: 
TRUNCATE TABLE dm.dim_product;

INSERT INTO dm.dim_product (
    product_id, product_name, product_price, category_id,
    category_name, modify_datetime, insert_date
)
SELECT 
    p.productid,
    p.productname,
    p.price,
    p.categoryid,
    c.categoryname,
    p.modifydate,
    CURRENT_DATE
FROM stg.products p
LEFT JOIN stg.categories c ON p.categoryid = c.categoryid;, parameters: None
[2025-06-11T09:42:19.935+0000] {sql.py:518} INFO - Rows affected: 1808
[2025-06-11T09:42:19.960+0000] {taskinstance.py:340} INFO - ::group::Post task execution logs
[2025-06-11T09:42:19.961+0000] {taskinstance.py:352} INFO - Marking task as SUCCESS. dag_id=data_ingestion_to_stg, task_id=dim_group.dim_product, run_id=manual__2025-06-11T09:41:58.682100+00:00, execution_date=20250611T094158, start_date=20250611T094219, end_date=20250611T094219
[2025-06-11T09:42:19.972+0000] {logging_mixin.py:190} INFO - Task instance in success state
[2025-06-11T09:42:19.973+0000] {logging_mixin.py:190} INFO -  Previous state of the Task instance: running
[2025-06-11T09:42:19.974+0000] {logging_mixin.py:190} INFO - Dag name:data_ingestion_to_stg queued_at:2025-06-11 09:41:58.731560+00:00
[2025-06-11T09:42:19.974+0000] {logging_mixin.py:190} INFO - Task hostname:50af1b76beaf operator:SQLExecuteQueryOperator
[2025-06-11T09:42:20.004+0000] {local_task_job_runner.py:266} INFO - Task exited with return code 0
[2025-06-11T09:42:20.035+0000] {taskinstance.py:3900} INFO - 0 downstream tasks scheduled from follow-on schedule check
[2025-06-11T09:42:20.037+0000] {local_task_job_runner.py:245} INFO - ::endgroup::
