[2025-06-11T09:48:04.204+0000] {local_task_job_runner.py:123} INFO - ::group::Pre task execution logs
[2025-06-11T09:48:04.252+0000] {taskinstance.py:2612} INFO - Dependencies all met for dep_context=non-requeueable deps ti=<TaskInstance: etl_to_data_warehouse.truncate_customers_20180508 manual__2025-06-11T09:47:58.435646+00:00 [queued]>
[2025-06-11T09:48:04.289+0000] {taskinstance.py:2612} INFO - Dependencies all met for dep_context=requeueable deps ti=<TaskInstance: etl_to_data_warehouse.truncate_customers_20180508 manual__2025-06-11T09:47:58.435646+00:00 [queued]>
[2025-06-11T09:48:04.291+0000] {taskinstance.py:2865} INFO - Starting attempt 1 of 2
[2025-06-11T09:48:04.339+0000] {taskinstance.py:2888} INFO - Executing <Task(PythonOperator): truncate_customers_20180508> on 2025-06-11 09:47:58.435646+00:00
[2025-06-11T09:48:04.355+0000] {warnings.py:112} WARNING - /home/***/.local/lib/python3.12/site-packages/***/task/task_runner/standard_task_runner.py:70: DeprecationWarning: This process (pid=1632) is multi-threaded, use of fork() may lead to deadlocks in the child.
  pid = os.fork()

[2025-06-11T09:48:04.367+0000] {standard_task_runner.py:72} INFO - Started process 1650 to run task
[2025-06-11T09:48:04.367+0000] {standard_task_runner.py:104} INFO - Running: ['***', 'tasks', 'run', 'etl_to_data_warehouse', 'truncate_customers_20180508', 'manual__2025-06-11T09:47:58.435646+00:00', '--job-id', '911', '--raw', '--subdir', 'DAGS_FOLDER/etl_to_data_warehouse.py', '--cfg-path', '/tmp/tmpz4n3rh3g']
[2025-06-11T09:48:04.380+0000] {standard_task_runner.py:105} INFO - Job 911: Subtask truncate_customers_20180508
[2025-06-11T09:48:04.560+0000] {task_command.py:467} INFO - Running <TaskInstance: etl_to_data_warehouse.truncate_customers_20180508 manual__2025-06-11T09:47:58.435646+00:00 [running]> on host 50af1b76beaf
[2025-06-11T09:48:04.843+0000] {taskinstance.py:3131} INFO - Exporting env vars: AIRFLOW_CTX_DAG_OWNER='***' AIRFLOW_CTX_DAG_ID='etl_to_data_warehouse' AIRFLOW_CTX_TASK_ID='truncate_customers_20180508' AIRFLOW_CTX_EXECUTION_DATE='2025-06-11T09:47:58.435646+00:00' AIRFLOW_CTX_TRY_NUMBER='1' AIRFLOW_CTX_DAG_RUN_ID='manual__2025-06-11T09:47:58.435646+00:00'
[2025-06-11T09:48:04.845+0000] {logging_mixin.py:190} INFO - Task instance is in running state
[2025-06-11T09:48:04.846+0000] {logging_mixin.py:190} INFO -  Previous state of the Task instance: queued
[2025-06-11T09:48:04.848+0000] {logging_mixin.py:190} INFO - Current task name:truncate_customers_20180508 state:running start_date:2025-06-11 09:48:04.254316+00:00
[2025-06-11T09:48:04.848+0000] {logging_mixin.py:190} INFO - Dag name:etl_to_data_warehouse and current dag run status:running
[2025-06-11T09:48:04.851+0000] {taskinstance.py:731} INFO - ::endgroup::
[2025-06-11T09:48:04.931+0000] {base.py:84} INFO - Retrieving connection 'data_warehouse_project'
[2025-06-11T09:48:05.019+0000] {sql.py:509} INFO - Running statement: TRUNCATE TABLE stg.customers;, parameters: None
[2025-06-11T09:48:05.047+0000] {logging_mixin.py:190} INFO - [INFO] Truncated table stg.customers
[2025-06-11T09:48:05.055+0000] {python.py:240} INFO - Done. Returned value was: None
[2025-06-11T09:48:05.167+0000] {taskinstance.py:340} INFO - ::group::Post task execution logs
[2025-06-11T09:48:05.172+0000] {taskinstance.py:352} INFO - Marking task as SUCCESS. dag_id=etl_to_data_warehouse, task_id=truncate_customers_20180508, run_id=manual__2025-06-11T09:47:58.435646+00:00, execution_date=20250611T094758, start_date=20250611T094804, end_date=20250611T094805
[2025-06-11T09:48:05.263+0000] {logging_mixin.py:190} INFO - Task instance in success state
[2025-06-11T09:48:05.267+0000] {logging_mixin.py:190} INFO -  Previous state of the Task instance: running
[2025-06-11T09:48:05.267+0000] {logging_mixin.py:190} INFO - Dag name:etl_to_data_warehouse queued_at:2025-06-11 09:47:58.494987+00:00
[2025-06-11T09:48:05.268+0000] {logging_mixin.py:190} INFO - Task hostname:50af1b76beaf operator:PythonOperator
[2025-06-11T09:48:05.307+0000] {local_task_job_runner.py:266} INFO - Task exited with return code 0
[2025-06-11T09:48:05.343+0000] {local_task_job_runner.py:245} INFO - ::endgroup::
