[2025-06-11T09:34:59.460+0000] {local_task_job_runner.py:123} INFO - ::group::Pre task execution logs
[2025-06-11T09:34:59.485+0000] {taskinstance.py:2612} INFO - Dependencies all met for dep_context=non-requeueable deps ti=<TaskInstance: data_ingestion_to_stg.dim_group.dim_employee manual__2025-06-11T09:34:38.207959+00:00 [queued]>
[2025-06-11T09:34:59.501+0000] {taskinstance.py:2612} INFO - Dependencies all met for dep_context=requeueable deps ti=<TaskInstance: data_ingestion_to_stg.dim_group.dim_employee manual__2025-06-11T09:34:38.207959+00:00 [queued]>
[2025-06-11T09:34:59.502+0000] {taskinstance.py:2865} INFO - Starting attempt 1 of 2
[2025-06-11T09:34:59.520+0000] {taskinstance.py:2888} INFO - Executing <Task(SQLExecuteQueryOperator): dim_group.dim_employee> on 2025-06-11 09:34:38.207959+00:00
[2025-06-11T09:34:59.531+0000] {warnings.py:112} WARNING - /home/***/.local/lib/python3.12/site-packages/***/task/task_runner/standard_task_runner.py:70: DeprecationWarning: This process (pid=1167) is multi-threaded, use of fork() may lead to deadlocks in the child.
  pid = os.fork()

[2025-06-11T09:34:59.533+0000] {standard_task_runner.py:72} INFO - Started process 1174 to run task
[2025-06-11T09:34:59.541+0000] {standard_task_runner.py:104} INFO - Running: ['***', 'tasks', 'run', 'data_ingestion_to_stg', 'dim_group.dim_employee', 'manual__2025-06-11T09:34:38.207959+00:00', '--job-id', '838', '--raw', '--subdir', 'DAGS_FOLDER/data_ingestion_to_stg.py', '--cfg-path', '/tmp/tmp782ken9c']
[2025-06-11T09:34:59.547+0000] {standard_task_runner.py:105} INFO - Job 838: Subtask dim_group.dim_employee
[2025-06-11T09:34:59.605+0000] {task_command.py:467} INFO - Running <TaskInstance: data_ingestion_to_stg.dim_group.dim_employee manual__2025-06-11T09:34:38.207959+00:00 [running]> on host 50af1b76beaf
[2025-06-11T09:34:59.750+0000] {taskinstance.py:3131} INFO - Exporting env vars: AIRFLOW_CTX_DAG_OWNER='***' AIRFLOW_CTX_DAG_ID='data_ingestion_to_stg' AIRFLOW_CTX_TASK_ID='dim_group.dim_employee' AIRFLOW_CTX_EXECUTION_DATE='2025-06-11T09:34:38.207959+00:00' AIRFLOW_CTX_TRY_NUMBER='1' AIRFLOW_CTX_DAG_RUN_ID='manual__2025-06-11T09:34:38.207959+00:00'
[2025-06-11T09:34:59.757+0000] {logging_mixin.py:190} INFO - Task instance is in running state
[2025-06-11T09:34:59.758+0000] {logging_mixin.py:190} INFO -  Previous state of the Task instance: queued
[2025-06-11T09:34:59.759+0000] {logging_mixin.py:190} INFO - Current task name:dim_group.dim_employee state:running start_date:2025-06-11 09:34:59.486455+00:00
[2025-06-11T09:34:59.761+0000] {logging_mixin.py:190} INFO - Dag name:data_ingestion_to_stg and current dag run status:running
[2025-06-11T09:34:59.762+0000] {taskinstance.py:731} INFO - ::endgroup::
[2025-06-11T09:34:59.763+0000] {sql.py:266} INFO - Executing: 
TRUNCATE TABLE dm.dim_employee;

INSERT INTO dm.dim_employee (
            employee_id, employee_first_name, employee_middle_initial,
            employee_last_name, employee_birth_date, employee_gender,
            employee_city_id, employee_city_name, employee_country_id,
            employee_country_name, employee_country_code, employee_hire_date,
            start_date, end_date
        )
        SELECT 
            e.employeeid,
            e.firstname,
            e.middleinitial,
            e.lastname,
            e.birthdate,
            e.gender,
            e.cityid,
            ci.cityname,
            ci.countryid,
            co.countryname,
            co.countrycode,
            e.hiredate,
            CURRENT_DATE,
            NULL
        FROM stg.employee e
        LEFT JOIN stg.cities ci ON e.cityid = ci.cityid
        LEFT JOIN stg.countries co ON ci.countryid = co.countryid;
[2025-06-11T09:34:59.781+0000] {base.py:84} INFO - Retrieving connection 'data_warehouse_project'
[2025-06-11T09:34:59.792+0000] {base.py:84} INFO - Retrieving connection 'data_warehouse_project'
[2025-06-11T09:34:59.969+0000] {sql.py:509} INFO - Running statement: 
TRUNCATE TABLE dm.dim_employee;

INSERT INTO dm.dim_employee (
            employee_id, employee_first_name, employee_middle_initial,
            employee_last_name, employee_birth_date, employee_gender,
            employee_city_id, employee_city_name, employee_country_id,
            employee_country_name, employee_country_code, employee_hire_date,
            start_date, end_date
        )
        SELECT 
            e.employeeid,
            e.firstname,
            e.middleinitial,
            e.lastname,
            e.birthdate,
            e.gender,
            e.cityid,
            ci.cityname,
            ci.countryid,
            co.countryname,
            co.countrycode,
            e.hiredate,
            CURRENT_DATE,
            NULL
        FROM stg.employee e
        LEFT JOIN stg.cities ci ON e.cityid = ci.cityid
        LEFT JOIN stg.countries co ON ci.countryid = co.countryid;, parameters: None
[2025-06-11T09:34:59.987+0000] {sql.py:518} INFO - Rows affected: 184
[2025-06-11T09:35:00.014+0000] {taskinstance.py:340} INFO - ::group::Post task execution logs
[2025-06-11T09:35:00.014+0000] {taskinstance.py:352} INFO - Marking task as SUCCESS. dag_id=data_ingestion_to_stg, task_id=dim_group.dim_employee, run_id=manual__2025-06-11T09:34:38.207959+00:00, execution_date=20250611T093438, start_date=20250611T093459, end_date=20250611T093500
[2025-06-11T09:35:00.029+0000] {logging_mixin.py:190} INFO - Task instance in success state
[2025-06-11T09:35:00.030+0000] {logging_mixin.py:190} INFO -  Previous state of the Task instance: running
[2025-06-11T09:35:00.030+0000] {logging_mixin.py:190} INFO - Dag name:data_ingestion_to_stg queued_at:2025-06-11 09:34:38.253158+00:00
[2025-06-11T09:35:00.030+0000] {logging_mixin.py:190} INFO - Task hostname:50af1b76beaf operator:SQLExecuteQueryOperator
[2025-06-11T09:35:00.048+0000] {local_task_job_runner.py:266} INFO - Task exited with return code 0
[2025-06-11T09:35:00.058+0000] {local_task_job_runner.py:245} INFO - ::endgroup::
