[2025-06-11T09:42:15.186+0000] {local_task_job_runner.py:123} INFO - ::group::Pre task execution logs
[2025-06-11T09:42:15.257+0000] {taskinstance.py:2612} INFO - Dependencies all met for dep_context=non-requeueable deps ti=<TaskInstance: data_ingestion_to_stg.load_categories_20180509 manual__2025-06-11T09:41:58.682100+00:00 [queued]>
[2025-06-11T09:42:15.326+0000] {taskinstance.py:2612} INFO - Dependencies all met for dep_context=requeueable deps ti=<TaskInstance: data_ingestion_to_stg.load_categories_20180509 manual__2025-06-11T09:41:58.682100+00:00 [queued]>
[2025-06-11T09:42:15.328+0000] {taskinstance.py:2865} INFO - Starting attempt 1 of 2
[2025-06-11T09:42:15.396+0000] {taskinstance.py:2888} INFO - Executing <Task(PythonOperator): load_categories_20180509> on 2025-06-11 09:41:58.682100+00:00
[2025-06-11T09:42:15.415+0000] {warnings.py:112} WARNING - /home/***/.local/lib/python3.12/site-packages/***/task/task_runner/standard_task_runner.py:70: DeprecationWarning: This process (pid=1350) is multi-threaded, use of fork() may lead to deadlocks in the child.
  pid = os.fork()

[2025-06-11T09:42:15.418+0000] {standard_task_runner.py:72} INFO - Started process 1391 to run task
[2025-06-11T09:42:15.420+0000] {standard_task_runner.py:104} INFO - Running: ['***', 'tasks', 'run', 'data_ingestion_to_stg', 'load_categories_20180509', 'manual__2025-06-11T09:41:58.682100+00:00', '--job-id', '868', '--raw', '--subdir', 'DAGS_FOLDER/data_ingestion_to_stg.py', '--cfg-path', '/tmp/tmplux3siro']
[2025-06-11T09:42:15.433+0000] {standard_task_runner.py:105} INFO - Job 868: Subtask load_categories_20180509
[2025-06-11T09:42:15.601+0000] {task_command.py:467} INFO - Running <TaskInstance: data_ingestion_to_stg.load_categories_20180509 manual__2025-06-11T09:41:58.682100+00:00 [running]> on host 50af1b76beaf
[2025-06-11T09:42:15.815+0000] {taskinstance.py:3131} INFO - Exporting env vars: AIRFLOW_CTX_DAG_OWNER='***' AIRFLOW_CTX_DAG_ID='data_ingestion_to_stg' AIRFLOW_CTX_TASK_ID='load_categories_20180509' AIRFLOW_CTX_EXECUTION_DATE='2025-06-11T09:41:58.682100+00:00' AIRFLOW_CTX_TRY_NUMBER='1' AIRFLOW_CTX_DAG_RUN_ID='manual__2025-06-11T09:41:58.682100+00:00'
[2025-06-11T09:42:15.823+0000] {logging_mixin.py:190} INFO - Task instance is in running state
[2025-06-11T09:42:15.824+0000] {logging_mixin.py:190} INFO -  Previous state of the Task instance: queued
[2025-06-11T09:42:15.825+0000] {logging_mixin.py:190} INFO - Current task name:load_categories_20180509 state:running start_date:2025-06-11 09:42:15.277053+00:00
[2025-06-11T09:42:15.842+0000] {logging_mixin.py:190} INFO - Dag name:data_ingestion_to_stg and current dag run status:running
[2025-06-11T09:42:15.842+0000] {taskinstance.py:731} INFO - ::endgroup::
[2025-06-11T09:42:15.857+0000] {postgres.py:191} INFO - Running copy expert: COPY stg.categories FROM STDIN WITH CSV DELIMITER '|' HEADER;, filename: /opt/***/INPUT/20180509/20180509.categories.csv
[2025-06-11T09:42:15.899+0000] {base.py:84} INFO - Retrieving connection 'data_warehouse_project'
[2025-06-11T09:42:16.092+0000] {logging_mixin.py:190} INFO - [INFO] Berhasil load 20180509.categories.csv ke stg.categories
[2025-06-11T09:42:16.093+0000] {python.py:240} INFO - Done. Returned value was: None
[2025-06-11T09:42:16.115+0000] {taskinstance.py:340} INFO - ::group::Post task execution logs
[2025-06-11T09:42:16.117+0000] {taskinstance.py:352} INFO - Marking task as SUCCESS. dag_id=data_ingestion_to_stg, task_id=load_categories_20180509, run_id=manual__2025-06-11T09:41:58.682100+00:00, execution_date=20250611T094158, start_date=20250611T094215, end_date=20250611T094216
[2025-06-11T09:42:16.139+0000] {logging_mixin.py:190} INFO - Task instance in success state
[2025-06-11T09:42:16.145+0000] {logging_mixin.py:190} INFO -  Previous state of the Task instance: running
[2025-06-11T09:42:16.145+0000] {logging_mixin.py:190} INFO - Dag name:data_ingestion_to_stg queued_at:2025-06-11 09:41:58.731560+00:00
[2025-06-11T09:42:16.146+0000] {logging_mixin.py:190} INFO - Task hostname:50af1b76beaf operator:PythonOperator
[2025-06-11T09:42:16.185+0000] {local_task_job_runner.py:266} INFO - Task exited with return code 0
[2025-06-11T09:42:16.240+0000] {taskinstance.py:3900} INFO - 0 downstream tasks scheduled from follow-on schedule check
[2025-06-11T09:42:16.243+0000] {local_task_job_runner.py:245} INFO - ::endgroup::
