[2025-06-11T05:17:01.353+0000] {local_task_job_runner.py:123} INFO - ::group::Pre task execution logs
[2025-06-11T05:17:01.414+0000] {taskinstance.py:2612} INFO - Dependencies all met for dep_context=non-requeueable deps ti=<TaskInstance: data_ingestion_to_stg.load_sales_20180509 manual__2025-06-11T05:16:36.881201+00:00 [queued]>
[2025-06-11T05:17:01.458+0000] {taskinstance.py:2612} INFO - Dependencies all met for dep_context=requeueable deps ti=<TaskInstance: data_ingestion_to_stg.load_sales_20180509 manual__2025-06-11T05:16:36.881201+00:00 [queued]>
[2025-06-11T05:17:01.468+0000] {taskinstance.py:2865} INFO - Starting attempt 1 of 2
[2025-06-11T05:17:01.540+0000] {taskinstance.py:2888} INFO - Executing <Task(PythonOperator): load_sales_20180509> on 2025-06-11 05:16:36.881201+00:00
[2025-06-11T05:17:01.565+0000] {warnings.py:112} WARNING - /home/***/.local/lib/python3.12/site-packages/***/task/task_runner/standard_task_runner.py:70: DeprecationWarning: This process (pid=276) is multi-threaded, use of fork() may lead to deadlocks in the child.
  pid = os.fork()

[2025-06-11T05:17:01.571+0000] {standard_task_runner.py:72} INFO - Started process 311 to run task
[2025-06-11T05:17:01.570+0000] {standard_task_runner.py:104} INFO - Running: ['***', 'tasks', 'run', 'data_ingestion_to_stg', 'load_sales_20180509', 'manual__2025-06-11T05:16:36.881201+00:00', '--job-id', '332', '--raw', '--subdir', 'DAGS_FOLDER/data_ingestion_to_stg.py', '--cfg-path', '/tmp/tmp0uye1y0r']
[2025-06-11T05:17:01.574+0000] {standard_task_runner.py:105} INFO - Job 332: Subtask load_sales_20180509
[2025-06-11T05:17:01.794+0000] {task_command.py:467} INFO - Running <TaskInstance: data_ingestion_to_stg.load_sales_20180509 manual__2025-06-11T05:16:36.881201+00:00 [running]> on host d55d1164a4af
[2025-06-11T05:17:02.159+0000] {taskinstance.py:3131} INFO - Exporting env vars: AIRFLOW_CTX_DAG_OWNER='***' AIRFLOW_CTX_DAG_ID='data_ingestion_to_stg' AIRFLOW_CTX_TASK_ID='load_sales_20180509' AIRFLOW_CTX_EXECUTION_DATE='2025-06-11T05:16:36.881201+00:00' AIRFLOW_CTX_TRY_NUMBER='1' AIRFLOW_CTX_DAG_RUN_ID='manual__2025-06-11T05:16:36.881201+00:00'
[2025-06-11T05:17:02.163+0000] {logging_mixin.py:190} INFO - Task instance is in running state
[2025-06-11T05:17:02.167+0000] {logging_mixin.py:190} INFO -  Previous state of the Task instance: queued
[2025-06-11T05:17:02.170+0000] {logging_mixin.py:190} INFO - Current task name:load_sales_20180509 state:running start_date:2025-06-11 05:17:01.423558+00:00
[2025-06-11T05:17:02.185+0000] {logging_mixin.py:190} INFO - Dag name:data_ingestion_to_stg and current dag run status:running
[2025-06-11T05:17:02.206+0000] {taskinstance.py:731} INFO - ::endgroup::
[2025-06-11T05:17:02.234+0000] {postgres.py:191} INFO - Running copy expert: COPY stg.sales FROM STDIN WITH CSV DELIMITER ';' HEADER;, filename: /opt/***/INPUT/20180509/20180509.sales.csv
[2025-06-11T05:17:02.342+0000] {base.py:84} INFO - Retrieving connection 'data_warehouse_project'
[2025-06-11T05:17:02.489+0000] {logging_mixin.py:190} INFO - [INFO] Berhasil load 20180509.sales.csv ke stg.sales
[2025-06-11T05:17:02.496+0000] {python.py:240} INFO - Done. Returned value was: None
[2025-06-11T05:17:02.548+0000] {taskinstance.py:340} INFO - ::group::Post task execution logs
[2025-06-11T05:17:02.566+0000] {taskinstance.py:352} INFO - Marking task as SUCCESS. dag_id=data_ingestion_to_stg, task_id=load_sales_20180509, run_id=manual__2025-06-11T05:16:36.881201+00:00, execution_date=20250611T051636, start_date=20250611T051701, end_date=20250611T051702
[2025-06-11T05:17:02.614+0000] {logging_mixin.py:190} INFO - Task instance in success state
[2025-06-11T05:17:02.614+0000] {logging_mixin.py:190} INFO -  Previous state of the Task instance: running
[2025-06-11T05:17:02.615+0000] {logging_mixin.py:190} INFO - Dag name:data_ingestion_to_stg queued_at:2025-06-11 05:16:36.905700+00:00
[2025-06-11T05:17:02.630+0000] {logging_mixin.py:190} INFO - Task hostname:d55d1164a4af operator:PythonOperator
[2025-06-11T05:17:02.678+0000] {local_task_job_runner.py:266} INFO - Task exited with return code 0
[2025-06-11T05:17:02.740+0000] {local_task_job_runner.py:245} INFO - ::endgroup::
