[2025-06-11T08:14:20.615+0000] {local_task_job_runner.py:123} INFO - ::group::Pre task execution logs
[2025-06-11T08:14:20.670+0000] {taskinstance.py:2612} INFO - Dependencies all met for dep_context=non-requeueable deps ti=<TaskInstance: data_ingestion_to_stg.load_customers_20180509 manual__2025-06-11T08:13:59.453815+00:00 [queued]>
[2025-06-11T08:14:20.704+0000] {taskinstance.py:2612} INFO - Dependencies all met for dep_context=requeueable deps ti=<TaskInstance: data_ingestion_to_stg.load_customers_20180509 manual__2025-06-11T08:13:59.453815+00:00 [queued]>
[2025-06-11T08:14:20.708+0000] {taskinstance.py:2865} INFO - Starting attempt 1 of 2
[2025-06-11T08:14:20.774+0000] {taskinstance.py:2888} INFO - Executing <Task(PythonOperator): load_customers_20180509> on 2025-06-11 08:13:59.453815+00:00
[2025-06-11T08:14:20.796+0000] {warnings.py:112} WARNING - /home/***/.local/lib/python3.12/site-packages/***/task/task_runner/standard_task_runner.py:70: DeprecationWarning: This process (pid=216) is multi-threaded, use of fork() may lead to deadlocks in the child.
  pid = os.fork()

[2025-06-11T08:14:20.804+0000] {standard_task_runner.py:72} INFO - Started process 243 to run task
[2025-06-11T08:14:20.816+0000] {standard_task_runner.py:104} INFO - Running: ['***', 'tasks', 'run', 'data_ingestion_to_stg', 'load_customers_20180509', 'manual__2025-06-11T08:13:59.453815+00:00', '--job-id', '558', '--raw', '--subdir', 'DAGS_FOLDER/data_ingestion_to_stg.py', '--cfg-path', '/tmp/tmp8k25eaw0']
[2025-06-11T08:14:20.819+0000] {standard_task_runner.py:105} INFO - Job 558: Subtask load_customers_20180509
[2025-06-11T08:14:21.150+0000] {task_command.py:467} INFO - Running <TaskInstance: data_ingestion_to_stg.load_customers_20180509 manual__2025-06-11T08:13:59.453815+00:00 [running]> on host 2d4b374c5f38
[2025-06-11T08:14:21.497+0000] {taskinstance.py:3131} INFO - Exporting env vars: AIRFLOW_CTX_DAG_OWNER='***' AIRFLOW_CTX_DAG_ID='data_ingestion_to_stg' AIRFLOW_CTX_TASK_ID='load_customers_20180509' AIRFLOW_CTX_EXECUTION_DATE='2025-06-11T08:13:59.453815+00:00' AIRFLOW_CTX_TRY_NUMBER='1' AIRFLOW_CTX_DAG_RUN_ID='manual__2025-06-11T08:13:59.453815+00:00'
[2025-06-11T08:14:21.506+0000] {logging_mixin.py:190} INFO - Task instance is in running state
[2025-06-11T08:14:21.508+0000] {logging_mixin.py:190} INFO -  Previous state of the Task instance: queued
[2025-06-11T08:14:21.511+0000] {logging_mixin.py:190} INFO - Current task name:load_customers_20180509 state:running start_date:2025-06-11 08:14:20.674313+00:00
[2025-06-11T08:14:21.530+0000] {logging_mixin.py:190} INFO - Dag name:data_ingestion_to_stg and current dag run status:running
[2025-06-11T08:14:21.539+0000] {taskinstance.py:731} INFO - ::endgroup::
[2025-06-11T08:14:21.594+0000] {postgres.py:191} INFO - Running copy expert: COPY stg.customers FROM STDIN WITH CSV DELIMITER ';' HEADER;, filename: /opt/***/INPUT/20180509/20180509.customers.csv
[2025-06-11T08:14:21.643+0000] {base.py:84} INFO - Retrieving connection 'data_warehouse_project'
[2025-06-11T08:14:22.426+0000] {logging_mixin.py:190} INFO - [INFO] Berhasil load 20180509.customers.csv ke stg.customers
[2025-06-11T08:14:22.427+0000] {python.py:240} INFO - Done. Returned value was: None
[2025-06-11T08:14:22.442+0000] {taskinstance.py:340} INFO - ::group::Post task execution logs
[2025-06-11T08:14:22.443+0000] {taskinstance.py:352} INFO - Marking task as SUCCESS. dag_id=data_ingestion_to_stg, task_id=load_customers_20180509, run_id=manual__2025-06-11T08:13:59.453815+00:00, execution_date=20250611T081359, start_date=20250611T081420, end_date=20250611T081422
[2025-06-11T08:14:22.456+0000] {logging_mixin.py:190} INFO - Task instance in success state
[2025-06-11T08:14:22.457+0000] {logging_mixin.py:190} INFO -  Previous state of the Task instance: running
[2025-06-11T08:14:22.457+0000] {logging_mixin.py:190} INFO - Dag name:data_ingestion_to_stg queued_at:2025-06-11 08:13:59.492750+00:00
[2025-06-11T08:14:22.458+0000] {logging_mixin.py:190} INFO - Task hostname:2d4b374c5f38 operator:PythonOperator
[2025-06-11T08:14:22.493+0000] {local_task_job_runner.py:266} INFO - Task exited with return code 0
[2025-06-11T08:14:22.522+0000] {taskinstance.py:3900} INFO - 4 downstream tasks scheduled from follow-on schedule check
[2025-06-11T08:14:22.525+0000] {local_task_job_runner.py:245} INFO - ::endgroup::
