[2025-06-11T09:43:29.585+0000] {local_task_job_runner.py:123} INFO - ::group::Pre task execution logs
[2025-06-11T09:43:29.610+0000] {taskinstance.py:2612} INFO - Dependencies all met for dep_context=non-requeueable deps ti=<TaskInstance: data_ingestion_to_stg.dim_group.dim_employee manual__2025-06-11T09:43:12.716102+00:00 [queued]>
[2025-06-11T09:43:29.623+0000] {taskinstance.py:2612} INFO - Dependencies all met for dep_context=requeueable deps ti=<TaskInstance: data_ingestion_to_stg.dim_group.dim_employee manual__2025-06-11T09:43:12.716102+00:00 [queued]>
[2025-06-11T09:43:29.625+0000] {taskinstance.py:2865} INFO - Starting attempt 1 of 2
[2025-06-11T09:43:29.641+0000] {taskinstance.py:2888} INFO - Executing <Task(SQLExecuteQueryOperator): dim_group.dim_employee> on 2025-06-11 09:43:12.716102+00:00
[2025-06-11T09:43:29.651+0000] {warnings.py:112} WARNING - /home/***/.local/lib/python3.12/site-packages/***/task/task_runner/standard_task_runner.py:70: DeprecationWarning: This process (pid=1546) is multi-threaded, use of fork() may lead to deadlocks in the child.
  pid = os.fork()

[2025-06-11T09:43:29.653+0000] {standard_task_runner.py:72} INFO - Started process 1554 to run task
[2025-06-11T09:43:29.654+0000] {standard_task_runner.py:104} INFO - Running: ['***', 'tasks', 'run', 'data_ingestion_to_stg', 'dim_group.dim_employee', 'manual__2025-06-11T09:43:12.716102+00:00', '--job-id', '906', '--raw', '--subdir', 'DAGS_FOLDER/data_ingestion_to_stg.py', '--cfg-path', '/tmp/tmplwj2kzul']
[2025-06-11T09:43:29.655+0000] {standard_task_runner.py:105} INFO - Job 906: Subtask dim_group.dim_employee
[2025-06-11T09:43:29.706+0000] {task_command.py:467} INFO - Running <TaskInstance: data_ingestion_to_stg.dim_group.dim_employee manual__2025-06-11T09:43:12.716102+00:00 [running]> on host 50af1b76beaf
[2025-06-11T09:43:29.810+0000] {taskinstance.py:3131} INFO - Exporting env vars: AIRFLOW_CTX_DAG_OWNER='***' AIRFLOW_CTX_DAG_ID='data_ingestion_to_stg' AIRFLOW_CTX_TASK_ID='dim_group.dim_employee' AIRFLOW_CTX_EXECUTION_DATE='2025-06-11T09:43:12.716102+00:00' AIRFLOW_CTX_TRY_NUMBER='1' AIRFLOW_CTX_DAG_RUN_ID='manual__2025-06-11T09:43:12.716102+00:00'
[2025-06-11T09:43:29.812+0000] {logging_mixin.py:190} INFO - Task instance is in running state
[2025-06-11T09:43:29.812+0000] {logging_mixin.py:190} INFO -  Previous state of the Task instance: queued
[2025-06-11T09:43:29.813+0000] {logging_mixin.py:190} INFO - Current task name:dim_group.dim_employee state:running start_date:2025-06-11 09:43:29.611141+00:00
[2025-06-11T09:43:29.813+0000] {logging_mixin.py:190} INFO - Dag name:data_ingestion_to_stg and current dag run status:running
[2025-06-11T09:43:29.814+0000] {taskinstance.py:731} INFO - ::endgroup::
[2025-06-11T09:43:29.815+0000] {sql.py:266} INFO - Executing: 
TRUNCATE TABLE dm.dim_employee;

INSERT INTO dm.dim_employee (
            employee_id, employee_first_name, employee_middle_initial,
            employee_last_name, employee_birth_date, employee_gender,
            employee_city_id, employee_city_name, employee_country_id,
            employee_country_name, employee_country_code, employee_hire_date,
            start_date, end_date
        )
        SELECT 
            e.employeeid,
            e.firstname,
            e.middleinitial,
            e.lastname,
            e.birthdate,
            e.gender,
            e.cityid,
            ci.cityname,
            ci.countryid,
            co.countryname,
            co.countrycode,
            e.hiredate,
            CURRENT_DATE,
            NULL
        FROM stg.employee e
        LEFT JOIN stg.cities ci ON e.cityid = ci.cityid
        LEFT JOIN stg.countries co ON ci.countryid = co.countryid;
[2025-06-11T09:43:29.827+0000] {base.py:84} INFO - Retrieving connection 'data_warehouse_project'
[2025-06-11T09:43:29.837+0000] {base.py:84} INFO - Retrieving connection 'data_warehouse_project'
[2025-06-11T09:43:29.897+0000] {sql.py:509} INFO - Running statement: 
TRUNCATE TABLE dm.dim_employee;

INSERT INTO dm.dim_employee (
            employee_id, employee_first_name, employee_middle_initial,
            employee_last_name, employee_birth_date, employee_gender,
            employee_city_id, employee_city_name, employee_country_id,
            employee_country_name, employee_country_code, employee_hire_date,
            start_date, end_date
        )
        SELECT 
            e.employeeid,
            e.firstname,
            e.middleinitial,
            e.lastname,
            e.birthdate,
            e.gender,
            e.cityid,
            ci.cityname,
            ci.countryid,
            co.countryname,
            co.countrycode,
            e.hiredate,
            CURRENT_DATE,
            NULL
        FROM stg.employee e
        LEFT JOIN stg.cities ci ON e.cityid = ci.cityid
        LEFT JOIN stg.countries co ON ci.countryid = co.countryid;, parameters: None
[2025-06-11T09:43:29.911+0000] {sql.py:518} INFO - Rows affected: 184
[2025-06-11T09:43:29.928+0000] {taskinstance.py:340} INFO - ::group::Post task execution logs
[2025-06-11T09:43:29.929+0000] {taskinstance.py:352} INFO - Marking task as SUCCESS. dag_id=data_ingestion_to_stg, task_id=dim_group.dim_employee, run_id=manual__2025-06-11T09:43:12.716102+00:00, execution_date=20250611T094312, start_date=20250611T094329, end_date=20250611T094329
[2025-06-11T09:43:29.944+0000] {logging_mixin.py:190} INFO - Task instance in success state
[2025-06-11T09:43:29.945+0000] {logging_mixin.py:190} INFO -  Previous state of the Task instance: running
[2025-06-11T09:43:29.946+0000] {logging_mixin.py:190} INFO - Dag name:data_ingestion_to_stg queued_at:2025-06-11 09:43:12.780670+00:00
[2025-06-11T09:43:29.947+0000] {logging_mixin.py:190} INFO - Task hostname:50af1b76beaf operator:SQLExecuteQueryOperator
[2025-06-11T09:43:29.990+0000] {local_task_job_runner.py:266} INFO - Task exited with return code 0
[2025-06-11T09:43:30.017+0000] {taskinstance.py:3900} INFO - 0 downstream tasks scheduled from follow-on schedule check
[2025-06-11T09:43:30.021+0000] {local_task_job_runner.py:245} INFO - ::endgroup::
