[2025-06-11T06:05:08.788+0000] {local_task_job_runner.py:123} INFO - ::group::Pre task execution logs
[2025-06-11T06:05:08.851+0000] {taskinstance.py:2612} INFO - Dependencies all met for dep_context=non-requeueable deps ti=<TaskInstance: data_ingestion_to_stg.truncate_sales_20180508 manual__2025-06-11T06:05:00.409937+00:00 [queued]>
[2025-06-11T06:05:08.895+0000] {taskinstance.py:2612} INFO - Dependencies all met for dep_context=requeueable deps ti=<TaskInstance: data_ingestion_to_stg.truncate_sales_20180508 manual__2025-06-11T06:05:00.409937+00:00 [queued]>
[2025-06-11T06:05:08.896+0000] {taskinstance.py:2865} INFO - Starting attempt 1 of 2
[2025-06-11T06:05:09.008+0000] {taskinstance.py:2888} INFO - Executing <Task(PythonOperator): truncate_sales_20180508> on 2025-06-11 06:05:00.409937+00:00
[2025-06-11T06:05:09.050+0000] {warnings.py:112} WARNING - /home/***/.local/lib/python3.12/site-packages/***/task/task_runner/standard_task_runner.py:70: DeprecationWarning: This process (pid=1168) is multi-threaded, use of fork() may lead to deadlocks in the child.
  pid = os.fork()

[2025-06-11T06:05:09.067+0000] {standard_task_runner.py:72} INFO - Started process 1229 to run task
[2025-06-11T06:05:09.053+0000] {standard_task_runner.py:104} INFO - Running: ['***', 'tasks', 'run', 'data_ingestion_to_stg', 'truncate_sales_20180508', 'manual__2025-06-11T06:05:00.409937+00:00', '--job-id', '504', '--raw', '--subdir', 'DAGS_FOLDER/data_ingestion_to_stg.py', '--cfg-path', '/tmp/tmpoeuykl6d']
[2025-06-11T06:05:09.071+0000] {standard_task_runner.py:105} INFO - Job 504: Subtask truncate_sales_20180508
[2025-06-11T06:05:09.211+0000] {task_command.py:467} INFO - Running <TaskInstance: data_ingestion_to_stg.truncate_sales_20180508 manual__2025-06-11T06:05:00.409937+00:00 [running]> on host 70fc91f07add
[2025-06-11T06:05:09.609+0000] {taskinstance.py:3131} INFO - Exporting env vars: AIRFLOW_CTX_DAG_OWNER='***' AIRFLOW_CTX_DAG_ID='data_ingestion_to_stg' AIRFLOW_CTX_TASK_ID='truncate_sales_20180508' AIRFLOW_CTX_EXECUTION_DATE='2025-06-11T06:05:00.409937+00:00' AIRFLOW_CTX_TRY_NUMBER='1' AIRFLOW_CTX_DAG_RUN_ID='manual__2025-06-11T06:05:00.409937+00:00'
[2025-06-11T06:05:09.611+0000] {logging_mixin.py:190} INFO - Task instance is in running state
[2025-06-11T06:05:09.612+0000] {logging_mixin.py:190} INFO -  Previous state of the Task instance: queued
[2025-06-11T06:05:09.614+0000] {logging_mixin.py:190} INFO - Current task name:truncate_sales_20180508 state:running start_date:2025-06-11 06:05:08.864694+00:00
[2025-06-11T06:05:09.617+0000] {logging_mixin.py:190} INFO - Dag name:data_ingestion_to_stg and current dag run status:running
[2025-06-11T06:05:09.619+0000] {taskinstance.py:731} INFO - ::endgroup::
[2025-06-11T06:05:09.720+0000] {base.py:84} INFO - Retrieving connection 'data_warehouse_project'
[2025-06-11T06:05:09.831+0000] {sql.py:509} INFO - Running statement: TRUNCATE TABLE stg.sales;, parameters: None
[2025-06-11T06:05:09.857+0000] {logging_mixin.py:190} INFO - [INFO] Truncated table stg.sales
[2025-06-11T06:05:09.863+0000] {python.py:240} INFO - Done. Returned value was: None
[2025-06-11T06:05:09.900+0000] {taskinstance.py:340} INFO - ::group::Post task execution logs
[2025-06-11T06:05:09.900+0000] {taskinstance.py:352} INFO - Marking task as SUCCESS. dag_id=data_ingestion_to_stg, task_id=truncate_sales_20180508, run_id=manual__2025-06-11T06:05:00.409937+00:00, execution_date=20250611T060500, start_date=20250611T060508, end_date=20250611T060509
[2025-06-11T06:05:09.926+0000] {logging_mixin.py:190} INFO - Task instance in success state
[2025-06-11T06:05:09.930+0000] {logging_mixin.py:190} INFO -  Previous state of the Task instance: running
[2025-06-11T06:05:09.933+0000] {logging_mixin.py:190} INFO - Dag name:data_ingestion_to_stg queued_at:2025-06-11 06:05:00.460575+00:00
[2025-06-11T06:05:09.936+0000] {logging_mixin.py:190} INFO - Task hostname:70fc91f07add operator:PythonOperator
[2025-06-11T06:05:09.996+0000] {local_task_job_runner.py:266} INFO - Task exited with return code 0
[2025-06-11T06:05:10.010+0000] {local_task_job_runner.py:245} INFO - ::endgroup::
