[2025-06-11T08:24:18.920+0000] {local_task_job_runner.py:123} INFO - ::group::Pre task execution logs
[2025-06-11T08:24:19.022+0000] {taskinstance.py:2612} INFO - Dependencies all met for dep_context=non-requeueable deps ti=<TaskInstance: data_ingestion_to_stg.truncate_countries_20180508 manual__2025-06-11T08:24:11.898190+00:00 [queued]>
[2025-06-11T08:24:19.099+0000] {taskinstance.py:2612} INFO - Dependencies all met for dep_context=requeueable deps ti=<TaskInstance: data_ingestion_to_stg.truncate_countries_20180508 manual__2025-06-11T08:24:11.898190+00:00 [queued]>
[2025-06-11T08:24:19.100+0000] {taskinstance.py:2865} INFO - Starting attempt 1 of 2
[2025-06-11T08:24:19.134+0000] {taskinstance.py:2888} INFO - Executing <Task(PythonOperator): truncate_countries_20180508> on 2025-06-11 08:24:11.898190+00:00
[2025-06-11T08:24:19.256+0000] {standard_task_runner.py:104} INFO - Running: ['***', 'tasks', 'run', 'data_ingestion_to_stg', 'truncate_countries_20180508', 'manual__2025-06-11T08:24:11.898190+00:00', '--job-id', '609', '--raw', '--subdir', 'DAGS_FOLDER/data_ingestion_to_stg.py', '--cfg-path', '/tmp/tmp2n_9ah4h']
[2025-06-11T08:24:19.270+0000] {standard_task_runner.py:105} INFO - Job 609: Subtask truncate_countries_20180508
[2025-06-11T08:24:19.209+0000] {warnings.py:112} WARNING - /home/***/.local/lib/python3.12/site-packages/***/task/task_runner/standard_task_runner.py:70: DeprecationWarning: This process (pid=262) is multi-threaded, use of fork() may lead to deadlocks in the child.
  pid = os.fork()

[2025-06-11T08:24:19.294+0000] {standard_task_runner.py:72} INFO - Started process 301 to run task
[2025-06-11T08:24:19.416+0000] {task_command.py:467} INFO - Running <TaskInstance: data_ingestion_to_stg.truncate_countries_20180508 manual__2025-06-11T08:24:11.898190+00:00 [running]> on host 8b2e3fa0123b
[2025-06-11T08:24:19.755+0000] {taskinstance.py:3131} INFO - Exporting env vars: AIRFLOW_CTX_DAG_OWNER='***' AIRFLOW_CTX_DAG_ID='data_ingestion_to_stg' AIRFLOW_CTX_TASK_ID='truncate_countries_20180508' AIRFLOW_CTX_EXECUTION_DATE='2025-06-11T08:24:11.898190+00:00' AIRFLOW_CTX_TRY_NUMBER='1' AIRFLOW_CTX_DAG_RUN_ID='manual__2025-06-11T08:24:11.898190+00:00'
[2025-06-11T08:24:19.762+0000] {logging_mixin.py:190} INFO - Task instance is in running state
[2025-06-11T08:24:19.763+0000] {logging_mixin.py:190} INFO -  Previous state of the Task instance: queued
[2025-06-11T08:24:19.764+0000] {logging_mixin.py:190} INFO - Current task name:truncate_countries_20180508 state:running start_date:2025-06-11 08:24:19.026567+00:00
[2025-06-11T08:24:19.765+0000] {logging_mixin.py:190} INFO - Dag name:data_ingestion_to_stg and current dag run status:running
[2025-06-11T08:24:19.766+0000] {taskinstance.py:731} INFO - ::endgroup::
[2025-06-11T08:24:19.796+0000] {base.py:84} INFO - Retrieving connection 'data_warehouse_project'
[2025-06-11T08:24:19.905+0000] {sql.py:509} INFO - Running statement: TRUNCATE TABLE stg.countries;, parameters: None
[2025-06-11T08:24:19.931+0000] {logging_mixin.py:190} INFO - [INFO] Truncated table stg.countries
[2025-06-11T08:24:19.933+0000] {python.py:240} INFO - Done. Returned value was: None
[2025-06-11T08:24:20.004+0000] {taskinstance.py:340} INFO - ::group::Post task execution logs
[2025-06-11T08:24:20.016+0000] {taskinstance.py:352} INFO - Marking task as SUCCESS. dag_id=data_ingestion_to_stg, task_id=truncate_countries_20180508, run_id=manual__2025-06-11T08:24:11.898190+00:00, execution_date=20250611T082411, start_date=20250611T082419, end_date=20250611T082420
[2025-06-11T08:24:20.084+0000] {logging_mixin.py:190} INFO - Task instance in success state
[2025-06-11T08:24:20.103+0000] {logging_mixin.py:190} INFO -  Previous state of the Task instance: running
[2025-06-11T08:24:20.117+0000] {logging_mixin.py:190} INFO - Dag name:data_ingestion_to_stg queued_at:2025-06-11 08:24:11.908285+00:00
[2025-06-11T08:24:20.118+0000] {logging_mixin.py:190} INFO - Task hostname:8b2e3fa0123b operator:PythonOperator
[2025-06-11T08:24:20.152+0000] {local_task_job_runner.py:266} INFO - Task exited with return code 0
[2025-06-11T08:24:20.262+0000] {taskinstance.py:3900} INFO - 0 downstream tasks scheduled from follow-on schedule check
[2025-06-11T08:24:20.288+0000] {local_task_job_runner.py:245} INFO - ::endgroup::
