[2025-06-11T09:19:14.900+0000] {local_task_job_runner.py:123} INFO - ::group::Pre task execution logs
[2025-06-11T09:19:14.924+0000] {taskinstance.py:2612} INFO - Dependencies all met for dep_context=non-requeueable deps ti=<TaskInstance: data_ingestion_to_stg.dim_group.dim_product manual__2025-06-11T09:18:55.474662+00:00 [queued]>
[2025-06-11T09:19:14.938+0000] {taskinstance.py:2612} INFO - Dependencies all met for dep_context=requeueable deps ti=<TaskInstance: data_ingestion_to_stg.dim_group.dim_product manual__2025-06-11T09:18:55.474662+00:00 [queued]>
[2025-06-11T09:19:14.940+0000] {taskinstance.py:2865} INFO - Starting attempt 1 of 2
[2025-06-11T09:19:14.955+0000] {taskinstance.py:2888} INFO - Executing <Task(SQLExecuteQueryOperator): dim_group.dim_product> on 2025-06-11 09:18:55.474662+00:00
[2025-06-11T09:19:14.964+0000] {warnings.py:112} WARNING - /home/***/.local/lib/python3.12/site-packages/***/task/task_runner/standard_task_runner.py:70: DeprecationWarning: This process (pid=835) is multi-threaded, use of fork() may lead to deadlocks in the child.
  pid = os.fork()

[2025-06-11T09:19:14.967+0000] {standard_task_runner.py:72} INFO - Started process 840 to run task
[2025-06-11T09:19:14.967+0000] {standard_task_runner.py:104} INFO - Running: ['***', 'tasks', 'run', 'data_ingestion_to_stg', 'dim_group.dim_product', 'manual__2025-06-11T09:18:55.474662+00:00', '--job-id', '806', '--raw', '--subdir', 'DAGS_FOLDER/data_ingestion_to_stg.py', '--cfg-path', '/tmp/tmpt4g8g3a2']
[2025-06-11T09:19:14.968+0000] {standard_task_runner.py:105} INFO - Job 806: Subtask dim_group.dim_product
[2025-06-11T09:19:15.024+0000] {task_command.py:467} INFO - Running <TaskInstance: data_ingestion_to_stg.dim_group.dim_product manual__2025-06-11T09:18:55.474662+00:00 [running]> on host 50af1b76beaf
[2025-06-11T09:19:15.143+0000] {taskinstance.py:3131} INFO - Exporting env vars: AIRFLOW_CTX_DAG_OWNER='***' AIRFLOW_CTX_DAG_ID='data_ingestion_to_stg' AIRFLOW_CTX_TASK_ID='dim_group.dim_product' AIRFLOW_CTX_EXECUTION_DATE='2025-06-11T09:18:55.474662+00:00' AIRFLOW_CTX_TRY_NUMBER='1' AIRFLOW_CTX_DAG_RUN_ID='manual__2025-06-11T09:18:55.474662+00:00'
[2025-06-11T09:19:15.145+0000] {logging_mixin.py:190} INFO - Task instance is in running state
[2025-06-11T09:19:15.146+0000] {logging_mixin.py:190} INFO -  Previous state of the Task instance: queued
[2025-06-11T09:19:15.146+0000] {logging_mixin.py:190} INFO - Current task name:dim_group.dim_product state:running start_date:2025-06-11 09:19:14.925197+00:00
[2025-06-11T09:19:15.147+0000] {logging_mixin.py:190} INFO - Dag name:data_ingestion_to_stg and current dag run status:running
[2025-06-11T09:19:15.147+0000] {taskinstance.py:731} INFO - ::endgroup::
[2025-06-11T09:19:15.148+0000] {sql.py:266} INFO - Executing: 
TRUNCATE TABLE dm.dim_product;

INSERT INTO dm.dim_product (
    product_id, product_name, product_price, category_id,
    category_name, modify_datetime, insert_date
)
SELECT 
    p.productid,
    p.productname,
    p.price,
    p.categoryid,
    c.categoryname,
    p.modifydate,
    CURRENT_DATE
FROM stg.products p
LEFT JOIN stg.categories c ON p.categoryid = c.categoryid;
[2025-06-11T09:19:15.158+0000] {base.py:84} INFO - Retrieving connection 'data_warehouse_project'
[2025-06-11T09:19:15.169+0000] {base.py:84} INFO - Retrieving connection 'data_warehouse_project'
[2025-06-11T09:19:15.248+0000] {sql.py:509} INFO - Running statement: 
TRUNCATE TABLE dm.dim_product;

INSERT INTO dm.dim_product (
    product_id, product_name, product_price, category_id,
    category_name, modify_datetime, insert_date
)
SELECT 
    p.productid,
    p.productname,
    p.price,
    p.categoryid,
    c.categoryname,
    p.modifydate,
    CURRENT_DATE
FROM stg.products p
LEFT JOIN stg.categories c ON p.categoryid = c.categoryid;, parameters: None
[2025-06-11T09:19:15.278+0000] {sql.py:518} INFO - Rows affected: 1808
[2025-06-11T09:19:15.297+0000] {taskinstance.py:340} INFO - ::group::Post task execution logs
[2025-06-11T09:19:15.298+0000] {taskinstance.py:352} INFO - Marking task as SUCCESS. dag_id=data_ingestion_to_stg, task_id=dim_group.dim_product, run_id=manual__2025-06-11T09:18:55.474662+00:00, execution_date=20250611T091855, start_date=20250611T091914, end_date=20250611T091915
[2025-06-11T09:19:15.310+0000] {logging_mixin.py:190} INFO - Task instance in success state
[2025-06-11T09:19:15.310+0000] {logging_mixin.py:190} INFO -  Previous state of the Task instance: running
[2025-06-11T09:19:15.311+0000] {logging_mixin.py:190} INFO - Dag name:data_ingestion_to_stg queued_at:2025-06-11 09:18:55.530926+00:00
[2025-06-11T09:19:15.311+0000] {logging_mixin.py:190} INFO - Task hostname:50af1b76beaf operator:SQLExecuteQueryOperator
[2025-06-11T09:19:15.348+0000] {local_task_job_runner.py:266} INFO - Task exited with return code 0
[2025-06-11T09:19:15.375+0000] {taskinstance.py:3900} INFO - 0 downstream tasks scheduled from follow-on schedule check
[2025-06-11T09:19:15.379+0000] {local_task_job_runner.py:245} INFO - ::endgroup::
