[2025-06-11T05:53:41.734+0000] {local_task_job_runner.py:123} INFO - ::group::Pre task execution logs
[2025-06-11T05:53:41.890+0000] {taskinstance.py:2612} INFO - Dependencies all met for dep_context=non-requeueable deps ti=<TaskInstance: data_ingestion_to_stg.truncate_customers_20180509 manual__2025-06-11T05:53:35.331945+00:00 [queued]>
[2025-06-11T05:53:41.990+0000] {taskinstance.py:2612} INFO - Dependencies all met for dep_context=requeueable deps ti=<TaskInstance: data_ingestion_to_stg.truncate_customers_20180509 manual__2025-06-11T05:53:35.331945+00:00 [queued]>
[2025-06-11T05:53:41.996+0000] {taskinstance.py:2865} INFO - Starting attempt 1 of 2
[2025-06-11T05:53:42.099+0000] {taskinstance.py:2888} INFO - Executing <Task(PythonOperator): truncate_customers_20180509> on 2025-06-11 05:53:35.331945+00:00
[2025-06-11T05:53:42.170+0000] {warnings.py:112} WARNING - /home/***/.local/lib/python3.12/site-packages/***/task/task_runner/standard_task_runner.py:70: DeprecationWarning: This process (pid=755) is multi-threaded, use of fork() may lead to deadlocks in the child.
  pid = os.fork()

[2025-06-11T05:53:42.185+0000] {standard_task_runner.py:72} INFO - Started process 783 to run task
[2025-06-11T05:53:42.186+0000] {standard_task_runner.py:104} INFO - Running: ['***', 'tasks', 'run', 'data_ingestion_to_stg', 'truncate_customers_20180509', 'manual__2025-06-11T05:53:35.331945+00:00', '--job-id', '427', '--raw', '--subdir', 'DAGS_FOLDER/data_ingestion_to_stg.py', '--cfg-path', '/tmp/tmpka7a4cg8']
[2025-06-11T05:53:42.199+0000] {standard_task_runner.py:105} INFO - Job 427: Subtask truncate_customers_20180509
[2025-06-11T05:53:42.952+0000] {task_command.py:467} INFO - Running <TaskInstance: data_ingestion_to_stg.truncate_customers_20180509 manual__2025-06-11T05:53:35.331945+00:00 [running]> on host 70fc91f07add
[2025-06-11T05:53:43.501+0000] {taskinstance.py:3131} INFO - Exporting env vars: AIRFLOW_CTX_DAG_OWNER='***' AIRFLOW_CTX_DAG_ID='data_ingestion_to_stg' AIRFLOW_CTX_TASK_ID='truncate_customers_20180509' AIRFLOW_CTX_EXECUTION_DATE='2025-06-11T05:53:35.331945+00:00' AIRFLOW_CTX_TRY_NUMBER='1' AIRFLOW_CTX_DAG_RUN_ID='manual__2025-06-11T05:53:35.331945+00:00'
[2025-06-11T05:53:43.520+0000] {logging_mixin.py:190} INFO - Task instance is in running state
[2025-06-11T05:53:43.521+0000] {logging_mixin.py:190} INFO -  Previous state of the Task instance: queued
[2025-06-11T05:53:43.522+0000] {logging_mixin.py:190} INFO - Current task name:truncate_customers_20180509 state:running start_date:2025-06-11 05:53:41.898395+00:00
[2025-06-11T05:53:43.523+0000] {logging_mixin.py:190} INFO - Dag name:data_ingestion_to_stg and current dag run status:running
[2025-06-11T05:53:43.524+0000] {taskinstance.py:731} INFO - ::endgroup::
[2025-06-11T05:53:43.554+0000] {base.py:84} INFO - Retrieving connection 'data_warehouse_project'
[2025-06-11T05:53:43.787+0000] {sql.py:509} INFO - Running statement: TRUNCATE TABLE stg.customers;, parameters: None
[2025-06-11T05:53:43.842+0000] {logging_mixin.py:190} INFO - [INFO] Truncated table stg.customers
[2025-06-11T05:53:43.843+0000] {python.py:240} INFO - Done. Returned value was: None
[2025-06-11T05:53:43.894+0000] {taskinstance.py:340} INFO - ::group::Post task execution logs
[2025-06-11T05:53:43.903+0000] {taskinstance.py:352} INFO - Marking task as SUCCESS. dag_id=data_ingestion_to_stg, task_id=truncate_customers_20180509, run_id=manual__2025-06-11T05:53:35.331945+00:00, execution_date=20250611T055335, start_date=20250611T055341, end_date=20250611T055343
[2025-06-11T05:53:43.973+0000] {logging_mixin.py:190} INFO - Task instance in success state
[2025-06-11T05:53:43.980+0000] {logging_mixin.py:190} INFO -  Previous state of the Task instance: running
[2025-06-11T05:53:43.987+0000] {logging_mixin.py:190} INFO - Dag name:data_ingestion_to_stg queued_at:2025-06-11 05:53:35.382167+00:00
[2025-06-11T05:53:43.991+0000] {logging_mixin.py:190} INFO - Task hostname:70fc91f07add operator:PythonOperator
[2025-06-11T05:53:44.067+0000] {local_task_job_runner.py:266} INFO - Task exited with return code 0
[2025-06-11T05:53:44.106+0000] {local_task_job_runner.py:245} INFO - ::endgroup::
