[2025-06-11T09:14:20.863+0000] {local_task_job_runner.py:123} INFO - ::group::Pre task execution logs
[2025-06-11T09:14:20.980+0000] {taskinstance.py:2612} INFO - Dependencies all met for dep_context=non-requeueable deps ti=<TaskInstance: data_ingestion_to_stg.truncate_products_20180509 manual__2025-06-11T09:14:10.182020+00:00 [queued]>
[2025-06-11T09:14:21.113+0000] {taskinstance.py:2612} INFO - Dependencies all met for dep_context=requeueable deps ti=<TaskInstance: data_ingestion_to_stg.truncate_products_20180509 manual__2025-06-11T09:14:10.182020+00:00 [queued]>
[2025-06-11T09:14:21.131+0000] {taskinstance.py:2865} INFO - Starting attempt 1 of 2
[2025-06-11T09:14:21.295+0000] {taskinstance.py:2888} INFO - Executing <Task(PythonOperator): truncate_products_20180509> on 2025-06-11 09:14:10.182020+00:00
[2025-06-11T09:14:21.574+0000] {warnings.py:112} WARNING - /home/***/.local/lib/python3.12/site-packages/***/task/task_runner/standard_task_runner.py:70: DeprecationWarning: This process (pid=529) is multi-threaded, use of fork() may lead to deadlocks in the child.
  pid = os.fork()

[2025-06-11T09:14:21.624+0000] {standard_task_runner.py:72} INFO - Started process 562 to run task
[2025-06-11T09:14:21.709+0000] {standard_task_runner.py:104} INFO - Running: ['***', 'tasks', 'run', 'data_ingestion_to_stg', 'truncate_products_20180509', 'manual__2025-06-11T09:14:10.182020+00:00', '--job-id', '747', '--raw', '--subdir', 'DAGS_FOLDER/data_ingestion_to_stg.py', '--cfg-path', '/tmp/tmpsbuhjqsg']
[2025-06-11T09:14:21.736+0000] {standard_task_runner.py:105} INFO - Job 747: Subtask truncate_products_20180509
[2025-06-11T09:14:22.262+0000] {task_command.py:467} INFO - Running <TaskInstance: data_ingestion_to_stg.truncate_products_20180509 manual__2025-06-11T09:14:10.182020+00:00 [running]> on host 50af1b76beaf
[2025-06-11T09:14:22.691+0000] {taskinstance.py:3131} INFO - Exporting env vars: AIRFLOW_CTX_DAG_OWNER='***' AIRFLOW_CTX_DAG_ID='data_ingestion_to_stg' AIRFLOW_CTX_TASK_ID='truncate_products_20180509' AIRFLOW_CTX_EXECUTION_DATE='2025-06-11T09:14:10.182020+00:00' AIRFLOW_CTX_TRY_NUMBER='1' AIRFLOW_CTX_DAG_RUN_ID='manual__2025-06-11T09:14:10.182020+00:00'
[2025-06-11T09:14:22.701+0000] {logging_mixin.py:190} INFO - Task instance is in running state
[2025-06-11T09:14:22.701+0000] {logging_mixin.py:190} INFO -  Previous state of the Task instance: queued
[2025-06-11T09:14:22.702+0000] {logging_mixin.py:190} INFO - Current task name:truncate_products_20180509 state:running start_date:2025-06-11 09:14:20.987786+00:00
[2025-06-11T09:14:22.703+0000] {logging_mixin.py:190} INFO - Dag name:data_ingestion_to_stg and current dag run status:running
[2025-06-11T09:14:22.704+0000] {taskinstance.py:731} INFO - ::endgroup::
[2025-06-11T09:14:22.771+0000] {base.py:84} INFO - Retrieving connection 'data_warehouse_project'
[2025-06-11T09:14:22.999+0000] {sql.py:509} INFO - Running statement: TRUNCATE TABLE stg.products;, parameters: None
[2025-06-11T09:14:23.037+0000] {logging_mixin.py:190} INFO - [INFO] Truncated table stg.products
[2025-06-11T09:14:23.047+0000] {python.py:240} INFO - Done. Returned value was: None
[2025-06-11T09:14:23.186+0000] {taskinstance.py:340} INFO - ::group::Post task execution logs
[2025-06-11T09:14:23.193+0000] {taskinstance.py:352} INFO - Marking task as SUCCESS. dag_id=data_ingestion_to_stg, task_id=truncate_products_20180509, run_id=manual__2025-06-11T09:14:10.182020+00:00, execution_date=20250611T091410, start_date=20250611T091420, end_date=20250611T091423
[2025-06-11T09:14:23.259+0000] {logging_mixin.py:190} INFO - Task instance in success state
[2025-06-11T09:14:23.260+0000] {logging_mixin.py:190} INFO -  Previous state of the Task instance: running
[2025-06-11T09:14:23.265+0000] {logging_mixin.py:190} INFO - Dag name:data_ingestion_to_stg queued_at:2025-06-11 09:14:10.199485+00:00
[2025-06-11T09:14:23.267+0000] {logging_mixin.py:190} INFO - Task hostname:50af1b76beaf operator:PythonOperator
[2025-06-11T09:14:23.301+0000] {local_task_job_runner.py:266} INFO - Task exited with return code 0
[2025-06-11T09:14:23.338+0000] {local_task_job_runner.py:245} INFO - ::endgroup::
