[2025-06-11T09:35:06.465+0000] {local_task_job_runner.py:123} INFO - ::group::Pre task execution logs
[2025-06-11T09:35:06.483+0000] {taskinstance.py:2612} INFO - Dependencies all met for dep_context=non-requeueable deps ti=<TaskInstance: data_ingestion_to_stg.fact_group.fact_sales manual__2025-06-11T09:34:38.207959+00:00 [queued]>
[2025-06-11T09:35:06.493+0000] {taskinstance.py:2612} INFO - Dependencies all met for dep_context=requeueable deps ti=<TaskInstance: data_ingestion_to_stg.fact_group.fact_sales manual__2025-06-11T09:34:38.207959+00:00 [queued]>
[2025-06-11T09:35:06.494+0000] {taskinstance.py:2865} INFO - Starting attempt 1 of 2
[2025-06-11T09:35:06.508+0000] {taskinstance.py:2888} INFO - Executing <Task(SQLExecuteQueryOperator): fact_group.fact_sales> on 2025-06-11 09:34:38.207959+00:00
[2025-06-11T09:35:06.516+0000] {warnings.py:112} WARNING - /home/***/.local/lib/python3.12/site-packages/***/task/task_runner/standard_task_runner.py:70: DeprecationWarning: This process (pid=1181) is multi-threaded, use of fork() may lead to deadlocks in the child.
  pid = os.fork()

[2025-06-11T09:35:06.518+0000] {standard_task_runner.py:72} INFO - Started process 1183 to run task
[2025-06-11T09:35:06.518+0000] {standard_task_runner.py:104} INFO - Running: ['***', 'tasks', 'run', 'data_ingestion_to_stg', 'fact_group.fact_sales', 'manual__2025-06-11T09:34:38.207959+00:00', '--job-id', '842', '--raw', '--subdir', 'DAGS_FOLDER/data_ingestion_to_stg.py', '--cfg-path', '/tmp/tmpagaymuc1']
[2025-06-11T09:35:06.519+0000] {standard_task_runner.py:105} INFO - Job 842: Subtask fact_group.fact_sales
[2025-06-11T09:35:06.568+0000] {task_command.py:467} INFO - Running <TaskInstance: data_ingestion_to_stg.fact_group.fact_sales manual__2025-06-11T09:34:38.207959+00:00 [running]> on host 50af1b76beaf
[2025-06-11T09:35:06.646+0000] {taskinstance.py:3131} INFO - Exporting env vars: AIRFLOW_CTX_DAG_OWNER='***' AIRFLOW_CTX_DAG_ID='data_ingestion_to_stg' AIRFLOW_CTX_TASK_ID='fact_group.fact_sales' AIRFLOW_CTX_EXECUTION_DATE='2025-06-11T09:34:38.207959+00:00' AIRFLOW_CTX_TRY_NUMBER='1' AIRFLOW_CTX_DAG_RUN_ID='manual__2025-06-11T09:34:38.207959+00:00'
[2025-06-11T09:35:06.648+0000] {logging_mixin.py:190} INFO - Task instance is in running state
[2025-06-11T09:35:06.648+0000] {logging_mixin.py:190} INFO -  Previous state of the Task instance: queued
[2025-06-11T09:35:06.649+0000] {logging_mixin.py:190} INFO - Current task name:fact_group.fact_sales state:running start_date:2025-06-11 09:35:06.484462+00:00
[2025-06-11T09:35:06.649+0000] {logging_mixin.py:190} INFO - Dag name:data_ingestion_to_stg and current dag run status:running
[2025-06-11T09:35:06.650+0000] {taskinstance.py:731} INFO - ::endgroup::
[2025-06-11T09:35:06.650+0000] {sql.py:266} INFO - Executing: 
TRUNCATE TABLE dm.fact_sales;

INSERT INTO dm.fact_sales (
    sk_date,
    sk_customer,
    sk_employee,
    sk_product,
    sales_id,
    transaction_no,
    quantity,
    discount,
    total_price,
    insert_date
)
SELECT 
    d.sk_date,
    c.sk_customer,
    e.sk_employee,
    p.sk_product,
    s.salesid,
    s.transactionnumber,
    s.quantity,
    s.discount,
    s.totalprice,
    CURRENT_DATE
FROM stg.sales s
LEFT JOIN dm.dim_date d ON s.salesdate = d.date
LEFT JOIN dm.dim_customer c ON s.customerid = c.customer_id
LEFT JOIN dm.dim_employee e ON s.salespersonid = e.employee_id
LEFT JOIN dm.dim_product p ON s.productid = p.product_id;
[2025-06-11T09:35:06.661+0000] {base.py:84} INFO - Retrieving connection 'data_warehouse_project'
[2025-06-11T09:35:06.668+0000] {base.py:84} INFO - Retrieving connection 'data_warehouse_project'
[2025-06-11T09:35:06.712+0000] {sql.py:509} INFO - Running statement: 
TRUNCATE TABLE dm.fact_sales;

INSERT INTO dm.fact_sales (
    sk_date,
    sk_customer,
    sk_employee,
    sk_product,
    sales_id,
    transaction_no,
    quantity,
    discount,
    total_price,
    insert_date
)
SELECT 
    d.sk_date,
    c.sk_customer,
    e.sk_employee,
    p.sk_product,
    s.salesid,
    s.transactionnumber,
    s.quantity,
    s.discount,
    s.totalprice,
    CURRENT_DATE
FROM stg.sales s
LEFT JOIN dm.dim_date d ON s.salesdate = d.date
LEFT JOIN dm.dim_customer c ON s.customerid = c.customer_id
LEFT JOIN dm.dim_employee e ON s.salespersonid = e.employee_id
LEFT JOIN dm.dim_product p ON s.productid = p.product_id;, parameters: None
[2025-06-11T09:35:06.724+0000] {taskinstance.py:3310} ERROR - Task failed with exception
Traceback (most recent call last):
  File "/home/airflow/.local/lib/python3.12/site-packages/airflow/models/taskinstance.py", line 767, in _execute_task
    result = _execute_callable(context=context, **execute_callable_kwargs)
             ^^^^^^^^^^^^^^^^^^^^^^^^^^^^^^^^^^^^^^^^^^^^^^^^^^^^^^^^^^^^^
  File "/home/airflow/.local/lib/python3.12/site-packages/airflow/models/taskinstance.py", line 733, in _execute_callable
    return ExecutionCallableRunner(
           ^^^^^^^^^^^^^^^^^^^^^^^^
  File "/home/airflow/.local/lib/python3.12/site-packages/airflow/utils/operator_helpers.py", line 252, in run
    return self.func(*args, **kwargs)
           ^^^^^^^^^^^^^^^^^^^^^^^^^^
  File "/home/airflow/.local/lib/python3.12/site-packages/airflow/models/baseoperator.py", line 406, in wrapper
    return func(self, *args, **kwargs)
           ^^^^^^^^^^^^^^^^^^^^^^^^^^^
  File "/home/airflow/.local/lib/python3.12/site-packages/airflow/providers/common/sql/operators/sql.py", line 272, in execute
    output = hook.run(
             ^^^^^^^^^
  File "/home/airflow/.local/lib/python3.12/site-packages/airflow/providers/common/sql/hooks/sql.py", line 456, in run
    self._run_command(cur, sql_statement, parameters)
  File "/home/airflow/.local/lib/python3.12/site-packages/airflow/providers/common/sql/hooks/sql.py", line 514, in _run_command
    cur.execute(sql_statement)
psycopg2.errors.UndefinedTable: relation "dm.dim_date" does not exist
LINE 28: LEFT JOIN dm.dim_date d ON s.salesdate = d.date
                   ^

[2025-06-11T09:35:06.742+0000] {logging_mixin.py:190} INFO - Task instance in failure state
[2025-06-11T09:35:06.742+0000] {logging_mixin.py:190} INFO - Task start:2025-06-11 09:35:06.484462+00:00 end:2025-06-11 09:35:06.741534+00:00 duration:0.257072
[2025-06-11T09:35:06.743+0000] {logging_mixin.py:190} INFO - Task:<Task(SQLExecuteQueryOperator): fact_group.fact_sales> dag:<DAG: data_ingestion_to_stg> dagrun:<DagRun data_ingestion_to_stg @ 2025-06-11 09:34:38.207959+00:00: manual__2025-06-11T09:34:38.207959+00:00, state:running, queued_at: 2025-06-11 09:34:38.253158+00:00. externally triggered: True>
[2025-06-11T09:35:06.743+0000] {logging_mixin.py:190} INFO - Failure caused by relation "dm.dim_date" does not exist
LINE 28: LEFT JOIN dm.dim_date d ON s.salesdate = d.date
                   ^
[2025-06-11T09:35:06.744+0000] {taskinstance.py:1225} INFO - Marking task as UP_FOR_RETRY. dag_id=data_ingestion_to_stg, task_id=fact_group.fact_sales, run_id=manual__2025-06-11T09:34:38.207959+00:00, execution_date=20250611T093438, start_date=20250611T093506, end_date=20250611T093506
[2025-06-11T09:35:06.769+0000] {taskinstance.py:340} INFO - ::group::Post task execution logs
[2025-06-11T09:35:06.770+0000] {standard_task_runner.py:124} ERROR - Failed to execute job 842 for task fact_group.fact_sales (relation "dm.dim_date" does not exist
LINE 28: LEFT JOIN dm.dim_date d ON s.salesdate = d.date
                   ^
; 1183)
Traceback (most recent call last):
  File "/home/airflow/.local/lib/python3.12/site-packages/airflow/task/task_runner/standard_task_runner.py", line 117, in _start_by_fork
    ret = args.func(args, dag=self.dag)
          ^^^^^^^^^^^^^^^^^^^^^^^^^^^^^
  File "/home/airflow/.local/lib/python3.12/site-packages/airflow/cli/cli_config.py", line 49, in command
    return func(*args, **kwargs)
           ^^^^^^^^^^^^^^^^^^^^^
  File "/home/airflow/.local/lib/python3.12/site-packages/airflow/utils/cli.py", line 115, in wrapper
    return f(*args, **kwargs)
           ^^^^^^^^^^^^^^^^^^
  File "/home/airflow/.local/lib/python3.12/site-packages/airflow/cli/commands/task_command.py", line 483, in task_run
    task_return_code = _run_task_by_selected_method(args, _dag, ti)
                       ^^^^^^^^^^^^^^^^^^^^^^^^^^^^^^^^^^^^^^^^^^^^
  File "/home/airflow/.local/lib/python3.12/site-packages/airflow/cli/commands/task_command.py", line 256, in _run_task_by_selected_method
    return _run_raw_task(args, ti)
           ^^^^^^^^^^^^^^^^^^^^^^^
  File "/home/airflow/.local/lib/python3.12/site-packages/airflow/cli/commands/task_command.py", line 341, in _run_raw_task
    return ti._run_raw_task(
           ^^^^^^^^^^^^^^^^^
  File "/home/airflow/.local/lib/python3.12/site-packages/airflow/utils/session.py", line 97, in wrapper
    return func(*args, session=session, **kwargs)
           ^^^^^^^^^^^^^^^^^^^^^^^^^^^^^^^^^^^^^^
  File "/home/airflow/.local/lib/python3.12/site-packages/airflow/models/taskinstance.py", line 3004, in _run_raw_task
    return _run_raw_task(
           ^^^^^^^^^^^^^^
  File "/home/airflow/.local/lib/python3.12/site-packages/airflow/models/taskinstance.py", line 273, in _run_raw_task
    TaskInstance._execute_task_with_callbacks(
  File "/home/airflow/.local/lib/python3.12/site-packages/airflow/models/taskinstance.py", line 3158, in _execute_task_with_callbacks
    result = self._execute_task(context, task_orig)
             ^^^^^^^^^^^^^^^^^^^^^^^^^^^^^^^^^^^^^^
  File "/home/airflow/.local/lib/python3.12/site-packages/airflow/models/taskinstance.py", line 3182, in _execute_task
    return _execute_task(self, context, task_orig)
           ^^^^^^^^^^^^^^^^^^^^^^^^^^^^^^^^^^^^^^^
  File "/home/airflow/.local/lib/python3.12/site-packages/airflow/models/taskinstance.py", line 767, in _execute_task
    result = _execute_callable(context=context, **execute_callable_kwargs)
             ^^^^^^^^^^^^^^^^^^^^^^^^^^^^^^^^^^^^^^^^^^^^^^^^^^^^^^^^^^^^^
  File "/home/airflow/.local/lib/python3.12/site-packages/airflow/models/taskinstance.py", line 733, in _execute_callable
    return ExecutionCallableRunner(
           ^^^^^^^^^^^^^^^^^^^^^^^^
  File "/home/airflow/.local/lib/python3.12/site-packages/airflow/utils/operator_helpers.py", line 252, in run
    return self.func(*args, **kwargs)
           ^^^^^^^^^^^^^^^^^^^^^^^^^^
  File "/home/airflow/.local/lib/python3.12/site-packages/airflow/models/baseoperator.py", line 406, in wrapper
    return func(self, *args, **kwargs)
           ^^^^^^^^^^^^^^^^^^^^^^^^^^^
  File "/home/airflow/.local/lib/python3.12/site-packages/airflow/providers/common/sql/operators/sql.py", line 272, in execute
    output = hook.run(
             ^^^^^^^^^
  File "/home/airflow/.local/lib/python3.12/site-packages/airflow/providers/common/sql/hooks/sql.py", line 456, in run
    self._run_command(cur, sql_statement, parameters)
  File "/home/airflow/.local/lib/python3.12/site-packages/airflow/providers/common/sql/hooks/sql.py", line 514, in _run_command
    cur.execute(sql_statement)
psycopg2.errors.UndefinedTable: relation "dm.dim_date" does not exist
LINE 28: LEFT JOIN dm.dim_date d ON s.salesdate = d.date
                   ^

[2025-06-11T09:35:06.816+0000] {local_task_job_runner.py:266} INFO - Task exited with return code 1
[2025-06-11T09:35:06.838+0000] {taskinstance.py:3900} INFO - 0 downstream tasks scheduled from follow-on schedule check
[2025-06-11T09:35:06.842+0000] {local_task_job_runner.py:245} INFO - ::endgroup::
