[2025-06-11T08:38:53.800+0000] {processor.py:186} INFO - Started process (PID=64) to work on /opt/airflow/dags/sql/dimensions/data_ingestion_to_stg.py
[2025-06-11T08:38:53.802+0000] {processor.py:914} INFO - Processing file /opt/airflow/dags/sql/dimensions/data_ingestion_to_stg.py for tasks to queue
[2025-06-11T08:38:53.805+0000] {logging_mixin.py:190} INFO - [2025-06-11T08:38:53.805+0000] {dagbag.py:587} INFO - Filling up the DagBag from /opt/airflow/dags/sql/dimensions/data_ingestion_to_stg.py
[2025-06-11T08:38:53.836+0000] {logging_mixin.py:190} INFO - [2025-06-11T08:38:53.835+0000] {templater.py:94} ERROR - Failed to resolve template field 'sql'
Traceback (most recent call last):
  File "/home/airflow/.local/lib/python3.12/site-packages/airflow/template/templater.py", line 92, in resolve_template_files
    setattr(self, field, env.loader.get_source(env, content)[0])  # type: ignore
                         ^^^^^^^^^^^^^^^^^^^^^^^^^^^^^^^^^^^
  File "/home/airflow/.local/lib/python3.12/site-packages/jinja2/loaders.py", line 207, in get_source
    raise TemplateNotFound(template)
jinja2.exceptions.TemplateNotFound: sql/dimensions/dim_product.sql
[2025-06-11T08:38:53.838+0000] {logging_mixin.py:190} INFO - [2025-06-11T08:38:53.837+0000] {templater.py:94} ERROR - Failed to resolve template field 'sql'
Traceback (most recent call last):
  File "/home/airflow/.local/lib/python3.12/site-packages/airflow/template/templater.py", line 92, in resolve_template_files
    setattr(self, field, env.loader.get_source(env, content)[0])  # type: ignore
                         ^^^^^^^^^^^^^^^^^^^^^^^^^^^^^^^^^^^
  File "/home/airflow/.local/lib/python3.12/site-packages/jinja2/loaders.py", line 207, in get_source
    raise TemplateNotFound(template)
jinja2.exceptions.TemplateNotFound: sql/dimensions/dim_customer.sql
[2025-06-11T08:38:53.839+0000] {logging_mixin.py:190} INFO - [2025-06-11T08:38:53.838+0000] {templater.py:94} ERROR - Failed to resolve template field 'sql'
Traceback (most recent call last):
  File "/home/airflow/.local/lib/python3.12/site-packages/airflow/template/templater.py", line 92, in resolve_template_files
    setattr(self, field, env.loader.get_source(env, content)[0])  # type: ignore
                         ^^^^^^^^^^^^^^^^^^^^^^^^^^^^^^^^^^^
  File "/home/airflow/.local/lib/python3.12/site-packages/jinja2/loaders.py", line 207, in get_source
    raise TemplateNotFound(template)
jinja2.exceptions.TemplateNotFound: sql/dimensions/dim_employee.sql
[2025-06-11T08:38:53.840+0000] {logging_mixin.py:190} INFO - [2025-06-11T08:38:53.839+0000] {templater.py:94} ERROR - Failed to resolve template field 'sql'
Traceback (most recent call last):
  File "/home/airflow/.local/lib/python3.12/site-packages/airflow/template/templater.py", line 92, in resolve_template_files
    setattr(self, field, env.loader.get_source(env, content)[0])  # type: ignore
                         ^^^^^^^^^^^^^^^^^^^^^^^^^^^^^^^^^^^
  File "/home/airflow/.local/lib/python3.12/site-packages/jinja2/loaders.py", line 207, in get_source
    raise TemplateNotFound(template)
jinja2.exceptions.TemplateNotFound: sql/dimensions/dim_time.sql
[2025-06-11T08:38:53.846+0000] {processor.py:925} INFO - DAG(s) 'data_ingestion_to_stg' retrieved from /opt/airflow/dags/sql/dimensions/data_ingestion_to_stg.py
[2025-06-11T08:38:54.034+0000] {logging_mixin.py:190} INFO - [2025-06-11T08:38:54.034+0000] {dag.py:3229} INFO - Sync 1 DAGs
[2025-06-11T08:38:54.051+0000] {logging_mixin.py:190} INFO - [2025-06-11T08:38:54.051+0000] {dag.py:4156} INFO - Setting next_dagrun for data_ingestion_to_stg to None, run_after=None
[2025-06-11T08:38:54.080+0000] {processor.py:208} INFO - Processing /opt/airflow/dags/sql/dimensions/data_ingestion_to_stg.py took 0.289 seconds
[2025-06-11T08:39:24.575+0000] {processor.py:186} INFO - Started process (PID=129) to work on /opt/airflow/dags/sql/dimensions/data_ingestion_to_stg.py
[2025-06-11T08:39:24.576+0000] {processor.py:914} INFO - Processing file /opt/airflow/dags/sql/dimensions/data_ingestion_to_stg.py for tasks to queue
[2025-06-11T08:39:24.579+0000] {logging_mixin.py:190} INFO - [2025-06-11T08:39:24.578+0000] {dagbag.py:587} INFO - Filling up the DagBag from /opt/airflow/dags/sql/dimensions/data_ingestion_to_stg.py
[2025-06-11T08:39:24.605+0000] {logging_mixin.py:190} INFO - [2025-06-11T08:39:24.603+0000] {templater.py:94} ERROR - Failed to resolve template field 'sql'
Traceback (most recent call last):
  File "/home/airflow/.local/lib/python3.12/site-packages/airflow/template/templater.py", line 92, in resolve_template_files
    setattr(self, field, env.loader.get_source(env, content)[0])  # type: ignore
                         ^^^^^^^^^^^^^^^^^^^^^^^^^^^^^^^^^^^
  File "/home/airflow/.local/lib/python3.12/site-packages/jinja2/loaders.py", line 207, in get_source
    raise TemplateNotFound(template)
jinja2.exceptions.TemplateNotFound: sql/dimensions/dim_product.sql
[2025-06-11T08:39:24.607+0000] {logging_mixin.py:190} INFO - [2025-06-11T08:39:24.607+0000] {templater.py:94} ERROR - Failed to resolve template field 'sql'
Traceback (most recent call last):
  File "/home/airflow/.local/lib/python3.12/site-packages/airflow/template/templater.py", line 92, in resolve_template_files
    setattr(self, field, env.loader.get_source(env, content)[0])  # type: ignore
                         ^^^^^^^^^^^^^^^^^^^^^^^^^^^^^^^^^^^
  File "/home/airflow/.local/lib/python3.12/site-packages/jinja2/loaders.py", line 207, in get_source
    raise TemplateNotFound(template)
jinja2.exceptions.TemplateNotFound: sql/dimensions/dim_customer.sql
[2025-06-11T08:39:24.608+0000] {logging_mixin.py:190} INFO - [2025-06-11T08:39:24.608+0000] {templater.py:94} ERROR - Failed to resolve template field 'sql'
Traceback (most recent call last):
  File "/home/airflow/.local/lib/python3.12/site-packages/airflow/template/templater.py", line 92, in resolve_template_files
    setattr(self, field, env.loader.get_source(env, content)[0])  # type: ignore
                         ^^^^^^^^^^^^^^^^^^^^^^^^^^^^^^^^^^^
  File "/home/airflow/.local/lib/python3.12/site-packages/jinja2/loaders.py", line 207, in get_source
    raise TemplateNotFound(template)
jinja2.exceptions.TemplateNotFound: sql/dimensions/dim_employee.sql
[2025-06-11T08:39:24.610+0000] {logging_mixin.py:190} INFO - [2025-06-11T08:39:24.609+0000] {templater.py:94} ERROR - Failed to resolve template field 'sql'
Traceback (most recent call last):
  File "/home/airflow/.local/lib/python3.12/site-packages/airflow/template/templater.py", line 92, in resolve_template_files
    setattr(self, field, env.loader.get_source(env, content)[0])  # type: ignore
                         ^^^^^^^^^^^^^^^^^^^^^^^^^^^^^^^^^^^
  File "/home/airflow/.local/lib/python3.12/site-packages/jinja2/loaders.py", line 207, in get_source
    raise TemplateNotFound(template)
jinja2.exceptions.TemplateNotFound: sql/dimensions/dim_time.sql
[2025-06-11T08:39:24.612+0000] {processor.py:925} INFO - DAG(s) 'data_ingestion_to_stg' retrieved from /opt/airflow/dags/sql/dimensions/data_ingestion_to_stg.py
[2025-06-11T08:39:24.624+0000] {logging_mixin.py:190} INFO - [2025-06-11T08:39:24.623+0000] {dag.py:3229} INFO - Sync 1 DAGs
[2025-06-11T08:39:24.638+0000] {logging_mixin.py:190} INFO - [2025-06-11T08:39:24.638+0000] {dag.py:4156} INFO - Setting next_dagrun for data_ingestion_to_stg to None, run_after=None
[2025-06-11T08:39:24.661+0000] {processor.py:208} INFO - Processing /opt/airflow/dags/sql/dimensions/data_ingestion_to_stg.py took 0.092 seconds
[2025-06-11T08:39:55.436+0000] {processor.py:186} INFO - Started process (PID=218) to work on /opt/airflow/dags/sql/dimensions/data_ingestion_to_stg.py
[2025-06-11T08:39:55.438+0000] {processor.py:914} INFO - Processing file /opt/airflow/dags/sql/dimensions/data_ingestion_to_stg.py for tasks to queue
[2025-06-11T08:39:55.441+0000] {logging_mixin.py:190} INFO - [2025-06-11T08:39:55.440+0000] {dagbag.py:587} INFO - Filling up the DagBag from /opt/airflow/dags/sql/dimensions/data_ingestion_to_stg.py
[2025-06-11T08:39:55.467+0000] {logging_mixin.py:190} INFO - [2025-06-11T08:39:55.466+0000] {templater.py:94} ERROR - Failed to resolve template field 'sql'
Traceback (most recent call last):
  File "/home/airflow/.local/lib/python3.12/site-packages/airflow/template/templater.py", line 92, in resolve_template_files
    setattr(self, field, env.loader.get_source(env, content)[0])  # type: ignore
                         ^^^^^^^^^^^^^^^^^^^^^^^^^^^^^^^^^^^
  File "/home/airflow/.local/lib/python3.12/site-packages/jinja2/loaders.py", line 207, in get_source
    raise TemplateNotFound(template)
jinja2.exceptions.TemplateNotFound: sql/dimensions/dim_product.sql
[2025-06-11T08:39:55.469+0000] {logging_mixin.py:190} INFO - [2025-06-11T08:39:55.468+0000] {templater.py:94} ERROR - Failed to resolve template field 'sql'
Traceback (most recent call last):
  File "/home/airflow/.local/lib/python3.12/site-packages/airflow/template/templater.py", line 92, in resolve_template_files
    setattr(self, field, env.loader.get_source(env, content)[0])  # type: ignore
                         ^^^^^^^^^^^^^^^^^^^^^^^^^^^^^^^^^^^
  File "/home/airflow/.local/lib/python3.12/site-packages/jinja2/loaders.py", line 207, in get_source
    raise TemplateNotFound(template)
jinja2.exceptions.TemplateNotFound: sql/dimensions/dim_customer.sql
[2025-06-11T08:39:55.471+0000] {logging_mixin.py:190} INFO - [2025-06-11T08:39:55.470+0000] {templater.py:94} ERROR - Failed to resolve template field 'sql'
Traceback (most recent call last):
  File "/home/airflow/.local/lib/python3.12/site-packages/airflow/template/templater.py", line 92, in resolve_template_files
    setattr(self, field, env.loader.get_source(env, content)[0])  # type: ignore
                         ^^^^^^^^^^^^^^^^^^^^^^^^^^^^^^^^^^^
  File "/home/airflow/.local/lib/python3.12/site-packages/jinja2/loaders.py", line 207, in get_source
    raise TemplateNotFound(template)
jinja2.exceptions.TemplateNotFound: sql/dimensions/dim_employee.sql
[2025-06-11T08:39:55.472+0000] {logging_mixin.py:190} INFO - [2025-06-11T08:39:55.472+0000] {templater.py:94} ERROR - Failed to resolve template field 'sql'
Traceback (most recent call last):
  File "/home/airflow/.local/lib/python3.12/site-packages/airflow/template/templater.py", line 92, in resolve_template_files
    setattr(self, field, env.loader.get_source(env, content)[0])  # type: ignore
                         ^^^^^^^^^^^^^^^^^^^^^^^^^^^^^^^^^^^
  File "/home/airflow/.local/lib/python3.12/site-packages/jinja2/loaders.py", line 207, in get_source
    raise TemplateNotFound(template)
jinja2.exceptions.TemplateNotFound: sql/dimensions/dim_time.sql
[2025-06-11T08:39:55.475+0000] {processor.py:925} INFO - DAG(s) 'data_ingestion_to_stg' retrieved from /opt/airflow/dags/sql/dimensions/data_ingestion_to_stg.py
[2025-06-11T08:39:55.488+0000] {logging_mixin.py:190} INFO - [2025-06-11T08:39:55.487+0000] {dag.py:3229} INFO - Sync 1 DAGs
[2025-06-11T08:39:55.505+0000] {logging_mixin.py:190} INFO - [2025-06-11T08:39:55.505+0000] {dag.py:4156} INFO - Setting next_dagrun for data_ingestion_to_stg to None, run_after=None
[2025-06-11T08:39:55.529+0000] {processor.py:208} INFO - Processing /opt/airflow/dags/sql/dimensions/data_ingestion_to_stg.py took 0.099 seconds
[2025-06-11T08:40:25.731+0000] {processor.py:186} INFO - Started process (PID=283) to work on /opt/airflow/dags/sql/dimensions/data_ingestion_to_stg.py
[2025-06-11T08:40:25.732+0000] {processor.py:914} INFO - Processing file /opt/airflow/dags/sql/dimensions/data_ingestion_to_stg.py for tasks to queue
[2025-06-11T08:40:25.735+0000] {logging_mixin.py:190} INFO - [2025-06-11T08:40:25.734+0000] {dagbag.py:587} INFO - Filling up the DagBag from /opt/airflow/dags/sql/dimensions/data_ingestion_to_stg.py
[2025-06-11T08:40:25.763+0000] {logging_mixin.py:190} INFO - [2025-06-11T08:40:25.762+0000] {templater.py:94} ERROR - Failed to resolve template field 'sql'
Traceback (most recent call last):
  File "/home/airflow/.local/lib/python3.12/site-packages/airflow/template/templater.py", line 92, in resolve_template_files
    setattr(self, field, env.loader.get_source(env, content)[0])  # type: ignore
                         ^^^^^^^^^^^^^^^^^^^^^^^^^^^^^^^^^^^
  File "/home/airflow/.local/lib/python3.12/site-packages/jinja2/loaders.py", line 207, in get_source
    raise TemplateNotFound(template)
jinja2.exceptions.TemplateNotFound: sql/dimensions/dim_product.sql
[2025-06-11T08:40:25.765+0000] {logging_mixin.py:190} INFO - [2025-06-11T08:40:25.764+0000] {templater.py:94} ERROR - Failed to resolve template field 'sql'
Traceback (most recent call last):
  File "/home/airflow/.local/lib/python3.12/site-packages/airflow/template/templater.py", line 92, in resolve_template_files
    setattr(self, field, env.loader.get_source(env, content)[0])  # type: ignore
                         ^^^^^^^^^^^^^^^^^^^^^^^^^^^^^^^^^^^
  File "/home/airflow/.local/lib/python3.12/site-packages/jinja2/loaders.py", line 207, in get_source
    raise TemplateNotFound(template)
jinja2.exceptions.TemplateNotFound: sql/dimensions/dim_customer.sql
[2025-06-11T08:40:25.766+0000] {logging_mixin.py:190} INFO - [2025-06-11T08:40:25.766+0000] {templater.py:94} ERROR - Failed to resolve template field 'sql'
Traceback (most recent call last):
  File "/home/airflow/.local/lib/python3.12/site-packages/airflow/template/templater.py", line 92, in resolve_template_files
    setattr(self, field, env.loader.get_source(env, content)[0])  # type: ignore
                         ^^^^^^^^^^^^^^^^^^^^^^^^^^^^^^^^^^^
  File "/home/airflow/.local/lib/python3.12/site-packages/jinja2/loaders.py", line 207, in get_source
    raise TemplateNotFound(template)
jinja2.exceptions.TemplateNotFound: sql/dimensions/dim_employee.sql
[2025-06-11T08:40:25.768+0000] {logging_mixin.py:190} INFO - [2025-06-11T08:40:25.767+0000] {templater.py:94} ERROR - Failed to resolve template field 'sql'
Traceback (most recent call last):
  File "/home/airflow/.local/lib/python3.12/site-packages/airflow/template/templater.py", line 92, in resolve_template_files
    setattr(self, field, env.loader.get_source(env, content)[0])  # type: ignore
                         ^^^^^^^^^^^^^^^^^^^^^^^^^^^^^^^^^^^
  File "/home/airflow/.local/lib/python3.12/site-packages/jinja2/loaders.py", line 207, in get_source
    raise TemplateNotFound(template)
jinja2.exceptions.TemplateNotFound: sql/dimensions/dim_time.sql
[2025-06-11T08:40:25.771+0000] {processor.py:925} INFO - DAG(s) 'data_ingestion_to_stg' retrieved from /opt/airflow/dags/sql/dimensions/data_ingestion_to_stg.py
[2025-06-11T08:40:25.904+0000] {logging_mixin.py:190} INFO - [2025-06-11T08:40:25.904+0000] {dag.py:3229} INFO - Sync 1 DAGs
[2025-06-11T08:40:25.919+0000] {logging_mixin.py:190} INFO - [2025-06-11T08:40:25.918+0000] {dag.py:4156} INFO - Setting next_dagrun for data_ingestion_to_stg to None, run_after=None
[2025-06-11T08:40:25.948+0000] {processor.py:208} INFO - Processing /opt/airflow/dags/sql/dimensions/data_ingestion_to_stg.py took 0.224 seconds
[2025-06-11T08:40:56.068+0000] {processor.py:186} INFO - Started process (PID=348) to work on /opt/airflow/dags/sql/dimensions/data_ingestion_to_stg.py
[2025-06-11T08:40:56.069+0000] {processor.py:914} INFO - Processing file /opt/airflow/dags/sql/dimensions/data_ingestion_to_stg.py for tasks to queue
[2025-06-11T08:40:56.071+0000] {logging_mixin.py:190} INFO - [2025-06-11T08:40:56.071+0000] {dagbag.py:587} INFO - Filling up the DagBag from /opt/airflow/dags/sql/dimensions/data_ingestion_to_stg.py
[2025-06-11T08:40:56.099+0000] {logging_mixin.py:190} INFO - [2025-06-11T08:40:56.098+0000] {templater.py:94} ERROR - Failed to resolve template field 'sql'
Traceback (most recent call last):
  File "/home/airflow/.local/lib/python3.12/site-packages/airflow/template/templater.py", line 92, in resolve_template_files
    setattr(self, field, env.loader.get_source(env, content)[0])  # type: ignore
                         ^^^^^^^^^^^^^^^^^^^^^^^^^^^^^^^^^^^
  File "/home/airflow/.local/lib/python3.12/site-packages/jinja2/loaders.py", line 207, in get_source
    raise TemplateNotFound(template)
jinja2.exceptions.TemplateNotFound: sql/dimensions/dim_product.sql
[2025-06-11T08:40:56.100+0000] {logging_mixin.py:190} INFO - [2025-06-11T08:40:56.100+0000] {templater.py:94} ERROR - Failed to resolve template field 'sql'
Traceback (most recent call last):
  File "/home/airflow/.local/lib/python3.12/site-packages/airflow/template/templater.py", line 92, in resolve_template_files
    setattr(self, field, env.loader.get_source(env, content)[0])  # type: ignore
                         ^^^^^^^^^^^^^^^^^^^^^^^^^^^^^^^^^^^
  File "/home/airflow/.local/lib/python3.12/site-packages/jinja2/loaders.py", line 207, in get_source
    raise TemplateNotFound(template)
jinja2.exceptions.TemplateNotFound: sql/dimensions/dim_customer.sql
[2025-06-11T08:40:56.102+0000] {logging_mixin.py:190} INFO - [2025-06-11T08:40:56.101+0000] {templater.py:94} ERROR - Failed to resolve template field 'sql'
Traceback (most recent call last):
  File "/home/airflow/.local/lib/python3.12/site-packages/airflow/template/templater.py", line 92, in resolve_template_files
    setattr(self, field, env.loader.get_source(env, content)[0])  # type: ignore
                         ^^^^^^^^^^^^^^^^^^^^^^^^^^^^^^^^^^^
  File "/home/airflow/.local/lib/python3.12/site-packages/jinja2/loaders.py", line 207, in get_source
    raise TemplateNotFound(template)
jinja2.exceptions.TemplateNotFound: sql/dimensions/dim_employee.sql
[2025-06-11T08:40:56.104+0000] {logging_mixin.py:190} INFO - [2025-06-11T08:40:56.103+0000] {templater.py:94} ERROR - Failed to resolve template field 'sql'
Traceback (most recent call last):
  File "/home/airflow/.local/lib/python3.12/site-packages/airflow/template/templater.py", line 92, in resolve_template_files
    setattr(self, field, env.loader.get_source(env, content)[0])  # type: ignore
                         ^^^^^^^^^^^^^^^^^^^^^^^^^^^^^^^^^^^
  File "/home/airflow/.local/lib/python3.12/site-packages/jinja2/loaders.py", line 207, in get_source
    raise TemplateNotFound(template)
jinja2.exceptions.TemplateNotFound: sql/dimensions/dim_time.sql
[2025-06-11T08:40:56.106+0000] {processor.py:925} INFO - DAG(s) 'data_ingestion_to_stg' retrieved from /opt/airflow/dags/sql/dimensions/data_ingestion_to_stg.py
[2025-06-11T08:40:56.122+0000] {logging_mixin.py:190} INFO - [2025-06-11T08:40:56.122+0000] {dag.py:3229} INFO - Sync 1 DAGs
[2025-06-11T08:40:56.141+0000] {logging_mixin.py:190} INFO - [2025-06-11T08:40:56.141+0000] {dag.py:4156} INFO - Setting next_dagrun for data_ingestion_to_stg to None, run_after=None
[2025-06-11T08:40:56.164+0000] {processor.py:208} INFO - Processing /opt/airflow/dags/sql/dimensions/data_ingestion_to_stg.py took 0.102 seconds
[2025-06-11T08:41:26.769+0000] {processor.py:186} INFO - Started process (PID=413) to work on /opt/airflow/dags/sql/dimensions/data_ingestion_to_stg.py
[2025-06-11T08:41:26.770+0000] {processor.py:914} INFO - Processing file /opt/airflow/dags/sql/dimensions/data_ingestion_to_stg.py for tasks to queue
[2025-06-11T08:41:26.773+0000] {logging_mixin.py:190} INFO - [2025-06-11T08:41:26.773+0000] {dagbag.py:587} INFO - Filling up the DagBag from /opt/airflow/dags/sql/dimensions/data_ingestion_to_stg.py
[2025-06-11T08:41:26.805+0000] {logging_mixin.py:190} INFO - [2025-06-11T08:41:26.804+0000] {templater.py:94} ERROR - Failed to resolve template field 'sql'
Traceback (most recent call last):
  File "/home/airflow/.local/lib/python3.12/site-packages/airflow/template/templater.py", line 92, in resolve_template_files
    setattr(self, field, env.loader.get_source(env, content)[0])  # type: ignore
                         ^^^^^^^^^^^^^^^^^^^^^^^^^^^^^^^^^^^
  File "/home/airflow/.local/lib/python3.12/site-packages/jinja2/loaders.py", line 207, in get_source
    raise TemplateNotFound(template)
jinja2.exceptions.TemplateNotFound: sql/dimensions/dim_product.sql
[2025-06-11T08:41:26.808+0000] {logging_mixin.py:190} INFO - [2025-06-11T08:41:26.807+0000] {templater.py:94} ERROR - Failed to resolve template field 'sql'
Traceback (most recent call last):
  File "/home/airflow/.local/lib/python3.12/site-packages/airflow/template/templater.py", line 92, in resolve_template_files
    setattr(self, field, env.loader.get_source(env, content)[0])  # type: ignore
                         ^^^^^^^^^^^^^^^^^^^^^^^^^^^^^^^^^^^
  File "/home/airflow/.local/lib/python3.12/site-packages/jinja2/loaders.py", line 207, in get_source
    raise TemplateNotFound(template)
jinja2.exceptions.TemplateNotFound: sql/dimensions/dim_customer.sql
[2025-06-11T08:41:26.810+0000] {logging_mixin.py:190} INFO - [2025-06-11T08:41:26.810+0000] {templater.py:94} ERROR - Failed to resolve template field 'sql'
Traceback (most recent call last):
  File "/home/airflow/.local/lib/python3.12/site-packages/airflow/template/templater.py", line 92, in resolve_template_files
    setattr(self, field, env.loader.get_source(env, content)[0])  # type: ignore
                         ^^^^^^^^^^^^^^^^^^^^^^^^^^^^^^^^^^^
  File "/home/airflow/.local/lib/python3.12/site-packages/jinja2/loaders.py", line 207, in get_source
    raise TemplateNotFound(template)
jinja2.exceptions.TemplateNotFound: sql/dimensions/dim_employee.sql
[2025-06-11T08:41:26.813+0000] {logging_mixin.py:190} INFO - [2025-06-11T08:41:26.812+0000] {templater.py:94} ERROR - Failed to resolve template field 'sql'
Traceback (most recent call last):
  File "/home/airflow/.local/lib/python3.12/site-packages/airflow/template/templater.py", line 92, in resolve_template_files
    setattr(self, field, env.loader.get_source(env, content)[0])  # type: ignore
                         ^^^^^^^^^^^^^^^^^^^^^^^^^^^^^^^^^^^
  File "/home/airflow/.local/lib/python3.12/site-packages/jinja2/loaders.py", line 207, in get_source
    raise TemplateNotFound(template)
jinja2.exceptions.TemplateNotFound: sql/dimensions/dim_time.sql
[2025-06-11T08:41:26.816+0000] {processor.py:925} INFO - DAG(s) 'data_ingestion_to_stg' retrieved from /opt/airflow/dags/sql/dimensions/data_ingestion_to_stg.py
[2025-06-11T08:41:26.942+0000] {logging_mixin.py:190} INFO - [2025-06-11T08:41:26.942+0000] {dag.py:3229} INFO - Sync 1 DAGs
[2025-06-11T08:41:26.955+0000] {logging_mixin.py:190} INFO - [2025-06-11T08:41:26.955+0000] {dag.py:4156} INFO - Setting next_dagrun for data_ingestion_to_stg to None, run_after=None
[2025-06-11T08:41:26.979+0000] {processor.py:208} INFO - Processing /opt/airflow/dags/sql/dimensions/data_ingestion_to_stg.py took 0.215 seconds
[2025-06-11T08:41:57.570+0000] {processor.py:186} INFO - Started process (PID=478) to work on /opt/airflow/dags/sql/dimensions/data_ingestion_to_stg.py
[2025-06-11T08:41:57.571+0000] {processor.py:914} INFO - Processing file /opt/airflow/dags/sql/dimensions/data_ingestion_to_stg.py for tasks to queue
[2025-06-11T08:41:57.573+0000] {logging_mixin.py:190} INFO - [2025-06-11T08:41:57.573+0000] {dagbag.py:587} INFO - Filling up the DagBag from /opt/airflow/dags/sql/dimensions/data_ingestion_to_stg.py
[2025-06-11T08:41:57.597+0000] {logging_mixin.py:190} INFO - [2025-06-11T08:41:57.596+0000] {templater.py:94} ERROR - Failed to resolve template field 'sql'
Traceback (most recent call last):
  File "/home/airflow/.local/lib/python3.12/site-packages/airflow/template/templater.py", line 92, in resolve_template_files
    setattr(self, field, env.loader.get_source(env, content)[0])  # type: ignore
                         ^^^^^^^^^^^^^^^^^^^^^^^^^^^^^^^^^^^
  File "/home/airflow/.local/lib/python3.12/site-packages/jinja2/loaders.py", line 207, in get_source
    raise TemplateNotFound(template)
jinja2.exceptions.TemplateNotFound: sql/dimensions/dim_product.sql
[2025-06-11T08:41:57.599+0000] {logging_mixin.py:190} INFO - [2025-06-11T08:41:57.598+0000] {templater.py:94} ERROR - Failed to resolve template field 'sql'
Traceback (most recent call last):
  File "/home/airflow/.local/lib/python3.12/site-packages/airflow/template/templater.py", line 92, in resolve_template_files
    setattr(self, field, env.loader.get_source(env, content)[0])  # type: ignore
                         ^^^^^^^^^^^^^^^^^^^^^^^^^^^^^^^^^^^
  File "/home/airflow/.local/lib/python3.12/site-packages/jinja2/loaders.py", line 207, in get_source
    raise TemplateNotFound(template)
jinja2.exceptions.TemplateNotFound: sql/dimensions/dim_customer.sql
[2025-06-11T08:41:57.599+0000] {logging_mixin.py:190} INFO - [2025-06-11T08:41:57.599+0000] {templater.py:94} ERROR - Failed to resolve template field 'sql'
Traceback (most recent call last):
  File "/home/airflow/.local/lib/python3.12/site-packages/airflow/template/templater.py", line 92, in resolve_template_files
    setattr(self, field, env.loader.get_source(env, content)[0])  # type: ignore
                         ^^^^^^^^^^^^^^^^^^^^^^^^^^^^^^^^^^^
  File "/home/airflow/.local/lib/python3.12/site-packages/jinja2/loaders.py", line 207, in get_source
    raise TemplateNotFound(template)
jinja2.exceptions.TemplateNotFound: sql/dimensions/dim_employee.sql
[2025-06-11T08:41:57.600+0000] {logging_mixin.py:190} INFO - [2025-06-11T08:41:57.600+0000] {templater.py:94} ERROR - Failed to resolve template field 'sql'
Traceback (most recent call last):
  File "/home/airflow/.local/lib/python3.12/site-packages/airflow/template/templater.py", line 92, in resolve_template_files
    setattr(self, field, env.loader.get_source(env, content)[0])  # type: ignore
                         ^^^^^^^^^^^^^^^^^^^^^^^^^^^^^^^^^^^
  File "/home/airflow/.local/lib/python3.12/site-packages/jinja2/loaders.py", line 207, in get_source
    raise TemplateNotFound(template)
jinja2.exceptions.TemplateNotFound: sql/dimensions/dim_time.sql
[2025-06-11T08:41:57.602+0000] {processor.py:925} INFO - DAG(s) 'data_ingestion_to_stg' retrieved from /opt/airflow/dags/sql/dimensions/data_ingestion_to_stg.py
[2025-06-11T08:41:57.613+0000] {logging_mixin.py:190} INFO - [2025-06-11T08:41:57.612+0000] {dag.py:3229} INFO - Sync 1 DAGs
[2025-06-11T08:41:57.628+0000] {logging_mixin.py:190} INFO - [2025-06-11T08:41:57.627+0000] {dag.py:4156} INFO - Setting next_dagrun for data_ingestion_to_stg to None, run_after=None
[2025-06-11T08:41:57.653+0000] {processor.py:208} INFO - Processing /opt/airflow/dags/sql/dimensions/data_ingestion_to_stg.py took 0.090 seconds
[2025-06-11T08:42:27.945+0000] {processor.py:186} INFO - Started process (PID=543) to work on /opt/airflow/dags/sql/dimensions/data_ingestion_to_stg.py
[2025-06-11T08:42:27.946+0000] {processor.py:914} INFO - Processing file /opt/airflow/dags/sql/dimensions/data_ingestion_to_stg.py for tasks to queue
[2025-06-11T08:42:27.948+0000] {logging_mixin.py:190} INFO - [2025-06-11T08:42:27.948+0000] {dagbag.py:587} INFO - Filling up the DagBag from /opt/airflow/dags/sql/dimensions/data_ingestion_to_stg.py
[2025-06-11T08:42:27.979+0000] {logging_mixin.py:190} INFO - [2025-06-11T08:42:27.977+0000] {templater.py:94} ERROR - Failed to resolve template field 'sql'
Traceback (most recent call last):
  File "/home/airflow/.local/lib/python3.12/site-packages/airflow/template/templater.py", line 92, in resolve_template_files
    setattr(self, field, env.loader.get_source(env, content)[0])  # type: ignore
                         ^^^^^^^^^^^^^^^^^^^^^^^^^^^^^^^^^^^
  File "/home/airflow/.local/lib/python3.12/site-packages/jinja2/loaders.py", line 207, in get_source
    raise TemplateNotFound(template)
jinja2.exceptions.TemplateNotFound: sql/dimensions/dim_product.sql
[2025-06-11T08:42:27.980+0000] {logging_mixin.py:190} INFO - [2025-06-11T08:42:27.980+0000] {templater.py:94} ERROR - Failed to resolve template field 'sql'
Traceback (most recent call last):
  File "/home/airflow/.local/lib/python3.12/site-packages/airflow/template/templater.py", line 92, in resolve_template_files
    setattr(self, field, env.loader.get_source(env, content)[0])  # type: ignore
                         ^^^^^^^^^^^^^^^^^^^^^^^^^^^^^^^^^^^
  File "/home/airflow/.local/lib/python3.12/site-packages/jinja2/loaders.py", line 207, in get_source
    raise TemplateNotFound(template)
jinja2.exceptions.TemplateNotFound: sql/dimensions/dim_customer.sql
[2025-06-11T08:42:27.982+0000] {logging_mixin.py:190} INFO - [2025-06-11T08:42:27.981+0000] {templater.py:94} ERROR - Failed to resolve template field 'sql'
Traceback (most recent call last):
  File "/home/airflow/.local/lib/python3.12/site-packages/airflow/template/templater.py", line 92, in resolve_template_files
    setattr(self, field, env.loader.get_source(env, content)[0])  # type: ignore
                         ^^^^^^^^^^^^^^^^^^^^^^^^^^^^^^^^^^^
  File "/home/airflow/.local/lib/python3.12/site-packages/jinja2/loaders.py", line 207, in get_source
    raise TemplateNotFound(template)
jinja2.exceptions.TemplateNotFound: sql/dimensions/dim_employee.sql
[2025-06-11T08:42:27.984+0000] {logging_mixin.py:190} INFO - [2025-06-11T08:42:27.983+0000] {templater.py:94} ERROR - Failed to resolve template field 'sql'
Traceback (most recent call last):
  File "/home/airflow/.local/lib/python3.12/site-packages/airflow/template/templater.py", line 92, in resolve_template_files
    setattr(self, field, env.loader.get_source(env, content)[0])  # type: ignore
                         ^^^^^^^^^^^^^^^^^^^^^^^^^^^^^^^^^^^
  File "/home/airflow/.local/lib/python3.12/site-packages/jinja2/loaders.py", line 207, in get_source
    raise TemplateNotFound(template)
jinja2.exceptions.TemplateNotFound: sql/dimensions/dim_time.sql
[2025-06-11T08:42:27.987+0000] {processor.py:925} INFO - DAG(s) 'data_ingestion_to_stg' retrieved from /opt/airflow/dags/sql/dimensions/data_ingestion_to_stg.py
[2025-06-11T08:42:28.001+0000] {logging_mixin.py:190} INFO - [2025-06-11T08:42:28.001+0000] {dag.py:3229} INFO - Sync 1 DAGs
[2025-06-11T08:42:28.023+0000] {logging_mixin.py:190} INFO - [2025-06-11T08:42:28.022+0000] {dag.py:4156} INFO - Setting next_dagrun for data_ingestion_to_stg to None, run_after=None
[2025-06-11T08:42:28.048+0000] {processor.py:208} INFO - Processing /opt/airflow/dags/sql/dimensions/data_ingestion_to_stg.py took 0.110 seconds
[2025-06-11T08:42:58.586+0000] {processor.py:186} INFO - Started process (PID=608) to work on /opt/airflow/dags/sql/dimensions/data_ingestion_to_stg.py
[2025-06-11T08:42:58.588+0000] {processor.py:914} INFO - Processing file /opt/airflow/dags/sql/dimensions/data_ingestion_to_stg.py for tasks to queue
[2025-06-11T08:42:58.591+0000] {logging_mixin.py:190} INFO - [2025-06-11T08:42:58.591+0000] {dagbag.py:587} INFO - Filling up the DagBag from /opt/airflow/dags/sql/dimensions/data_ingestion_to_stg.py
[2025-06-11T08:42:58.640+0000] {logging_mixin.py:190} INFO - [2025-06-11T08:42:58.639+0000] {templater.py:94} ERROR - Failed to resolve template field 'sql'
Traceback (most recent call last):
  File "/home/airflow/.local/lib/python3.12/site-packages/airflow/template/templater.py", line 92, in resolve_template_files
    setattr(self, field, env.loader.get_source(env, content)[0])  # type: ignore
                         ^^^^^^^^^^^^^^^^^^^^^^^^^^^^^^^^^^^
  File "/home/airflow/.local/lib/python3.12/site-packages/jinja2/loaders.py", line 207, in get_source
    raise TemplateNotFound(template)
jinja2.exceptions.TemplateNotFound: sql/dimensions/dim_product.sql
[2025-06-11T08:42:58.642+0000] {logging_mixin.py:190} INFO - [2025-06-11T08:42:58.641+0000] {templater.py:94} ERROR - Failed to resolve template field 'sql'
Traceback (most recent call last):
  File "/home/airflow/.local/lib/python3.12/site-packages/airflow/template/templater.py", line 92, in resolve_template_files
    setattr(self, field, env.loader.get_source(env, content)[0])  # type: ignore
                         ^^^^^^^^^^^^^^^^^^^^^^^^^^^^^^^^^^^
  File "/home/airflow/.local/lib/python3.12/site-packages/jinja2/loaders.py", line 207, in get_source
    raise TemplateNotFound(template)
jinja2.exceptions.TemplateNotFound: sql/dimensions/dim_customer.sql
[2025-06-11T08:42:58.644+0000] {logging_mixin.py:190} INFO - [2025-06-11T08:42:58.643+0000] {templater.py:94} ERROR - Failed to resolve template field 'sql'
Traceback (most recent call last):
  File "/home/airflow/.local/lib/python3.12/site-packages/airflow/template/templater.py", line 92, in resolve_template_files
    setattr(self, field, env.loader.get_source(env, content)[0])  # type: ignore
                         ^^^^^^^^^^^^^^^^^^^^^^^^^^^^^^^^^^^
  File "/home/airflow/.local/lib/python3.12/site-packages/jinja2/loaders.py", line 207, in get_source
    raise TemplateNotFound(template)
jinja2.exceptions.TemplateNotFound: sql/dimensions/dim_employee.sql
[2025-06-11T08:42:58.646+0000] {logging_mixin.py:190} INFO - [2025-06-11T08:42:58.645+0000] {templater.py:94} ERROR - Failed to resolve template field 'sql'
Traceback (most recent call last):
  File "/home/airflow/.local/lib/python3.12/site-packages/airflow/template/templater.py", line 92, in resolve_template_files
    setattr(self, field, env.loader.get_source(env, content)[0])  # type: ignore
                         ^^^^^^^^^^^^^^^^^^^^^^^^^^^^^^^^^^^
  File "/home/airflow/.local/lib/python3.12/site-packages/jinja2/loaders.py", line 207, in get_source
    raise TemplateNotFound(template)
jinja2.exceptions.TemplateNotFound: sql/dimensions/dim_time.sql
[2025-06-11T08:42:58.649+0000] {processor.py:925} INFO - DAG(s) 'data_ingestion_to_stg' retrieved from /opt/airflow/dags/sql/dimensions/data_ingestion_to_stg.py
[2025-06-11T08:42:58.860+0000] {logging_mixin.py:190} INFO - [2025-06-11T08:42:58.859+0000] {dag.py:3229} INFO - Sync 1 DAGs
[2025-06-11T08:42:58.875+0000] {logging_mixin.py:190} INFO - [2025-06-11T08:42:58.875+0000] {dag.py:4156} INFO - Setting next_dagrun for data_ingestion_to_stg to None, run_after=None
[2025-06-11T08:42:58.898+0000] {processor.py:208} INFO - Processing /opt/airflow/dags/sql/dimensions/data_ingestion_to_stg.py took 0.320 seconds
[2025-06-11T08:43:29.123+0000] {processor.py:186} INFO - Started process (PID=673) to work on /opt/airflow/dags/sql/dimensions/data_ingestion_to_stg.py
[2025-06-11T08:43:29.124+0000] {processor.py:914} INFO - Processing file /opt/airflow/dags/sql/dimensions/data_ingestion_to_stg.py for tasks to queue
[2025-06-11T08:43:29.126+0000] {logging_mixin.py:190} INFO - [2025-06-11T08:43:29.126+0000] {dagbag.py:587} INFO - Filling up the DagBag from /opt/airflow/dags/sql/dimensions/data_ingestion_to_stg.py
[2025-06-11T08:43:29.151+0000] {logging_mixin.py:190} INFO - [2025-06-11T08:43:29.150+0000] {templater.py:94} ERROR - Failed to resolve template field 'sql'
Traceback (most recent call last):
  File "/home/airflow/.local/lib/python3.12/site-packages/airflow/template/templater.py", line 92, in resolve_template_files
    setattr(self, field, env.loader.get_source(env, content)[0])  # type: ignore
                         ^^^^^^^^^^^^^^^^^^^^^^^^^^^^^^^^^^^
  File "/home/airflow/.local/lib/python3.12/site-packages/jinja2/loaders.py", line 207, in get_source
    raise TemplateNotFound(template)
jinja2.exceptions.TemplateNotFound: sql/dimensions/dim_product.sql
[2025-06-11T08:43:29.154+0000] {logging_mixin.py:190} INFO - [2025-06-11T08:43:29.153+0000] {templater.py:94} ERROR - Failed to resolve template field 'sql'
Traceback (most recent call last):
  File "/home/airflow/.local/lib/python3.12/site-packages/airflow/template/templater.py", line 92, in resolve_template_files
    setattr(self, field, env.loader.get_source(env, content)[0])  # type: ignore
                         ^^^^^^^^^^^^^^^^^^^^^^^^^^^^^^^^^^^
  File "/home/airflow/.local/lib/python3.12/site-packages/jinja2/loaders.py", line 207, in get_source
    raise TemplateNotFound(template)
jinja2.exceptions.TemplateNotFound: sql/dimensions/dim_customer.sql
[2025-06-11T08:43:29.156+0000] {logging_mixin.py:190} INFO - [2025-06-11T08:43:29.155+0000] {templater.py:94} ERROR - Failed to resolve template field 'sql'
Traceback (most recent call last):
  File "/home/airflow/.local/lib/python3.12/site-packages/airflow/template/templater.py", line 92, in resolve_template_files
    setattr(self, field, env.loader.get_source(env, content)[0])  # type: ignore
                         ^^^^^^^^^^^^^^^^^^^^^^^^^^^^^^^^^^^
  File "/home/airflow/.local/lib/python3.12/site-packages/jinja2/loaders.py", line 207, in get_source
    raise TemplateNotFound(template)
jinja2.exceptions.TemplateNotFound: sql/dimensions/dim_employee.sql
[2025-06-11T08:43:29.157+0000] {logging_mixin.py:190} INFO - [2025-06-11T08:43:29.157+0000] {templater.py:94} ERROR - Failed to resolve template field 'sql'
Traceback (most recent call last):
  File "/home/airflow/.local/lib/python3.12/site-packages/airflow/template/templater.py", line 92, in resolve_template_files
    setattr(self, field, env.loader.get_source(env, content)[0])  # type: ignore
                         ^^^^^^^^^^^^^^^^^^^^^^^^^^^^^^^^^^^
  File "/home/airflow/.local/lib/python3.12/site-packages/jinja2/loaders.py", line 207, in get_source
    raise TemplateNotFound(template)
jinja2.exceptions.TemplateNotFound: sql/dimensions/dim_time.sql
[2025-06-11T08:43:29.160+0000] {processor.py:925} INFO - DAG(s) 'data_ingestion_to_stg' retrieved from /opt/airflow/dags/sql/dimensions/data_ingestion_to_stg.py
[2025-06-11T08:43:29.171+0000] {logging_mixin.py:190} INFO - [2025-06-11T08:43:29.171+0000] {dag.py:3229} INFO - Sync 1 DAGs
[2025-06-11T08:43:29.184+0000] {logging_mixin.py:190} INFO - [2025-06-11T08:43:29.184+0000] {dag.py:4156} INFO - Setting next_dagrun for data_ingestion_to_stg to None, run_after=None
[2025-06-11T08:43:29.208+0000] {processor.py:208} INFO - Processing /opt/airflow/dags/sql/dimensions/data_ingestion_to_stg.py took 0.091 seconds
[2025-06-11T08:43:59.911+0000] {processor.py:186} INFO - Started process (PID=738) to work on /opt/airflow/dags/sql/dimensions/data_ingestion_to_stg.py
[2025-06-11T08:43:59.913+0000] {processor.py:914} INFO - Processing file /opt/airflow/dags/sql/dimensions/data_ingestion_to_stg.py for tasks to queue
[2025-06-11T08:43:59.915+0000] {logging_mixin.py:190} INFO - [2025-06-11T08:43:59.915+0000] {dagbag.py:587} INFO - Filling up the DagBag from /opt/airflow/dags/sql/dimensions/data_ingestion_to_stg.py
[2025-06-11T08:43:59.943+0000] {logging_mixin.py:190} INFO - [2025-06-11T08:43:59.941+0000] {templater.py:94} ERROR - Failed to resolve template field 'sql'
Traceback (most recent call last):
  File "/home/airflow/.local/lib/python3.12/site-packages/airflow/template/templater.py", line 92, in resolve_template_files
    setattr(self, field, env.loader.get_source(env, content)[0])  # type: ignore
                         ^^^^^^^^^^^^^^^^^^^^^^^^^^^^^^^^^^^
  File "/home/airflow/.local/lib/python3.12/site-packages/jinja2/loaders.py", line 207, in get_source
    raise TemplateNotFound(template)
jinja2.exceptions.TemplateNotFound: sql/dimensions/dim_product.sql
[2025-06-11T08:43:59.945+0000] {logging_mixin.py:190} INFO - [2025-06-11T08:43:59.944+0000] {templater.py:94} ERROR - Failed to resolve template field 'sql'
Traceback (most recent call last):
  File "/home/airflow/.local/lib/python3.12/site-packages/airflow/template/templater.py", line 92, in resolve_template_files
    setattr(self, field, env.loader.get_source(env, content)[0])  # type: ignore
                         ^^^^^^^^^^^^^^^^^^^^^^^^^^^^^^^^^^^
  File "/home/airflow/.local/lib/python3.12/site-packages/jinja2/loaders.py", line 207, in get_source
    raise TemplateNotFound(template)
jinja2.exceptions.TemplateNotFound: sql/dimensions/dim_customer.sql
[2025-06-11T08:43:59.946+0000] {logging_mixin.py:190} INFO - [2025-06-11T08:43:59.946+0000] {templater.py:94} ERROR - Failed to resolve template field 'sql'
Traceback (most recent call last):
  File "/home/airflow/.local/lib/python3.12/site-packages/airflow/template/templater.py", line 92, in resolve_template_files
    setattr(self, field, env.loader.get_source(env, content)[0])  # type: ignore
                         ^^^^^^^^^^^^^^^^^^^^^^^^^^^^^^^^^^^
  File "/home/airflow/.local/lib/python3.12/site-packages/jinja2/loaders.py", line 207, in get_source
    raise TemplateNotFound(template)
jinja2.exceptions.TemplateNotFound: sql/dimensions/dim_employee.sql
[2025-06-11T08:43:59.947+0000] {logging_mixin.py:190} INFO - [2025-06-11T08:43:59.947+0000] {templater.py:94} ERROR - Failed to resolve template field 'sql'
Traceback (most recent call last):
  File "/home/airflow/.local/lib/python3.12/site-packages/airflow/template/templater.py", line 92, in resolve_template_files
    setattr(self, field, env.loader.get_source(env, content)[0])  # type: ignore
                         ^^^^^^^^^^^^^^^^^^^^^^^^^^^^^^^^^^^
  File "/home/airflow/.local/lib/python3.12/site-packages/jinja2/loaders.py", line 207, in get_source
    raise TemplateNotFound(template)
jinja2.exceptions.TemplateNotFound: sql/dimensions/dim_time.sql
[2025-06-11T08:43:59.949+0000] {processor.py:925} INFO - DAG(s) 'data_ingestion_to_stg' retrieved from /opt/airflow/dags/sql/dimensions/data_ingestion_to_stg.py
[2025-06-11T08:43:59.961+0000] {logging_mixin.py:190} INFO - [2025-06-11T08:43:59.961+0000] {dag.py:3229} INFO - Sync 1 DAGs
[2025-06-11T08:43:59.977+0000] {logging_mixin.py:190} INFO - [2025-06-11T08:43:59.977+0000] {dag.py:4156} INFO - Setting next_dagrun for data_ingestion_to_stg to None, run_after=None
[2025-06-11T08:44:00.001+0000] {processor.py:208} INFO - Processing /opt/airflow/dags/sql/dimensions/data_ingestion_to_stg.py took 0.095 seconds
[2025-06-11T08:44:30.996+0000] {processor.py:186} INFO - Started process (PID=803) to work on /opt/airflow/dags/sql/dimensions/data_ingestion_to_stg.py
[2025-06-11T08:44:30.997+0000] {processor.py:914} INFO - Processing file /opt/airflow/dags/sql/dimensions/data_ingestion_to_stg.py for tasks to queue
[2025-06-11T08:44:31.000+0000] {logging_mixin.py:190} INFO - [2025-06-11T08:44:30.999+0000] {dagbag.py:587} INFO - Filling up the DagBag from /opt/airflow/dags/sql/dimensions/data_ingestion_to_stg.py
[2025-06-11T08:44:31.028+0000] {logging_mixin.py:190} INFO - [2025-06-11T08:44:31.027+0000] {templater.py:94} ERROR - Failed to resolve template field 'sql'
Traceback (most recent call last):
  File "/home/airflow/.local/lib/python3.12/site-packages/airflow/template/templater.py", line 92, in resolve_template_files
    setattr(self, field, env.loader.get_source(env, content)[0])  # type: ignore
                         ^^^^^^^^^^^^^^^^^^^^^^^^^^^^^^^^^^^
  File "/home/airflow/.local/lib/python3.12/site-packages/jinja2/loaders.py", line 207, in get_source
    raise TemplateNotFound(template)
jinja2.exceptions.TemplateNotFound: sql/dimensions/dim_product.sql
[2025-06-11T08:44:31.031+0000] {logging_mixin.py:190} INFO - [2025-06-11T08:44:31.030+0000] {templater.py:94} ERROR - Failed to resolve template field 'sql'
Traceback (most recent call last):
  File "/home/airflow/.local/lib/python3.12/site-packages/airflow/template/templater.py", line 92, in resolve_template_files
    setattr(self, field, env.loader.get_source(env, content)[0])  # type: ignore
                         ^^^^^^^^^^^^^^^^^^^^^^^^^^^^^^^^^^^
  File "/home/airflow/.local/lib/python3.12/site-packages/jinja2/loaders.py", line 207, in get_source
    raise TemplateNotFound(template)
jinja2.exceptions.TemplateNotFound: sql/dimensions/dim_customer.sql
[2025-06-11T08:44:31.033+0000] {logging_mixin.py:190} INFO - [2025-06-11T08:44:31.033+0000] {templater.py:94} ERROR - Failed to resolve template field 'sql'
Traceback (most recent call last):
  File "/home/airflow/.local/lib/python3.12/site-packages/airflow/template/templater.py", line 92, in resolve_template_files
    setattr(self, field, env.loader.get_source(env, content)[0])  # type: ignore
                         ^^^^^^^^^^^^^^^^^^^^^^^^^^^^^^^^^^^
  File "/home/airflow/.local/lib/python3.12/site-packages/jinja2/loaders.py", line 207, in get_source
    raise TemplateNotFound(template)
jinja2.exceptions.TemplateNotFound: sql/dimensions/dim_employee.sql
[2025-06-11T08:44:31.036+0000] {logging_mixin.py:190} INFO - [2025-06-11T08:44:31.035+0000] {templater.py:94} ERROR - Failed to resolve template field 'sql'
Traceback (most recent call last):
  File "/home/airflow/.local/lib/python3.12/site-packages/airflow/template/templater.py", line 92, in resolve_template_files
    setattr(self, field, env.loader.get_source(env, content)[0])  # type: ignore
                         ^^^^^^^^^^^^^^^^^^^^^^^^^^^^^^^^^^^
  File "/home/airflow/.local/lib/python3.12/site-packages/jinja2/loaders.py", line 207, in get_source
    raise TemplateNotFound(template)
jinja2.exceptions.TemplateNotFound: sql/dimensions/dim_time.sql
[2025-06-11T08:44:31.039+0000] {processor.py:925} INFO - DAG(s) 'data_ingestion_to_stg' retrieved from /opt/airflow/dags/sql/dimensions/data_ingestion_to_stg.py
[2025-06-11T08:44:31.053+0000] {logging_mixin.py:190} INFO - [2025-06-11T08:44:31.053+0000] {dag.py:3229} INFO - Sync 1 DAGs
[2025-06-11T08:44:31.068+0000] {logging_mixin.py:190} INFO - [2025-06-11T08:44:31.068+0000] {dag.py:4156} INFO - Setting next_dagrun for data_ingestion_to_stg to None, run_after=None
[2025-06-11T08:44:31.095+0000] {processor.py:208} INFO - Processing /opt/airflow/dags/sql/dimensions/data_ingestion_to_stg.py took 0.105 seconds
[2025-06-11T08:45:01.619+0000] {processor.py:186} INFO - Started process (PID=875) to work on /opt/airflow/dags/sql/dimensions/data_ingestion_to_stg.py
[2025-06-11T08:45:01.620+0000] {processor.py:914} INFO - Processing file /opt/airflow/dags/sql/dimensions/data_ingestion_to_stg.py for tasks to queue
[2025-06-11T08:45:01.624+0000] {logging_mixin.py:190} INFO - [2025-06-11T08:45:01.623+0000] {dagbag.py:587} INFO - Filling up the DagBag from /opt/airflow/dags/sql/dimensions/data_ingestion_to_stg.py
[2025-06-11T08:45:01.651+0000] {logging_mixin.py:190} INFO - [2025-06-11T08:45:01.650+0000] {templater.py:94} ERROR - Failed to resolve template field 'sql'
Traceback (most recent call last):
  File "/home/airflow/.local/lib/python3.12/site-packages/airflow/template/templater.py", line 92, in resolve_template_files
    setattr(self, field, env.loader.get_source(env, content)[0])  # type: ignore
                         ^^^^^^^^^^^^^^^^^^^^^^^^^^^^^^^^^^^
  File "/home/airflow/.local/lib/python3.12/site-packages/jinja2/loaders.py", line 207, in get_source
    raise TemplateNotFound(template)
jinja2.exceptions.TemplateNotFound: sql/dimensions/dim_product.sql
[2025-06-11T08:45:01.652+0000] {logging_mixin.py:190} INFO - [2025-06-11T08:45:01.651+0000] {templater.py:94} ERROR - Failed to resolve template field 'sql'
Traceback (most recent call last):
  File "/home/airflow/.local/lib/python3.12/site-packages/airflow/template/templater.py", line 92, in resolve_template_files
    setattr(self, field, env.loader.get_source(env, content)[0])  # type: ignore
                         ^^^^^^^^^^^^^^^^^^^^^^^^^^^^^^^^^^^
  File "/home/airflow/.local/lib/python3.12/site-packages/jinja2/loaders.py", line 207, in get_source
    raise TemplateNotFound(template)
jinja2.exceptions.TemplateNotFound: sql/dimensions/dim_customer.sql
[2025-06-11T08:45:01.653+0000] {logging_mixin.py:190} INFO - [2025-06-11T08:45:01.653+0000] {templater.py:94} ERROR - Failed to resolve template field 'sql'
Traceback (most recent call last):
  File "/home/airflow/.local/lib/python3.12/site-packages/airflow/template/templater.py", line 92, in resolve_template_files
    setattr(self, field, env.loader.get_source(env, content)[0])  # type: ignore
                         ^^^^^^^^^^^^^^^^^^^^^^^^^^^^^^^^^^^
  File "/home/airflow/.local/lib/python3.12/site-packages/jinja2/loaders.py", line 207, in get_source
    raise TemplateNotFound(template)
jinja2.exceptions.TemplateNotFound: sql/dimensions/dim_employee.sql
[2025-06-11T08:45:01.654+0000] {logging_mixin.py:190} INFO - [2025-06-11T08:45:01.654+0000] {templater.py:94} ERROR - Failed to resolve template field 'sql'
Traceback (most recent call last):
  File "/home/airflow/.local/lib/python3.12/site-packages/airflow/template/templater.py", line 92, in resolve_template_files
    setattr(self, field, env.loader.get_source(env, content)[0])  # type: ignore
                         ^^^^^^^^^^^^^^^^^^^^^^^^^^^^^^^^^^^
  File "/home/airflow/.local/lib/python3.12/site-packages/jinja2/loaders.py", line 207, in get_source
    raise TemplateNotFound(template)
jinja2.exceptions.TemplateNotFound: sql/dimensions/dim_time.sql
[2025-06-11T08:45:01.656+0000] {processor.py:925} INFO - DAG(s) 'data_ingestion_to_stg' retrieved from /opt/airflow/dags/sql/dimensions/data_ingestion_to_stg.py
[2025-06-11T08:45:01.667+0000] {logging_mixin.py:190} INFO - [2025-06-11T08:45:01.667+0000] {dag.py:3229} INFO - Sync 1 DAGs
[2025-06-11T08:45:01.684+0000] {logging_mixin.py:190} INFO - [2025-06-11T08:45:01.684+0000] {dag.py:4156} INFO - Setting next_dagrun for data_ingestion_to_stg to None, run_after=None
[2025-06-11T08:45:01.705+0000] {processor.py:208} INFO - Processing /opt/airflow/dags/sql/dimensions/data_ingestion_to_stg.py took 0.092 seconds
[2025-06-11T08:45:31.931+0000] {processor.py:186} INFO - Started process (PID=940) to work on /opt/airflow/dags/sql/dimensions/data_ingestion_to_stg.py
[2025-06-11T08:45:31.932+0000] {processor.py:914} INFO - Processing file /opt/airflow/dags/sql/dimensions/data_ingestion_to_stg.py for tasks to queue
[2025-06-11T08:45:31.934+0000] {logging_mixin.py:190} INFO - [2025-06-11T08:45:31.934+0000] {dagbag.py:587} INFO - Filling up the DagBag from /opt/airflow/dags/sql/dimensions/data_ingestion_to_stg.py
[2025-06-11T08:45:31.959+0000] {logging_mixin.py:190} INFO - [2025-06-11T08:45:31.958+0000] {templater.py:94} ERROR - Failed to resolve template field 'sql'
Traceback (most recent call last):
  File "/home/airflow/.local/lib/python3.12/site-packages/airflow/template/templater.py", line 92, in resolve_template_files
    setattr(self, field, env.loader.get_source(env, content)[0])  # type: ignore
                         ^^^^^^^^^^^^^^^^^^^^^^^^^^^^^^^^^^^
  File "/home/airflow/.local/lib/python3.12/site-packages/jinja2/loaders.py", line 207, in get_source
    raise TemplateNotFound(template)
jinja2.exceptions.TemplateNotFound: sql/dimensions/dim_product.sql
[2025-06-11T08:45:31.961+0000] {logging_mixin.py:190} INFO - [2025-06-11T08:45:31.960+0000] {templater.py:94} ERROR - Failed to resolve template field 'sql'
Traceback (most recent call last):
  File "/home/airflow/.local/lib/python3.12/site-packages/airflow/template/templater.py", line 92, in resolve_template_files
    setattr(self, field, env.loader.get_source(env, content)[0])  # type: ignore
                         ^^^^^^^^^^^^^^^^^^^^^^^^^^^^^^^^^^^
  File "/home/airflow/.local/lib/python3.12/site-packages/jinja2/loaders.py", line 207, in get_source
    raise TemplateNotFound(template)
jinja2.exceptions.TemplateNotFound: sql/dimensions/dim_customer.sql
[2025-06-11T08:45:31.962+0000] {logging_mixin.py:190} INFO - [2025-06-11T08:45:31.962+0000] {templater.py:94} ERROR - Failed to resolve template field 'sql'
Traceback (most recent call last):
  File "/home/airflow/.local/lib/python3.12/site-packages/airflow/template/templater.py", line 92, in resolve_template_files
    setattr(self, field, env.loader.get_source(env, content)[0])  # type: ignore
                         ^^^^^^^^^^^^^^^^^^^^^^^^^^^^^^^^^^^
  File "/home/airflow/.local/lib/python3.12/site-packages/jinja2/loaders.py", line 207, in get_source
    raise TemplateNotFound(template)
jinja2.exceptions.TemplateNotFound: sql/dimensions/dim_employee.sql
[2025-06-11T08:45:31.964+0000] {logging_mixin.py:190} INFO - [2025-06-11T08:45:31.963+0000] {templater.py:94} ERROR - Failed to resolve template field 'sql'
Traceback (most recent call last):
  File "/home/airflow/.local/lib/python3.12/site-packages/airflow/template/templater.py", line 92, in resolve_template_files
    setattr(self, field, env.loader.get_source(env, content)[0])  # type: ignore
                         ^^^^^^^^^^^^^^^^^^^^^^^^^^^^^^^^^^^
  File "/home/airflow/.local/lib/python3.12/site-packages/jinja2/loaders.py", line 207, in get_source
    raise TemplateNotFound(template)
jinja2.exceptions.TemplateNotFound: sql/dimensions/dim_time.sql
[2025-06-11T08:45:31.967+0000] {processor.py:925} INFO - DAG(s) 'data_ingestion_to_stg' retrieved from /opt/airflow/dags/sql/dimensions/data_ingestion_to_stg.py
[2025-06-11T08:45:32.109+0000] {logging_mixin.py:190} INFO - [2025-06-11T08:45:32.109+0000] {dag.py:3229} INFO - Sync 1 DAGs
[2025-06-11T08:45:32.123+0000] {logging_mixin.py:190} INFO - [2025-06-11T08:45:32.123+0000] {dag.py:4156} INFO - Setting next_dagrun for data_ingestion_to_stg to None, run_after=None
[2025-06-11T08:45:32.146+0000] {processor.py:208} INFO - Processing /opt/airflow/dags/sql/dimensions/data_ingestion_to_stg.py took 0.222 seconds
[2025-06-11T08:46:02.477+0000] {processor.py:186} INFO - Started process (PID=1005) to work on /opt/airflow/dags/sql/dimensions/data_ingestion_to_stg.py
[2025-06-11T08:46:02.478+0000] {processor.py:914} INFO - Processing file /opt/airflow/dags/sql/dimensions/data_ingestion_to_stg.py for tasks to queue
[2025-06-11T08:46:02.481+0000] {logging_mixin.py:190} INFO - [2025-06-11T08:46:02.480+0000] {dagbag.py:587} INFO - Filling up the DagBag from /opt/airflow/dags/sql/dimensions/data_ingestion_to_stg.py
[2025-06-11T08:46:02.505+0000] {logging_mixin.py:190} INFO - [2025-06-11T08:46:02.504+0000] {templater.py:94} ERROR - Failed to resolve template field 'sql'
Traceback (most recent call last):
  File "/home/airflow/.local/lib/python3.12/site-packages/airflow/template/templater.py", line 92, in resolve_template_files
    setattr(self, field, env.loader.get_source(env, content)[0])  # type: ignore
                         ^^^^^^^^^^^^^^^^^^^^^^^^^^^^^^^^^^^
  File "/home/airflow/.local/lib/python3.12/site-packages/jinja2/loaders.py", line 207, in get_source
    raise TemplateNotFound(template)
jinja2.exceptions.TemplateNotFound: sql/dimensions/dim_product.sql
[2025-06-11T08:46:02.506+0000] {logging_mixin.py:190} INFO - [2025-06-11T08:46:02.506+0000] {templater.py:94} ERROR - Failed to resolve template field 'sql'
Traceback (most recent call last):
  File "/home/airflow/.local/lib/python3.12/site-packages/airflow/template/templater.py", line 92, in resolve_template_files
    setattr(self, field, env.loader.get_source(env, content)[0])  # type: ignore
                         ^^^^^^^^^^^^^^^^^^^^^^^^^^^^^^^^^^^
  File "/home/airflow/.local/lib/python3.12/site-packages/jinja2/loaders.py", line 207, in get_source
    raise TemplateNotFound(template)
jinja2.exceptions.TemplateNotFound: sql/dimensions/dim_customer.sql
[2025-06-11T08:46:02.508+0000] {logging_mixin.py:190} INFO - [2025-06-11T08:46:02.507+0000] {templater.py:94} ERROR - Failed to resolve template field 'sql'
Traceback (most recent call last):
  File "/home/airflow/.local/lib/python3.12/site-packages/airflow/template/templater.py", line 92, in resolve_template_files
    setattr(self, field, env.loader.get_source(env, content)[0])  # type: ignore
                         ^^^^^^^^^^^^^^^^^^^^^^^^^^^^^^^^^^^
  File "/home/airflow/.local/lib/python3.12/site-packages/jinja2/loaders.py", line 207, in get_source
    raise TemplateNotFound(template)
jinja2.exceptions.TemplateNotFound: sql/dimensions/dim_employee.sql
[2025-06-11T08:46:02.509+0000] {logging_mixin.py:190} INFO - [2025-06-11T08:46:02.509+0000] {templater.py:94} ERROR - Failed to resolve template field 'sql'
Traceback (most recent call last):
  File "/home/airflow/.local/lib/python3.12/site-packages/airflow/template/templater.py", line 92, in resolve_template_files
    setattr(self, field, env.loader.get_source(env, content)[0])  # type: ignore
                         ^^^^^^^^^^^^^^^^^^^^^^^^^^^^^^^^^^^
  File "/home/airflow/.local/lib/python3.12/site-packages/jinja2/loaders.py", line 207, in get_source
    raise TemplateNotFound(template)
jinja2.exceptions.TemplateNotFound: sql/dimensions/dim_time.sql
[2025-06-11T08:46:02.512+0000] {processor.py:925} INFO - DAG(s) 'data_ingestion_to_stg' retrieved from /opt/airflow/dags/sql/dimensions/data_ingestion_to_stg.py
[2025-06-11T08:46:02.522+0000] {logging_mixin.py:190} INFO - [2025-06-11T08:46:02.522+0000] {dag.py:3229} INFO - Sync 1 DAGs
[2025-06-11T08:46:02.537+0000] {logging_mixin.py:190} INFO - [2025-06-11T08:46:02.537+0000] {dag.py:4156} INFO - Setting next_dagrun for data_ingestion_to_stg to None, run_after=None
[2025-06-11T08:46:02.559+0000] {processor.py:208} INFO - Processing /opt/airflow/dags/sql/dimensions/data_ingestion_to_stg.py took 0.089 seconds
[2025-06-11T08:46:30.614+0000] {processor.py:186} INFO - Started process (PID=1070) to work on /opt/airflow/dags/sql/dimensions/data_ingestion_to_stg.py
[2025-06-11T08:46:30.615+0000] {processor.py:914} INFO - Processing file /opt/airflow/dags/sql/dimensions/data_ingestion_to_stg.py for tasks to queue
[2025-06-11T08:46:30.618+0000] {logging_mixin.py:190} INFO - [2025-06-11T08:46:30.617+0000] {dagbag.py:587} INFO - Filling up the DagBag from /opt/airflow/dags/sql/dimensions/data_ingestion_to_stg.py
[2025-06-11T08:46:30.661+0000] {processor.py:925} INFO - DAG(s) 'data_ingestion_to_stg' retrieved from /opt/airflow/dags/sql/dimensions/data_ingestion_to_stg.py
[2025-06-11T08:46:30.673+0000] {logging_mixin.py:190} INFO - [2025-06-11T08:46:30.673+0000] {dag.py:3229} INFO - Sync 1 DAGs
[2025-06-11T08:46:30.687+0000] {logging_mixin.py:190} INFO - [2025-06-11T08:46:30.687+0000] {dag.py:4156} INFO - Setting next_dagrun for data_ingestion_to_stg to None, run_after=None
[2025-06-11T08:46:30.714+0000] {processor.py:208} INFO - Processing /opt/airflow/dags/sql/dimensions/data_ingestion_to_stg.py took 0.105 seconds
[2025-06-11T08:47:21.192+0000] {processor.py:186} INFO - Started process (PID=50) to work on /opt/airflow/dags/sql/dimensions/data_ingestion_to_stg.py
[2025-06-11T08:47:21.194+0000] {processor.py:914} INFO - Processing file /opt/airflow/dags/sql/dimensions/data_ingestion_to_stg.py for tasks to queue
[2025-06-11T08:47:21.198+0000] {logging_mixin.py:190} INFO - [2025-06-11T08:47:21.197+0000] {dagbag.py:587} INFO - Filling up the DagBag from /opt/airflow/dags/sql/dimensions/data_ingestion_to_stg.py
[2025-06-11T08:47:21.245+0000] {processor.py:925} INFO - DAG(s) 'data_ingestion_to_stg' retrieved from /opt/airflow/dags/sql/dimensions/data_ingestion_to_stg.py
[2025-06-11T08:47:21.259+0000] {logging_mixin.py:190} INFO - [2025-06-11T08:47:21.259+0000] {dag.py:3229} INFO - Sync 1 DAGs
[2025-06-11T08:47:21.278+0000] {logging_mixin.py:190} INFO - [2025-06-11T08:47:21.278+0000] {dag.py:4156} INFO - Setting next_dagrun for data_ingestion_to_stg to None, run_after=None
[2025-06-11T08:47:21.302+0000] {processor.py:208} INFO - Processing /opt/airflow/dags/sql/dimensions/data_ingestion_to_stg.py took 0.116 seconds
[2025-06-11T08:47:52.294+0000] {processor.py:186} INFO - Started process (PID=121) to work on /opt/airflow/dags/sql/dimensions/data_ingestion_to_stg.py
[2025-06-11T08:47:52.295+0000] {processor.py:914} INFO - Processing file /opt/airflow/dags/sql/dimensions/data_ingestion_to_stg.py for tasks to queue
[2025-06-11T08:47:52.298+0000] {logging_mixin.py:190} INFO - [2025-06-11T08:47:52.297+0000] {dagbag.py:587} INFO - Filling up the DagBag from /opt/airflow/dags/sql/dimensions/data_ingestion_to_stg.py
[2025-06-11T08:47:52.326+0000] {processor.py:925} INFO - DAG(s) 'data_ingestion_to_stg' retrieved from /opt/airflow/dags/sql/dimensions/data_ingestion_to_stg.py
[2025-06-11T08:47:52.444+0000] {logging_mixin.py:190} INFO - [2025-06-11T08:47:52.444+0000] {dag.py:3229} INFO - Sync 1 DAGs
[2025-06-11T08:47:52.457+0000] {logging_mixin.py:190} INFO - [2025-06-11T08:47:52.456+0000] {dag.py:4156} INFO - Setting next_dagrun for data_ingestion_to_stg to None, run_after=None
[2025-06-11T08:47:52.480+0000] {processor.py:208} INFO - Processing /opt/airflow/dags/sql/dimensions/data_ingestion_to_stg.py took 0.192 seconds
[2025-06-11T08:48:22.782+0000] {processor.py:186} INFO - Started process (PID=213) to work on /opt/airflow/dags/sql/dimensions/data_ingestion_to_stg.py
[2025-06-11T08:48:22.783+0000] {processor.py:914} INFO - Processing file /opt/airflow/dags/sql/dimensions/data_ingestion_to_stg.py for tasks to queue
[2025-06-11T08:48:22.785+0000] {logging_mixin.py:190} INFO - [2025-06-11T08:48:22.785+0000] {dagbag.py:587} INFO - Filling up the DagBag from /opt/airflow/dags/sql/dimensions/data_ingestion_to_stg.py
[2025-06-11T08:48:22.815+0000] {processor.py:925} INFO - DAG(s) 'data_ingestion_to_stg' retrieved from /opt/airflow/dags/sql/dimensions/data_ingestion_to_stg.py
[2025-06-11T08:48:22.825+0000] {logging_mixin.py:190} INFO - [2025-06-11T08:48:22.825+0000] {dag.py:3229} INFO - Sync 1 DAGs
[2025-06-11T08:48:22.841+0000] {logging_mixin.py:190} INFO - [2025-06-11T08:48:22.840+0000] {dag.py:4156} INFO - Setting next_dagrun for data_ingestion_to_stg to None, run_after=None
[2025-06-11T08:48:22.863+0000] {processor.py:208} INFO - Processing /opt/airflow/dags/sql/dimensions/data_ingestion_to_stg.py took 0.087 seconds
[2025-06-11T08:48:53.520+0000] {processor.py:186} INFO - Started process (PID=277) to work on /opt/airflow/dags/sql/dimensions/data_ingestion_to_stg.py
[2025-06-11T08:48:53.522+0000] {processor.py:914} INFO - Processing file /opt/airflow/dags/sql/dimensions/data_ingestion_to_stg.py for tasks to queue
[2025-06-11T08:48:53.524+0000] {logging_mixin.py:190} INFO - [2025-06-11T08:48:53.524+0000] {dagbag.py:587} INFO - Filling up the DagBag from /opt/airflow/dags/sql/dimensions/data_ingestion_to_stg.py
[2025-06-11T08:48:53.551+0000] {processor.py:925} INFO - DAG(s) 'data_ingestion_to_stg' retrieved from /opt/airflow/dags/sql/dimensions/data_ingestion_to_stg.py
[2025-06-11T08:48:53.562+0000] {logging_mixin.py:190} INFO - [2025-06-11T08:48:53.562+0000] {dag.py:3229} INFO - Sync 1 DAGs
[2025-06-11T08:48:53.579+0000] {logging_mixin.py:190} INFO - [2025-06-11T08:48:53.579+0000] {dag.py:4156} INFO - Setting next_dagrun for data_ingestion_to_stg to None, run_after=None
[2025-06-11T08:48:53.598+0000] {processor.py:208} INFO - Processing /opt/airflow/dags/sql/dimensions/data_ingestion_to_stg.py took 0.084 seconds
[2025-06-11T08:49:24.662+0000] {processor.py:186} INFO - Started process (PID=342) to work on /opt/airflow/dags/sql/dimensions/data_ingestion_to_stg.py
[2025-06-11T08:49:24.664+0000] {processor.py:914} INFO - Processing file /opt/airflow/dags/sql/dimensions/data_ingestion_to_stg.py for tasks to queue
[2025-06-11T08:49:24.667+0000] {logging_mixin.py:190} INFO - [2025-06-11T08:49:24.666+0000] {dagbag.py:587} INFO - Filling up the DagBag from /opt/airflow/dags/sql/dimensions/data_ingestion_to_stg.py
[2025-06-11T08:49:24.698+0000] {processor.py:925} INFO - DAG(s) 'data_ingestion_to_stg' retrieved from /opt/airflow/dags/sql/dimensions/data_ingestion_to_stg.py
[2025-06-11T08:49:24.711+0000] {logging_mixin.py:190} INFO - [2025-06-11T08:49:24.710+0000] {dag.py:3229} INFO - Sync 1 DAGs
[2025-06-11T08:49:24.727+0000] {logging_mixin.py:190} INFO - [2025-06-11T08:49:24.727+0000] {dag.py:4156} INFO - Setting next_dagrun for data_ingestion_to_stg to None, run_after=None
[2025-06-11T08:49:24.747+0000] {processor.py:208} INFO - Processing /opt/airflow/dags/sql/dimensions/data_ingestion_to_stg.py took 0.091 seconds
[2025-06-11T08:49:55.481+0000] {processor.py:186} INFO - Started process (PID=407) to work on /opt/airflow/dags/sql/dimensions/data_ingestion_to_stg.py
[2025-06-11T08:49:55.482+0000] {processor.py:914} INFO - Processing file /opt/airflow/dags/sql/dimensions/data_ingestion_to_stg.py for tasks to queue
[2025-06-11T08:49:55.486+0000] {logging_mixin.py:190} INFO - [2025-06-11T08:49:55.486+0000] {dagbag.py:587} INFO - Filling up the DagBag from /opt/airflow/dags/sql/dimensions/data_ingestion_to_stg.py
[2025-06-11T08:49:55.527+0000] {processor.py:925} INFO - DAG(s) 'data_ingestion_to_stg' retrieved from /opt/airflow/dags/sql/dimensions/data_ingestion_to_stg.py
[2025-06-11T08:49:55.540+0000] {logging_mixin.py:190} INFO - [2025-06-11T08:49:55.539+0000] {dag.py:3229} INFO - Sync 1 DAGs
[2025-06-11T08:49:55.557+0000] {logging_mixin.py:190} INFO - [2025-06-11T08:49:55.556+0000] {dag.py:4156} INFO - Setting next_dagrun for data_ingestion_to_stg to None, run_after=None
[2025-06-11T08:49:55.578+0000] {processor.py:208} INFO - Processing /opt/airflow/dags/sql/dimensions/data_ingestion_to_stg.py took 0.105 seconds
[2025-06-11T08:50:26.345+0000] {processor.py:186} INFO - Started process (PID=472) to work on /opt/airflow/dags/sql/dimensions/data_ingestion_to_stg.py
[2025-06-11T08:50:26.346+0000] {processor.py:914} INFO - Processing file /opt/airflow/dags/sql/dimensions/data_ingestion_to_stg.py for tasks to queue
[2025-06-11T08:50:26.348+0000] {logging_mixin.py:190} INFO - [2025-06-11T08:50:26.348+0000] {dagbag.py:587} INFO - Filling up the DagBag from /opt/airflow/dags/sql/dimensions/data_ingestion_to_stg.py
[2025-06-11T08:50:26.377+0000] {processor.py:925} INFO - DAG(s) 'data_ingestion_to_stg' retrieved from /opt/airflow/dags/sql/dimensions/data_ingestion_to_stg.py
[2025-06-11T08:50:26.389+0000] {logging_mixin.py:190} INFO - [2025-06-11T08:50:26.389+0000] {dag.py:3229} INFO - Sync 1 DAGs
[2025-06-11T08:50:26.407+0000] {logging_mixin.py:190} INFO - [2025-06-11T08:50:26.406+0000] {dag.py:4156} INFO - Setting next_dagrun for data_ingestion_to_stg to None, run_after=None
[2025-06-11T08:50:26.432+0000] {processor.py:208} INFO - Processing /opt/airflow/dags/sql/dimensions/data_ingestion_to_stg.py took 0.094 seconds
[2025-06-11T08:50:56.972+0000] {processor.py:186} INFO - Started process (PID=537) to work on /opt/airflow/dags/sql/dimensions/data_ingestion_to_stg.py
[2025-06-11T08:50:56.973+0000] {processor.py:914} INFO - Processing file /opt/airflow/dags/sql/dimensions/data_ingestion_to_stg.py for tasks to queue
[2025-06-11T08:50:56.975+0000] {logging_mixin.py:190} INFO - [2025-06-11T08:50:56.975+0000] {dagbag.py:587} INFO - Filling up the DagBag from /opt/airflow/dags/sql/dimensions/data_ingestion_to_stg.py
[2025-06-11T08:50:57.002+0000] {processor.py:925} INFO - DAG(s) 'data_ingestion_to_stg' retrieved from /opt/airflow/dags/sql/dimensions/data_ingestion_to_stg.py
[2025-06-11T08:50:57.129+0000] {logging_mixin.py:190} INFO - [2025-06-11T08:50:57.128+0000] {dag.py:3229} INFO - Sync 1 DAGs
[2025-06-11T08:50:57.140+0000] {logging_mixin.py:190} INFO - [2025-06-11T08:50:57.140+0000] {dag.py:4156} INFO - Setting next_dagrun for data_ingestion_to_stg to None, run_after=None
[2025-06-11T08:50:57.162+0000] {processor.py:208} INFO - Processing /opt/airflow/dags/sql/dimensions/data_ingestion_to_stg.py took 0.196 seconds
[2025-06-11T08:51:27.834+0000] {processor.py:186} INFO - Started process (PID=602) to work on /opt/airflow/dags/sql/dimensions/data_ingestion_to_stg.py
[2025-06-11T08:51:27.835+0000] {processor.py:914} INFO - Processing file /opt/airflow/dags/sql/dimensions/data_ingestion_to_stg.py for tasks to queue
[2025-06-11T08:51:27.837+0000] {logging_mixin.py:190} INFO - [2025-06-11T08:51:27.837+0000] {dagbag.py:587} INFO - Filling up the DagBag from /opt/airflow/dags/sql/dimensions/data_ingestion_to_stg.py
[2025-06-11T08:51:27.863+0000] {processor.py:925} INFO - DAG(s) 'data_ingestion_to_stg' retrieved from /opt/airflow/dags/sql/dimensions/data_ingestion_to_stg.py
[2025-06-11T08:51:27.874+0000] {logging_mixin.py:190} INFO - [2025-06-11T08:51:27.874+0000] {dag.py:3229} INFO - Sync 1 DAGs
[2025-06-11T08:51:27.888+0000] {logging_mixin.py:190} INFO - [2025-06-11T08:51:27.888+0000] {dag.py:4156} INFO - Setting next_dagrun for data_ingestion_to_stg to None, run_after=None
[2025-06-11T08:51:27.906+0000] {processor.py:208} INFO - Processing /opt/airflow/dags/sql/dimensions/data_ingestion_to_stg.py took 0.079 seconds
[2025-06-11T08:51:58.217+0000] {processor.py:186} INFO - Started process (PID=667) to work on /opt/airflow/dags/sql/dimensions/data_ingestion_to_stg.py
[2025-06-11T08:51:58.218+0000] {processor.py:914} INFO - Processing file /opt/airflow/dags/sql/dimensions/data_ingestion_to_stg.py for tasks to queue
[2025-06-11T08:51:58.220+0000] {logging_mixin.py:190} INFO - [2025-06-11T08:51:58.220+0000] {dagbag.py:587} INFO - Filling up the DagBag from /opt/airflow/dags/sql/dimensions/data_ingestion_to_stg.py
[2025-06-11T08:51:58.249+0000] {processor.py:925} INFO - DAG(s) 'data_ingestion_to_stg' retrieved from /opt/airflow/dags/sql/dimensions/data_ingestion_to_stg.py
[2025-06-11T08:51:58.260+0000] {logging_mixin.py:190} INFO - [2025-06-11T08:51:58.260+0000] {dag.py:3229} INFO - Sync 1 DAGs
[2025-06-11T08:51:58.277+0000] {logging_mixin.py:190} INFO - [2025-06-11T08:51:58.277+0000] {dag.py:4156} INFO - Setting next_dagrun for data_ingestion_to_stg to None, run_after=None
[2025-06-11T08:51:58.300+0000] {processor.py:208} INFO - Processing /opt/airflow/dags/sql/dimensions/data_ingestion_to_stg.py took 0.089 seconds
[2025-06-11T08:52:29.220+0000] {processor.py:186} INFO - Started process (PID=732) to work on /opt/airflow/dags/sql/dimensions/data_ingestion_to_stg.py
[2025-06-11T08:52:29.221+0000] {processor.py:914} INFO - Processing file /opt/airflow/dags/sql/dimensions/data_ingestion_to_stg.py for tasks to queue
[2025-06-11T08:52:29.224+0000] {logging_mixin.py:190} INFO - [2025-06-11T08:52:29.223+0000] {dagbag.py:587} INFO - Filling up the DagBag from /opt/airflow/dags/sql/dimensions/data_ingestion_to_stg.py
[2025-06-11T08:52:29.253+0000] {processor.py:925} INFO - DAG(s) 'data_ingestion_to_stg' retrieved from /opt/airflow/dags/sql/dimensions/data_ingestion_to_stg.py
[2025-06-11T08:52:29.265+0000] {logging_mixin.py:190} INFO - [2025-06-11T08:52:29.264+0000] {dag.py:3229} INFO - Sync 1 DAGs
[2025-06-11T08:52:29.281+0000] {logging_mixin.py:190} INFO - [2025-06-11T08:52:29.281+0000] {dag.py:4156} INFO - Setting next_dagrun for data_ingestion_to_stg to None, run_after=None
[2025-06-11T08:52:29.303+0000] {processor.py:208} INFO - Processing /opt/airflow/dags/sql/dimensions/data_ingestion_to_stg.py took 0.089 seconds
[2025-06-11T08:52:59.467+0000] {processor.py:186} INFO - Started process (PID=797) to work on /opt/airflow/dags/sql/dimensions/data_ingestion_to_stg.py
[2025-06-11T08:52:59.468+0000] {processor.py:914} INFO - Processing file /opt/airflow/dags/sql/dimensions/data_ingestion_to_stg.py for tasks to queue
[2025-06-11T08:52:59.470+0000] {logging_mixin.py:190} INFO - [2025-06-11T08:52:59.470+0000] {dagbag.py:587} INFO - Filling up the DagBag from /opt/airflow/dags/sql/dimensions/data_ingestion_to_stg.py
[2025-06-11T08:52:59.500+0000] {processor.py:925} INFO - DAG(s) 'data_ingestion_to_stg' retrieved from /opt/airflow/dags/sql/dimensions/data_ingestion_to_stg.py
[2025-06-11T08:52:59.511+0000] {logging_mixin.py:190} INFO - [2025-06-11T08:52:59.511+0000] {dag.py:3229} INFO - Sync 1 DAGs
[2025-06-11T08:52:59.537+0000] {logging_mixin.py:190} INFO - [2025-06-11T08:52:59.536+0000] {dag.py:4156} INFO - Setting next_dagrun for data_ingestion_to_stg to None, run_after=None
[2025-06-11T08:52:59.560+0000] {processor.py:208} INFO - Processing /opt/airflow/dags/sql/dimensions/data_ingestion_to_stg.py took 0.099 seconds
[2025-06-11T08:53:30.515+0000] {processor.py:186} INFO - Started process (PID=862) to work on /opt/airflow/dags/sql/dimensions/data_ingestion_to_stg.py
[2025-06-11T08:53:30.516+0000] {processor.py:914} INFO - Processing file /opt/airflow/dags/sql/dimensions/data_ingestion_to_stg.py for tasks to queue
[2025-06-11T08:53:30.518+0000] {logging_mixin.py:190} INFO - [2025-06-11T08:53:30.518+0000] {dagbag.py:587} INFO - Filling up the DagBag from /opt/airflow/dags/sql/dimensions/data_ingestion_to_stg.py
[2025-06-11T08:53:30.552+0000] {logging_mixin.py:190} INFO - [2025-06-11T08:53:30.548+0000] {dagbag.py:386} ERROR - Failed to import: /opt/airflow/dags/sql/dimensions/data_ingestion_to_stg.py
Traceback (most recent call last):
  File "/home/airflow/.local/lib/python3.12/site-packages/airflow/models/dagbag.py", line 382, in parse
    loader.exec_module(new_module)
  File "<frozen importlib._bootstrap_external>", line 995, in exec_module
  File "<frozen importlib._bootstrap>", line 488, in _call_with_frames_removed
  File "/opt/airflow/dags/sql/dimensions/data_ingestion_to_stg.py", line 11, in <module>
    import files.func_python as func
ModuleNotFoundError: No module named 'files.func_python'
[2025-06-11T08:53:30.554+0000] {processor.py:927} WARNING - No viable dags retrieved from /opt/airflow/dags/sql/dimensions/data_ingestion_to_stg.py
[2025-06-11T08:53:30.575+0000] {processor.py:208} INFO - Processing /opt/airflow/dags/sql/dimensions/data_ingestion_to_stg.py took 0.066 seconds
[2025-06-11T08:54:00.875+0000] {processor.py:186} INFO - Started process (PID=927) to work on /opt/airflow/dags/sql/dimensions/data_ingestion_to_stg.py
[2025-06-11T08:54:00.876+0000] {processor.py:914} INFO - Processing file /opt/airflow/dags/sql/dimensions/data_ingestion_to_stg.py for tasks to queue
[2025-06-11T08:54:00.878+0000] {logging_mixin.py:190} INFO - [2025-06-11T08:54:00.878+0000] {dagbag.py:587} INFO - Filling up the DagBag from /opt/airflow/dags/sql/dimensions/data_ingestion_to_stg.py
[2025-06-11T08:54:00.898+0000] {logging_mixin.py:190} INFO - [2025-06-11T08:54:00.895+0000] {dagbag.py:386} ERROR - Failed to import: /opt/airflow/dags/sql/dimensions/data_ingestion_to_stg.py
Traceback (most recent call last):
  File "/home/airflow/.local/lib/python3.12/site-packages/airflow/models/dagbag.py", line 382, in parse
    loader.exec_module(new_module)
  File "<frozen importlib._bootstrap_external>", line 995, in exec_module
  File "<frozen importlib._bootstrap>", line 488, in _call_with_frames_removed
  File "/opt/airflow/dags/sql/dimensions/data_ingestion_to_stg.py", line 11, in <module>
    import files.func_python as func
ModuleNotFoundError: No module named 'files.func_python'
[2025-06-11T08:54:00.899+0000] {processor.py:927} WARNING - No viable dags retrieved from /opt/airflow/dags/sql/dimensions/data_ingestion_to_stg.py
[2025-06-11T08:54:00.919+0000] {processor.py:208} INFO - Processing /opt/airflow/dags/sql/dimensions/data_ingestion_to_stg.py took 0.050 seconds
[2025-06-11T08:54:31.292+0000] {processor.py:186} INFO - Started process (PID=992) to work on /opt/airflow/dags/sql/dimensions/data_ingestion_to_stg.py
[2025-06-11T08:54:31.293+0000] {processor.py:914} INFO - Processing file /opt/airflow/dags/sql/dimensions/data_ingestion_to_stg.py for tasks to queue
[2025-06-11T08:54:31.294+0000] {logging_mixin.py:190} INFO - [2025-06-11T08:54:31.294+0000] {dagbag.py:587} INFO - Filling up the DagBag from /opt/airflow/dags/sql/dimensions/data_ingestion_to_stg.py
[2025-06-11T08:54:31.311+0000] {logging_mixin.py:190} INFO - [2025-06-11T08:54:31.308+0000] {dagbag.py:386} ERROR - Failed to import: /opt/airflow/dags/sql/dimensions/data_ingestion_to_stg.py
Traceback (most recent call last):
  File "/home/airflow/.local/lib/python3.12/site-packages/airflow/models/dagbag.py", line 382, in parse
    loader.exec_module(new_module)
  File "<frozen importlib._bootstrap_external>", line 995, in exec_module
  File "<frozen importlib._bootstrap>", line 488, in _call_with_frames_removed
  File "/opt/airflow/dags/sql/dimensions/data_ingestion_to_stg.py", line 11, in <module>
    import files.func_python as func
ModuleNotFoundError: No module named 'files.func_python'
[2025-06-11T08:54:31.312+0000] {processor.py:927} WARNING - No viable dags retrieved from /opt/airflow/dags/sql/dimensions/data_ingestion_to_stg.py
[2025-06-11T08:54:31.330+0000] {processor.py:208} INFO - Processing /opt/airflow/dags/sql/dimensions/data_ingestion_to_stg.py took 0.044 seconds
[2025-06-11T08:55:01.504+0000] {processor.py:186} INFO - Started process (PID=1057) to work on /opt/airflow/dags/sql/dimensions/data_ingestion_to_stg.py
[2025-06-11T08:55:01.505+0000] {processor.py:914} INFO - Processing file /opt/airflow/dags/sql/dimensions/data_ingestion_to_stg.py for tasks to queue
[2025-06-11T08:55:01.507+0000] {logging_mixin.py:190} INFO - [2025-06-11T08:55:01.507+0000] {dagbag.py:587} INFO - Filling up the DagBag from /opt/airflow/dags/sql/dimensions/data_ingestion_to_stg.py
[2025-06-11T08:55:01.529+0000] {logging_mixin.py:190} INFO - [2025-06-11T08:55:01.526+0000] {dagbag.py:386} ERROR - Failed to import: /opt/airflow/dags/sql/dimensions/data_ingestion_to_stg.py
Traceback (most recent call last):
  File "/home/airflow/.local/lib/python3.12/site-packages/airflow/models/dagbag.py", line 382, in parse
    loader.exec_module(new_module)
  File "<frozen importlib._bootstrap_external>", line 995, in exec_module
  File "<frozen importlib._bootstrap>", line 488, in _call_with_frames_removed
  File "/opt/airflow/dags/sql/dimensions/data_ingestion_to_stg.py", line 11, in <module>
    import files.func_python as func
ModuleNotFoundError: No module named 'files.func_python'
[2025-06-11T08:55:01.530+0000] {processor.py:927} WARNING - No viable dags retrieved from /opt/airflow/dags/sql/dimensions/data_ingestion_to_stg.py
[2025-06-11T08:55:01.549+0000] {processor.py:208} INFO - Processing /opt/airflow/dags/sql/dimensions/data_ingestion_to_stg.py took 0.051 seconds
[2025-06-11T08:55:32.573+0000] {processor.py:186} INFO - Started process (PID=1122) to work on /opt/airflow/dags/sql/dimensions/data_ingestion_to_stg.py
[2025-06-11T08:55:32.574+0000] {processor.py:914} INFO - Processing file /opt/airflow/dags/sql/dimensions/data_ingestion_to_stg.py for tasks to queue
[2025-06-11T08:55:32.576+0000] {logging_mixin.py:190} INFO - [2025-06-11T08:55:32.575+0000] {dagbag.py:587} INFO - Filling up the DagBag from /opt/airflow/dags/sql/dimensions/data_ingestion_to_stg.py
[2025-06-11T08:55:32.588+0000] {logging_mixin.py:190} INFO - [2025-06-11T08:55:32.586+0000] {dagbag.py:386} ERROR - Failed to import: /opt/airflow/dags/sql/dimensions/data_ingestion_to_stg.py
Traceback (most recent call last):
  File "/home/airflow/.local/lib/python3.12/site-packages/airflow/models/dagbag.py", line 382, in parse
    loader.exec_module(new_module)
  File "<frozen importlib._bootstrap_external>", line 995, in exec_module
  File "<frozen importlib._bootstrap>", line 488, in _call_with_frames_removed
  File "/opt/airflow/dags/sql/dimensions/data_ingestion_to_stg.py", line 11, in <module>
    import files.func_python as func
ModuleNotFoundError: No module named 'files.func_python'
[2025-06-11T08:55:32.589+0000] {processor.py:927} WARNING - No viable dags retrieved from /opt/airflow/dags/sql/dimensions/data_ingestion_to_stg.py
[2025-06-11T08:55:32.606+0000] {processor.py:208} INFO - Processing /opt/airflow/dags/sql/dimensions/data_ingestion_to_stg.py took 0.038 seconds
[2025-06-11T08:56:02.776+0000] {processor.py:186} INFO - Started process (PID=1187) to work on /opt/airflow/dags/sql/dimensions/data_ingestion_to_stg.py
[2025-06-11T08:56:02.777+0000] {processor.py:914} INFO - Processing file /opt/airflow/dags/sql/dimensions/data_ingestion_to_stg.py for tasks to queue
[2025-06-11T08:56:02.779+0000] {logging_mixin.py:190} INFO - [2025-06-11T08:56:02.778+0000] {dagbag.py:587} INFO - Filling up the DagBag from /opt/airflow/dags/sql/dimensions/data_ingestion_to_stg.py
[2025-06-11T08:56:02.797+0000] {logging_mixin.py:190} INFO - [2025-06-11T08:56:02.794+0000] {dagbag.py:386} ERROR - Failed to import: /opt/airflow/dags/sql/dimensions/data_ingestion_to_stg.py
Traceback (most recent call last):
  File "/home/airflow/.local/lib/python3.12/site-packages/airflow/models/dagbag.py", line 382, in parse
    loader.exec_module(new_module)
  File "<frozen importlib._bootstrap_external>", line 995, in exec_module
  File "<frozen importlib._bootstrap>", line 488, in _call_with_frames_removed
  File "/opt/airflow/dags/sql/dimensions/data_ingestion_to_stg.py", line 11, in <module>
    import files.func_python as func
ModuleNotFoundError: No module named 'files.func_python'
[2025-06-11T08:56:02.798+0000] {processor.py:927} WARNING - No viable dags retrieved from /opt/airflow/dags/sql/dimensions/data_ingestion_to_stg.py
[2025-06-11T08:56:02.816+0000] {processor.py:208} INFO - Processing /opt/airflow/dags/sql/dimensions/data_ingestion_to_stg.py took 0.044 seconds
[2025-06-11T08:56:33.600+0000] {processor.py:186} INFO - Started process (PID=1252) to work on /opt/airflow/dags/sql/dimensions/data_ingestion_to_stg.py
[2025-06-11T08:56:33.601+0000] {processor.py:914} INFO - Processing file /opt/airflow/dags/sql/dimensions/data_ingestion_to_stg.py for tasks to queue
[2025-06-11T08:56:33.602+0000] {logging_mixin.py:190} INFO - [2025-06-11T08:56:33.602+0000] {dagbag.py:587} INFO - Filling up the DagBag from /opt/airflow/dags/sql/dimensions/data_ingestion_to_stg.py
[2025-06-11T08:56:33.620+0000] {logging_mixin.py:190} INFO - [2025-06-11T08:56:33.617+0000] {dagbag.py:386} ERROR - Failed to import: /opt/airflow/dags/sql/dimensions/data_ingestion_to_stg.py
Traceback (most recent call last):
  File "/home/airflow/.local/lib/python3.12/site-packages/airflow/models/dagbag.py", line 382, in parse
    loader.exec_module(new_module)
  File "<frozen importlib._bootstrap_external>", line 995, in exec_module
  File "<frozen importlib._bootstrap>", line 488, in _call_with_frames_removed
  File "/opt/airflow/dags/sql/dimensions/data_ingestion_to_stg.py", line 11, in <module>
    import files.func_python as func
ModuleNotFoundError: No module named 'files.func_python'
[2025-06-11T08:56:33.621+0000] {processor.py:927} WARNING - No viable dags retrieved from /opt/airflow/dags/sql/dimensions/data_ingestion_to_stg.py
[2025-06-11T08:56:33.638+0000] {processor.py:208} INFO - Processing /opt/airflow/dags/sql/dimensions/data_ingestion_to_stg.py took 0.046 seconds
[2025-06-11T08:57:04.558+0000] {processor.py:186} INFO - Started process (PID=1317) to work on /opt/airflow/dags/sql/dimensions/data_ingestion_to_stg.py
[2025-06-11T08:57:04.559+0000] {processor.py:914} INFO - Processing file /opt/airflow/dags/sql/dimensions/data_ingestion_to_stg.py for tasks to queue
[2025-06-11T08:57:04.561+0000] {logging_mixin.py:190} INFO - [2025-06-11T08:57:04.560+0000] {dagbag.py:587} INFO - Filling up the DagBag from /opt/airflow/dags/sql/dimensions/data_ingestion_to_stg.py
[2025-06-11T08:57:04.577+0000] {logging_mixin.py:190} INFO - [2025-06-11T08:57:04.573+0000] {dagbag.py:386} ERROR - Failed to import: /opt/airflow/dags/sql/dimensions/data_ingestion_to_stg.py
Traceback (most recent call last):
  File "/home/airflow/.local/lib/python3.12/site-packages/airflow/models/dagbag.py", line 382, in parse
    loader.exec_module(new_module)
  File "<frozen importlib._bootstrap_external>", line 995, in exec_module
  File "<frozen importlib._bootstrap>", line 488, in _call_with_frames_removed
  File "/opt/airflow/dags/sql/dimensions/data_ingestion_to_stg.py", line 11, in <module>
    import files.func_python as func
ModuleNotFoundError: No module named 'files.func_python'
[2025-06-11T08:57:04.579+0000] {processor.py:927} WARNING - No viable dags retrieved from /opt/airflow/dags/sql/dimensions/data_ingestion_to_stg.py
[2025-06-11T08:57:04.597+0000] {processor.py:208} INFO - Processing /opt/airflow/dags/sql/dimensions/data_ingestion_to_stg.py took 0.044 seconds
