[2025-06-11T09:34:53.606+0000] {local_task_job_runner.py:123} INFO - ::group::Pre task execution logs
[2025-06-11T09:34:53.663+0000] {taskinstance.py:2612} INFO - Dependencies all met for dep_context=non-requeueable deps ti=<TaskInstance: data_ingestion_to_stg.load_employee_20180508 manual__2025-06-11T09:34:38.207959+00:00 [queued]>
[2025-06-11T09:34:53.727+0000] {taskinstance.py:2612} INFO - Dependencies all met for dep_context=requeueable deps ti=<TaskInstance: data_ingestion_to_stg.load_employee_20180508 manual__2025-06-11T09:34:38.207959+00:00 [queued]>
[2025-06-11T09:34:53.728+0000] {taskinstance.py:2865} INFO - Starting attempt 1 of 2
[2025-06-11T09:34:53.779+0000] {taskinstance.py:2888} INFO - Executing <Task(PythonOperator): load_employee_20180508> on 2025-06-11 09:34:38.207959+00:00
[2025-06-11T09:34:53.821+0000] {warnings.py:112} WARNING - /home/***/.local/lib/python3.12/site-packages/***/task/task_runner/standard_task_runner.py:70: DeprecationWarning: This process (pid=1112) is multi-threaded, use of fork() may lead to deadlocks in the child.
  pid = os.fork()

[2025-06-11T09:34:53.829+0000] {standard_task_runner.py:72} INFO - Started process 1141 to run task
[2025-06-11T09:34:53.836+0000] {standard_task_runner.py:104} INFO - Running: ['***', 'tasks', 'run', 'data_ingestion_to_stg', 'load_employee_20180508', 'manual__2025-06-11T09:34:38.207959+00:00', '--job-id', '826', '--raw', '--subdir', 'DAGS_FOLDER/data_ingestion_to_stg.py', '--cfg-path', '/tmp/tmpgck4j73w']
[2025-06-11T09:34:53.849+0000] {standard_task_runner.py:105} INFO - Job 826: Subtask load_employee_20180508
[2025-06-11T09:34:53.992+0000] {task_command.py:467} INFO - Running <TaskInstance: data_ingestion_to_stg.load_employee_20180508 manual__2025-06-11T09:34:38.207959+00:00 [running]> on host 50af1b76beaf
[2025-06-11T09:34:54.272+0000] {taskinstance.py:3131} INFO - Exporting env vars: AIRFLOW_CTX_DAG_OWNER='***' AIRFLOW_CTX_DAG_ID='data_ingestion_to_stg' AIRFLOW_CTX_TASK_ID='load_employee_20180508' AIRFLOW_CTX_EXECUTION_DATE='2025-06-11T09:34:38.207959+00:00' AIRFLOW_CTX_TRY_NUMBER='1' AIRFLOW_CTX_DAG_RUN_ID='manual__2025-06-11T09:34:38.207959+00:00'
[2025-06-11T09:34:54.275+0000] {logging_mixin.py:190} INFO - Task instance is in running state
[2025-06-11T09:34:54.280+0000] {logging_mixin.py:190} INFO -  Previous state of the Task instance: queued
[2025-06-11T09:34:54.280+0000] {logging_mixin.py:190} INFO - Current task name:load_employee_20180508 state:running start_date:2025-06-11 09:34:53.690951+00:00
[2025-06-11T09:34:54.281+0000] {logging_mixin.py:190} INFO - Dag name:data_ingestion_to_stg and current dag run status:running
[2025-06-11T09:34:54.282+0000] {taskinstance.py:731} INFO - ::endgroup::
[2025-06-11T09:34:54.292+0000] {postgres.py:191} INFO - Running copy expert: COPY stg.employee FROM STDIN WITH CSV DELIMITER ';' HEADER;, filename: /opt/***/INPUT/20180508/20180508.employes.csv
[2025-06-11T09:34:54.324+0000] {base.py:84} INFO - Retrieving connection 'data_warehouse_project'
[2025-06-11T09:34:54.464+0000] {logging_mixin.py:190} INFO - [INFO] Berhasil load 20180508.employes.csv ke stg.employee
[2025-06-11T09:34:54.465+0000] {python.py:240} INFO - Done. Returned value was: None
[2025-06-11T09:34:54.500+0000] {taskinstance.py:340} INFO - ::group::Post task execution logs
[2025-06-11T09:34:54.512+0000] {taskinstance.py:352} INFO - Marking task as SUCCESS. dag_id=data_ingestion_to_stg, task_id=load_employee_20180508, run_id=manual__2025-06-11T09:34:38.207959+00:00, execution_date=20250611T093438, start_date=20250611T093453, end_date=20250611T093454
[2025-06-11T09:34:54.565+0000] {logging_mixin.py:190} INFO - Task instance in success state
[2025-06-11T09:34:54.569+0000] {logging_mixin.py:190} INFO -  Previous state of the Task instance: running
[2025-06-11T09:34:54.570+0000] {logging_mixin.py:190} INFO - Dag name:data_ingestion_to_stg queued_at:2025-06-11 09:34:38.253158+00:00
[2025-06-11T09:34:54.570+0000] {logging_mixin.py:190} INFO - Task hostname:50af1b76beaf operator:PythonOperator
[2025-06-11T09:34:54.634+0000] {local_task_job_runner.py:266} INFO - Task exited with return code 0
[2025-06-11T09:34:54.739+0000] {taskinstance.py:3900} INFO - 0 downstream tasks scheduled from follow-on schedule check
[2025-06-11T09:34:54.794+0000] {local_task_job_runner.py:245} INFO - ::endgroup::
