[2025-06-11T05:29:30.879+0000] {local_task_job_runner.py:123} INFO - ::group::Pre task execution logs
[2025-06-11T05:29:30.946+0000] {taskinstance.py:2612} INFO - Dependencies all met for dep_context=non-requeueable deps ti=<TaskInstance: data_ingestion_to_stg.load_countries_20180508 manual__2025-06-11T05:29:09.840408+00:00 [queued]>
[2025-06-11T05:29:31.000+0000] {taskinstance.py:2612} INFO - Dependencies all met for dep_context=requeueable deps ti=<TaskInstance: data_ingestion_to_stg.load_countries_20180508 manual__2025-06-11T05:29:09.840408+00:00 [queued]>
[2025-06-11T05:29:31.013+0000] {taskinstance.py:2865} INFO - Starting attempt 1 of 2
[2025-06-11T05:29:31.054+0000] {taskinstance.py:2888} INFO - Executing <Task(PythonOperator): load_countries_20180508> on 2025-06-11 05:29:09.840408+00:00
[2025-06-11T05:29:31.068+0000] {warnings.py:112} WARNING - /home/***/.local/lib/python3.12/site-packages/***/task/task_runner/standard_task_runner.py:70: DeprecationWarning: This process (pid=213) is multi-threaded, use of fork() may lead to deadlocks in the child.
  pid = os.fork()

[2025-06-11T05:29:31.071+0000] {standard_task_runner.py:72} INFO - Started process 247 to run task
[2025-06-11T05:29:31.084+0000] {standard_task_runner.py:104} INFO - Running: ['***', 'tasks', 'run', 'data_ingestion_to_stg', 'load_countries_20180508', 'manual__2025-06-11T05:29:09.840408+00:00', '--job-id', '375', '--raw', '--subdir', 'DAGS_FOLDER/data_ingestion_to_stg.py', '--cfg-path', '/tmp/tmp7u54160q']
[2025-06-11T05:29:31.098+0000] {standard_task_runner.py:105} INFO - Job 375: Subtask load_countries_20180508
[2025-06-11T05:29:31.234+0000] {task_command.py:467} INFO - Running <TaskInstance: data_ingestion_to_stg.load_countries_20180508 manual__2025-06-11T05:29:09.840408+00:00 [running]> on host 70fc91f07add
[2025-06-11T05:29:31.504+0000] {taskinstance.py:3131} INFO - Exporting env vars: AIRFLOW_CTX_DAG_OWNER='***' AIRFLOW_CTX_DAG_ID='data_ingestion_to_stg' AIRFLOW_CTX_TASK_ID='load_countries_20180508' AIRFLOW_CTX_EXECUTION_DATE='2025-06-11T05:29:09.840408+00:00' AIRFLOW_CTX_TRY_NUMBER='1' AIRFLOW_CTX_DAG_RUN_ID='manual__2025-06-11T05:29:09.840408+00:00'
[2025-06-11T05:29:31.512+0000] {logging_mixin.py:190} INFO - Task instance is in running state
[2025-06-11T05:29:31.515+0000] {logging_mixin.py:190} INFO -  Previous state of the Task instance: queued
[2025-06-11T05:29:31.516+0000] {logging_mixin.py:190} INFO - Current task name:load_countries_20180508 state:running start_date:2025-06-11 05:29:30.953379+00:00
[2025-06-11T05:29:31.516+0000] {logging_mixin.py:190} INFO - Dag name:data_ingestion_to_stg and current dag run status:running
[2025-06-11T05:29:31.520+0000] {taskinstance.py:731} INFO - ::endgroup::
[2025-06-11T05:29:31.534+0000] {postgres.py:191} INFO - Running copy expert: COPY stg.countries FROM STDIN WITH CSV DELIMITER ';' HEADER;, filename: /opt/***/INPUT/20180508/20180508.countries.csv
[2025-06-11T05:29:31.568+0000] {base.py:84} INFO - Retrieving connection 'data_warehouse_project'
[2025-06-11T05:29:31.726+0000] {logging_mixin.py:190} INFO - [INFO] Berhasil load 20180508.countries.csv ke stg.countries
[2025-06-11T05:29:31.728+0000] {python.py:240} INFO - Done. Returned value was: None
[2025-06-11T05:29:31.751+0000] {taskinstance.py:340} INFO - ::group::Post task execution logs
[2025-06-11T05:29:31.753+0000] {taskinstance.py:352} INFO - Marking task as SUCCESS. dag_id=data_ingestion_to_stg, task_id=load_countries_20180508, run_id=manual__2025-06-11T05:29:09.840408+00:00, execution_date=20250611T052909, start_date=20250611T052930, end_date=20250611T052931
[2025-06-11T05:29:31.802+0000] {logging_mixin.py:190} INFO - Task instance in success state
[2025-06-11T05:29:31.805+0000] {logging_mixin.py:190} INFO -  Previous state of the Task instance: running
[2025-06-11T05:29:31.807+0000] {logging_mixin.py:190} INFO - Dag name:data_ingestion_to_stg queued_at:2025-06-11 05:29:09.861090+00:00
[2025-06-11T05:29:31.808+0000] {logging_mixin.py:190} INFO - Task hostname:70fc91f07add operator:PythonOperator
[2025-06-11T05:29:31.852+0000] {local_task_job_runner.py:266} INFO - Task exited with return code 0
[2025-06-11T05:29:31.867+0000] {local_task_job_runner.py:245} INFO - ::endgroup::
