[2025-06-11T09:48:10.278+0000] {local_task_job_runner.py:123} INFO - ::group::Pre task execution logs
[2025-06-11T09:48:10.415+0000] {taskinstance.py:2612} INFO - Dependencies all met for dep_context=non-requeueable deps ti=<TaskInstance: etl_to_data_warehouse.load_sales_20180509 manual__2025-06-11T09:47:58.435646+00:00 [queued]>
[2025-06-11T09:48:10.446+0000] {taskinstance.py:2612} INFO - Dependencies all met for dep_context=requeueable deps ti=<TaskInstance: etl_to_data_warehouse.load_sales_20180509 manual__2025-06-11T09:47:58.435646+00:00 [queued]>
[2025-06-11T09:48:10.447+0000] {taskinstance.py:2865} INFO - Starting attempt 1 of 2
[2025-06-11T09:48:10.503+0000] {taskinstance.py:2888} INFO - Executing <Task(PythonOperator): load_sales_20180509> on 2025-06-11 09:47:58.435646+00:00
[2025-06-11T09:48:10.535+0000] {standard_task_runner.py:104} INFO - Running: ['***', 'tasks', 'run', 'etl_to_data_warehouse', 'load_sales_20180509', 'manual__2025-06-11T09:47:58.435646+00:00', '--job-id', '925', '--raw', '--subdir', 'DAGS_FOLDER/etl_to_data_warehouse.py', '--cfg-path', '/tmp/tmpx71r0n0o']
[2025-06-11T09:48:10.515+0000] {warnings.py:112} WARNING - /home/***/.local/lib/python3.12/site-packages/***/task/task_runner/standard_task_runner.py:70: DeprecationWarning: This process (pid=1679) is multi-threaded, use of fork() may lead to deadlocks in the child.
  pid = os.fork()

[2025-06-11T09:48:10.540+0000] {standard_task_runner.py:72} INFO - Started process 1708 to run task
[2025-06-11T09:48:10.541+0000] {standard_task_runner.py:105} INFO - Job 925: Subtask load_sales_20180509
[2025-06-11T09:48:10.786+0000] {task_command.py:467} INFO - Running <TaskInstance: etl_to_data_warehouse.load_sales_20180509 manual__2025-06-11T09:47:58.435646+00:00 [running]> on host 50af1b76beaf
[2025-06-11T09:48:11.045+0000] {taskinstance.py:3131} INFO - Exporting env vars: AIRFLOW_CTX_DAG_OWNER='***' AIRFLOW_CTX_DAG_ID='etl_to_data_warehouse' AIRFLOW_CTX_TASK_ID='load_sales_20180509' AIRFLOW_CTX_EXECUTION_DATE='2025-06-11T09:47:58.435646+00:00' AIRFLOW_CTX_TRY_NUMBER='1' AIRFLOW_CTX_DAG_RUN_ID='manual__2025-06-11T09:47:58.435646+00:00'
[2025-06-11T09:48:11.051+0000] {logging_mixin.py:190} INFO - Task instance is in running state
[2025-06-11T09:48:11.053+0000] {logging_mixin.py:190} INFO -  Previous state of the Task instance: queued
[2025-06-11T09:48:11.055+0000] {logging_mixin.py:190} INFO - Current task name:load_sales_20180509 state:running start_date:2025-06-11 09:48:10.416711+00:00
[2025-06-11T09:48:11.057+0000] {logging_mixin.py:190} INFO - Dag name:etl_to_data_warehouse and current dag run status:running
[2025-06-11T09:48:11.068+0000] {taskinstance.py:731} INFO - ::endgroup::
[2025-06-11T09:48:11.107+0000] {postgres.py:191} INFO - Running copy expert: COPY stg.sales FROM STDIN WITH CSV DELIMITER ';' HEADER;, filename: /opt/***/INPUT/20180509/20180509.sales.csv
[2025-06-11T09:48:11.150+0000] {base.py:84} INFO - Retrieving connection 'data_warehouse_project'
[2025-06-11T09:48:11.268+0000] {logging_mixin.py:190} INFO - [INFO] Berhasil load 20180509.sales.csv ke stg.sales
[2025-06-11T09:48:11.269+0000] {python.py:240} INFO - Done. Returned value was: None
[2025-06-11T09:48:11.308+0000] {taskinstance.py:340} INFO - ::group::Post task execution logs
[2025-06-11T09:48:11.309+0000] {taskinstance.py:352} INFO - Marking task as SUCCESS. dag_id=etl_to_data_warehouse, task_id=load_sales_20180509, run_id=manual__2025-06-11T09:47:58.435646+00:00, execution_date=20250611T094758, start_date=20250611T094810, end_date=20250611T094811
[2025-06-11T09:48:11.383+0000] {logging_mixin.py:190} INFO - Task instance in success state
[2025-06-11T09:48:11.386+0000] {logging_mixin.py:190} INFO -  Previous state of the Task instance: running
[2025-06-11T09:48:11.387+0000] {logging_mixin.py:190} INFO - Dag name:etl_to_data_warehouse queued_at:2025-06-11 09:47:58.494987+00:00
[2025-06-11T09:48:11.388+0000] {logging_mixin.py:190} INFO - Task hostname:50af1b76beaf operator:PythonOperator
[2025-06-11T09:48:11.472+0000] {local_task_job_runner.py:266} INFO - Task exited with return code 0
[2025-06-11T09:48:11.542+0000] {taskinstance.py:3900} INFO - 0 downstream tasks scheduled from follow-on schedule check
[2025-06-11T09:48:11.551+0000] {local_task_job_runner.py:245} INFO - ::endgroup::
