[2025-06-11T08:14:12.688+0000] {local_task_job_runner.py:123} INFO - ::group::Pre task execution logs
[2025-06-11T08:14:12.744+0000] {taskinstance.py:2612} INFO - Dependencies all met for dep_context=non-requeueable deps ti=<TaskInstance: data_ingestion_to_stg.truncate_categories_20180509 manual__2025-06-11T08:13:59.453815+00:00 [queued]>
[2025-06-11T08:14:12.774+0000] {taskinstance.py:2612} INFO - Dependencies all met for dep_context=requeueable deps ti=<TaskInstance: data_ingestion_to_stg.truncate_categories_20180509 manual__2025-06-11T08:13:59.453815+00:00 [queued]>
[2025-06-11T08:14:12.780+0000] {taskinstance.py:2865} INFO - Starting attempt 1 of 2
[2025-06-11T08:14:12.860+0000] {taskinstance.py:2888} INFO - Executing <Task(PythonOperator): truncate_categories_20180509> on 2025-06-11 08:13:59.453815+00:00
[2025-06-11T08:14:12.885+0000] {standard_task_runner.py:104} INFO - Running: ['***', 'tasks', 'run', 'data_ingestion_to_stg', 'truncate_categories_20180509', 'manual__2025-06-11T08:13:59.453815+00:00', '--job-id', '547', '--raw', '--subdir', 'DAGS_FOLDER/data_ingestion_to_stg.py', '--cfg-path', '/tmp/tmpd25bug2y']
[2025-06-11T08:14:12.889+0000] {warnings.py:112} WARNING - /home/***/.local/lib/python3.12/site-packages/***/task/task_runner/standard_task_runner.py:70: DeprecationWarning: This process (pid=153) is multi-threaded, use of fork() may lead to deadlocks in the child.
  pid = os.fork()

[2025-06-11T08:14:12.898+0000] {standard_task_runner.py:72} INFO - Started process 196 to run task
[2025-06-11T08:14:12.896+0000] {standard_task_runner.py:105} INFO - Job 547: Subtask truncate_categories_20180509
[2025-06-11T08:14:13.039+0000] {task_command.py:467} INFO - Running <TaskInstance: data_ingestion_to_stg.truncate_categories_20180509 manual__2025-06-11T08:13:59.453815+00:00 [running]> on host 2d4b374c5f38
[2025-06-11T08:14:13.309+0000] {taskinstance.py:3131} INFO - Exporting env vars: AIRFLOW_CTX_DAG_OWNER='***' AIRFLOW_CTX_DAG_ID='data_ingestion_to_stg' AIRFLOW_CTX_TASK_ID='truncate_categories_20180509' AIRFLOW_CTX_EXECUTION_DATE='2025-06-11T08:13:59.453815+00:00' AIRFLOW_CTX_TRY_NUMBER='1' AIRFLOW_CTX_DAG_RUN_ID='manual__2025-06-11T08:13:59.453815+00:00'
[2025-06-11T08:14:13.315+0000] {logging_mixin.py:190} INFO - Task instance is in running state
[2025-06-11T08:14:13.316+0000] {logging_mixin.py:190} INFO -  Previous state of the Task instance: queued
[2025-06-11T08:14:13.318+0000] {logging_mixin.py:190} INFO - Current task name:truncate_categories_20180509 state:running start_date:2025-06-11 08:14:12.747217+00:00
[2025-06-11T08:14:13.319+0000] {logging_mixin.py:190} INFO - Dag name:data_ingestion_to_stg and current dag run status:running
[2025-06-11T08:14:13.321+0000] {taskinstance.py:731} INFO - ::endgroup::
[2025-06-11T08:14:13.364+0000] {base.py:84} INFO - Retrieving connection 'data_warehouse_project'
[2025-06-11T08:14:13.500+0000] {sql.py:509} INFO - Running statement: TRUNCATE TABLE stg.categories;, parameters: None
[2025-06-11T08:14:13.523+0000] {logging_mixin.py:190} INFO - [INFO] Truncated table stg.categories
[2025-06-11T08:14:13.534+0000] {python.py:240} INFO - Done. Returned value was: None
[2025-06-11T08:14:13.596+0000] {taskinstance.py:340} INFO - ::group::Post task execution logs
[2025-06-11T08:14:13.601+0000] {taskinstance.py:352} INFO - Marking task as SUCCESS. dag_id=data_ingestion_to_stg, task_id=truncate_categories_20180509, run_id=manual__2025-06-11T08:13:59.453815+00:00, execution_date=20250611T081359, start_date=20250611T081412, end_date=20250611T081413
[2025-06-11T08:14:13.684+0000] {logging_mixin.py:190} INFO - Task instance in success state
[2025-06-11T08:14:13.690+0000] {logging_mixin.py:190} INFO -  Previous state of the Task instance: running
[2025-06-11T08:14:13.690+0000] {logging_mixin.py:190} INFO - Dag name:data_ingestion_to_stg queued_at:2025-06-11 08:13:59.492750+00:00
[2025-06-11T08:14:13.691+0000] {logging_mixin.py:190} INFO - Task hostname:2d4b374c5f38 operator:PythonOperator
[2025-06-11T08:14:13.728+0000] {local_task_job_runner.py:266} INFO - Task exited with return code 0
[2025-06-11T08:14:13.755+0000] {local_task_job_runner.py:245} INFO - ::endgroup::
