[2025-06-11T08:29:13.469+0000] {local_task_job_runner.py:123} INFO - ::group::Pre task execution logs
[2025-06-11T08:29:13.524+0000] {taskinstance.py:2612} INFO - Dependencies all met for dep_context=non-requeueable deps ti=<TaskInstance: data_ingestion_to_stg.load_products_20180508 manual__2025-06-11T08:28:59.274946+00:00 [queued]>
[2025-06-11T08:29:13.557+0000] {taskinstance.py:2612} INFO - Dependencies all met for dep_context=requeueable deps ti=<TaskInstance: data_ingestion_to_stg.load_products_20180508 manual__2025-06-11T08:28:59.274946+00:00 [queued]>
[2025-06-11T08:29:13.559+0000] {taskinstance.py:2865} INFO - Starting attempt 1 of 2
[2025-06-11T08:29:13.625+0000] {taskinstance.py:2888} INFO - Executing <Task(PythonOperator): load_products_20180508> on 2025-06-11 08:28:59.274946+00:00
[2025-06-11T08:29:13.654+0000] {standard_task_runner.py:104} INFO - Running: ['***', 'tasks', 'run', 'data_ingestion_to_stg', 'load_products_20180508', 'manual__2025-06-11T08:28:59.274946+00:00', '--job-id', '650', '--raw', '--subdir', 'DAGS_FOLDER/data_ingestion_to_stg.py', '--cfg-path', '/tmp/tmpuxj80ffq']
[2025-06-11T08:29:13.656+0000] {standard_task_runner.py:105} INFO - Job 650: Subtask load_products_20180508
[2025-06-11T08:29:13.648+0000] {warnings.py:112} WARNING - /home/***/.local/lib/python3.12/site-packages/***/task/task_runner/standard_task_runner.py:70: DeprecationWarning: This process (pid=514) is multi-threaded, use of fork() may lead to deadlocks in the child.
  pid = os.fork()

[2025-06-11T08:29:13.663+0000] {standard_task_runner.py:72} INFO - Started process 531 to run task
[2025-06-11T08:29:13.736+0000] {task_command.py:467} INFO - Running <TaskInstance: data_ingestion_to_stg.load_products_20180508 manual__2025-06-11T08:28:59.274946+00:00 [running]> on host 8b2e3fa0123b
[2025-06-11T08:29:14.088+0000] {taskinstance.py:3131} INFO - Exporting env vars: AIRFLOW_CTX_DAG_OWNER='***' AIRFLOW_CTX_DAG_ID='data_ingestion_to_stg' AIRFLOW_CTX_TASK_ID='load_products_20180508' AIRFLOW_CTX_EXECUTION_DATE='2025-06-11T08:28:59.274946+00:00' AIRFLOW_CTX_TRY_NUMBER='1' AIRFLOW_CTX_DAG_RUN_ID='manual__2025-06-11T08:28:59.274946+00:00'
[2025-06-11T08:29:14.107+0000] {logging_mixin.py:190} INFO - Task instance is in running state
[2025-06-11T08:29:14.108+0000] {logging_mixin.py:190} INFO -  Previous state of the Task instance: queued
[2025-06-11T08:29:14.112+0000] {logging_mixin.py:190} INFO - Current task name:load_products_20180508 state:running start_date:2025-06-11 08:29:13.524717+00:00
[2025-06-11T08:29:14.117+0000] {logging_mixin.py:190} INFO - Dag name:data_ingestion_to_stg and current dag run status:running
[2025-06-11T08:29:14.119+0000] {taskinstance.py:731} INFO - ::endgroup::
[2025-06-11T08:29:14.131+0000] {postgres.py:191} INFO - Running copy expert: COPY stg.products FROM STDIN WITH CSV DELIMITER ';' HEADER;, filename: /tmp/tmpl5gq3vkh
[2025-06-11T08:29:14.159+0000] {base.py:84} INFO - Retrieving connection 'data_warehouse_project'
[2025-06-11T08:29:14.328+0000] {logging_mixin.py:190} INFO - [INFO] Berhasil load 20180508.products.csv ke stg.products
[2025-06-11T08:29:14.332+0000] {python.py:240} INFO - Done. Returned value was: None
[2025-06-11T08:29:14.366+0000] {taskinstance.py:340} INFO - ::group::Post task execution logs
[2025-06-11T08:29:14.370+0000] {taskinstance.py:352} INFO - Marking task as SUCCESS. dag_id=data_ingestion_to_stg, task_id=load_products_20180508, run_id=manual__2025-06-11T08:28:59.274946+00:00, execution_date=20250611T082859, start_date=20250611T082913, end_date=20250611T082914
[2025-06-11T08:29:14.437+0000] {logging_mixin.py:190} INFO - Task instance in success state
[2025-06-11T08:29:14.440+0000] {logging_mixin.py:190} INFO -  Previous state of the Task instance: running
[2025-06-11T08:29:14.444+0000] {logging_mixin.py:190} INFO - Dag name:data_ingestion_to_stg queued_at:2025-06-11 08:28:59.295920+00:00
[2025-06-11T08:29:14.452+0000] {logging_mixin.py:190} INFO - Task hostname:8b2e3fa0123b operator:PythonOperator
[2025-06-11T08:29:14.570+0000] {local_task_job_runner.py:266} INFO - Task exited with return code 0
[2025-06-11T08:29:14.741+0000] {taskinstance.py:3900} INFO - 0 downstream tasks scheduled from follow-on schedule check
[2025-06-11T08:29:14.760+0000] {local_task_job_runner.py:245} INFO - ::endgroup::
