[2025-06-11T09:48:05.051+0000] {local_task_job_runner.py:123} INFO - ::group::Pre task execution logs
[2025-06-11T09:48:05.205+0000] {taskinstance.py:2612} INFO - Dependencies all met for dep_context=non-requeueable deps ti=<TaskInstance: etl_to_data_warehouse.truncate_countries_20180509 manual__2025-06-11T09:47:58.435646+00:00 [queued]>
[2025-06-11T09:48:05.238+0000] {taskinstance.py:2612} INFO - Dependencies all met for dep_context=requeueable deps ti=<TaskInstance: etl_to_data_warehouse.truncate_countries_20180509 manual__2025-06-11T09:47:58.435646+00:00 [queued]>
[2025-06-11T09:48:05.242+0000] {taskinstance.py:2865} INFO - Starting attempt 1 of 2
[2025-06-11T09:48:05.281+0000] {taskinstance.py:2888} INFO - Executing <Task(PythonOperator): truncate_countries_20180509> on 2025-06-11 09:47:58.435646+00:00
[2025-06-11T09:48:05.292+0000] {warnings.py:112} WARNING - /home/***/.local/lib/python3.12/site-packages/***/task/task_runner/standard_task_runner.py:70: DeprecationWarning: This process (pid=1631) is multi-threaded, use of fork() may lead to deadlocks in the child.
  pid = os.fork()

[2025-06-11T09:48:05.295+0000] {standard_task_runner.py:72} INFO - Started process 1668 to run task
[2025-06-11T09:48:05.327+0000] {standard_task_runner.py:104} INFO - Running: ['***', 'tasks', 'run', 'etl_to_data_warehouse', 'truncate_countries_20180509', 'manual__2025-06-11T09:47:58.435646+00:00', '--job-id', '921', '--raw', '--subdir', 'DAGS_FOLDER/etl_to_data_warehouse.py', '--cfg-path', '/tmp/tmp8prsd9rf']
[2025-06-11T09:48:05.333+0000] {standard_task_runner.py:105} INFO - Job 921: Subtask truncate_countries_20180509
[2025-06-11T09:48:05.485+0000] {task_command.py:467} INFO - Running <TaskInstance: etl_to_data_warehouse.truncate_countries_20180509 manual__2025-06-11T09:47:58.435646+00:00 [running]> on host 50af1b76beaf
[2025-06-11T09:48:05.785+0000] {taskinstance.py:3131} INFO - Exporting env vars: AIRFLOW_CTX_DAG_OWNER='***' AIRFLOW_CTX_DAG_ID='etl_to_data_warehouse' AIRFLOW_CTX_TASK_ID='truncate_countries_20180509' AIRFLOW_CTX_EXECUTION_DATE='2025-06-11T09:47:58.435646+00:00' AIRFLOW_CTX_TRY_NUMBER='1' AIRFLOW_CTX_DAG_RUN_ID='manual__2025-06-11T09:47:58.435646+00:00'
[2025-06-11T09:48:05.788+0000] {logging_mixin.py:190} INFO - Task instance is in running state
[2025-06-11T09:48:05.800+0000] {logging_mixin.py:190} INFO -  Previous state of the Task instance: queued
[2025-06-11T09:48:05.801+0000] {logging_mixin.py:190} INFO - Current task name:truncate_countries_20180509 state:running start_date:2025-06-11 09:48:05.211698+00:00
[2025-06-11T09:48:05.814+0000] {logging_mixin.py:190} INFO - Dag name:etl_to_data_warehouse and current dag run status:running
[2025-06-11T09:48:05.847+0000] {taskinstance.py:731} INFO - ::endgroup::
[2025-06-11T09:48:05.898+0000] {base.py:84} INFO - Retrieving connection 'data_warehouse_project'
[2025-06-11T09:48:06.110+0000] {sql.py:509} INFO - Running statement: TRUNCATE TABLE stg.countries;, parameters: None
[2025-06-11T09:48:06.130+0000] {logging_mixin.py:190} INFO - [INFO] Truncated table stg.countries
[2025-06-11T09:48:06.141+0000] {python.py:240} INFO - Done. Returned value was: None
[2025-06-11T09:48:06.162+0000] {taskinstance.py:340} INFO - ::group::Post task execution logs
[2025-06-11T09:48:06.163+0000] {taskinstance.py:352} INFO - Marking task as SUCCESS. dag_id=etl_to_data_warehouse, task_id=truncate_countries_20180509, run_id=manual__2025-06-11T09:47:58.435646+00:00, execution_date=20250611T094758, start_date=20250611T094805, end_date=20250611T094806
[2025-06-11T09:48:06.188+0000] {logging_mixin.py:190} INFO - Task instance in success state
[2025-06-11T09:48:06.190+0000] {logging_mixin.py:190} INFO -  Previous state of the Task instance: running
[2025-06-11T09:48:06.205+0000] {logging_mixin.py:190} INFO - Dag name:etl_to_data_warehouse queued_at:2025-06-11 09:47:58.494987+00:00
[2025-06-11T09:48:06.208+0000] {logging_mixin.py:190} INFO - Task hostname:50af1b76beaf operator:PythonOperator
[2025-06-11T09:48:06.249+0000] {local_task_job_runner.py:266} INFO - Task exited with return code 0
[2025-06-11T09:48:06.352+0000] {taskinstance.py:3900} INFO - 1 downstream tasks scheduled from follow-on schedule check
[2025-06-11T09:48:06.356+0000] {local_task_job_runner.py:245} INFO - ::endgroup::
