[2025-06-11T08:48:10.572+0000] {local_task_job_runner.py:123} INFO - ::group::Pre task execution logs
[2025-06-11T08:48:10.671+0000] {taskinstance.py:2612} INFO - Dependencies all met for dep_context=non-requeueable deps ti=<TaskInstance: data_ingestion_to_stg.load_countries_20180509 manual__2025-06-11T08:47:56.344686+00:00 [queued]>
[2025-06-11T08:48:10.723+0000] {taskinstance.py:2612} INFO - Dependencies all met for dep_context=requeueable deps ti=<TaskInstance: data_ingestion_to_stg.load_countries_20180509 manual__2025-06-11T08:47:56.344686+00:00 [queued]>
[2025-06-11T08:48:10.725+0000] {taskinstance.py:2865} INFO - Starting attempt 1 of 2
[2025-06-11T08:48:10.809+0000] {taskinstance.py:2888} INFO - Executing <Task(PythonOperator): load_countries_20180509> on 2025-06-11 08:47:56.344686+00:00
[2025-06-11T08:48:10.843+0000] {warnings.py:112} WARNING - /home/***/.local/lib/python3.12/site-packages/***/task/task_runner/standard_task_runner.py:70: DeprecationWarning: This process (pid=134) is multi-threaded, use of fork() may lead to deadlocks in the child.
  pid = os.fork()

[2025-06-11T08:48:10.847+0000] {standard_task_runner.py:72} INFO - Started process 161 to run task
[2025-06-11T08:48:10.835+0000] {standard_task_runner.py:104} INFO - Running: ['***', 'tasks', 'run', 'data_ingestion_to_stg', 'load_countries_20180509', 'manual__2025-06-11T08:47:56.344686+00:00', '--job-id', '734', '--raw', '--subdir', 'DAGS_FOLDER/sql/dimensions/data_ingestion_to_stg.py', '--cfg-path', '/tmp/tmpifxeykbh']
[2025-06-11T08:48:10.868+0000] {standard_task_runner.py:105} INFO - Job 734: Subtask load_countries_20180509
[2025-06-11T08:48:11.029+0000] {task_command.py:467} INFO - Running <TaskInstance: data_ingestion_to_stg.load_countries_20180509 manual__2025-06-11T08:47:56.344686+00:00 [running]> on host 50af1b76beaf
[2025-06-11T08:48:11.264+0000] {taskinstance.py:3131} INFO - Exporting env vars: AIRFLOW_CTX_DAG_OWNER='***' AIRFLOW_CTX_DAG_ID='data_ingestion_to_stg' AIRFLOW_CTX_TASK_ID='load_countries_20180509' AIRFLOW_CTX_EXECUTION_DATE='2025-06-11T08:47:56.344686+00:00' AIRFLOW_CTX_TRY_NUMBER='1' AIRFLOW_CTX_DAG_RUN_ID='manual__2025-06-11T08:47:56.344686+00:00'
[2025-06-11T08:48:11.269+0000] {logging_mixin.py:190} INFO - Task instance is in running state
[2025-06-11T08:48:11.270+0000] {logging_mixin.py:190} INFO -  Previous state of the Task instance: queued
[2025-06-11T08:48:11.270+0000] {logging_mixin.py:190} INFO - Current task name:load_countries_20180509 state:running start_date:2025-06-11 08:48:10.673009+00:00
[2025-06-11T08:48:11.271+0000] {logging_mixin.py:190} INFO - Dag name:data_ingestion_to_stg and current dag run status:running
[2025-06-11T08:48:11.272+0000] {taskinstance.py:731} INFO - ::endgroup::
[2025-06-11T08:48:11.277+0000] {postgres.py:191} INFO - Running copy expert: COPY stg.countries FROM STDIN WITH CSV DELIMITER ';' HEADER;, filename: /opt/***/INPUT/20180509/20180509.countries.csv
[2025-06-11T08:48:11.313+0000] {base.py:84} INFO - Retrieving connection 'data_warehouse_project'
[2025-06-11T08:48:11.388+0000] {logging_mixin.py:190} INFO - [INFO] Berhasil load 20180509.countries.csv ke stg.countries
[2025-06-11T08:48:11.389+0000] {python.py:240} INFO - Done. Returned value was: None
[2025-06-11T08:48:11.414+0000] {taskinstance.py:340} INFO - ::group::Post task execution logs
[2025-06-11T08:48:11.416+0000] {taskinstance.py:352} INFO - Marking task as SUCCESS. dag_id=data_ingestion_to_stg, task_id=load_countries_20180509, run_id=manual__2025-06-11T08:47:56.344686+00:00, execution_date=20250611T084756, start_date=20250611T084810, end_date=20250611T084811
[2025-06-11T08:48:11.435+0000] {logging_mixin.py:190} INFO - Task instance in success state
[2025-06-11T08:48:11.438+0000] {logging_mixin.py:190} INFO -  Previous state of the Task instance: running
[2025-06-11T08:48:11.439+0000] {logging_mixin.py:190} INFO - Dag name:data_ingestion_to_stg queued_at:2025-06-11 08:47:56.379660+00:00
[2025-06-11T08:48:11.440+0000] {logging_mixin.py:190} INFO - Task hostname:50af1b76beaf operator:PythonOperator
[2025-06-11T08:48:11.478+0000] {local_task_job_runner.py:266} INFO - Task exited with return code 0
[2025-06-11T08:48:11.554+0000] {taskinstance.py:3900} INFO - 0 downstream tasks scheduled from follow-on schedule check
[2025-06-11T08:48:11.563+0000] {local_task_job_runner.py:245} INFO - ::endgroup::
