[2025-06-11T04:21:59.689+0000] {local_task_job_runner.py:123} INFO - ::group::Pre task execution logs
[2025-06-11T04:21:59.737+0000] {taskinstance.py:2612} INFO - Dependencies all met for dep_context=non-requeueable deps ti=<TaskInstance: data_ingestion_to_stg.truncate_sales_20180509 manual__2025-06-11T04:21:52.898586+00:00 [queued]>
[2025-06-11T04:21:59.764+0000] {taskinstance.py:2612} INFO - Dependencies all met for dep_context=requeueable deps ti=<TaskInstance: data_ingestion_to_stg.truncate_sales_20180509 manual__2025-06-11T04:21:52.898586+00:00 [queued]>
[2025-06-11T04:21:59.768+0000] {taskinstance.py:2865} INFO - Starting attempt 1 of 2
[2025-06-11T04:21:59.846+0000] {taskinstance.py:2888} INFO - Executing <Task(PythonOperator): truncate_sales_20180509> on 2025-06-11 04:21:52.898586+00:00
[2025-06-11T04:21:59.883+0000] {warnings.py:112} WARNING - /home/***/.local/lib/python3.12/site-packages/***/task/task_runner/standard_task_runner.py:70: DeprecationWarning: This process (pid=939) is multi-threaded, use of fork() may lead to deadlocks in the child.
  pid = os.fork()

[2025-06-11T04:21:59.888+0000] {standard_task_runner.py:72} INFO - Started process 972 to run task
[2025-06-11T04:21:59.888+0000] {standard_task_runner.py:104} INFO - Running: ['***', 'tasks', 'run', 'data_ingestion_to_stg', 'truncate_sales_20180509', 'manual__2025-06-11T04:21:52.898586+00:00', '--job-id', '259', '--raw', '--subdir', 'DAGS_FOLDER/data_ingestion_to_stg.py', '--cfg-path', '/tmp/tmpawn923up']
[2025-06-11T04:21:59.902+0000] {standard_task_runner.py:105} INFO - Job 259: Subtask truncate_sales_20180509
[2025-06-11T04:22:00.060+0000] {task_command.py:467} INFO - Running <TaskInstance: data_ingestion_to_stg.truncate_sales_20180509 manual__2025-06-11T04:21:52.898586+00:00 [running]> on host bc5ec7a98490
[2025-06-11T04:22:00.345+0000] {taskinstance.py:3131} INFO - Exporting env vars: AIRFLOW_CTX_DAG_OWNER='***' AIRFLOW_CTX_DAG_ID='data_ingestion_to_stg' AIRFLOW_CTX_TASK_ID='truncate_sales_20180509' AIRFLOW_CTX_EXECUTION_DATE='2025-06-11T04:21:52.898586+00:00' AIRFLOW_CTX_TRY_NUMBER='1' AIRFLOW_CTX_DAG_RUN_ID='manual__2025-06-11T04:21:52.898586+00:00'
[2025-06-11T04:22:00.351+0000] {logging_mixin.py:190} INFO - Task instance is in running state
[2025-06-11T04:22:00.359+0000] {logging_mixin.py:190} INFO -  Previous state of the Task instance: queued
[2025-06-11T04:22:00.371+0000] {logging_mixin.py:190} INFO - Current task name:truncate_sales_20180509 state:running start_date:2025-06-11 04:21:59.738600+00:00
[2025-06-11T04:22:00.374+0000] {logging_mixin.py:190} INFO - Dag name:data_ingestion_to_stg and current dag run status:running
[2025-06-11T04:22:00.379+0000] {taskinstance.py:731} INFO - ::endgroup::
[2025-06-11T04:22:00.468+0000] {base.py:84} INFO - Retrieving connection 'data_warehouse_project'
[2025-06-11T04:22:00.752+0000] {sql.py:509} INFO - Running statement: TRUNCATE TABLE stg.sales;, parameters: None
[2025-06-11T04:22:00.811+0000] {logging_mixin.py:190} INFO - [INFO] Truncated table stg.sales
[2025-06-11T04:22:00.814+0000] {python.py:240} INFO - Done. Returned value was: None
[2025-06-11T04:22:00.918+0000] {taskinstance.py:340} INFO - ::group::Post task execution logs
[2025-06-11T04:22:00.933+0000] {taskinstance.py:352} INFO - Marking task as SUCCESS. dag_id=data_ingestion_to_stg, task_id=truncate_sales_20180509, run_id=manual__2025-06-11T04:21:52.898586+00:00, execution_date=20250611T042152, start_date=20250611T042159, end_date=20250611T042200
[2025-06-11T04:22:01.035+0000] {logging_mixin.py:190} INFO - Task instance in success state
[2025-06-11T04:22:01.042+0000] {logging_mixin.py:190} INFO -  Previous state of the Task instance: running
[2025-06-11T04:22:01.070+0000] {logging_mixin.py:190} INFO - Dag name:data_ingestion_to_stg queued_at:2025-06-11 04:21:52.963273+00:00
[2025-06-11T04:22:01.075+0000] {logging_mixin.py:190} INFO - Task hostname:bc5ec7a98490 operator:PythonOperator
[2025-06-11T04:22:01.116+0000] {local_task_job_runner.py:266} INFO - Task exited with return code 0
[2025-06-11T04:22:01.206+0000] {taskinstance.py:3900} INFO - 1 downstream tasks scheduled from follow-on schedule check
[2025-06-11T04:22:01.230+0000] {local_task_job_runner.py:245} INFO - ::endgroup::
