[2025-06-11T08:48:03.138+0000] {local_task_job_runner.py:123} INFO - ::group::Pre task execution logs
[2025-06-11T08:48:03.194+0000] {taskinstance.py:2612} INFO - Dependencies all met for dep_context=non-requeueable deps ti=<TaskInstance: data_ingestion_to_stg.truncate_employee_20180508 manual__2025-06-11T08:47:56.344686+00:00 [queued]>
[2025-06-11T08:48:03.274+0000] {taskinstance.py:2612} INFO - Dependencies all met for dep_context=requeueable deps ti=<TaskInstance: data_ingestion_to_stg.truncate_employee_20180508 manual__2025-06-11T08:47:56.344686+00:00 [queued]>
[2025-06-11T08:48:03.288+0000] {taskinstance.py:2865} INFO - Starting attempt 1 of 2
[2025-06-11T08:48:03.473+0000] {taskinstance.py:2888} INFO - Executing <Task(PythonOperator): truncate_employee_20180508> on 2025-06-11 08:47:56.344686+00:00
[2025-06-11T08:48:03.532+0000] {warnings.py:112} WARNING - /home/***/.local/lib/python3.12/site-packages/***/task/task_runner/standard_task_runner.py:70: DeprecationWarning: This process (pid=79) is multi-threaded, use of fork() may lead to deadlocks in the child.
  pid = os.fork()

[2025-06-11T08:48:03.546+0000] {standard_task_runner.py:72} INFO - Started process 101 to run task
[2025-06-11T08:48:03.574+0000] {standard_task_runner.py:104} INFO - Running: ['***', 'tasks', 'run', 'data_ingestion_to_stg', 'truncate_employee_20180508', 'manual__2025-06-11T08:47:56.344686+00:00', '--job-id', '718', '--raw', '--subdir', 'DAGS_FOLDER/sql/dimensions/data_ingestion_to_stg.py', '--cfg-path', '/tmp/tmp1q799otk']
[2025-06-11T08:48:03.594+0000] {standard_task_runner.py:105} INFO - Job 718: Subtask truncate_employee_20180508
[2025-06-11T08:48:03.906+0000] {task_command.py:467} INFO - Running <TaskInstance: data_ingestion_to_stg.truncate_employee_20180508 manual__2025-06-11T08:47:56.344686+00:00 [running]> on host 50af1b76beaf
[2025-06-11T08:48:04.043+0000] {taskinstance.py:3131} INFO - Exporting env vars: AIRFLOW_CTX_DAG_OWNER='***' AIRFLOW_CTX_DAG_ID='data_ingestion_to_stg' AIRFLOW_CTX_TASK_ID='truncate_employee_20180508' AIRFLOW_CTX_EXECUTION_DATE='2025-06-11T08:47:56.344686+00:00' AIRFLOW_CTX_TRY_NUMBER='1' AIRFLOW_CTX_DAG_RUN_ID='manual__2025-06-11T08:47:56.344686+00:00'
[2025-06-11T08:48:04.045+0000] {logging_mixin.py:190} INFO - Task instance is in running state
[2025-06-11T08:48:04.047+0000] {logging_mixin.py:190} INFO -  Previous state of the Task instance: queued
[2025-06-11T08:48:04.052+0000] {logging_mixin.py:190} INFO - Current task name:truncate_employee_20180508 state:running start_date:2025-06-11 08:48:03.197994+00:00
[2025-06-11T08:48:04.061+0000] {logging_mixin.py:190} INFO - Dag name:data_ingestion_to_stg and current dag run status:running
[2025-06-11T08:48:04.061+0000] {taskinstance.py:731} INFO - ::endgroup::
[2025-06-11T08:48:04.098+0000] {base.py:84} INFO - Retrieving connection 'data_warehouse_project'
[2025-06-11T08:48:04.219+0000] {sql.py:509} INFO - Running statement: TRUNCATE TABLE stg.employee;, parameters: None
[2025-06-11T08:48:04.235+0000] {logging_mixin.py:190} INFO - [INFO] Truncated table stg.employee
[2025-06-11T08:48:04.235+0000] {python.py:240} INFO - Done. Returned value was: None
[2025-06-11T08:48:04.300+0000] {taskinstance.py:340} INFO - ::group::Post task execution logs
[2025-06-11T08:48:04.316+0000] {taskinstance.py:352} INFO - Marking task as SUCCESS. dag_id=data_ingestion_to_stg, task_id=truncate_employee_20180508, run_id=manual__2025-06-11T08:47:56.344686+00:00, execution_date=20250611T084756, start_date=20250611T084803, end_date=20250611T084804
[2025-06-11T08:48:04.391+0000] {logging_mixin.py:190} INFO - Task instance in success state
[2025-06-11T08:48:04.401+0000] {logging_mixin.py:190} INFO -  Previous state of the Task instance: running
[2025-06-11T08:48:04.425+0000] {logging_mixin.py:190} INFO - Dag name:data_ingestion_to_stg queued_at:2025-06-11 08:47:56.379660+00:00
[2025-06-11T08:48:04.426+0000] {logging_mixin.py:190} INFO - Task hostname:50af1b76beaf operator:PythonOperator
[2025-06-11T08:48:04.502+0000] {local_task_job_runner.py:266} INFO - Task exited with return code 0
[2025-06-11T08:48:04.612+0000] {taskinstance.py:3900} INFO - 1 downstream tasks scheduled from follow-on schedule check
[2025-06-11T08:48:04.627+0000] {local_task_job_runner.py:245} INFO - ::endgroup::
