[2025-06-11T06:05:15.467+0000] {local_task_job_runner.py:123} INFO - ::group::Pre task execution logs
[2025-06-11T06:05:15.522+0000] {taskinstance.py:2612} INFO - Dependencies all met for dep_context=non-requeueable deps ti=<TaskInstance: data_ingestion_to_stg.load_sales_20180509 manual__2025-06-11T06:05:00.409937+00:00 [queued]>
[2025-06-11T06:05:15.575+0000] {taskinstance.py:2612} INFO - Dependencies all met for dep_context=requeueable deps ti=<TaskInstance: data_ingestion_to_stg.load_sales_20180509 manual__2025-06-11T06:05:00.409937+00:00 [queued]>
[2025-06-11T06:05:15.577+0000] {taskinstance.py:2865} INFO - Starting attempt 1 of 2
[2025-06-11T06:05:15.600+0000] {taskinstance.py:2888} INFO - Executing <Task(PythonOperator): load_sales_20180509> on 2025-06-11 06:05:00.409937+00:00
[2025-06-11T06:05:15.614+0000] {warnings.py:112} WARNING - /home/***/.local/lib/python3.12/site-packages/***/task/task_runner/standard_task_runner.py:70: DeprecationWarning: This process (pid=1244) is multi-threaded, use of fork() may lead to deadlocks in the child.
  pid = os.fork()

[2025-06-11T06:05:15.617+0000] {standard_task_runner.py:72} INFO - Started process 1277 to run task
[2025-06-11T06:05:15.620+0000] {standard_task_runner.py:104} INFO - Running: ['***', 'tasks', 'run', 'data_ingestion_to_stg', 'load_sales_20180509', 'manual__2025-06-11T06:05:00.409937+00:00', '--job-id', '516', '--raw', '--subdir', 'DAGS_FOLDER/data_ingestion_to_stg.py', '--cfg-path', '/tmp/tmpf5u7k1yn']
[2025-06-11T06:05:15.622+0000] {standard_task_runner.py:105} INFO - Job 516: Subtask load_sales_20180509
[2025-06-11T06:05:15.711+0000] {task_command.py:467} INFO - Running <TaskInstance: data_ingestion_to_stg.load_sales_20180509 manual__2025-06-11T06:05:00.409937+00:00 [running]> on host 70fc91f07add
[2025-06-11T06:05:15.839+0000] {taskinstance.py:3131} INFO - Exporting env vars: AIRFLOW_CTX_DAG_OWNER='***' AIRFLOW_CTX_DAG_ID='data_ingestion_to_stg' AIRFLOW_CTX_TASK_ID='load_sales_20180509' AIRFLOW_CTX_EXECUTION_DATE='2025-06-11T06:05:00.409937+00:00' AIRFLOW_CTX_TRY_NUMBER='1' AIRFLOW_CTX_DAG_RUN_ID='manual__2025-06-11T06:05:00.409937+00:00'
[2025-06-11T06:05:15.842+0000] {logging_mixin.py:190} INFO - Task instance is in running state
[2025-06-11T06:05:15.842+0000] {logging_mixin.py:190} INFO -  Previous state of the Task instance: queued
[2025-06-11T06:05:15.843+0000] {logging_mixin.py:190} INFO - Current task name:load_sales_20180509 state:running start_date:2025-06-11 06:05:15.525505+00:00
[2025-06-11T06:05:15.843+0000] {logging_mixin.py:190} INFO - Dag name:data_ingestion_to_stg and current dag run status:running
[2025-06-11T06:05:15.844+0000] {taskinstance.py:731} INFO - ::endgroup::
[2025-06-11T06:05:15.847+0000] {postgres.py:191} INFO - Running copy expert: COPY stg.sales FROM STDIN WITH CSV DELIMITER ';' HEADER;, filename: /opt/***/INPUT/20180509/20180509.sales.csv
[2025-06-11T06:05:15.860+0000] {base.py:84} INFO - Retrieving connection 'data_warehouse_project'
[2025-06-11T06:05:16.057+0000] {logging_mixin.py:190} INFO - [INFO] Berhasil load 20180509.sales.csv ke stg.sales
[2025-06-11T06:05:16.058+0000] {python.py:240} INFO - Done. Returned value was: None
[2025-06-11T06:05:16.086+0000] {taskinstance.py:340} INFO - ::group::Post task execution logs
[2025-06-11T06:05:16.087+0000] {taskinstance.py:352} INFO - Marking task as SUCCESS. dag_id=data_ingestion_to_stg, task_id=load_sales_20180509, run_id=manual__2025-06-11T06:05:00.409937+00:00, execution_date=20250611T060500, start_date=20250611T060515, end_date=20250611T060516
[2025-06-11T06:05:16.116+0000] {logging_mixin.py:190} INFO - Task instance in success state
[2025-06-11T06:05:16.117+0000] {logging_mixin.py:190} INFO -  Previous state of the Task instance: running
[2025-06-11T06:05:16.117+0000] {logging_mixin.py:190} INFO - Dag name:data_ingestion_to_stg queued_at:2025-06-11 06:05:00.460575+00:00
[2025-06-11T06:05:16.118+0000] {logging_mixin.py:190} INFO - Task hostname:70fc91f07add operator:PythonOperator
[2025-06-11T06:05:16.169+0000] {local_task_job_runner.py:266} INFO - Task exited with return code 0
[2025-06-11T06:05:16.221+0000] {taskinstance.py:3900} INFO - 0 downstream tasks scheduled from follow-on schedule check
[2025-06-11T06:05:16.226+0000] {local_task_job_runner.py:245} INFO - ::endgroup::
