[2025-06-11T05:53:44.086+0000] {local_task_job_runner.py:123} INFO - ::group::Pre task execution logs
[2025-06-11T05:53:44.147+0000] {taskinstance.py:2612} INFO - Dependencies all met for dep_context=non-requeueable deps ti=<TaskInstance: data_ingestion_to_stg.truncate_customers_20180508 manual__2025-06-11T05:53:35.331945+00:00 [queued]>
[2025-06-11T05:53:44.189+0000] {taskinstance.py:2612} INFO - Dependencies all met for dep_context=requeueable deps ti=<TaskInstance: data_ingestion_to_stg.truncate_customers_20180508 manual__2025-06-11T05:53:35.331945+00:00 [queued]>
[2025-06-11T05:53:44.215+0000] {taskinstance.py:2865} INFO - Starting attempt 1 of 2
[2025-06-11T05:53:44.278+0000] {taskinstance.py:2888} INFO - Executing <Task(PythonOperator): truncate_customers_20180508> on 2025-06-11 05:53:35.331945+00:00
[2025-06-11T05:53:44.296+0000] {warnings.py:112} WARNING - /home/***/.local/lib/python3.12/site-packages/***/task/task_runner/standard_task_runner.py:70: DeprecationWarning: This process (pid=766) is multi-threaded, use of fork() may lead to deadlocks in the child.
  pid = os.fork()

[2025-06-11T05:53:44.304+0000] {standard_task_runner.py:72} INFO - Started process 803 to run task
[2025-06-11T05:53:44.309+0000] {standard_task_runner.py:104} INFO - Running: ['***', 'tasks', 'run', 'data_ingestion_to_stg', 'truncate_customers_20180508', 'manual__2025-06-11T05:53:35.331945+00:00', '--job-id', '437', '--raw', '--subdir', 'DAGS_FOLDER/data_ingestion_to_stg.py', '--cfg-path', '/tmp/tmpsopyq2jx']
[2025-06-11T05:53:44.312+0000] {standard_task_runner.py:105} INFO - Job 437: Subtask truncate_customers_20180508
[2025-06-11T05:53:44.498+0000] {task_command.py:467} INFO - Running <TaskInstance: data_ingestion_to_stg.truncate_customers_20180508 manual__2025-06-11T05:53:35.331945+00:00 [running]> on host 70fc91f07add
[2025-06-11T05:53:44.776+0000] {taskinstance.py:3131} INFO - Exporting env vars: AIRFLOW_CTX_DAG_OWNER='***' AIRFLOW_CTX_DAG_ID='data_ingestion_to_stg' AIRFLOW_CTX_TASK_ID='truncate_customers_20180508' AIRFLOW_CTX_EXECUTION_DATE='2025-06-11T05:53:35.331945+00:00' AIRFLOW_CTX_TRY_NUMBER='1' AIRFLOW_CTX_DAG_RUN_ID='manual__2025-06-11T05:53:35.331945+00:00'
[2025-06-11T05:53:44.779+0000] {logging_mixin.py:190} INFO - Task instance is in running state
[2025-06-11T05:53:44.780+0000] {logging_mixin.py:190} INFO -  Previous state of the Task instance: queued
[2025-06-11T05:53:44.781+0000] {logging_mixin.py:190} INFO - Current task name:truncate_customers_20180508 state:running start_date:2025-06-11 05:53:44.156562+00:00
[2025-06-11T05:53:44.781+0000] {logging_mixin.py:190} INFO - Dag name:data_ingestion_to_stg and current dag run status:running
[2025-06-11T05:53:44.783+0000] {taskinstance.py:731} INFO - ::endgroup::
[2025-06-11T05:53:44.804+0000] {base.py:84} INFO - Retrieving connection 'data_warehouse_project'
[2025-06-11T05:53:44.872+0000] {sql.py:509} INFO - Running statement: TRUNCATE TABLE stg.customers;, parameters: None
[2025-06-11T05:53:44.892+0000] {logging_mixin.py:190} INFO - [INFO] Truncated table stg.customers
[2025-06-11T05:53:44.894+0000] {python.py:240} INFO - Done. Returned value was: None
[2025-06-11T05:53:44.943+0000] {taskinstance.py:340} INFO - ::group::Post task execution logs
[2025-06-11T05:53:44.949+0000] {taskinstance.py:352} INFO - Marking task as SUCCESS. dag_id=data_ingestion_to_stg, task_id=truncate_customers_20180508, run_id=manual__2025-06-11T05:53:35.331945+00:00, execution_date=20250611T055335, start_date=20250611T055344, end_date=20250611T055344
[2025-06-11T05:53:45.015+0000] {logging_mixin.py:190} INFO - Task instance in success state
[2025-06-11T05:53:45.027+0000] {logging_mixin.py:190} INFO -  Previous state of the Task instance: running
[2025-06-11T05:53:45.028+0000] {logging_mixin.py:190} INFO - Dag name:data_ingestion_to_stg queued_at:2025-06-11 05:53:35.382167+00:00
[2025-06-11T05:53:45.029+0000] {logging_mixin.py:190} INFO - Task hostname:70fc91f07add operator:PythonOperator
[2025-06-11T05:53:45.059+0000] {local_task_job_runner.py:266} INFO - Task exited with return code 0
[2025-06-11T05:53:45.157+0000] {taskinstance.py:3900} INFO - 1 downstream tasks scheduled from follow-on schedule check
[2025-06-11T05:53:45.179+0000] {local_task_job_runner.py:245} INFO - ::endgroup::
