[2025-06-11T05:16:51.925+0000] {local_task_job_runner.py:123} INFO - ::group::Pre task execution logs
[2025-06-11T05:16:51.984+0000] {taskinstance.py:2612} INFO - Dependencies all met for dep_context=non-requeueable deps ti=<TaskInstance: data_ingestion_to_stg.truncate_cities_20180508 manual__2025-06-11T05:16:36.881201+00:00 [queued]>
[2025-06-11T05:16:52.021+0000] {taskinstance.py:2612} INFO - Dependencies all met for dep_context=requeueable deps ti=<TaskInstance: data_ingestion_to_stg.truncate_cities_20180508 manual__2025-06-11T05:16:36.881201+00:00 [queued]>
[2025-06-11T05:16:52.024+0000] {taskinstance.py:2865} INFO - Starting attempt 1 of 2
[2025-06-11T05:16:52.129+0000] {taskinstance.py:2888} INFO - Executing <Task(PythonOperator): truncate_cities_20180508> on 2025-06-11 05:16:36.881201+00:00
[2025-06-11T05:16:52.173+0000] {warnings.py:112} WARNING - /home/***/.local/lib/python3.12/site-packages/***/task/task_runner/standard_task_runner.py:70: DeprecationWarning: This process (pid=228) is multi-threaded, use of fork() may lead to deadlocks in the child.
  pid = os.fork()

[2025-06-11T05:16:52.178+0000] {standard_task_runner.py:72} INFO - Started process 248 to run task
[2025-06-11T05:16:52.233+0000] {standard_task_runner.py:104} INFO - Running: ['***', 'tasks', 'run', 'data_ingestion_to_stg', 'truncate_cities_20180508', 'manual__2025-06-11T05:16:36.881201+00:00', '--job-id', '316', '--raw', '--subdir', 'DAGS_FOLDER/data_ingestion_to_stg.py', '--cfg-path', '/tmp/tmpke14k868']
[2025-06-11T05:16:52.238+0000] {standard_task_runner.py:105} INFO - Job 316: Subtask truncate_cities_20180508
[2025-06-11T05:16:52.547+0000] {task_command.py:467} INFO - Running <TaskInstance: data_ingestion_to_stg.truncate_cities_20180508 manual__2025-06-11T05:16:36.881201+00:00 [running]> on host d55d1164a4af
[2025-06-11T05:16:53.137+0000] {taskinstance.py:3131} INFO - Exporting env vars: AIRFLOW_CTX_DAG_OWNER='***' AIRFLOW_CTX_DAG_ID='data_ingestion_to_stg' AIRFLOW_CTX_TASK_ID='truncate_cities_20180508' AIRFLOW_CTX_EXECUTION_DATE='2025-06-11T05:16:36.881201+00:00' AIRFLOW_CTX_TRY_NUMBER='1' AIRFLOW_CTX_DAG_RUN_ID='manual__2025-06-11T05:16:36.881201+00:00'
[2025-06-11T05:16:53.139+0000] {logging_mixin.py:190} INFO - Task instance is in running state
[2025-06-11T05:16:53.141+0000] {logging_mixin.py:190} INFO -  Previous state of the Task instance: queued
[2025-06-11T05:16:53.143+0000] {logging_mixin.py:190} INFO - Current task name:truncate_cities_20180508 state:running start_date:2025-06-11 05:16:51.998477+00:00
[2025-06-11T05:16:53.146+0000] {logging_mixin.py:190} INFO - Dag name:data_ingestion_to_stg and current dag run status:running
[2025-06-11T05:16:53.148+0000] {taskinstance.py:731} INFO - ::endgroup::
[2025-06-11T05:16:53.297+0000] {base.py:84} INFO - Retrieving connection 'data_warehouse_project'
[2025-06-11T05:16:53.561+0000] {sql.py:509} INFO - Running statement: TRUNCATE TABLE stg.cities;, parameters: None
[2025-06-11T05:16:53.622+0000] {logging_mixin.py:190} INFO - [INFO] Truncated table stg.cities
[2025-06-11T05:16:53.624+0000] {python.py:240} INFO - Done. Returned value was: None
[2025-06-11T05:16:53.695+0000] {taskinstance.py:340} INFO - ::group::Post task execution logs
[2025-06-11T05:16:53.712+0000] {taskinstance.py:352} INFO - Marking task as SUCCESS. dag_id=data_ingestion_to_stg, task_id=truncate_cities_20180508, run_id=manual__2025-06-11T05:16:36.881201+00:00, execution_date=20250611T051636, start_date=20250611T051651, end_date=20250611T051653
[2025-06-11T05:16:53.783+0000] {logging_mixin.py:190} INFO - Task instance in success state
[2025-06-11T05:16:53.787+0000] {logging_mixin.py:190} INFO -  Previous state of the Task instance: running
[2025-06-11T05:16:53.791+0000] {logging_mixin.py:190} INFO - Dag name:data_ingestion_to_stg queued_at:2025-06-11 05:16:36.905700+00:00
[2025-06-11T05:16:53.819+0000] {logging_mixin.py:190} INFO - Task hostname:d55d1164a4af operator:PythonOperator
[2025-06-11T05:16:53.861+0000] {local_task_job_runner.py:266} INFO - Task exited with return code 0
[2025-06-11T05:16:53.895+0000] {local_task_job_runner.py:245} INFO - ::endgroup::
