[2025-06-11T05:29:18.455+0000] {local_task_job_runner.py:123} INFO - ::group::Pre task execution logs
[2025-06-11T05:29:18.566+0000] {taskinstance.py:2612} INFO - Dependencies all met for dep_context=non-requeueable deps ti=<TaskInstance: data_ingestion_to_stg.truncate_countries_20180508 manual__2025-06-11T05:29:09.840408+00:00 [queued]>
[2025-06-11T05:29:18.647+0000] {taskinstance.py:2612} INFO - Dependencies all met for dep_context=requeueable deps ti=<TaskInstance: data_ingestion_to_stg.truncate_countries_20180508 manual__2025-06-11T05:29:09.840408+00:00 [queued]>
[2025-06-11T05:29:18.652+0000] {taskinstance.py:2865} INFO - Starting attempt 1 of 2
[2025-06-11T05:29:18.761+0000] {taskinstance.py:2888} INFO - Executing <Task(PythonOperator): truncate_countries_20180508> on 2025-06-11 05:29:09.840408+00:00
[2025-06-11T05:29:18.845+0000] {warnings.py:112} WARNING - /home/***/.local/lib/python3.12/site-packages/***/task/task_runner/standard_task_runner.py:70: DeprecationWarning: This process (pid=149) is multi-threaded, use of fork() may lead to deadlocks in the child.
  pid = os.fork()

[2025-06-11T05:29:18.866+0000] {standard_task_runner.py:72} INFO - Started process 195 to run task
[2025-06-11T05:29:19.026+0000] {standard_task_runner.py:104} INFO - Running: ['***', 'tasks', 'run', 'data_ingestion_to_stg', 'truncate_countries_20180508', 'manual__2025-06-11T05:29:09.840408+00:00', '--job-id', '363', '--raw', '--subdir', 'DAGS_FOLDER/data_ingestion_to_stg.py', '--cfg-path', '/tmp/tmp6sx66207']
[2025-06-11T05:29:19.041+0000] {standard_task_runner.py:105} INFO - Job 363: Subtask truncate_countries_20180508
[2025-06-11T05:29:20.046+0000] {task_command.py:467} INFO - Running <TaskInstance: data_ingestion_to_stg.truncate_countries_20180508 manual__2025-06-11T05:29:09.840408+00:00 [running]> on host 70fc91f07add
[2025-06-11T05:29:20.704+0000] {taskinstance.py:3131} INFO - Exporting env vars: AIRFLOW_CTX_DAG_OWNER='***' AIRFLOW_CTX_DAG_ID='data_ingestion_to_stg' AIRFLOW_CTX_TASK_ID='truncate_countries_20180508' AIRFLOW_CTX_EXECUTION_DATE='2025-06-11T05:29:09.840408+00:00' AIRFLOW_CTX_TRY_NUMBER='1' AIRFLOW_CTX_DAG_RUN_ID='manual__2025-06-11T05:29:09.840408+00:00'
[2025-06-11T05:29:20.708+0000] {logging_mixin.py:190} INFO - Task instance is in running state
[2025-06-11T05:29:20.726+0000] {logging_mixin.py:190} INFO -  Previous state of the Task instance: queued
[2025-06-11T05:29:20.729+0000] {logging_mixin.py:190} INFO - Current task name:truncate_countries_20180508 state:running start_date:2025-06-11 05:29:18.582183+00:00
[2025-06-11T05:29:20.742+0000] {logging_mixin.py:190} INFO - Dag name:data_ingestion_to_stg and current dag run status:running
[2025-06-11T05:29:20.752+0000] {taskinstance.py:731} INFO - ::endgroup::
[2025-06-11T05:29:20.801+0000] {base.py:84} INFO - Retrieving connection 'data_warehouse_project'
[2025-06-11T05:29:20.904+0000] {sql.py:509} INFO - Running statement: TRUNCATE TABLE stg.countries;, parameters: None
[2025-06-11T05:29:20.928+0000] {logging_mixin.py:190} INFO - [INFO] Truncated table stg.countries
[2025-06-11T05:29:20.931+0000] {python.py:240} INFO - Done. Returned value was: None
[2025-06-11T05:29:21.008+0000] {taskinstance.py:340} INFO - ::group::Post task execution logs
[2025-06-11T05:29:21.036+0000] {taskinstance.py:352} INFO - Marking task as SUCCESS. dag_id=data_ingestion_to_stg, task_id=truncate_countries_20180508, run_id=manual__2025-06-11T05:29:09.840408+00:00, execution_date=20250611T052909, start_date=20250611T052918, end_date=20250611T052921
[2025-06-11T05:29:21.280+0000] {logging_mixin.py:190} INFO - Task instance in success state
[2025-06-11T05:29:21.280+0000] {logging_mixin.py:190} INFO -  Previous state of the Task instance: running
[2025-06-11T05:29:21.288+0000] {logging_mixin.py:190} INFO - Dag name:data_ingestion_to_stg queued_at:2025-06-11 05:29:09.861090+00:00
[2025-06-11T05:29:21.292+0000] {logging_mixin.py:190} INFO - Task hostname:70fc91f07add operator:PythonOperator
[2025-06-11T05:29:21.391+0000] {local_task_job_runner.py:266} INFO - Task exited with return code 0
[2025-06-11T05:29:21.563+0000] {taskinstance.py:3900} INFO - 1 downstream tasks scheduled from follow-on schedule check
[2025-06-11T05:29:21.582+0000] {local_task_job_runner.py:245} INFO - ::endgroup::
