[2025-06-11T06:05:07.868+0000] {local_task_job_runner.py:123} INFO - ::group::Pre task execution logs
[2025-06-11T06:05:07.901+0000] {taskinstance.py:2612} INFO - Dependencies all met for dep_context=non-requeueable deps ti=<TaskInstance: data_ingestion_to_stg.truncate_countries_20180508 manual__2025-06-11T06:05:00.409937+00:00 [queued]>
[2025-06-11T06:05:07.926+0000] {taskinstance.py:2612} INFO - Dependencies all met for dep_context=requeueable deps ti=<TaskInstance: data_ingestion_to_stg.truncate_countries_20180508 manual__2025-06-11T06:05:00.409937+00:00 [queued]>
[2025-06-11T06:05:07.927+0000] {taskinstance.py:2865} INFO - Starting attempt 1 of 2
[2025-06-11T06:05:07.954+0000] {taskinstance.py:2888} INFO - Executing <Task(PythonOperator): truncate_countries_20180508> on 2025-06-11 06:05:00.409937+00:00
[2025-06-11T06:05:08.008+0000] {warnings.py:112} WARNING - /home/***/.local/lib/python3.12/site-packages/***/task/task_runner/standard_task_runner.py:70: DeprecationWarning: This process (pid=1166) is multi-threaded, use of fork() may lead to deadlocks in the child.
  pid = os.fork()

[2025-06-11T06:05:08.014+0000] {standard_task_runner.py:104} INFO - Running: ['***', 'tasks', 'run', 'data_ingestion_to_stg', 'truncate_countries_20180508', 'manual__2025-06-11T06:05:00.409937+00:00', '--job-id', '499', '--raw', '--subdir', 'DAGS_FOLDER/data_ingestion_to_stg.py', '--cfg-path', '/tmp/tmp6jctz51g']
[2025-06-11T06:05:08.025+0000] {standard_task_runner.py:72} INFO - Started process 1213 to run task
[2025-06-11T06:05:08.025+0000] {standard_task_runner.py:105} INFO - Job 499: Subtask truncate_countries_20180508
[2025-06-11T06:05:08.211+0000] {task_command.py:467} INFO - Running <TaskInstance: data_ingestion_to_stg.truncate_countries_20180508 manual__2025-06-11T06:05:00.409937+00:00 [running]> on host 70fc91f07add
[2025-06-11T06:05:08.511+0000] {taskinstance.py:3131} INFO - Exporting env vars: AIRFLOW_CTX_DAG_OWNER='***' AIRFLOW_CTX_DAG_ID='data_ingestion_to_stg' AIRFLOW_CTX_TASK_ID='truncate_countries_20180508' AIRFLOW_CTX_EXECUTION_DATE='2025-06-11T06:05:00.409937+00:00' AIRFLOW_CTX_TRY_NUMBER='1' AIRFLOW_CTX_DAG_RUN_ID='manual__2025-06-11T06:05:00.409937+00:00'
[2025-06-11T06:05:08.517+0000] {logging_mixin.py:190} INFO - Task instance is in running state
[2025-06-11T06:05:08.520+0000] {logging_mixin.py:190} INFO -  Previous state of the Task instance: queued
[2025-06-11T06:05:08.523+0000] {logging_mixin.py:190} INFO - Current task name:truncate_countries_20180508 state:running start_date:2025-06-11 06:05:07.902783+00:00
[2025-06-11T06:05:08.525+0000] {logging_mixin.py:190} INFO - Dag name:data_ingestion_to_stg and current dag run status:running
[2025-06-11T06:05:08.527+0000] {taskinstance.py:731} INFO - ::endgroup::
[2025-06-11T06:05:08.568+0000] {base.py:84} INFO - Retrieving connection 'data_warehouse_project'
[2025-06-11T06:05:08.654+0000] {sql.py:509} INFO - Running statement: TRUNCATE TABLE stg.countries;, parameters: None
[2025-06-11T06:05:08.679+0000] {logging_mixin.py:190} INFO - [INFO] Truncated table stg.countries
[2025-06-11T06:05:08.681+0000] {python.py:240} INFO - Done. Returned value was: None
[2025-06-11T06:05:08.704+0000] {taskinstance.py:340} INFO - ::group::Post task execution logs
[2025-06-11T06:05:08.707+0000] {taskinstance.py:352} INFO - Marking task as SUCCESS. dag_id=data_ingestion_to_stg, task_id=truncate_countries_20180508, run_id=manual__2025-06-11T06:05:00.409937+00:00, execution_date=20250611T060500, start_date=20250611T060507, end_date=20250611T060508
[2025-06-11T06:05:08.779+0000] {logging_mixin.py:190} INFO - Task instance in success state
[2025-06-11T06:05:08.786+0000] {logging_mixin.py:190} INFO -  Previous state of the Task instance: running
[2025-06-11T06:05:08.791+0000] {logging_mixin.py:190} INFO - Dag name:data_ingestion_to_stg queued_at:2025-06-11 06:05:00.460575+00:00
[2025-06-11T06:05:08.797+0000] {logging_mixin.py:190} INFO - Task hostname:70fc91f07add operator:PythonOperator
[2025-06-11T06:05:08.900+0000] {local_task_job_runner.py:266} INFO - Task exited with return code 0
[2025-06-11T06:05:08.955+0000] {local_task_job_runner.py:245} INFO - ::endgroup::
