[2025-06-11T04:17:48.876+0000] {local_task_job_runner.py:123} INFO - ::group::Pre task execution logs
[2025-06-11T04:17:48.998+0000] {taskinstance.py:2612} INFO - Dependencies all met for dep_context=non-requeueable deps ti=<TaskInstance: data_ingestion_to_stg.truncate_products_20180508 manual__2025-06-11T04:17:42.293472+00:00 [queued]>
[2025-06-11T04:17:49.033+0000] {taskinstance.py:2612} INFO - Dependencies all met for dep_context=requeueable deps ti=<TaskInstance: data_ingestion_to_stg.truncate_products_20180508 manual__2025-06-11T04:17:42.293472+00:00 [queued]>
[2025-06-11T04:17:49.038+0000] {taskinstance.py:2865} INFO - Starting attempt 1 of 2
[2025-06-11T04:17:49.093+0000] {taskinstance.py:2888} INFO - Executing <Task(PythonOperator): truncate_products_20180508> on 2025-06-11 04:17:42.293472+00:00
[2025-06-11T04:17:49.108+0000] {warnings.py:112} WARNING - /home/***/.local/lib/python3.12/site-packages/***/task/task_runner/standard_task_runner.py:70: DeprecationWarning: This process (pid=777) is multi-threaded, use of fork() may lead to deadlocks in the child.
  pid = os.fork()

[2025-06-11T04:17:49.118+0000] {standard_task_runner.py:72} INFO - Started process 823 to run task
[2025-06-11T04:17:49.152+0000] {standard_task_runner.py:104} INFO - Running: ['***', 'tasks', 'run', 'data_ingestion_to_stg', 'truncate_products_20180508', 'manual__2025-06-11T04:17:42.293472+00:00', '--job-id', '237', '--raw', '--subdir', 'DAGS_FOLDER/data_ingestion_to_stg.py', '--cfg-path', '/tmp/tmpfqbt4gze']
[2025-06-11T04:17:49.154+0000] {standard_task_runner.py:105} INFO - Job 237: Subtask truncate_products_20180508
[2025-06-11T04:17:49.367+0000] {task_command.py:467} INFO - Running <TaskInstance: data_ingestion_to_stg.truncate_products_20180508 manual__2025-06-11T04:17:42.293472+00:00 [running]> on host bc5ec7a98490
[2025-06-11T04:17:49.850+0000] {taskinstance.py:3131} INFO - Exporting env vars: AIRFLOW_CTX_DAG_OWNER='***' AIRFLOW_CTX_DAG_ID='data_ingestion_to_stg' AIRFLOW_CTX_TASK_ID='truncate_products_20180508' AIRFLOW_CTX_EXECUTION_DATE='2025-06-11T04:17:42.293472+00:00' AIRFLOW_CTX_TRY_NUMBER='1' AIRFLOW_CTX_DAG_RUN_ID='manual__2025-06-11T04:17:42.293472+00:00'
[2025-06-11T04:17:49.865+0000] {logging_mixin.py:190} INFO - Task instance is in running state
[2025-06-11T04:17:49.867+0000] {logging_mixin.py:190} INFO -  Previous state of the Task instance: queued
[2025-06-11T04:17:49.871+0000] {logging_mixin.py:190} INFO - Current task name:truncate_products_20180508 state:running start_date:2025-06-11 04:17:49.010413+00:00
[2025-06-11T04:17:49.876+0000] {logging_mixin.py:190} INFO - Dag name:data_ingestion_to_stg and current dag run status:running
[2025-06-11T04:17:49.877+0000] {taskinstance.py:731} INFO - ::endgroup::
[2025-06-11T04:17:49.907+0000] {base.py:84} INFO - Retrieving connection 'data_warehouse_project'
[2025-06-11T04:17:50.010+0000] {sql.py:509} INFO - Running statement: TRUNCATE TABLE stg.products;, parameters: None
[2025-06-11T04:17:50.032+0000] {logging_mixin.py:190} INFO - [INFO] Table stg.products truncated.
[2025-06-11T04:17:50.041+0000] {python.py:240} INFO - Done. Returned value was: None
[2025-06-11T04:17:50.065+0000] {taskinstance.py:340} INFO - ::group::Post task execution logs
[2025-06-11T04:17:50.066+0000] {taskinstance.py:352} INFO - Marking task as SUCCESS. dag_id=data_ingestion_to_stg, task_id=truncate_products_20180508, run_id=manual__2025-06-11T04:17:42.293472+00:00, execution_date=20250611T041742, start_date=20250611T041749, end_date=20250611T041750
[2025-06-11T04:17:50.126+0000] {logging_mixin.py:190} INFO - Task instance in success state
[2025-06-11T04:17:50.126+0000] {logging_mixin.py:190} INFO -  Previous state of the Task instance: running
[2025-06-11T04:17:50.130+0000] {logging_mixin.py:190} INFO - Dag name:data_ingestion_to_stg queued_at:2025-06-11 04:17:42.322226+00:00
[2025-06-11T04:17:50.131+0000] {logging_mixin.py:190} INFO - Task hostname:bc5ec7a98490 operator:PythonOperator
[2025-06-11T04:17:50.165+0000] {local_task_job_runner.py:266} INFO - Task exited with return code 0
[2025-06-11T04:17:50.183+0000] {local_task_job_runner.py:245} INFO - ::endgroup::
