[2025-06-11T05:29:17.185+0000] {local_task_job_runner.py:123} INFO - ::group::Pre task execution logs
[2025-06-11T05:29:17.269+0000] {taskinstance.py:2612} INFO - Dependencies all met for dep_context=non-requeueable deps ti=<TaskInstance: data_ingestion_to_stg.truncate_employee_20180508 manual__2025-06-11T05:29:09.840408+00:00 [queued]>
[2025-06-11T05:29:17.325+0000] {taskinstance.py:2612} INFO - Dependencies all met for dep_context=requeueable deps ti=<TaskInstance: data_ingestion_to_stg.truncate_employee_20180508 manual__2025-06-11T05:29:09.840408+00:00 [queued]>
[2025-06-11T05:29:17.326+0000] {taskinstance.py:2865} INFO - Starting attempt 1 of 2
[2025-06-11T05:29:17.524+0000] {taskinstance.py:2888} INFO - Executing <Task(PythonOperator): truncate_employee_20180508> on 2025-06-11 05:29:09.840408+00:00
[2025-06-11T05:29:17.589+0000] {warnings.py:112} WARNING - /home/***/.local/lib/python3.12/site-packages/***/task/task_runner/standard_task_runner.py:70: DeprecationWarning: This process (pid=160) is multi-threaded, use of fork() may lead to deadlocks in the child.
  pid = os.fork()

[2025-06-11T05:29:17.595+0000] {standard_task_runner.py:72} INFO - Started process 183 to run task
[2025-06-11T05:29:17.600+0000] {standard_task_runner.py:104} INFO - Running: ['***', 'tasks', 'run', 'data_ingestion_to_stg', 'truncate_employee_20180508', 'manual__2025-06-11T05:29:09.840408+00:00', '--job-id', '356', '--raw', '--subdir', 'DAGS_FOLDER/data_ingestion_to_stg.py', '--cfg-path', '/tmp/tmpv_c26ovh']
[2025-06-11T05:29:17.606+0000] {standard_task_runner.py:105} INFO - Job 356: Subtask truncate_employee_20180508
[2025-06-11T05:29:18.260+0000] {task_command.py:467} INFO - Running <TaskInstance: data_ingestion_to_stg.truncate_employee_20180508 manual__2025-06-11T05:29:09.840408+00:00 [running]> on host 70fc91f07add
[2025-06-11T05:29:19.701+0000] {taskinstance.py:3131} INFO - Exporting env vars: AIRFLOW_CTX_DAG_OWNER='***' AIRFLOW_CTX_DAG_ID='data_ingestion_to_stg' AIRFLOW_CTX_TASK_ID='truncate_employee_20180508' AIRFLOW_CTX_EXECUTION_DATE='2025-06-11T05:29:09.840408+00:00' AIRFLOW_CTX_TRY_NUMBER='1' AIRFLOW_CTX_DAG_RUN_ID='manual__2025-06-11T05:29:09.840408+00:00'
[2025-06-11T05:29:19.782+0000] {logging_mixin.py:190} INFO - Task instance is in running state
[2025-06-11T05:29:19.811+0000] {logging_mixin.py:190} INFO -  Previous state of the Task instance: queued
[2025-06-11T05:29:19.827+0000] {logging_mixin.py:190} INFO - Current task name:truncate_employee_20180508 state:running start_date:2025-06-11 05:29:17.277916+00:00
[2025-06-11T05:29:19.856+0000] {logging_mixin.py:190} INFO - Dag name:data_ingestion_to_stg and current dag run status:running
[2025-06-11T05:29:19.882+0000] {taskinstance.py:731} INFO - ::endgroup::
[2025-06-11T05:29:19.994+0000] {base.py:84} INFO - Retrieving connection 'data_warehouse_project'
[2025-06-11T05:29:20.138+0000] {sql.py:509} INFO - Running statement: TRUNCATE TABLE stg.employee;, parameters: None
[2025-06-11T05:29:20.215+0000] {logging_mixin.py:190} INFO - [INFO] Truncated table stg.employee
[2025-06-11T05:29:20.221+0000] {python.py:240} INFO - Done. Returned value was: None
[2025-06-11T05:29:20.270+0000] {taskinstance.py:340} INFO - ::group::Post task execution logs
[2025-06-11T05:29:20.271+0000] {taskinstance.py:352} INFO - Marking task as SUCCESS. dag_id=data_ingestion_to_stg, task_id=truncate_employee_20180508, run_id=manual__2025-06-11T05:29:09.840408+00:00, execution_date=20250611T052909, start_date=20250611T052917, end_date=20250611T052920
[2025-06-11T05:29:20.382+0000] {logging_mixin.py:190} INFO - Task instance in success state
[2025-06-11T05:29:20.404+0000] {logging_mixin.py:190} INFO -  Previous state of the Task instance: running
[2025-06-11T05:29:20.422+0000] {logging_mixin.py:190} INFO - Dag name:data_ingestion_to_stg queued_at:2025-06-11 05:29:09.861090+00:00
[2025-06-11T05:29:20.434+0000] {logging_mixin.py:190} INFO - Task hostname:70fc91f07add operator:PythonOperator
[2025-06-11T05:29:20.520+0000] {local_task_job_runner.py:266} INFO - Task exited with return code 0
[2025-06-11T05:29:20.628+0000] {local_task_job_runner.py:245} INFO - ::endgroup::
