[2025-06-11T09:34:48.262+0000] {local_task_job_runner.py:123} INFO - ::group::Pre task execution logs
[2025-06-11T09:34:48.334+0000] {taskinstance.py:2612} INFO - Dependencies all met for dep_context=non-requeueable deps ti=<TaskInstance: data_ingestion_to_stg.truncate_employee_20180509 manual__2025-06-11T09:34:38.207959+00:00 [queued]>
[2025-06-11T09:34:48.376+0000] {taskinstance.py:2612} INFO - Dependencies all met for dep_context=requeueable deps ti=<TaskInstance: data_ingestion_to_stg.truncate_employee_20180509 manual__2025-06-11T09:34:38.207959+00:00 [queued]>
[2025-06-11T09:34:48.380+0000] {taskinstance.py:2865} INFO - Starting attempt 1 of 2
[2025-06-11T09:34:48.290+0000] {taskinstance.py:2888} INFO - Executing <Task(PythonOperator): truncate_employee_20180509> on 2025-06-11 09:34:38.207959+00:00
[2025-06-11T09:34:48.341+0000] {standard_task_runner.py:104} INFO - Running: ['***', 'tasks', 'run', 'data_ingestion_to_stg', 'truncate_employee_20180509', 'manual__2025-06-11T09:34:38.207959+00:00', '--job-id', '823', '--raw', '--subdir', 'DAGS_FOLDER/data_ingestion_to_stg.py', '--cfg-path', '/tmp/tmplxfcsj32']
[2025-06-11T09:34:48.352+0000] {warnings.py:112} WARNING - /home/***/.local/lib/python3.12/site-packages/***/task/task_runner/standard_task_runner.py:70: DeprecationWarning: This process (pid=1061) is multi-threaded, use of fork() may lead to deadlocks in the child.
  pid = os.fork()

[2025-06-11T09:34:48.377+0000] {standard_task_runner.py:72} INFO - Started process 1107 to run task
[2025-06-11T09:34:48.365+0000] {standard_task_runner.py:105} INFO - Job 823: Subtask truncate_employee_20180509
[2025-06-11T09:34:48.725+0000] {task_command.py:467} INFO - Running <TaskInstance: data_ingestion_to_stg.truncate_employee_20180509 manual__2025-06-11T09:34:38.207959+00:00 [running]> on host 50af1b76beaf
[2025-06-11T09:34:49.153+0000] {taskinstance.py:3131} INFO - Exporting env vars: AIRFLOW_CTX_DAG_OWNER='***' AIRFLOW_CTX_DAG_ID='data_ingestion_to_stg' AIRFLOW_CTX_TASK_ID='truncate_employee_20180509' AIRFLOW_CTX_EXECUTION_DATE='2025-06-11T09:34:38.207959+00:00' AIRFLOW_CTX_TRY_NUMBER='1' AIRFLOW_CTX_DAG_RUN_ID='manual__2025-06-11T09:34:38.207959+00:00'
[2025-06-11T09:34:49.155+0000] {logging_mixin.py:190} INFO - Task instance is in running state
[2025-06-11T09:34:49.156+0000] {logging_mixin.py:190} INFO -  Previous state of the Task instance: queued
[2025-06-11T09:34:49.157+0000] {logging_mixin.py:190} INFO - Current task name:truncate_employee_20180509 state:running start_date:2025-06-11 09:34:48.339287+00:00
[2025-06-11T09:34:49.158+0000] {logging_mixin.py:190} INFO - Dag name:data_ingestion_to_stg and current dag run status:running
[2025-06-11T09:34:49.159+0000] {taskinstance.py:731} INFO - ::endgroup::
[2025-06-11T09:34:49.217+0000] {base.py:84} INFO - Retrieving connection 'data_warehouse_project'
[2025-06-11T09:34:49.318+0000] {sql.py:509} INFO - Running statement: TRUNCATE TABLE stg.employee;, parameters: None
[2025-06-11T09:34:49.347+0000] {logging_mixin.py:190} INFO - [INFO] Truncated table stg.employee
[2025-06-11T09:34:49.348+0000] {python.py:240} INFO - Done. Returned value was: None
[2025-06-11T09:34:49.403+0000] {taskinstance.py:340} INFO - ::group::Post task execution logs
[2025-06-11T09:34:49.405+0000] {taskinstance.py:352} INFO - Marking task as SUCCESS. dag_id=data_ingestion_to_stg, task_id=truncate_employee_20180509, run_id=manual__2025-06-11T09:34:38.207959+00:00, execution_date=20250611T093438, start_date=20250611T093448, end_date=20250611T093449
[2025-06-11T09:34:49.420+0000] {logging_mixin.py:190} INFO - Task instance in success state
[2025-06-11T09:34:49.422+0000] {logging_mixin.py:190} INFO -  Previous state of the Task instance: running
[2025-06-11T09:34:49.439+0000] {logging_mixin.py:190} INFO - Dag name:data_ingestion_to_stg queued_at:2025-06-11 09:34:38.253158+00:00
[2025-06-11T09:34:49.439+0000] {logging_mixin.py:190} INFO - Task hostname:50af1b76beaf operator:PythonOperator
[2025-06-11T09:34:49.540+0000] {local_task_job_runner.py:266} INFO - Task exited with return code 0
[2025-06-11T09:34:49.592+0000] {taskinstance.py:3900} INFO - 1 downstream tasks scheduled from follow-on schedule check
[2025-06-11T09:34:49.595+0000] {local_task_job_runner.py:245} INFO - ::endgroup::
