[2025-06-11T05:53:43.774+0000] {local_task_job_runner.py:123} INFO - ::group::Pre task execution logs
[2025-06-11T05:53:43.833+0000] {taskinstance.py:2612} INFO - Dependencies all met for dep_context=non-requeueable deps ti=<TaskInstance: data_ingestion_to_stg.truncate_countries_20180508 manual__2025-06-11T05:53:35.331945+00:00 [queued]>
[2025-06-11T05:53:43.897+0000] {taskinstance.py:2612} INFO - Dependencies all met for dep_context=requeueable deps ti=<TaskInstance: data_ingestion_to_stg.truncate_countries_20180508 manual__2025-06-11T05:53:35.331945+00:00 [queued]>
[2025-06-11T05:53:43.901+0000] {taskinstance.py:2865} INFO - Starting attempt 1 of 2
[2025-06-11T05:53:43.968+0000] {taskinstance.py:2888} INFO - Executing <Task(PythonOperator): truncate_countries_20180508> on 2025-06-11 05:53:35.331945+00:00
[2025-06-11T05:53:43.982+0000] {warnings.py:112} WARNING - /home/***/.local/lib/python3.12/site-packages/***/task/task_runner/standard_task_runner.py:70: DeprecationWarning: This process (pid=762) is multi-threaded, use of fork() may lead to deadlocks in the child.
  pid = os.fork()

[2025-06-11T05:53:44.011+0000] {standard_task_runner.py:72} INFO - Started process 795 to run task
[2025-06-11T05:53:44.015+0000] {standard_task_runner.py:104} INFO - Running: ['***', 'tasks', 'run', 'data_ingestion_to_stg', 'truncate_countries_20180508', 'manual__2025-06-11T05:53:35.331945+00:00', '--job-id', '433', '--raw', '--subdir', 'DAGS_FOLDER/data_ingestion_to_stg.py', '--cfg-path', '/tmp/tmp_0uc4i_p']
[2025-06-11T05:53:44.030+0000] {standard_task_runner.py:105} INFO - Job 433: Subtask truncate_countries_20180508
[2025-06-11T05:53:44.192+0000] {task_command.py:467} INFO - Running <TaskInstance: data_ingestion_to_stg.truncate_countries_20180508 manual__2025-06-11T05:53:35.331945+00:00 [running]> on host 70fc91f07add
[2025-06-11T05:53:44.590+0000] {taskinstance.py:3131} INFO - Exporting env vars: AIRFLOW_CTX_DAG_OWNER='***' AIRFLOW_CTX_DAG_ID='data_ingestion_to_stg' AIRFLOW_CTX_TASK_ID='truncate_countries_20180508' AIRFLOW_CTX_EXECUTION_DATE='2025-06-11T05:53:35.331945+00:00' AIRFLOW_CTX_TRY_NUMBER='1' AIRFLOW_CTX_DAG_RUN_ID='manual__2025-06-11T05:53:35.331945+00:00'
[2025-06-11T05:53:44.593+0000] {logging_mixin.py:190} INFO - Task instance is in running state
[2025-06-11T05:53:44.626+0000] {logging_mixin.py:190} INFO -  Previous state of the Task instance: queued
[2025-06-11T05:53:44.627+0000] {logging_mixin.py:190} INFO - Current task name:truncate_countries_20180508 state:running start_date:2025-06-11 05:53:43.851389+00:00
[2025-06-11T05:53:44.628+0000] {logging_mixin.py:190} INFO - Dag name:data_ingestion_to_stg and current dag run status:running
[2025-06-11T05:53:44.628+0000] {taskinstance.py:731} INFO - ::endgroup::
[2025-06-11T05:53:44.647+0000] {base.py:84} INFO - Retrieving connection 'data_warehouse_project'
[2025-06-11T05:53:44.754+0000] {sql.py:509} INFO - Running statement: TRUNCATE TABLE stg.countries;, parameters: None
[2025-06-11T05:53:44.780+0000] {logging_mixin.py:190} INFO - [INFO] Truncated table stg.countries
[2025-06-11T05:53:44.781+0000] {python.py:240} INFO - Done. Returned value was: None
[2025-06-11T05:53:44.813+0000] {taskinstance.py:340} INFO - ::group::Post task execution logs
[2025-06-11T05:53:44.814+0000] {taskinstance.py:352} INFO - Marking task as SUCCESS. dag_id=data_ingestion_to_stg, task_id=truncate_countries_20180508, run_id=manual__2025-06-11T05:53:35.331945+00:00, execution_date=20250611T055335, start_date=20250611T055343, end_date=20250611T055344
[2025-06-11T05:53:44.850+0000] {logging_mixin.py:190} INFO - Task instance in success state
[2025-06-11T05:53:44.856+0000] {logging_mixin.py:190} INFO -  Previous state of the Task instance: running
[2025-06-11T05:53:44.857+0000] {logging_mixin.py:190} INFO - Dag name:data_ingestion_to_stg queued_at:2025-06-11 05:53:35.382167+00:00
[2025-06-11T05:53:44.858+0000] {logging_mixin.py:190} INFO - Task hostname:70fc91f07add operator:PythonOperator
[2025-06-11T05:53:44.906+0000] {local_task_job_runner.py:266} INFO - Task exited with return code 0
[2025-06-11T05:53:45.004+0000] {taskinstance.py:3900} INFO - 1 downstream tasks scheduled from follow-on schedule check
[2025-06-11T05:53:45.011+0000] {local_task_job_runner.py:245} INFO - ::endgroup::
