[2025-06-11T09:42:06.514+0000] {local_task_job_runner.py:123} INFO - ::group::Pre task execution logs
[2025-06-11T09:42:06.566+0000] {taskinstance.py:2612} INFO - Dependencies all met for dep_context=non-requeueable deps ti=<TaskInstance: data_ingestion_to_stg.truncate_customers_20180508 manual__2025-06-11T09:41:58.682100+00:00 [queued]>
[2025-06-11T09:42:06.584+0000] {taskinstance.py:2612} INFO - Dependencies all met for dep_context=requeueable deps ti=<TaskInstance: data_ingestion_to_stg.truncate_customers_20180508 manual__2025-06-11T09:41:58.682100+00:00 [queued]>
[2025-06-11T09:42:06.587+0000] {taskinstance.py:2865} INFO - Starting attempt 1 of 2
[2025-06-11T09:42:06.619+0000] {taskinstance.py:2888} INFO - Executing <Task(PythonOperator): truncate_customers_20180508> on 2025-06-11 09:41:58.682100+00:00
[2025-06-11T09:42:06.690+0000] {warnings.py:112} WARNING - /home/***/.local/lib/python3.12/site-packages/***/task/task_runner/standard_task_runner.py:70: DeprecationWarning: This process (pid=1293) is multi-threaded, use of fork() may lead to deadlocks in the child.
  pid = os.fork()

[2025-06-11T09:42:06.693+0000] {standard_task_runner.py:104} INFO - Running: ['***', 'tasks', 'run', 'data_ingestion_to_stg', 'truncate_customers_20180508', 'manual__2025-06-11T09:41:58.682100+00:00', '--job-id', '846', '--raw', '--subdir', 'DAGS_FOLDER/data_ingestion_to_stg.py', '--cfg-path', '/tmp/tmpz1qto4sz']
[2025-06-11T09:42:06.699+0000] {standard_task_runner.py:105} INFO - Job 846: Subtask truncate_customers_20180508
[2025-06-11T09:42:06.698+0000] {standard_task_runner.py:72} INFO - Started process 1314 to run task
[2025-06-11T09:42:06.867+0000] {task_command.py:467} INFO - Running <TaskInstance: data_ingestion_to_stg.truncate_customers_20180508 manual__2025-06-11T09:41:58.682100+00:00 [running]> on host 50af1b76beaf
[2025-06-11T09:42:07.185+0000] {taskinstance.py:3131} INFO - Exporting env vars: AIRFLOW_CTX_DAG_OWNER='***' AIRFLOW_CTX_DAG_ID='data_ingestion_to_stg' AIRFLOW_CTX_TASK_ID='truncate_customers_20180508' AIRFLOW_CTX_EXECUTION_DATE='2025-06-11T09:41:58.682100+00:00' AIRFLOW_CTX_TRY_NUMBER='1' AIRFLOW_CTX_DAG_RUN_ID='manual__2025-06-11T09:41:58.682100+00:00'
[2025-06-11T09:42:07.249+0000] {logging_mixin.py:190} INFO - Task instance is in running state
[2025-06-11T09:42:07.252+0000] {logging_mixin.py:190} INFO -  Previous state of the Task instance: queued
[2025-06-11T09:42:07.257+0000] {logging_mixin.py:190} INFO - Current task name:truncate_customers_20180508 state:running start_date:2025-06-11 09:42:06.567815+00:00
[2025-06-11T09:42:07.268+0000] {logging_mixin.py:190} INFO - Dag name:data_ingestion_to_stg and current dag run status:running
[2025-06-11T09:42:07.292+0000] {taskinstance.py:731} INFO - ::endgroup::
[2025-06-11T09:42:07.327+0000] {base.py:84} INFO - Retrieving connection 'data_warehouse_project'
[2025-06-11T09:42:07.444+0000] {sql.py:509} INFO - Running statement: TRUNCATE TABLE stg.customers;, parameters: None
[2025-06-11T09:42:07.472+0000] {logging_mixin.py:190} INFO - [INFO] Truncated table stg.customers
[2025-06-11T09:42:07.481+0000] {python.py:240} INFO - Done. Returned value was: None
[2025-06-11T09:42:07.552+0000] {taskinstance.py:340} INFO - ::group::Post task execution logs
[2025-06-11T09:42:07.554+0000] {taskinstance.py:352} INFO - Marking task as SUCCESS. dag_id=data_ingestion_to_stg, task_id=truncate_customers_20180508, run_id=manual__2025-06-11T09:41:58.682100+00:00, execution_date=20250611T094158, start_date=20250611T094206, end_date=20250611T094207
[2025-06-11T09:42:07.698+0000] {logging_mixin.py:190} INFO - Task instance in success state
[2025-06-11T09:42:07.708+0000] {logging_mixin.py:190} INFO -  Previous state of the Task instance: running
[2025-06-11T09:42:07.711+0000] {logging_mixin.py:190} INFO - Dag name:data_ingestion_to_stg queued_at:2025-06-11 09:41:58.731560+00:00
[2025-06-11T09:42:07.713+0000] {logging_mixin.py:190} INFO - Task hostname:50af1b76beaf operator:PythonOperator
[2025-06-11T09:42:07.765+0000] {local_task_job_runner.py:266} INFO - Task exited with return code 0
[2025-06-11T09:42:07.801+0000] {local_task_job_runner.py:245} INFO - ::endgroup::
