[2025-06-11T04:17:48.551+0000] {local_task_job_runner.py:123} INFO - ::group::Pre task execution logs
[2025-06-11T04:17:48.612+0000] {taskinstance.py:2612} INFO - Dependencies all met for dep_context=non-requeueable deps ti=<TaskInstance: data_ingestion_to_stg.truncate_categories_20180508 manual__2025-06-11T04:17:42.293472+00:00 [queued]>
[2025-06-11T04:17:48.638+0000] {taskinstance.py:2612} INFO - Dependencies all met for dep_context=requeueable deps ti=<TaskInstance: data_ingestion_to_stg.truncate_categories_20180508 manual__2025-06-11T04:17:42.293472+00:00 [queued]>
[2025-06-11T04:17:48.639+0000] {taskinstance.py:2865} INFO - Starting attempt 1 of 2
[2025-06-11T04:17:48.682+0000] {taskinstance.py:2888} INFO - Executing <Task(PythonOperator): truncate_categories_20180508> on 2025-06-11 04:17:42.293472+00:00
[2025-06-11T04:17:48.695+0000] {warnings.py:112} WARNING - /home/***/.local/lib/python3.12/site-packages/***/task/task_runner/standard_task_runner.py:70: DeprecationWarning: This process (pid=782) is multi-threaded, use of fork() may lead to deadlocks in the child.
  pid = os.fork()

[2025-06-11T04:17:48.722+0000] {standard_task_runner.py:72} INFO - Started process 814 to run task
[2025-06-11T04:17:48.741+0000] {standard_task_runner.py:104} INFO - Running: ['***', 'tasks', 'run', 'data_ingestion_to_stg', 'truncate_categories_20180508', 'manual__2025-06-11T04:17:42.293472+00:00', '--job-id', '234', '--raw', '--subdir', 'DAGS_FOLDER/data_ingestion_to_stg.py', '--cfg-path', '/tmp/tmp0mcmu9s7']
[2025-06-11T04:17:48.753+0000] {standard_task_runner.py:105} INFO - Job 234: Subtask truncate_categories_20180508
[2025-06-11T04:17:49.133+0000] {task_command.py:467} INFO - Running <TaskInstance: data_ingestion_to_stg.truncate_categories_20180508 manual__2025-06-11T04:17:42.293472+00:00 [running]> on host bc5ec7a98490
[2025-06-11T04:17:49.453+0000] {taskinstance.py:3131} INFO - Exporting env vars: AIRFLOW_CTX_DAG_OWNER='***' AIRFLOW_CTX_DAG_ID='data_ingestion_to_stg' AIRFLOW_CTX_TASK_ID='truncate_categories_20180508' AIRFLOW_CTX_EXECUTION_DATE='2025-06-11T04:17:42.293472+00:00' AIRFLOW_CTX_TRY_NUMBER='1' AIRFLOW_CTX_DAG_RUN_ID='manual__2025-06-11T04:17:42.293472+00:00'
[2025-06-11T04:17:49.471+0000] {logging_mixin.py:190} INFO - Task instance is in running state
[2025-06-11T04:17:49.478+0000] {logging_mixin.py:190} INFO -  Previous state of the Task instance: queued
[2025-06-11T04:17:49.479+0000] {logging_mixin.py:190} INFO - Current task name:truncate_categories_20180508 state:running start_date:2025-06-11 04:17:48.613231+00:00
[2025-06-11T04:17:49.509+0000] {logging_mixin.py:190} INFO - Dag name:data_ingestion_to_stg and current dag run status:running
[2025-06-11T04:17:49.518+0000] {taskinstance.py:731} INFO - ::endgroup::
[2025-06-11T04:17:49.586+0000] {base.py:84} INFO - Retrieving connection 'data_warehouse_project'
[2025-06-11T04:17:49.760+0000] {sql.py:509} INFO - Running statement: TRUNCATE TABLE stg.categories;, parameters: None
[2025-06-11T04:17:49.833+0000] {logging_mixin.py:190} INFO - [INFO] Table stg.categories truncated.
[2025-06-11T04:17:49.834+0000] {python.py:240} INFO - Done. Returned value was: None
[2025-06-11T04:17:49.863+0000] {taskinstance.py:340} INFO - ::group::Post task execution logs
[2025-06-11T04:17:49.867+0000] {taskinstance.py:352} INFO - Marking task as SUCCESS. dag_id=data_ingestion_to_stg, task_id=truncate_categories_20180508, run_id=manual__2025-06-11T04:17:42.293472+00:00, execution_date=20250611T041742, start_date=20250611T041748, end_date=20250611T041749
[2025-06-11T04:17:49.892+0000] {logging_mixin.py:190} INFO - Task instance in success state
[2025-06-11T04:17:49.903+0000] {logging_mixin.py:190} INFO -  Previous state of the Task instance: running
[2025-06-11T04:17:49.904+0000] {logging_mixin.py:190} INFO - Dag name:data_ingestion_to_stg queued_at:2025-06-11 04:17:42.322226+00:00
[2025-06-11T04:17:49.905+0000] {logging_mixin.py:190} INFO - Task hostname:bc5ec7a98490 operator:PythonOperator
[2025-06-11T04:17:49.993+0000] {local_task_job_runner.py:266} INFO - Task exited with return code 0
[2025-06-11T04:17:50.018+0000] {local_task_job_runner.py:245} INFO - ::endgroup::
