[2025-06-11T04:08:24.494+0000] {local_task_job_runner.py:123} INFO - ::group::Pre task execution logs
[2025-06-11T04:08:24.545+0000] {taskinstance.py:2612} INFO - Dependencies all met for dep_context=non-requeueable deps ti=<TaskInstance: data_ingestion_to_stg.load_customers_20180509 manual__2025-06-11T04:08:18.730721+00:00 [queued]>
[2025-06-11T04:08:24.573+0000] {taskinstance.py:2612} INFO - Dependencies all met for dep_context=requeueable deps ti=<TaskInstance: data_ingestion_to_stg.load_customers_20180509 manual__2025-06-11T04:08:18.730721+00:00 [queued]>
[2025-06-11T04:08:24.581+0000] {taskinstance.py:2865} INFO - Starting attempt 1 of 2
[2025-06-11T04:08:24.626+0000] {taskinstance.py:2888} INFO - Executing <Task(PythonOperator): load_customers_20180509> on 2025-06-11 04:08:18.730721+00:00
[2025-06-11T04:08:24.656+0000] {warnings.py:112} WARNING - /home/***/.local/lib/python3.12/site-packages/***/task/task_runner/standard_task_runner.py:70: DeprecationWarning: This process (pid=576) is multi-threaded, use of fork() may lead to deadlocks in the child.
  pid = os.fork()

[2025-06-11T04:08:24.662+0000] {standard_task_runner.py:72} INFO - Started process 603 to run task
[2025-06-11T04:08:24.668+0000] {standard_task_runner.py:104} INFO - Running: ['***', 'tasks', 'run', 'data_ingestion_to_stg', 'load_customers_20180509', 'manual__2025-06-11T04:08:18.730721+00:00', '--job-id', '209', '--raw', '--subdir', 'DAGS_FOLDER/data_ingestion_to_stg.py', '--cfg-path', '/tmp/tmp1sthmqwv']
[2025-06-11T04:08:24.671+0000] {standard_task_runner.py:105} INFO - Job 209: Subtask load_customers_20180509
[2025-06-11T04:08:24.950+0000] {task_command.py:467} INFO - Running <TaskInstance: data_ingestion_to_stg.load_customers_20180509 manual__2025-06-11T04:08:18.730721+00:00 [running]> on host bc5ec7a98490
[2025-06-11T04:08:25.171+0000] {taskinstance.py:3131} INFO - Exporting env vars: AIRFLOW_CTX_DAG_OWNER='***' AIRFLOW_CTX_DAG_ID='data_ingestion_to_stg' AIRFLOW_CTX_TASK_ID='load_customers_20180509' AIRFLOW_CTX_EXECUTION_DATE='2025-06-11T04:08:18.730721+00:00' AIRFLOW_CTX_TRY_NUMBER='1' AIRFLOW_CTX_DAG_RUN_ID='manual__2025-06-11T04:08:18.730721+00:00'
[2025-06-11T04:08:25.180+0000] {logging_mixin.py:190} INFO - Task instance is in running state
[2025-06-11T04:08:25.187+0000] {logging_mixin.py:190} INFO -  Previous state of the Task instance: queued
[2025-06-11T04:08:25.189+0000] {logging_mixin.py:190} INFO - Current task name:load_customers_20180509 state:running start_date:2025-06-11 04:08:24.549239+00:00
[2025-06-11T04:08:25.190+0000] {logging_mixin.py:190} INFO - Dag name:data_ingestion_to_stg and current dag run status:running
[2025-06-11T04:08:25.191+0000] {taskinstance.py:731} INFO - ::endgroup::
[2025-06-11T04:08:25.226+0000] {base.py:84} INFO - Retrieving connection 'data_warehouse_project'
[2025-06-11T04:08:25.303+0000] {sql.py:509} INFO - Running statement: TRUNCATE TABLE stg.customers;, parameters: None
[2025-06-11T04:08:25.334+0000] {postgres.py:191} INFO - Running copy expert: COPY stg.customers FROM STDIN WITH CSV DELIMITER ';' HEADER;, filename: /opt/***/INPUT/20180509/20180509.customers.csv
[2025-06-11T04:08:25.355+0000] {base.py:84} INFO - Retrieving connection 'data_warehouse_project'
[2025-06-11T04:08:26.199+0000] {logging_mixin.py:190} INFO - [INFO] Berhasil load 20180509.customers.csv ke stg.customers
[2025-06-11T04:08:26.200+0000] {python.py:240} INFO - Done. Returned value was: None
[2025-06-11T04:08:26.233+0000] {taskinstance.py:340} INFO - ::group::Post task execution logs
[2025-06-11T04:08:26.234+0000] {taskinstance.py:352} INFO - Marking task as SUCCESS. dag_id=data_ingestion_to_stg, task_id=load_customers_20180509, run_id=manual__2025-06-11T04:08:18.730721+00:00, execution_date=20250611T040818, start_date=20250611T040824, end_date=20250611T040826
[2025-06-11T04:08:26.284+0000] {logging_mixin.py:190} INFO - Task instance in success state
[2025-06-11T04:08:26.290+0000] {logging_mixin.py:190} INFO -  Previous state of the Task instance: running
[2025-06-11T04:08:26.292+0000] {logging_mixin.py:190} INFO - Dag name:data_ingestion_to_stg queued_at:2025-06-11 04:08:18.759645+00:00
[2025-06-11T04:08:26.292+0000] {logging_mixin.py:190} INFO - Task hostname:bc5ec7a98490 operator:PythonOperator
[2025-06-11T04:08:26.330+0000] {local_task_job_runner.py:266} INFO - Task exited with return code 0
[2025-06-11T04:08:26.390+0000] {taskinstance.py:3900} INFO - 0 downstream tasks scheduled from follow-on schedule check
[2025-06-11T04:08:26.392+0000] {local_task_job_runner.py:245} INFO - ::endgroup::
