[2025-06-11T05:38:25.932+0000] {local_task_job_runner.py:123} INFO - ::group::Pre task execution logs
[2025-06-11T05:38:26.079+0000] {taskinstance.py:2612} INFO - Dependencies all met for dep_context=non-requeueable deps ti=<TaskInstance: data_ingestion_to_stg.truncate_customers_20180509 manual__2025-06-11T05:38:19.104169+00:00 [queued]>
[2025-06-11T05:38:26.119+0000] {taskinstance.py:2612} INFO - Dependencies all met for dep_context=requeueable deps ti=<TaskInstance: data_ingestion_to_stg.truncate_customers_20180509 manual__2025-06-11T05:38:19.104169+00:00 [queued]>
[2025-06-11T05:38:26.124+0000] {taskinstance.py:2865} INFO - Starting attempt 1 of 2
[2025-06-11T05:38:26.331+0000] {taskinstance.py:2888} INFO - Executing <Task(PythonOperator): truncate_customers_20180509> on 2025-06-11 05:38:19.104169+00:00
[2025-06-11T05:38:26.403+0000] {warnings.py:112} WARNING - /home/***/.local/lib/python3.12/site-packages/***/task/task_runner/standard_task_runner.py:70: DeprecationWarning: This process (pid=416) is multi-threaded, use of fork() may lead to deadlocks in the child.
  pid = os.fork()

[2025-06-11T05:38:26.413+0000] {standard_task_runner.py:72} INFO - Started process 438 to run task
[2025-06-11T05:38:26.415+0000] {standard_task_runner.py:104} INFO - Running: ['***', 'tasks', 'run', 'data_ingestion_to_stg', 'truncate_customers_20180509', 'manual__2025-06-11T05:38:19.104169+00:00', '--job-id', '388', '--raw', '--subdir', 'DAGS_FOLDER/data_ingestion_to_stg.py', '--cfg-path', '/tmp/tmpsss_8vur']
[2025-06-11T05:38:26.429+0000] {standard_task_runner.py:105} INFO - Job 388: Subtask truncate_customers_20180509
[2025-06-11T05:38:26.673+0000] {task_command.py:467} INFO - Running <TaskInstance: data_ingestion_to_stg.truncate_customers_20180509 manual__2025-06-11T05:38:19.104169+00:00 [running]> on host 70fc91f07add
[2025-06-11T05:38:27.101+0000] {taskinstance.py:3131} INFO - Exporting env vars: AIRFLOW_CTX_DAG_OWNER='***' AIRFLOW_CTX_DAG_ID='data_ingestion_to_stg' AIRFLOW_CTX_TASK_ID='truncate_customers_20180509' AIRFLOW_CTX_EXECUTION_DATE='2025-06-11T05:38:19.104169+00:00' AIRFLOW_CTX_TRY_NUMBER='1' AIRFLOW_CTX_DAG_RUN_ID='manual__2025-06-11T05:38:19.104169+00:00'
[2025-06-11T05:38:27.111+0000] {logging_mixin.py:190} INFO - Task instance is in running state
[2025-06-11T05:38:27.112+0000] {logging_mixin.py:190} INFO -  Previous state of the Task instance: queued
[2025-06-11T05:38:27.122+0000] {logging_mixin.py:190} INFO - Current task name:truncate_customers_20180509 state:running start_date:2025-06-11 05:38:26.094655+00:00
[2025-06-11T05:38:27.125+0000] {logging_mixin.py:190} INFO - Dag name:data_ingestion_to_stg and current dag run status:running
[2025-06-11T05:38:27.130+0000] {taskinstance.py:731} INFO - ::endgroup::
[2025-06-11T05:38:27.152+0000] {base.py:84} INFO - Retrieving connection 'data_warehouse_project'
[2025-06-11T05:38:27.251+0000] {sql.py:509} INFO - Running statement: TRUNCATE TABLE stg.customers;, parameters: None
[2025-06-11T05:38:27.301+0000] {logging_mixin.py:190} INFO - [INFO] Truncated table stg.customers
[2025-06-11T05:38:27.302+0000] {python.py:240} INFO - Done. Returned value was: None
[2025-06-11T05:38:27.408+0000] {taskinstance.py:340} INFO - ::group::Post task execution logs
[2025-06-11T05:38:27.412+0000] {taskinstance.py:352} INFO - Marking task as SUCCESS. dag_id=data_ingestion_to_stg, task_id=truncate_customers_20180509, run_id=manual__2025-06-11T05:38:19.104169+00:00, execution_date=20250611T053819, start_date=20250611T053826, end_date=20250611T053827
[2025-06-11T05:38:27.589+0000] {logging_mixin.py:190} INFO - Task instance in success state
[2025-06-11T05:38:27.592+0000] {logging_mixin.py:190} INFO -  Previous state of the Task instance: running
[2025-06-11T05:38:27.593+0000] {logging_mixin.py:190} INFO - Dag name:data_ingestion_to_stg queued_at:2025-06-11 05:38:19.155859+00:00
[2025-06-11T05:38:27.593+0000] {logging_mixin.py:190} INFO - Task hostname:70fc91f07add operator:PythonOperator
[2025-06-11T05:38:27.629+0000] {local_task_job_runner.py:266} INFO - Task exited with return code 0
[2025-06-11T05:38:27.752+0000] {taskinstance.py:3900} INFO - 1 downstream tasks scheduled from follow-on schedule check
[2025-06-11T05:38:27.772+0000] {local_task_job_runner.py:245} INFO - ::endgroup::
