[2025-06-11T04:02:31.966+0000] {local_task_job_runner.py:123} INFO - ::group::Pre task execution logs
[2025-06-11T04:02:32.018+0000] {taskinstance.py:2612} INFO - Dependencies all met for dep_context=non-requeueable deps ti=<TaskInstance: data_ingestion_to_stg.load_customers_20180509 manual__2025-06-11T04:02:25.002715+00:00 [queued]>
[2025-06-11T04:02:32.067+0000] {taskinstance.py:2612} INFO - Dependencies all met for dep_context=requeueable deps ti=<TaskInstance: data_ingestion_to_stg.load_customers_20180509 manual__2025-06-11T04:02:25.002715+00:00 [queued]>
[2025-06-11T04:02:32.074+0000] {taskinstance.py:2865} INFO - Starting attempt 1 of 2
[2025-06-11T04:02:32.114+0000] {taskinstance.py:2888} INFO - Executing <Task(PythonOperator): load_customers_20180509> on 2025-06-11 04:02:25.002715+00:00
[2025-06-11T04:02:32.141+0000] {warnings.py:112} WARNING - /home/***/.local/lib/python3.12/site-packages/***/task/task_runner/standard_task_runner.py:70: DeprecationWarning: This process (pid=428) is multi-threaded, use of fork() may lead to deadlocks in the child.
  pid = os.fork()

[2025-06-11T04:02:32.166+0000] {standard_task_runner.py:104} INFO - Running: ['***', 'tasks', 'run', 'data_ingestion_to_stg', 'load_customers_20180509', 'manual__2025-06-11T04:02:25.002715+00:00', '--job-id', '190', '--raw', '--subdir', 'DAGS_FOLDER/data_ingestion_to_stg.py', '--cfg-path', '/tmp/tmp3uylpu56']
[2025-06-11T04:02:32.179+0000] {standard_task_runner.py:105} INFO - Job 190: Subtask load_customers_20180509
[2025-06-11T04:02:32.176+0000] {standard_task_runner.py:72} INFO - Started process 459 to run task
[2025-06-11T04:02:32.424+0000] {task_command.py:467} INFO - Running <TaskInstance: data_ingestion_to_stg.load_customers_20180509 manual__2025-06-11T04:02:25.002715+00:00 [running]> on host bc5ec7a98490
[2025-06-11T04:02:32.761+0000] {taskinstance.py:3131} INFO - Exporting env vars: AIRFLOW_CTX_DAG_OWNER='***' AIRFLOW_CTX_DAG_ID='data_ingestion_to_stg' AIRFLOW_CTX_TASK_ID='load_customers_20180509' AIRFLOW_CTX_EXECUTION_DATE='2025-06-11T04:02:25.002715+00:00' AIRFLOW_CTX_TRY_NUMBER='1' AIRFLOW_CTX_DAG_RUN_ID='manual__2025-06-11T04:02:25.002715+00:00'
[2025-06-11T04:02:32.766+0000] {logging_mixin.py:190} INFO - Task instance is in running state
[2025-06-11T04:02:32.769+0000] {logging_mixin.py:190} INFO -  Previous state of the Task instance: queued
[2025-06-11T04:02:32.771+0000] {logging_mixin.py:190} INFO - Current task name:load_customers_20180509 state:running start_date:2025-06-11 04:02:32.024952+00:00
[2025-06-11T04:02:32.771+0000] {logging_mixin.py:190} INFO - Dag name:data_ingestion_to_stg and current dag run status:running
[2025-06-11T04:02:32.772+0000] {taskinstance.py:731} INFO - ::endgroup::
[2025-06-11T04:02:32.774+0000] {postgres.py:191} INFO - Running copy expert: COPY stg.customers FROM STDIN WITH CSV DELIMITER ';' HEADER;, filename: /opt/***/INPUT/20180509/20180509.customers.csv
[2025-06-11T04:02:32.907+0000] {base.py:84} INFO - Retrieving connection 'data_warehouse_project'
[2025-06-11T04:02:33.954+0000] {logging_mixin.py:190} INFO - [INFO] Berhasil load 20180509.customers.csv ke stg.customers
[2025-06-11T04:02:33.961+0000] {python.py:240} INFO - Done. Returned value was: None
[2025-06-11T04:02:34.095+0000] {taskinstance.py:340} INFO - ::group::Post task execution logs
[2025-06-11T04:02:34.096+0000] {taskinstance.py:352} INFO - Marking task as SUCCESS. dag_id=data_ingestion_to_stg, task_id=load_customers_20180509, run_id=manual__2025-06-11T04:02:25.002715+00:00, execution_date=20250611T040225, start_date=20250611T040232, end_date=20250611T040234
[2025-06-11T04:02:34.141+0000] {logging_mixin.py:190} INFO - Task instance in success state
[2025-06-11T04:02:34.147+0000] {logging_mixin.py:190} INFO -  Previous state of the Task instance: running
[2025-06-11T04:02:34.148+0000] {logging_mixin.py:190} INFO - Dag name:data_ingestion_to_stg queued_at:2025-06-11 04:02:25.026075+00:00
[2025-06-11T04:02:34.157+0000] {logging_mixin.py:190} INFO - Task hostname:bc5ec7a98490 operator:PythonOperator
[2025-06-11T04:02:34.189+0000] {local_task_job_runner.py:266} INFO - Task exited with return code 0
[2025-06-11T04:02:34.228+0000] {local_task_job_runner.py:245} INFO - ::endgroup::
