[2025-06-11T06:05:08.218+0000] {local_task_job_runner.py:123} INFO - ::group::Pre task execution logs
[2025-06-11T06:05:08.363+0000] {taskinstance.py:2612} INFO - Dependencies all met for dep_context=non-requeueable deps ti=<TaskInstance: data_ingestion_to_stg.truncate_categories_20180509 manual__2025-06-11T06:05:00.409937+00:00 [queued]>
[2025-06-11T06:05:08.419+0000] {taskinstance.py:2612} INFO - Dependencies all met for dep_context=requeueable deps ti=<TaskInstance: data_ingestion_to_stg.truncate_categories_20180509 manual__2025-06-11T06:05:00.409937+00:00 [queued]>
[2025-06-11T06:05:08.423+0000] {taskinstance.py:2865} INFO - Starting attempt 1 of 2
[2025-06-11T06:05:08.523+0000] {taskinstance.py:2888} INFO - Executing <Task(PythonOperator): truncate_categories_20180509> on 2025-06-11 06:05:00.409937+00:00
[2025-06-11T06:05:08.535+0000] {warnings.py:112} WARNING - /home/***/.local/lib/python3.12/site-packages/***/task/task_runner/standard_task_runner.py:70: DeprecationWarning: This process (pid=1169) is multi-threaded, use of fork() may lead to deadlocks in the child.
  pid = os.fork()

[2025-06-11T06:05:08.542+0000] {standard_task_runner.py:72} INFO - Started process 1221 to run task
[2025-06-11T06:05:08.555+0000] {standard_task_runner.py:104} INFO - Running: ['***', 'tasks', 'run', 'data_ingestion_to_stg', 'truncate_categories_20180509', 'manual__2025-06-11T06:05:00.409937+00:00', '--job-id', '501', '--raw', '--subdir', 'DAGS_FOLDER/data_ingestion_to_stg.py', '--cfg-path', '/tmp/tmpj53mzfoe']
[2025-06-11T06:05:08.569+0000] {standard_task_runner.py:105} INFO - Job 501: Subtask truncate_categories_20180509
[2025-06-11T06:05:08.789+0000] {task_command.py:467} INFO - Running <TaskInstance: data_ingestion_to_stg.truncate_categories_20180509 manual__2025-06-11T06:05:00.409937+00:00 [running]> on host 70fc91f07add
[2025-06-11T06:05:09.171+0000] {taskinstance.py:3131} INFO - Exporting env vars: AIRFLOW_CTX_DAG_OWNER='***' AIRFLOW_CTX_DAG_ID='data_ingestion_to_stg' AIRFLOW_CTX_TASK_ID='truncate_categories_20180509' AIRFLOW_CTX_EXECUTION_DATE='2025-06-11T06:05:00.409937+00:00' AIRFLOW_CTX_TRY_NUMBER='1' AIRFLOW_CTX_DAG_RUN_ID='manual__2025-06-11T06:05:00.409937+00:00'
[2025-06-11T06:05:09.184+0000] {logging_mixin.py:190} INFO - Task instance is in running state
[2025-06-11T06:05:09.187+0000] {logging_mixin.py:190} INFO -  Previous state of the Task instance: queued
[2025-06-11T06:05:09.191+0000] {logging_mixin.py:190} INFO - Current task name:truncate_categories_20180509 state:running start_date:2025-06-11 06:05:08.369164+00:00
[2025-06-11T06:05:09.194+0000] {logging_mixin.py:190} INFO - Dag name:data_ingestion_to_stg and current dag run status:running
[2025-06-11T06:05:09.212+0000] {taskinstance.py:731} INFO - ::endgroup::
[2025-06-11T06:05:09.237+0000] {base.py:84} INFO - Retrieving connection 'data_warehouse_project'
[2025-06-11T06:05:09.435+0000] {sql.py:509} INFO - Running statement: TRUNCATE TABLE stg.categories;, parameters: None
[2025-06-11T06:05:09.447+0000] {logging_mixin.py:190} INFO - [INFO] Truncated table stg.categories
[2025-06-11T06:05:09.457+0000] {python.py:240} INFO - Done. Returned value was: None
[2025-06-11T06:05:09.498+0000] {taskinstance.py:340} INFO - ::group::Post task execution logs
[2025-06-11T06:05:09.501+0000] {taskinstance.py:352} INFO - Marking task as SUCCESS. dag_id=data_ingestion_to_stg, task_id=truncate_categories_20180509, run_id=manual__2025-06-11T06:05:00.409937+00:00, execution_date=20250611T060500, start_date=20250611T060508, end_date=20250611T060509
[2025-06-11T06:05:09.539+0000] {logging_mixin.py:190} INFO - Task instance in success state
[2025-06-11T06:05:09.546+0000] {logging_mixin.py:190} INFO -  Previous state of the Task instance: running
[2025-06-11T06:05:09.551+0000] {logging_mixin.py:190} INFO - Dag name:data_ingestion_to_stg queued_at:2025-06-11 06:05:00.460575+00:00
[2025-06-11T06:05:09.552+0000] {logging_mixin.py:190} INFO - Task hostname:70fc91f07add operator:PythonOperator
[2025-06-11T06:05:09.616+0000] {local_task_job_runner.py:266} INFO - Task exited with return code 0
[2025-06-11T06:05:09.831+0000] {taskinstance.py:3900} INFO - 1 downstream tasks scheduled from follow-on schedule check
[2025-06-11T06:05:09.858+0000] {local_task_job_runner.py:245} INFO - ::endgroup::
