[2025-06-11T05:38:34.405+0000] {local_task_job_runner.py:123} INFO - ::group::Pre task execution logs
[2025-06-11T05:38:34.482+0000] {taskinstance.py:2612} INFO - Dependencies all met for dep_context=non-requeueable deps ti=<TaskInstance: data_ingestion_to_stg.load_sales_20180508 manual__2025-06-11T05:38:19.104169+00:00 [queued]>
[2025-06-11T05:38:34.523+0000] {taskinstance.py:2612} INFO - Dependencies all met for dep_context=requeueable deps ti=<TaskInstance: data_ingestion_to_stg.load_sales_20180508 manual__2025-06-11T05:38:19.104169+00:00 [queued]>
[2025-06-11T05:38:34.525+0000] {taskinstance.py:2865} INFO - Starting attempt 1 of 2
[2025-06-11T05:38:34.587+0000] {taskinstance.py:2888} INFO - Executing <Task(PythonOperator): load_sales_20180508> on 2025-06-11 05:38:19.104169+00:00
[2025-06-11T05:38:34.620+0000] {warnings.py:112} WARNING - /home/***/.local/lib/python3.12/site-packages/***/task/task_runner/standard_task_runner.py:70: DeprecationWarning: This process (pid=470) is multi-threaded, use of fork() may lead to deadlocks in the child.
  pid = os.fork()

[2025-06-11T05:38:34.633+0000] {standard_task_runner.py:72} INFO - Started process 508 to run task
[2025-06-11T05:38:34.633+0000] {standard_task_runner.py:104} INFO - Running: ['***', 'tasks', 'run', 'data_ingestion_to_stg', 'load_sales_20180508', 'manual__2025-06-11T05:38:19.104169+00:00', '--job-id', '410', '--raw', '--subdir', 'DAGS_FOLDER/data_ingestion_to_stg.py', '--cfg-path', '/tmp/tmpgiy1o3d2']
[2025-06-11T05:38:34.635+0000] {standard_task_runner.py:105} INFO - Job 410: Subtask load_sales_20180508
[2025-06-11T05:38:34.737+0000] {task_command.py:467} INFO - Running <TaskInstance: data_ingestion_to_stg.load_sales_20180508 manual__2025-06-11T05:38:19.104169+00:00 [running]> on host 70fc91f07add
[2025-06-11T05:38:35.003+0000] {taskinstance.py:3131} INFO - Exporting env vars: AIRFLOW_CTX_DAG_OWNER='***' AIRFLOW_CTX_DAG_ID='data_ingestion_to_stg' AIRFLOW_CTX_TASK_ID='load_sales_20180508' AIRFLOW_CTX_EXECUTION_DATE='2025-06-11T05:38:19.104169+00:00' AIRFLOW_CTX_TRY_NUMBER='1' AIRFLOW_CTX_DAG_RUN_ID='manual__2025-06-11T05:38:19.104169+00:00'
[2025-06-11T05:38:35.009+0000] {logging_mixin.py:190} INFO - Task instance is in running state
[2025-06-11T05:38:35.011+0000] {logging_mixin.py:190} INFO -  Previous state of the Task instance: queued
[2025-06-11T05:38:35.017+0000] {logging_mixin.py:190} INFO - Current task name:load_sales_20180508 state:running start_date:2025-06-11 05:38:34.485161+00:00
[2025-06-11T05:38:35.018+0000] {logging_mixin.py:190} INFO - Dag name:data_ingestion_to_stg and current dag run status:running
[2025-06-11T05:38:35.020+0000] {taskinstance.py:731} INFO - ::endgroup::
[2025-06-11T05:38:35.037+0000] {postgres.py:191} INFO - Running copy expert: COPY stg.sales FROM STDIN WITH CSV DELIMITER ';' HEADER;, filename: /opt/***/INPUT/20180508/20180508.sales.csv
[2025-06-11T05:38:35.058+0000] {base.py:84} INFO - Retrieving connection 'data_warehouse_project'
[2025-06-11T05:38:35.903+0000] {logging_mixin.py:190} INFO - [INFO] Berhasil load 20180508.sales.csv ke stg.sales
[2025-06-11T05:38:35.903+0000] {python.py:240} INFO - Done. Returned value was: None
[2025-06-11T05:38:35.914+0000] {taskinstance.py:340} INFO - ::group::Post task execution logs
[2025-06-11T05:38:35.915+0000] {taskinstance.py:352} INFO - Marking task as SUCCESS. dag_id=data_ingestion_to_stg, task_id=load_sales_20180508, run_id=manual__2025-06-11T05:38:19.104169+00:00, execution_date=20250611T053819, start_date=20250611T053834, end_date=20250611T053835
[2025-06-11T05:38:35.925+0000] {logging_mixin.py:190} INFO - Task instance in success state
[2025-06-11T05:38:35.925+0000] {logging_mixin.py:190} INFO -  Previous state of the Task instance: running
[2025-06-11T05:38:35.926+0000] {logging_mixin.py:190} INFO - Dag name:data_ingestion_to_stg queued_at:2025-06-11 05:38:19.155859+00:00
[2025-06-11T05:38:35.926+0000] {logging_mixin.py:190} INFO - Task hostname:70fc91f07add operator:PythonOperator
[2025-06-11T05:38:35.941+0000] {local_task_job_runner.py:266} INFO - Task exited with return code 0
[2025-06-11T05:38:35.971+0000] {taskinstance.py:3900} INFO - 4 downstream tasks scheduled from follow-on schedule check
[2025-06-11T05:38:35.974+0000] {local_task_job_runner.py:245} INFO - ::endgroup::
