[2025-06-11T04:17:49.236+0000] {local_task_job_runner.py:123} INFO - ::group::Pre task execution logs
[2025-06-11T04:17:49.295+0000] {taskinstance.py:2612} INFO - Dependencies all met for dep_context=non-requeueable deps ti=<TaskInstance: data_ingestion_to_stg.truncate_employee_20180508 manual__2025-06-11T04:17:42.293472+00:00 [queued]>
[2025-06-11T04:17:49.322+0000] {taskinstance.py:2612} INFO - Dependencies all met for dep_context=requeueable deps ti=<TaskInstance: data_ingestion_to_stg.truncate_employee_20180508 manual__2025-06-11T04:17:42.293472+00:00 [queued]>
[2025-06-11T04:17:49.323+0000] {taskinstance.py:2865} INFO - Starting attempt 1 of 2
[2025-06-11T04:17:49.469+0000] {taskinstance.py:2888} INFO - Executing <Task(PythonOperator): truncate_employee_20180508> on 2025-06-11 04:17:42.293472+00:00
[2025-06-11T04:17:49.523+0000] {warnings.py:112} WARNING - /home/***/.local/lib/python3.12/site-packages/***/task/task_runner/standard_task_runner.py:70: DeprecationWarning: This process (pid=773) is multi-threaded, use of fork() may lead to deadlocks in the child.
  pid = os.fork()

[2025-06-11T04:17:49.541+0000] {standard_task_runner.py:72} INFO - Started process 825 to run task
[2025-06-11T04:17:49.538+0000] {standard_task_runner.py:104} INFO - Running: ['***', 'tasks', 'run', 'data_ingestion_to_stg', 'truncate_employee_20180508', 'manual__2025-06-11T04:17:42.293472+00:00', '--job-id', '238', '--raw', '--subdir', 'DAGS_FOLDER/data_ingestion_to_stg.py', '--cfg-path', '/tmp/tmpg3zuyuco']
[2025-06-11T04:17:49.578+0000] {standard_task_runner.py:105} INFO - Job 238: Subtask truncate_employee_20180508
[2025-06-11T04:17:49.767+0000] {task_command.py:467} INFO - Running <TaskInstance: data_ingestion_to_stg.truncate_employee_20180508 manual__2025-06-11T04:17:42.293472+00:00 [running]> on host bc5ec7a98490
[2025-06-11T04:17:50.018+0000] {taskinstance.py:3131} INFO - Exporting env vars: AIRFLOW_CTX_DAG_OWNER='***' AIRFLOW_CTX_DAG_ID='data_ingestion_to_stg' AIRFLOW_CTX_TASK_ID='truncate_employee_20180508' AIRFLOW_CTX_EXECUTION_DATE='2025-06-11T04:17:42.293472+00:00' AIRFLOW_CTX_TRY_NUMBER='1' AIRFLOW_CTX_DAG_RUN_ID='manual__2025-06-11T04:17:42.293472+00:00'
[2025-06-11T04:17:50.024+0000] {logging_mixin.py:190} INFO - Task instance is in running state
[2025-06-11T04:17:50.025+0000] {logging_mixin.py:190} INFO -  Previous state of the Task instance: queued
[2025-06-11T04:17:50.027+0000] {logging_mixin.py:190} INFO - Current task name:truncate_employee_20180508 state:running start_date:2025-06-11 04:17:49.296679+00:00
[2025-06-11T04:17:50.030+0000] {logging_mixin.py:190} INFO - Dag name:data_ingestion_to_stg and current dag run status:running
[2025-06-11T04:17:50.031+0000] {taskinstance.py:731} INFO - ::endgroup::
[2025-06-11T04:17:50.059+0000] {base.py:84} INFO - Retrieving connection 'data_warehouse_project'
[2025-06-11T04:17:50.264+0000] {sql.py:509} INFO - Running statement: TRUNCATE TABLE stg.employee;, parameters: None
[2025-06-11T04:17:50.274+0000] {logging_mixin.py:190} INFO - [INFO] Table stg.employee truncated.
[2025-06-11T04:17:50.275+0000] {python.py:240} INFO - Done. Returned value was: None
[2025-06-11T04:17:50.287+0000] {taskinstance.py:340} INFO - ::group::Post task execution logs
[2025-06-11T04:17:50.289+0000] {taskinstance.py:352} INFO - Marking task as SUCCESS. dag_id=data_ingestion_to_stg, task_id=truncate_employee_20180508, run_id=manual__2025-06-11T04:17:42.293472+00:00, execution_date=20250611T041742, start_date=20250611T041749, end_date=20250611T041750
[2025-06-11T04:17:50.300+0000] {logging_mixin.py:190} INFO - Task instance in success state
[2025-06-11T04:17:50.301+0000] {logging_mixin.py:190} INFO -  Previous state of the Task instance: running
[2025-06-11T04:17:50.301+0000] {logging_mixin.py:190} INFO - Dag name:data_ingestion_to_stg queued_at:2025-06-11 04:17:42.322226+00:00
[2025-06-11T04:17:50.302+0000] {logging_mixin.py:190} INFO - Task hostname:bc5ec7a98490 operator:PythonOperator
[2025-06-11T04:17:50.337+0000] {local_task_job_runner.py:266} INFO - Task exited with return code 0
[2025-06-11T04:17:50.382+0000] {taskinstance.py:3900} INFO - 1 downstream tasks scheduled from follow-on schedule check
[2025-06-11T04:17:50.385+0000] {local_task_job_runner.py:245} INFO - ::endgroup::
