[2025-06-11T09:19:14.919+0000] {local_task_job_runner.py:123} INFO - ::group::Pre task execution logs
[2025-06-11T09:19:14.943+0000] {taskinstance.py:2612} INFO - Dependencies all met for dep_context=non-requeueable deps ti=<TaskInstance: data_ingestion_to_stg.dim_group.dim_employee manual__2025-06-11T09:18:55.474662+00:00 [queued]>
[2025-06-11T09:19:14.955+0000] {taskinstance.py:2612} INFO - Dependencies all met for dep_context=requeueable deps ti=<TaskInstance: data_ingestion_to_stg.dim_group.dim_employee manual__2025-06-11T09:18:55.474662+00:00 [queued]>
[2025-06-11T09:19:14.956+0000] {taskinstance.py:2865} INFO - Starting attempt 1 of 2
[2025-06-11T09:19:14.973+0000] {taskinstance.py:2888} INFO - Executing <Task(SQLExecuteQueryOperator): dim_group.dim_employee> on 2025-06-11 09:18:55.474662+00:00
[2025-06-11T09:19:14.982+0000] {warnings.py:112} WARNING - /home/***/.local/lib/python3.12/site-packages/***/task/task_runner/standard_task_runner.py:70: DeprecationWarning: This process (pid=833) is multi-threaded, use of fork() may lead to deadlocks in the child.
  pid = os.fork()

[2025-06-11T09:19:14.983+0000] {standard_task_runner.py:72} INFO - Started process 844 to run task
[2025-06-11T09:19:14.985+0000] {standard_task_runner.py:104} INFO - Running: ['***', 'tasks', 'run', 'data_ingestion_to_stg', 'dim_group.dim_employee', 'manual__2025-06-11T09:18:55.474662+00:00', '--job-id', '808', '--raw', '--subdir', 'DAGS_FOLDER/data_ingestion_to_stg.py', '--cfg-path', '/tmp/tmplzv02a7x']
[2025-06-11T09:19:14.986+0000] {standard_task_runner.py:105} INFO - Job 808: Subtask dim_group.dim_employee
[2025-06-11T09:19:15.041+0000] {task_command.py:467} INFO - Running <TaskInstance: data_ingestion_to_stg.dim_group.dim_employee manual__2025-06-11T09:18:55.474662+00:00 [running]> on host 50af1b76beaf
[2025-06-11T09:19:15.150+0000] {taskinstance.py:3131} INFO - Exporting env vars: AIRFLOW_CTX_DAG_OWNER='***' AIRFLOW_CTX_DAG_ID='data_ingestion_to_stg' AIRFLOW_CTX_TASK_ID='dim_group.dim_employee' AIRFLOW_CTX_EXECUTION_DATE='2025-06-11T09:18:55.474662+00:00' AIRFLOW_CTX_TRY_NUMBER='1' AIRFLOW_CTX_DAG_RUN_ID='manual__2025-06-11T09:18:55.474662+00:00'
[2025-06-11T09:19:15.151+0000] {logging_mixin.py:190} INFO - Task instance is in running state
[2025-06-11T09:19:15.152+0000] {logging_mixin.py:190} INFO -  Previous state of the Task instance: queued
[2025-06-11T09:19:15.153+0000] {logging_mixin.py:190} INFO - Current task name:dim_group.dim_employee state:running start_date:2025-06-11 09:19:14.944191+00:00
[2025-06-11T09:19:15.153+0000] {logging_mixin.py:190} INFO - Dag name:data_ingestion_to_stg and current dag run status:running
[2025-06-11T09:19:15.154+0000] {taskinstance.py:731} INFO - ::endgroup::
[2025-06-11T09:19:15.154+0000] {sql.py:266} INFO - Executing: 
TRUNCATE TABLE dm.dim_employee;

INSERT INTO dm.dim_employee (
            employee_id, employee_first_name, employee_middle_initial,
            employee_last_name, employee_birth_date, employee_gender,
            employee_city_id, employee_city_name, employee_country_id,
            employee_country_name, employee_country_code, employee_hire_date,
            start_date, end_date
        )
        SELECT 
            e.employeeid,
            e.firstname,
            e.middleinitial,
            e.lastname,
            e.birthdate,
            e.gender,
            e.cityid,
            ci.cityname,
            ci.countryid,
            co.countryname,
            co.countrycode,
            e.hiredate,
            CURRENT_DATE,
            NULL
        FROM stg.employee e
        LEFT JOIN stg.cities ci ON e.cityid = ci.cityid
        LEFT JOIN stg.countries co ON ci.countryid = co.countryid;
[2025-06-11T09:19:15.169+0000] {base.py:84} INFO - Retrieving connection 'data_warehouse_project'
[2025-06-11T09:19:15.187+0000] {base.py:84} INFO - Retrieving connection 'data_warehouse_project'
[2025-06-11T09:19:15.259+0000] {sql.py:509} INFO - Running statement: 
TRUNCATE TABLE dm.dim_employee;

INSERT INTO dm.dim_employee (
            employee_id, employee_first_name, employee_middle_initial,
            employee_last_name, employee_birth_date, employee_gender,
            employee_city_id, employee_city_name, employee_country_id,
            employee_country_name, employee_country_code, employee_hire_date,
            start_date, end_date
        )
        SELECT 
            e.employeeid,
            e.firstname,
            e.middleinitial,
            e.lastname,
            e.birthdate,
            e.gender,
            e.cityid,
            ci.cityname,
            ci.countryid,
            co.countryname,
            co.countrycode,
            e.hiredate,
            CURRENT_DATE,
            NULL
        FROM stg.employee e
        LEFT JOIN stg.cities ci ON e.cityid = ci.cityid
        LEFT JOIN stg.countries co ON ci.countryid = co.countryid;, parameters: None
[2025-06-11T09:19:15.278+0000] {sql.py:518} INFO - Rows affected: 184
[2025-06-11T09:19:15.297+0000] {taskinstance.py:340} INFO - ::group::Post task execution logs
[2025-06-11T09:19:15.298+0000] {taskinstance.py:352} INFO - Marking task as SUCCESS. dag_id=data_ingestion_to_stg, task_id=dim_group.dim_employee, run_id=manual__2025-06-11T09:18:55.474662+00:00, execution_date=20250611T091855, start_date=20250611T091914, end_date=20250611T091915
[2025-06-11T09:19:15.317+0000] {logging_mixin.py:190} INFO - Task instance in success state
[2025-06-11T09:19:15.318+0000] {logging_mixin.py:190} INFO -  Previous state of the Task instance: running
[2025-06-11T09:19:15.319+0000] {logging_mixin.py:190} INFO - Dag name:data_ingestion_to_stg queued_at:2025-06-11 09:18:55.530926+00:00
[2025-06-11T09:19:15.320+0000] {logging_mixin.py:190} INFO - Task hostname:50af1b76beaf operator:SQLExecuteQueryOperator
[2025-06-11T09:19:15.361+0000] {local_task_job_runner.py:266} INFO - Task exited with return code 0
[2025-06-11T09:19:15.374+0000] {local_task_job_runner.py:245} INFO - ::endgroup::
