[2025-06-11T09:34:53.746+0000] {local_task_job_runner.py:123} INFO - ::group::Pre task execution logs
[2025-06-11T09:34:53.789+0000] {taskinstance.py:2612} INFO - Dependencies all met for dep_context=non-requeueable deps ti=<TaskInstance: data_ingestion_to_stg.load_categories_20180509 manual__2025-06-11T09:34:38.207959+00:00 [queued]>
[2025-06-11T09:34:53.811+0000] {taskinstance.py:2612} INFO - Dependencies all met for dep_context=requeueable deps ti=<TaskInstance: data_ingestion_to_stg.load_categories_20180509 manual__2025-06-11T09:34:38.207959+00:00 [queued]>
[2025-06-11T09:34:53.812+0000] {taskinstance.py:2865} INFO - Starting attempt 1 of 2
[2025-06-11T09:34:53.842+0000] {taskinstance.py:2888} INFO - Executing <Task(PythonOperator): load_categories_20180509> on 2025-06-11 09:34:38.207959+00:00
[2025-06-11T09:34:53.855+0000] {warnings.py:112} WARNING - /home/***/.local/lib/python3.12/site-packages/***/task/task_runner/standard_task_runner.py:70: DeprecationWarning: This process (pid=1110) is multi-threaded, use of fork() may lead to deadlocks in the child.
  pid = os.fork()

[2025-06-11T09:34:53.857+0000] {standard_task_runner.py:72} INFO - Started process 1143 to run task
[2025-06-11T09:34:53.871+0000] {standard_task_runner.py:104} INFO - Running: ['***', 'tasks', 'run', 'data_ingestion_to_stg', 'load_categories_20180509', 'manual__2025-06-11T09:34:38.207959+00:00', '--job-id', '827', '--raw', '--subdir', 'DAGS_FOLDER/data_ingestion_to_stg.py', '--cfg-path', '/tmp/tmpr07qay3o']
[2025-06-11T09:34:53.873+0000] {standard_task_runner.py:105} INFO - Job 827: Subtask load_categories_20180509
[2025-06-11T09:34:54.013+0000] {task_command.py:467} INFO - Running <TaskInstance: data_ingestion_to_stg.load_categories_20180509 manual__2025-06-11T09:34:38.207959+00:00 [running]> on host 50af1b76beaf
[2025-06-11T09:34:54.279+0000] {taskinstance.py:3131} INFO - Exporting env vars: AIRFLOW_CTX_DAG_OWNER='***' AIRFLOW_CTX_DAG_ID='data_ingestion_to_stg' AIRFLOW_CTX_TASK_ID='load_categories_20180509' AIRFLOW_CTX_EXECUTION_DATE='2025-06-11T09:34:38.207959+00:00' AIRFLOW_CTX_TRY_NUMBER='1' AIRFLOW_CTX_DAG_RUN_ID='manual__2025-06-11T09:34:38.207959+00:00'
[2025-06-11T09:34:54.283+0000] {logging_mixin.py:190} INFO - Task instance is in running state
[2025-06-11T09:34:54.285+0000] {logging_mixin.py:190} INFO -  Previous state of the Task instance: queued
[2025-06-11T09:34:54.288+0000] {logging_mixin.py:190} INFO - Current task name:load_categories_20180509 state:running start_date:2025-06-11 09:34:53.796260+00:00
[2025-06-11T09:34:54.288+0000] {logging_mixin.py:190} INFO - Dag name:data_ingestion_to_stg and current dag run status:running
[2025-06-11T09:34:54.289+0000] {taskinstance.py:731} INFO - ::endgroup::
[2025-06-11T09:34:54.296+0000] {postgres.py:191} INFO - Running copy expert: COPY stg.categories FROM STDIN WITH CSV DELIMITER '|' HEADER;, filename: /opt/***/INPUT/20180509/20180509.categories.csv
[2025-06-11T09:34:54.315+0000] {base.py:84} INFO - Retrieving connection 'data_warehouse_project'
[2025-06-11T09:34:54.465+0000] {logging_mixin.py:190} INFO - [INFO] Berhasil load 20180509.categories.csv ke stg.categories
[2025-06-11T09:34:54.472+0000] {python.py:240} INFO - Done. Returned value was: None
[2025-06-11T09:34:54.517+0000] {taskinstance.py:340} INFO - ::group::Post task execution logs
[2025-06-11T09:34:54.518+0000] {taskinstance.py:352} INFO - Marking task as SUCCESS. dag_id=data_ingestion_to_stg, task_id=load_categories_20180509, run_id=manual__2025-06-11T09:34:38.207959+00:00, execution_date=20250611T093438, start_date=20250611T093453, end_date=20250611T093454
[2025-06-11T09:34:54.555+0000] {logging_mixin.py:190} INFO - Task instance in success state
[2025-06-11T09:34:54.556+0000] {logging_mixin.py:190} INFO -  Previous state of the Task instance: running
[2025-06-11T09:34:54.557+0000] {logging_mixin.py:190} INFO - Dag name:data_ingestion_to_stg queued_at:2025-06-11 09:34:38.253158+00:00
[2025-06-11T09:34:54.560+0000] {logging_mixin.py:190} INFO - Task hostname:50af1b76beaf operator:PythonOperator
[2025-06-11T09:34:54.643+0000] {local_task_job_runner.py:266} INFO - Task exited with return code 0
[2025-06-11T09:34:54.705+0000] {local_task_job_runner.py:245} INFO - ::endgroup::
