[2025-06-11T09:19:04.120+0000] {local_task_job_runner.py:123} INFO - ::group::Pre task execution logs
[2025-06-11T09:19:04.166+0000] {taskinstance.py:2612} INFO - Dependencies all met for dep_context=non-requeueable deps ti=<TaskInstance: data_ingestion_to_stg.truncate_cities_20180509 manual__2025-06-11T09:18:55.474662+00:00 [queued]>
[2025-06-11T09:19:04.219+0000] {taskinstance.py:2612} INFO - Dependencies all met for dep_context=requeueable deps ti=<TaskInstance: data_ingestion_to_stg.truncate_cities_20180509 manual__2025-06-11T09:18:55.474662+00:00 [queued]>
[2025-06-11T09:19:04.223+0000] {taskinstance.py:2865} INFO - Starting attempt 1 of 2
[2025-06-11T09:19:04.337+0000] {taskinstance.py:2888} INFO - Executing <Task(PythonOperator): truncate_cities_20180509> on 2025-06-11 09:18:55.474662+00:00
[2025-06-11T09:19:04.360+0000] {warnings.py:112} WARNING - /home/***/.local/lib/python3.12/site-packages/***/task/task_runner/standard_task_runner.py:70: DeprecationWarning: This process (pid=724) is multi-threaded, use of fork() may lead to deadlocks in the child.
  pid = os.fork()

[2025-06-11T09:19:04.373+0000] {standard_task_runner.py:72} INFO - Started process 776 to run task
[2025-06-11T09:19:04.395+0000] {standard_task_runner.py:104} INFO - Running: ['***', 'tasks', 'run', 'data_ingestion_to_stg', 'truncate_cities_20180509', 'manual__2025-06-11T09:18:55.474662+00:00', '--job-id', '790', '--raw', '--subdir', 'DAGS_FOLDER/data_ingestion_to_stg.py', '--cfg-path', '/tmp/tmpdliu6_jv']
[2025-06-11T09:19:04.398+0000] {standard_task_runner.py:105} INFO - Job 790: Subtask truncate_cities_20180509
[2025-06-11T09:19:04.543+0000] {task_command.py:467} INFO - Running <TaskInstance: data_ingestion_to_stg.truncate_cities_20180509 manual__2025-06-11T09:18:55.474662+00:00 [running]> on host 50af1b76beaf
[2025-06-11T09:19:04.802+0000] {taskinstance.py:3131} INFO - Exporting env vars: AIRFLOW_CTX_DAG_OWNER='***' AIRFLOW_CTX_DAG_ID='data_ingestion_to_stg' AIRFLOW_CTX_TASK_ID='truncate_cities_20180509' AIRFLOW_CTX_EXECUTION_DATE='2025-06-11T09:18:55.474662+00:00' AIRFLOW_CTX_TRY_NUMBER='1' AIRFLOW_CTX_DAG_RUN_ID='manual__2025-06-11T09:18:55.474662+00:00'
[2025-06-11T09:19:04.804+0000] {logging_mixin.py:190} INFO - Task instance is in running state
[2025-06-11T09:19:04.806+0000] {logging_mixin.py:190} INFO -  Previous state of the Task instance: queued
[2025-06-11T09:19:04.807+0000] {logging_mixin.py:190} INFO - Current task name:truncate_cities_20180509 state:running start_date:2025-06-11 09:19:04.170380+00:00
[2025-06-11T09:19:04.807+0000] {logging_mixin.py:190} INFO - Dag name:data_ingestion_to_stg and current dag run status:running
[2025-06-11T09:19:04.818+0000] {taskinstance.py:731} INFO - ::endgroup::
[2025-06-11T09:19:04.883+0000] {base.py:84} INFO - Retrieving connection 'data_warehouse_project'
[2025-06-11T09:19:04.949+0000] {sql.py:509} INFO - Running statement: TRUNCATE TABLE stg.cities;, parameters: None
[2025-06-11T09:19:04.962+0000] {logging_mixin.py:190} INFO - [INFO] Truncated table stg.cities
[2025-06-11T09:19:04.963+0000] {python.py:240} INFO - Done. Returned value was: None
[2025-06-11T09:19:04.977+0000] {taskinstance.py:340} INFO - ::group::Post task execution logs
[2025-06-11T09:19:04.978+0000] {taskinstance.py:352} INFO - Marking task as SUCCESS. dag_id=data_ingestion_to_stg, task_id=truncate_cities_20180509, run_id=manual__2025-06-11T09:18:55.474662+00:00, execution_date=20250611T091855, start_date=20250611T091904, end_date=20250611T091904
[2025-06-11T09:19:04.993+0000] {logging_mixin.py:190} INFO - Task instance in success state
[2025-06-11T09:19:04.994+0000] {logging_mixin.py:190} INFO -  Previous state of the Task instance: running
[2025-06-11T09:19:04.994+0000] {logging_mixin.py:190} INFO - Dag name:data_ingestion_to_stg queued_at:2025-06-11 09:18:55.530926+00:00
[2025-06-11T09:19:04.995+0000] {logging_mixin.py:190} INFO - Task hostname:50af1b76beaf operator:PythonOperator
[2025-06-11T09:19:05.027+0000] {local_task_job_runner.py:266} INFO - Task exited with return code 0
[2025-06-11T09:19:05.044+0000] {local_task_job_runner.py:245} INFO - ::endgroup::
