[2025-06-11T06:01:45.823+0000] {local_task_job_runner.py:123} INFO - ::group::Pre task execution logs
[2025-06-11T06:01:45.855+0000] {taskinstance.py:2612} INFO - Dependencies all met for dep_context=non-requeueable deps ti=<TaskInstance: data_ingestion_to_stg.load_cities_20180508 manual__2025-06-11T06:01:32.136155+00:00 [queued]>
[2025-06-11T06:01:45.905+0000] {taskinstance.py:2612} INFO - Dependencies all met for dep_context=requeueable deps ti=<TaskInstance: data_ingestion_to_stg.load_cities_20180508 manual__2025-06-11T06:01:32.136155+00:00 [queued]>
[2025-06-11T06:01:45.907+0000] {taskinstance.py:2865} INFO - Starting attempt 1 of 2
[2025-06-11T06:01:45.965+0000] {taskinstance.py:2888} INFO - Executing <Task(PythonOperator): load_cities_20180508> on 2025-06-11 06:01:32.136155+00:00
[2025-06-11T06:01:45.975+0000] {warnings.py:112} WARNING - /home/***/.local/lib/python3.12/site-packages/***/task/task_runner/standard_task_runner.py:70: DeprecationWarning: This process (pid=1069) is multi-threaded, use of fork() may lead to deadlocks in the child.
  pid = os.fork()

[2025-06-11T06:01:45.979+0000] {standard_task_runner.py:72} INFO - Started process 1108 to run task
[2025-06-11T06:01:45.987+0000] {standard_task_runner.py:104} INFO - Running: ['***', 'tasks', 'run', 'data_ingestion_to_stg', 'load_cities_20180508', 'manual__2025-06-11T06:01:32.136155+00:00', '--job-id', '485', '--raw', '--subdir', 'DAGS_FOLDER/data_ingestion_to_stg.py', '--cfg-path', '/tmp/tmp32_3882u']
[2025-06-11T06:01:45.990+0000] {standard_task_runner.py:105} INFO - Job 485: Subtask load_cities_20180508
[2025-06-11T06:01:46.176+0000] {task_command.py:467} INFO - Running <TaskInstance: data_ingestion_to_stg.load_cities_20180508 manual__2025-06-11T06:01:32.136155+00:00 [running]> on host 70fc91f07add
[2025-06-11T06:01:46.422+0000] {taskinstance.py:3131} INFO - Exporting env vars: AIRFLOW_CTX_DAG_OWNER='***' AIRFLOW_CTX_DAG_ID='data_ingestion_to_stg' AIRFLOW_CTX_TASK_ID='load_cities_20180508' AIRFLOW_CTX_EXECUTION_DATE='2025-06-11T06:01:32.136155+00:00' AIRFLOW_CTX_TRY_NUMBER='1' AIRFLOW_CTX_DAG_RUN_ID='manual__2025-06-11T06:01:32.136155+00:00'
[2025-06-11T06:01:46.424+0000] {logging_mixin.py:190} INFO - Task instance is in running state
[2025-06-11T06:01:46.437+0000] {logging_mixin.py:190} INFO -  Previous state of the Task instance: queued
[2025-06-11T06:01:46.439+0000] {logging_mixin.py:190} INFO - Current task name:load_cities_20180508 state:running start_date:2025-06-11 06:01:45.858973+00:00
[2025-06-11T06:01:46.439+0000] {logging_mixin.py:190} INFO - Dag name:data_ingestion_to_stg and current dag run status:running
[2025-06-11T06:01:46.440+0000] {taskinstance.py:731} INFO - ::endgroup::
[2025-06-11T06:01:46.450+0000] {postgres.py:191} INFO - Running copy expert: COPY stg.cities FROM STDIN WITH CSV DELIMITER ';' HEADER;, filename: /opt/***/INPUT/20180508/20180508.cities.csv
[2025-06-11T06:01:46.493+0000] {base.py:84} INFO - Retrieving connection 'data_warehouse_project'
[2025-06-11T06:01:46.615+0000] {logging_mixin.py:190} INFO - [INFO] Berhasil load 20180508.cities.csv ke stg.cities
[2025-06-11T06:01:46.617+0000] {python.py:240} INFO - Done. Returned value was: None
[2025-06-11T06:01:46.636+0000] {taskinstance.py:340} INFO - ::group::Post task execution logs
[2025-06-11T06:01:46.637+0000] {taskinstance.py:352} INFO - Marking task as SUCCESS. dag_id=data_ingestion_to_stg, task_id=load_cities_20180508, run_id=manual__2025-06-11T06:01:32.136155+00:00, execution_date=20250611T060132, start_date=20250611T060145, end_date=20250611T060146
[2025-06-11T06:01:46.660+0000] {logging_mixin.py:190} INFO - Task instance in success state
[2025-06-11T06:01:46.665+0000] {logging_mixin.py:190} INFO -  Previous state of the Task instance: running
[2025-06-11T06:01:46.669+0000] {logging_mixin.py:190} INFO - Dag name:data_ingestion_to_stg queued_at:2025-06-11 06:01:32.196993+00:00
[2025-06-11T06:01:46.676+0000] {logging_mixin.py:190} INFO - Task hostname:70fc91f07add operator:PythonOperator
[2025-06-11T06:01:46.713+0000] {local_task_job_runner.py:266} INFO - Task exited with return code 0
[2025-06-11T06:01:46.732+0000] {local_task_job_runner.py:245} INFO - ::endgroup::
