[2025-06-11T09:14:21.664+0000] {local_task_job_runner.py:123} INFO - ::group::Pre task execution logs
[2025-06-11T09:14:21.798+0000] {taskinstance.py:2612} INFO - Dependencies all met for dep_context=non-requeueable deps ti=<TaskInstance: data_ingestion_to_stg.truncate_cities_20180508 manual__2025-06-11T09:14:10.182020+00:00 [queued]>
[2025-06-11T09:14:21.844+0000] {taskinstance.py:2612} INFO - Dependencies all met for dep_context=requeueable deps ti=<TaskInstance: data_ingestion_to_stg.truncate_cities_20180508 manual__2025-06-11T09:14:10.182020+00:00 [queued]>
[2025-06-11T09:14:21.857+0000] {taskinstance.py:2865} INFO - Starting attempt 1 of 2
[2025-06-11T09:14:21.936+0000] {taskinstance.py:2888} INFO - Executing <Task(PythonOperator): truncate_cities_20180508> on 2025-06-11 09:14:10.182020+00:00
[2025-06-11T09:14:22.015+0000] {warnings.py:112} WARNING - /home/***/.local/lib/python3.12/site-packages/***/task/task_runner/standard_task_runner.py:70: DeprecationWarning: This process (pid=535) is multi-threaded, use of fork() may lead to deadlocks in the child.
  pid = os.fork()

[2025-06-11T09:14:22.024+0000] {standard_task_runner.py:72} INFO - Started process 570 to run task
[2025-06-11T09:14:22.031+0000] {standard_task_runner.py:104} INFO - Running: ['***', 'tasks', 'run', 'data_ingestion_to_stg', 'truncate_cities_20180508', 'manual__2025-06-11T09:14:10.182020+00:00', '--job-id', '751', '--raw', '--subdir', 'DAGS_FOLDER/data_ingestion_to_stg.py', '--cfg-path', '/tmp/tmp_bye_x9p']
[2025-06-11T09:14:22.042+0000] {standard_task_runner.py:105} INFO - Job 751: Subtask truncate_cities_20180508
[2025-06-11T09:14:22.480+0000] {task_command.py:467} INFO - Running <TaskInstance: data_ingestion_to_stg.truncate_cities_20180508 manual__2025-06-11T09:14:10.182020+00:00 [running]> on host 50af1b76beaf
[2025-06-11T09:14:22.987+0000] {taskinstance.py:3131} INFO - Exporting env vars: AIRFLOW_CTX_DAG_OWNER='***' AIRFLOW_CTX_DAG_ID='data_ingestion_to_stg' AIRFLOW_CTX_TASK_ID='truncate_cities_20180508' AIRFLOW_CTX_EXECUTION_DATE='2025-06-11T09:14:10.182020+00:00' AIRFLOW_CTX_TRY_NUMBER='1' AIRFLOW_CTX_DAG_RUN_ID='manual__2025-06-11T09:14:10.182020+00:00'
[2025-06-11T09:14:23.001+0000] {logging_mixin.py:190} INFO - Task instance is in running state
[2025-06-11T09:14:23.002+0000] {logging_mixin.py:190} INFO -  Previous state of the Task instance: queued
[2025-06-11T09:14:23.004+0000] {logging_mixin.py:190} INFO - Current task name:truncate_cities_20180508 state:running start_date:2025-06-11 09:14:21.802197+00:00
[2025-06-11T09:14:23.006+0000] {logging_mixin.py:190} INFO - Dag name:data_ingestion_to_stg and current dag run status:running
[2025-06-11T09:14:23.010+0000] {taskinstance.py:731} INFO - ::endgroup::
[2025-06-11T09:14:23.124+0000] {base.py:84} INFO - Retrieving connection 'data_warehouse_project'
[2025-06-11T09:14:23.209+0000] {sql.py:509} INFO - Running statement: TRUNCATE TABLE stg.cities;, parameters: None
[2025-06-11T09:14:23.226+0000] {logging_mixin.py:190} INFO - [INFO] Truncated table stg.cities
[2025-06-11T09:14:23.227+0000] {python.py:240} INFO - Done. Returned value was: None
[2025-06-11T09:14:23.292+0000] {taskinstance.py:340} INFO - ::group::Post task execution logs
[2025-06-11T09:14:23.294+0000] {taskinstance.py:352} INFO - Marking task as SUCCESS. dag_id=data_ingestion_to_stg, task_id=truncate_cities_20180508, run_id=manual__2025-06-11T09:14:10.182020+00:00, execution_date=20250611T091410, start_date=20250611T091421, end_date=20250611T091423
[2025-06-11T09:14:23.374+0000] {logging_mixin.py:190} INFO - Task instance in success state
[2025-06-11T09:14:23.380+0000] {logging_mixin.py:190} INFO -  Previous state of the Task instance: running
[2025-06-11T09:14:23.395+0000] {logging_mixin.py:190} INFO - Dag name:data_ingestion_to_stg queued_at:2025-06-11 09:14:10.199485+00:00
[2025-06-11T09:14:23.399+0000] {logging_mixin.py:190} INFO - Task hostname:50af1b76beaf operator:PythonOperator
[2025-06-11T09:14:23.498+0000] {local_task_job_runner.py:266} INFO - Task exited with return code 0
[2025-06-11T09:14:23.534+0000] {local_task_job_runner.py:245} INFO - ::endgroup::
