[2025-06-11T04:17:49.542+0000] {local_task_job_runner.py:123} INFO - ::group::Pre task execution logs
[2025-06-11T04:17:49.674+0000] {taskinstance.py:2612} INFO - Dependencies all met for dep_context=non-requeueable deps ti=<TaskInstance: data_ingestion_to_stg.truncate_customers_20180508 manual__2025-06-11T04:17:42.293472+00:00 [queued]>
[2025-06-11T04:17:49.712+0000] {taskinstance.py:2612} INFO - Dependencies all met for dep_context=requeueable deps ti=<TaskInstance: data_ingestion_to_stg.truncate_customers_20180508 manual__2025-06-11T04:17:42.293472+00:00 [queued]>
[2025-06-11T04:17:49.716+0000] {taskinstance.py:2865} INFO - Starting attempt 1 of 2
[2025-06-11T04:17:49.878+0000] {taskinstance.py:2888} INFO - Executing <Task(PythonOperator): truncate_customers_20180508> on 2025-06-11 04:17:42.293472+00:00
[2025-06-11T04:17:49.895+0000] {warnings.py:112} WARNING - /home/***/.local/lib/python3.12/site-packages/***/task/task_runner/standard_task_runner.py:70: DeprecationWarning: This process (pid=779) is multi-threaded, use of fork() may lead to deadlocks in the child.
  pid = os.fork()

[2025-06-11T04:17:49.900+0000] {standard_task_runner.py:72} INFO - Started process 827 to run task
[2025-06-11T04:17:49.906+0000] {standard_task_runner.py:104} INFO - Running: ['***', 'tasks', 'run', 'data_ingestion_to_stg', 'truncate_customers_20180508', 'manual__2025-06-11T04:17:42.293472+00:00', '--job-id', '239', '--raw', '--subdir', 'DAGS_FOLDER/data_ingestion_to_stg.py', '--cfg-path', '/tmp/tmpv9vp4u36']
[2025-06-11T04:17:49.927+0000] {standard_task_runner.py:105} INFO - Job 239: Subtask truncate_customers_20180508
[2025-06-11T04:17:50.097+0000] {task_command.py:467} INFO - Running <TaskInstance: data_ingestion_to_stg.truncate_customers_20180508 manual__2025-06-11T04:17:42.293472+00:00 [running]> on host bc5ec7a98490
[2025-06-11T04:17:50.288+0000] {taskinstance.py:3131} INFO - Exporting env vars: AIRFLOW_CTX_DAG_OWNER='***' AIRFLOW_CTX_DAG_ID='data_ingestion_to_stg' AIRFLOW_CTX_TASK_ID='truncate_customers_20180508' AIRFLOW_CTX_EXECUTION_DATE='2025-06-11T04:17:42.293472+00:00' AIRFLOW_CTX_TRY_NUMBER='1' AIRFLOW_CTX_DAG_RUN_ID='manual__2025-06-11T04:17:42.293472+00:00'
[2025-06-11T04:17:50.290+0000] {logging_mixin.py:190} INFO - Task instance is in running state
[2025-06-11T04:17:50.291+0000] {logging_mixin.py:190} INFO -  Previous state of the Task instance: queued
[2025-06-11T04:17:50.291+0000] {logging_mixin.py:190} INFO - Current task name:truncate_customers_20180508 state:running start_date:2025-06-11 04:17:49.675001+00:00
[2025-06-11T04:17:50.292+0000] {logging_mixin.py:190} INFO - Dag name:data_ingestion_to_stg and current dag run status:running
[2025-06-11T04:17:50.292+0000] {taskinstance.py:731} INFO - ::endgroup::
[2025-06-11T04:17:50.304+0000] {base.py:84} INFO - Retrieving connection 'data_warehouse_project'
[2025-06-11T04:17:50.358+0000] {sql.py:509} INFO - Running statement: TRUNCATE TABLE stg.customers;, parameters: None
[2025-06-11T04:17:50.369+0000] {logging_mixin.py:190} INFO - [INFO] Table stg.customers truncated.
[2025-06-11T04:17:50.372+0000] {python.py:240} INFO - Done. Returned value was: None
[2025-06-11T04:17:50.385+0000] {taskinstance.py:340} INFO - ::group::Post task execution logs
[2025-06-11T04:17:50.386+0000] {taskinstance.py:352} INFO - Marking task as SUCCESS. dag_id=data_ingestion_to_stg, task_id=truncate_customers_20180508, run_id=manual__2025-06-11T04:17:42.293472+00:00, execution_date=20250611T041742, start_date=20250611T041749, end_date=20250611T041750
[2025-06-11T04:17:50.413+0000] {logging_mixin.py:190} INFO - Task instance in success state
[2025-06-11T04:17:50.415+0000] {logging_mixin.py:190} INFO -  Previous state of the Task instance: running
[2025-06-11T04:17:50.416+0000] {logging_mixin.py:190} INFO - Dag name:data_ingestion_to_stg queued_at:2025-06-11 04:17:42.322226+00:00
[2025-06-11T04:17:50.416+0000] {logging_mixin.py:190} INFO - Task hostname:bc5ec7a98490 operator:PythonOperator
[2025-06-11T04:17:50.461+0000] {local_task_job_runner.py:266} INFO - Task exited with return code 0
[2025-06-11T04:17:50.529+0000] {taskinstance.py:3900} INFO - 1 downstream tasks scheduled from follow-on schedule check
[2025-06-11T04:17:50.550+0000] {local_task_job_runner.py:245} INFO - ::endgroup::
