[2025-06-11T06:01:44.929+0000] {local_task_job_runner.py:123} INFO - ::group::Pre task execution logs
[2025-06-11T06:01:44.994+0000] {taskinstance.py:2612} INFO - Dependencies all met for dep_context=non-requeueable deps ti=<TaskInstance: data_ingestion_to_stg.load_employee_20180509 manual__2025-06-11T06:01:32.136155+00:00 [queued]>
[2025-06-11T06:01:45.075+0000] {taskinstance.py:2612} INFO - Dependencies all met for dep_context=requeueable deps ti=<TaskInstance: data_ingestion_to_stg.load_employee_20180509 manual__2025-06-11T06:01:32.136155+00:00 [queued]>
[2025-06-11T06:01:45.081+0000] {taskinstance.py:2865} INFO - Starting attempt 1 of 2
[2025-06-11T06:01:45.131+0000] {taskinstance.py:2888} INFO - Executing <Task(PythonOperator): load_employee_20180509> on 2025-06-11 06:01:32.136155+00:00
[2025-06-11T06:01:45.158+0000] {standard_task_runner.py:104} INFO - Running: ['***', 'tasks', 'run', 'data_ingestion_to_stg', 'load_employee_20180509', 'manual__2025-06-11T06:01:32.136155+00:00', '--job-id', '478', '--raw', '--subdir', 'DAGS_FOLDER/data_ingestion_to_stg.py', '--cfg-path', '/tmp/tmpuj5n9ogs']
[2025-06-11T06:01:45.162+0000] {standard_task_runner.py:105} INFO - Job 478: Subtask load_employee_20180509
[2025-06-11T06:01:45.161+0000] {warnings.py:112} WARNING - /home/***/.local/lib/python3.12/site-packages/***/task/task_runner/standard_task_runner.py:70: DeprecationWarning: This process (pid=1060) is multi-threaded, use of fork() may lead to deadlocks in the child.
  pid = os.fork()

[2025-06-11T06:01:45.168+0000] {standard_task_runner.py:72} INFO - Started process 1093 to run task
[2025-06-11T06:01:45.351+0000] {task_command.py:467} INFO - Running <TaskInstance: data_ingestion_to_stg.load_employee_20180509 manual__2025-06-11T06:01:32.136155+00:00 [running]> on host 70fc91f07add
[2025-06-11T06:01:45.605+0000] {taskinstance.py:3131} INFO - Exporting env vars: AIRFLOW_CTX_DAG_OWNER='***' AIRFLOW_CTX_DAG_ID='data_ingestion_to_stg' AIRFLOW_CTX_TASK_ID='load_employee_20180509' AIRFLOW_CTX_EXECUTION_DATE='2025-06-11T06:01:32.136155+00:00' AIRFLOW_CTX_TRY_NUMBER='1' AIRFLOW_CTX_DAG_RUN_ID='manual__2025-06-11T06:01:32.136155+00:00'
[2025-06-11T06:01:45.608+0000] {logging_mixin.py:190} INFO - Task instance is in running state
[2025-06-11T06:01:45.612+0000] {logging_mixin.py:190} INFO -  Previous state of the Task instance: queued
[2025-06-11T06:01:45.616+0000] {logging_mixin.py:190} INFO - Current task name:load_employee_20180509 state:running start_date:2025-06-11 06:01:45.010933+00:00
[2025-06-11T06:01:45.618+0000] {logging_mixin.py:190} INFO - Dag name:data_ingestion_to_stg and current dag run status:running
[2025-06-11T06:01:45.624+0000] {taskinstance.py:731} INFO - ::endgroup::
[2025-06-11T06:01:45.632+0000] {postgres.py:191} INFO - Running copy expert: COPY stg.employee FROM STDIN WITH CSV DELIMITER ';' HEADER;, filename: /opt/***/INPUT/20180509/20180509.employes.csv
[2025-06-11T06:01:45.662+0000] {base.py:84} INFO - Retrieving connection 'data_warehouse_project'
[2025-06-11T06:01:45.777+0000] {logging_mixin.py:190} INFO - [INFO] Berhasil load 20180509.employes.csv ke stg.employee
[2025-06-11T06:01:45.782+0000] {python.py:240} INFO - Done. Returned value was: None
[2025-06-11T06:01:45.810+0000] {taskinstance.py:340} INFO - ::group::Post task execution logs
[2025-06-11T06:01:45.811+0000] {taskinstance.py:352} INFO - Marking task as SUCCESS. dag_id=data_ingestion_to_stg, task_id=load_employee_20180509, run_id=manual__2025-06-11T06:01:32.136155+00:00, execution_date=20250611T060132, start_date=20250611T060145, end_date=20250611T060145
[2025-06-11T06:01:45.843+0000] {logging_mixin.py:190} INFO - Task instance in success state
[2025-06-11T06:01:45.844+0000] {logging_mixin.py:190} INFO -  Previous state of the Task instance: running
[2025-06-11T06:01:45.844+0000] {logging_mixin.py:190} INFO - Dag name:data_ingestion_to_stg queued_at:2025-06-11 06:01:32.196993+00:00
[2025-06-11T06:01:45.845+0000] {logging_mixin.py:190} INFO - Task hostname:70fc91f07add operator:PythonOperator
[2025-06-11T06:01:45.914+0000] {local_task_job_runner.py:266} INFO - Task exited with return code 0
[2025-06-11T06:01:46.012+0000] {taskinstance.py:3900} INFO - 0 downstream tasks scheduled from follow-on schedule check
[2025-06-11T06:01:46.014+0000] {local_task_job_runner.py:245} INFO - ::endgroup::
