[2025-06-11T09:42:07.315+0000] {local_task_job_runner.py:123} INFO - ::group::Pre task execution logs
[2025-06-11T09:42:07.422+0000] {taskinstance.py:2612} INFO - Dependencies all met for dep_context=non-requeueable deps ti=<TaskInstance: data_ingestion_to_stg.truncate_categories_20180509 manual__2025-06-11T09:41:58.682100+00:00 [queued]>
[2025-06-11T09:42:07.445+0000] {taskinstance.py:2612} INFO - Dependencies all met for dep_context=requeueable deps ti=<TaskInstance: data_ingestion_to_stg.truncate_categories_20180509 manual__2025-06-11T09:41:58.682100+00:00 [queued]>
[2025-06-11T09:42:07.457+0000] {taskinstance.py:2865} INFO - Starting attempt 1 of 2
[2025-06-11T09:42:07.519+0000] {taskinstance.py:2888} INFO - Executing <Task(PythonOperator): truncate_categories_20180509> on 2025-06-11 09:41:58.682100+00:00
[2025-06-11T09:42:07.550+0000] {standard_task_runner.py:104} INFO - Running: ['***', 'tasks', 'run', 'data_ingestion_to_stg', 'truncate_categories_20180509', 'manual__2025-06-11T09:41:58.682100+00:00', '--job-id', '857', '--raw', '--subdir', 'DAGS_FOLDER/data_ingestion_to_stg.py', '--cfg-path', '/tmp/tmpzb4_ymq9']
[2025-06-11T09:42:07.553+0000] {standard_task_runner.py:105} INFO - Job 857: Subtask truncate_categories_20180509
[2025-06-11T09:42:07.546+0000] {warnings.py:112} WARNING - /home/***/.local/lib/python3.12/site-packages/***/task/task_runner/standard_task_runner.py:70: DeprecationWarning: This process (pid=1288) is multi-threaded, use of fork() may lead to deadlocks in the child.
  pid = os.fork()

[2025-06-11T09:42:07.572+0000] {standard_task_runner.py:72} INFO - Started process 1335 to run task
[2025-06-11T09:42:07.843+0000] {task_command.py:467} INFO - Running <TaskInstance: data_ingestion_to_stg.truncate_categories_20180509 manual__2025-06-11T09:41:58.682100+00:00 [running]> on host 50af1b76beaf
[2025-06-11T09:42:08.226+0000] {taskinstance.py:3131} INFO - Exporting env vars: AIRFLOW_CTX_DAG_OWNER='***' AIRFLOW_CTX_DAG_ID='data_ingestion_to_stg' AIRFLOW_CTX_TASK_ID='truncate_categories_20180509' AIRFLOW_CTX_EXECUTION_DATE='2025-06-11T09:41:58.682100+00:00' AIRFLOW_CTX_TRY_NUMBER='1' AIRFLOW_CTX_DAG_RUN_ID='manual__2025-06-11T09:41:58.682100+00:00'
[2025-06-11T09:42:08.244+0000] {logging_mixin.py:190} INFO - Task instance is in running state
[2025-06-11T09:42:08.255+0000] {logging_mixin.py:190} INFO -  Previous state of the Task instance: queued
[2025-06-11T09:42:08.257+0000] {logging_mixin.py:190} INFO - Current task name:truncate_categories_20180509 state:running start_date:2025-06-11 09:42:07.425312+00:00
[2025-06-11T09:42:08.267+0000] {logging_mixin.py:190} INFO - Dag name:data_ingestion_to_stg and current dag run status:running
[2025-06-11T09:42:08.271+0000] {taskinstance.py:731} INFO - ::endgroup::
[2025-06-11T09:42:08.293+0000] {base.py:84} INFO - Retrieving connection 'data_warehouse_project'
[2025-06-11T09:42:08.376+0000] {sql.py:509} INFO - Running statement: TRUNCATE TABLE stg.categories;, parameters: None
[2025-06-11T09:42:08.414+0000] {logging_mixin.py:190} INFO - [INFO] Truncated table stg.categories
[2025-06-11T09:42:08.418+0000] {python.py:240} INFO - Done. Returned value was: None
[2025-06-11T09:42:08.444+0000] {taskinstance.py:340} INFO - ::group::Post task execution logs
[2025-06-11T09:42:08.444+0000] {taskinstance.py:352} INFO - Marking task as SUCCESS. dag_id=data_ingestion_to_stg, task_id=truncate_categories_20180509, run_id=manual__2025-06-11T09:41:58.682100+00:00, execution_date=20250611T094158, start_date=20250611T094207, end_date=20250611T094208
[2025-06-11T09:42:08.600+0000] {logging_mixin.py:190} INFO - Task instance in success state
[2025-06-11T09:42:08.603+0000] {logging_mixin.py:190} INFO -  Previous state of the Task instance: running
[2025-06-11T09:42:08.604+0000] {logging_mixin.py:190} INFO - Dag name:data_ingestion_to_stg queued_at:2025-06-11 09:41:58.731560+00:00
[2025-06-11T09:42:08.605+0000] {logging_mixin.py:190} INFO - Task hostname:50af1b76beaf operator:PythonOperator
[2025-06-11T09:42:08.671+0000] {local_task_job_runner.py:266} INFO - Task exited with return code 0
[2025-06-11T09:42:08.744+0000] {taskinstance.py:3900} INFO - 1 downstream tasks scheduled from follow-on schedule check
[2025-06-11T09:42:08.747+0000] {local_task_job_runner.py:245} INFO - ::endgroup::
