[2025-06-11T09:14:22.220+0000] {local_task_job_runner.py:123} INFO - ::group::Pre task execution logs
[2025-06-11T09:14:22.338+0000] {taskinstance.py:2612} INFO - Dependencies all met for dep_context=non-requeueable deps ti=<TaskInstance: data_ingestion_to_stg.truncate_categories_20180508 manual__2025-06-11T09:14:10.182020+00:00 [queued]>
[2025-06-11T09:14:22.402+0000] {taskinstance.py:2612} INFO - Dependencies all met for dep_context=requeueable deps ti=<TaskInstance: data_ingestion_to_stg.truncate_categories_20180508 manual__2025-06-11T09:14:10.182020+00:00 [queued]>
[2025-06-11T09:14:22.403+0000] {taskinstance.py:2865} INFO - Starting attempt 1 of 2
[2025-06-11T09:14:22.522+0000] {taskinstance.py:2888} INFO - Executing <Task(PythonOperator): truncate_categories_20180508> on 2025-06-11 09:14:10.182020+00:00
[2025-06-11T09:14:22.578+0000] {warnings.py:112} WARNING - /home/***/.local/lib/python3.12/site-packages/***/task/task_runner/standard_task_runner.py:70: DeprecationWarning: This process (pid=532) is multi-threaded, use of fork() may lead to deadlocks in the child.
  pid = os.fork()

[2025-06-11T09:14:22.588+0000] {standard_task_runner.py:72} INFO - Started process 578 to run task
[2025-06-11T09:14:22.611+0000] {standard_task_runner.py:104} INFO - Running: ['***', 'tasks', 'run', 'data_ingestion_to_stg', 'truncate_categories_20180508', 'manual__2025-06-11T09:14:10.182020+00:00', '--job-id', '754', '--raw', '--subdir', 'DAGS_FOLDER/data_ingestion_to_stg.py', '--cfg-path', '/tmp/tmp0g7crsy4']
[2025-06-11T09:14:22.618+0000] {standard_task_runner.py:105} INFO - Job 754: Subtask truncate_categories_20180508
[2025-06-11T09:14:23.003+0000] {task_command.py:467} INFO - Running <TaskInstance: data_ingestion_to_stg.truncate_categories_20180508 manual__2025-06-11T09:14:10.182020+00:00 [running]> on host 50af1b76beaf
[2025-06-11T09:14:23.453+0000] {taskinstance.py:3131} INFO - Exporting env vars: AIRFLOW_CTX_DAG_OWNER='***' AIRFLOW_CTX_DAG_ID='data_ingestion_to_stg' AIRFLOW_CTX_TASK_ID='truncate_categories_20180508' AIRFLOW_CTX_EXECUTION_DATE='2025-06-11T09:14:10.182020+00:00' AIRFLOW_CTX_TRY_NUMBER='1' AIRFLOW_CTX_DAG_RUN_ID='manual__2025-06-11T09:14:10.182020+00:00'
[2025-06-11T09:14:23.457+0000] {logging_mixin.py:190} INFO - Task instance is in running state
[2025-06-11T09:14:23.460+0000] {logging_mixin.py:190} INFO -  Previous state of the Task instance: queued
[2025-06-11T09:14:23.464+0000] {logging_mixin.py:190} INFO - Current task name:truncate_categories_20180508 state:running start_date:2025-06-11 09:14:22.342082+00:00
[2025-06-11T09:14:23.471+0000] {logging_mixin.py:190} INFO - Dag name:data_ingestion_to_stg and current dag run status:running
[2025-06-11T09:14:23.478+0000] {taskinstance.py:731} INFO - ::endgroup::
[2025-06-11T09:14:23.537+0000] {base.py:84} INFO - Retrieving connection 'data_warehouse_project'
[2025-06-11T09:14:23.625+0000] {sql.py:509} INFO - Running statement: TRUNCATE TABLE stg.categories;, parameters: None
[2025-06-11T09:14:23.681+0000] {logging_mixin.py:190} INFO - [INFO] Truncated table stg.categories
[2025-06-11T09:14:23.687+0000] {python.py:240} INFO - Done. Returned value was: None
[2025-06-11T09:14:23.735+0000] {taskinstance.py:340} INFO - ::group::Post task execution logs
[2025-06-11T09:14:23.738+0000] {taskinstance.py:352} INFO - Marking task as SUCCESS. dag_id=data_ingestion_to_stg, task_id=truncate_categories_20180508, run_id=manual__2025-06-11T09:14:10.182020+00:00, execution_date=20250611T091410, start_date=20250611T091422, end_date=20250611T091423
[2025-06-11T09:14:23.759+0000] {logging_mixin.py:190} INFO - Task instance in success state
[2025-06-11T09:14:23.768+0000] {logging_mixin.py:190} INFO -  Previous state of the Task instance: running
[2025-06-11T09:14:23.770+0000] {logging_mixin.py:190} INFO - Dag name:data_ingestion_to_stg queued_at:2025-06-11 09:14:10.199485+00:00
[2025-06-11T09:14:23.776+0000] {logging_mixin.py:190} INFO - Task hostname:50af1b76beaf operator:PythonOperator
[2025-06-11T09:14:23.831+0000] {local_task_job_runner.py:266} INFO - Task exited with return code 0
[2025-06-11T09:14:23.857+0000] {local_task_job_runner.py:245} INFO - ::endgroup::
