[2025-06-11T05:38:27.253+0000] {local_task_job_runner.py:123} INFO - ::group::Pre task execution logs
[2025-06-11T05:38:27.310+0000] {taskinstance.py:2612} INFO - Dependencies all met for dep_context=non-requeueable deps ti=<TaskInstance: data_ingestion_to_stg.truncate_employee_20180508 manual__2025-06-11T05:38:19.104169+00:00 [queued]>
[2025-06-11T05:38:27.381+0000] {taskinstance.py:2612} INFO - Dependencies all met for dep_context=requeueable deps ti=<TaskInstance: data_ingestion_to_stg.truncate_employee_20180508 manual__2025-06-11T05:38:19.104169+00:00 [queued]>
[2025-06-11T05:38:27.391+0000] {taskinstance.py:2865} INFO - Starting attempt 1 of 2
[2025-06-11T05:38:27.496+0000] {taskinstance.py:2888} INFO - Executing <Task(PythonOperator): truncate_employee_20180508> on 2025-06-11 05:38:19.104169+00:00
[2025-06-11T05:38:27.594+0000] {standard_task_runner.py:104} INFO - Running: ['***', 'tasks', 'run', 'data_ingestion_to_stg', 'truncate_employee_20180508', 'manual__2025-06-11T05:38:19.104169+00:00', '--job-id', '398', '--raw', '--subdir', 'DAGS_FOLDER/data_ingestion_to_stg.py', '--cfg-path', '/tmp/tmpp6dl4z70']
[2025-06-11T05:38:27.615+0000] {standard_task_runner.py:105} INFO - Job 398: Subtask truncate_employee_20180508
[2025-06-11T05:38:27.597+0000] {warnings.py:112} WARNING - /home/***/.local/lib/python3.12/site-packages/***/task/task_runner/standard_task_runner.py:70: DeprecationWarning: This process (pid=414) is multi-threaded, use of fork() may lead to deadlocks in the child.
  pid = os.fork()

[2025-06-11T05:38:27.656+0000] {standard_task_runner.py:72} INFO - Started process 454 to run task
[2025-06-11T05:38:28.080+0000] {task_command.py:467} INFO - Running <TaskInstance: data_ingestion_to_stg.truncate_employee_20180508 manual__2025-06-11T05:38:19.104169+00:00 [running]> on host 70fc91f07add
[2025-06-11T05:38:28.544+0000] {taskinstance.py:3131} INFO - Exporting env vars: AIRFLOW_CTX_DAG_OWNER='***' AIRFLOW_CTX_DAG_ID='data_ingestion_to_stg' AIRFLOW_CTX_TASK_ID='truncate_employee_20180508' AIRFLOW_CTX_EXECUTION_DATE='2025-06-11T05:38:19.104169+00:00' AIRFLOW_CTX_TRY_NUMBER='1' AIRFLOW_CTX_DAG_RUN_ID='manual__2025-06-11T05:38:19.104169+00:00'
[2025-06-11T05:38:28.552+0000] {logging_mixin.py:190} INFO - Task instance is in running state
[2025-06-11T05:38:28.561+0000] {logging_mixin.py:190} INFO -  Previous state of the Task instance: queued
[2025-06-11T05:38:28.565+0000] {logging_mixin.py:190} INFO - Current task name:truncate_employee_20180508 state:running start_date:2025-06-11 05:38:27.314037+00:00
[2025-06-11T05:38:28.568+0000] {logging_mixin.py:190} INFO - Dag name:data_ingestion_to_stg and current dag run status:running
[2025-06-11T05:38:28.576+0000] {taskinstance.py:731} INFO - ::endgroup::
[2025-06-11T05:38:28.616+0000] {base.py:84} INFO - Retrieving connection 'data_warehouse_project'
[2025-06-11T05:38:28.796+0000] {sql.py:509} INFO - Running statement: TRUNCATE TABLE stg.employee;, parameters: None
[2025-06-11T05:38:28.811+0000] {logging_mixin.py:190} INFO - [INFO] Truncated table stg.employee
[2025-06-11T05:38:28.814+0000] {python.py:240} INFO - Done. Returned value was: None
[2025-06-11T05:38:28.839+0000] {taskinstance.py:340} INFO - ::group::Post task execution logs
[2025-06-11T05:38:28.840+0000] {taskinstance.py:352} INFO - Marking task as SUCCESS. dag_id=data_ingestion_to_stg, task_id=truncate_employee_20180508, run_id=manual__2025-06-11T05:38:19.104169+00:00, execution_date=20250611T053819, start_date=20250611T053827, end_date=20250611T053828
[2025-06-11T05:38:28.916+0000] {logging_mixin.py:190} INFO - Task instance in success state
[2025-06-11T05:38:28.922+0000] {logging_mixin.py:190} INFO -  Previous state of the Task instance: running
[2025-06-11T05:38:28.922+0000] {logging_mixin.py:190} INFO - Dag name:data_ingestion_to_stg queued_at:2025-06-11 05:38:19.155859+00:00
[2025-06-11T05:38:28.923+0000] {logging_mixin.py:190} INFO - Task hostname:70fc91f07add operator:PythonOperator
[2025-06-11T05:38:28.970+0000] {local_task_job_runner.py:266} INFO - Task exited with return code 0
[2025-06-11T05:38:29.019+0000] {local_task_job_runner.py:245} INFO - ::endgroup::
