[2025-06-11T09:48:11.442+0000] {local_task_job_runner.py:123} INFO - ::group::Pre task execution logs
[2025-06-11T09:48:11.515+0000] {taskinstance.py:2612} INFO - Dependencies all met for dep_context=non-requeueable deps ti=<TaskInstance: etl_to_data_warehouse.load_cities_20180508 manual__2025-06-11T09:47:58.435646+00:00 [queued]>
[2025-06-11T09:48:11.545+0000] {taskinstance.py:2612} INFO - Dependencies all met for dep_context=requeueable deps ti=<TaskInstance: etl_to_data_warehouse.load_cities_20180508 manual__2025-06-11T09:47:58.435646+00:00 [queued]>
[2025-06-11T09:48:11.546+0000] {taskinstance.py:2865} INFO - Starting attempt 1 of 2
[2025-06-11T09:48:11.584+0000] {taskinstance.py:2888} INFO - Executing <Task(PythonOperator): load_cities_20180508> on 2025-06-11 09:47:58.435646+00:00
[2025-06-11T09:48:11.599+0000] {warnings.py:112} WARNING - /home/***/.local/lib/python3.12/site-packages/***/task/task_runner/standard_task_runner.py:70: DeprecationWarning: This process (pid=1693) is multi-threaded, use of fork() may lead to deadlocks in the child.
  pid = os.fork()

[2025-06-11T09:48:11.602+0000] {standard_task_runner.py:72} INFO - Started process 1718 to run task
[2025-06-11T09:48:11.633+0000] {standard_task_runner.py:104} INFO - Running: ['***', 'tasks', 'run', 'etl_to_data_warehouse', 'load_cities_20180508', 'manual__2025-06-11T09:47:58.435646+00:00', '--job-id', '931', '--raw', '--subdir', 'DAGS_FOLDER/etl_to_data_warehouse.py', '--cfg-path', '/tmp/tmpg7rxjon2']
[2025-06-11T09:48:11.636+0000] {standard_task_runner.py:105} INFO - Job 931: Subtask load_cities_20180508
[2025-06-11T09:48:11.819+0000] {task_command.py:467} INFO - Running <TaskInstance: etl_to_data_warehouse.load_cities_20180508 manual__2025-06-11T09:47:58.435646+00:00 [running]> on host 50af1b76beaf
[2025-06-11T09:48:12.079+0000] {taskinstance.py:3131} INFO - Exporting env vars: AIRFLOW_CTX_DAG_OWNER='***' AIRFLOW_CTX_DAG_ID='etl_to_data_warehouse' AIRFLOW_CTX_TASK_ID='load_cities_20180508' AIRFLOW_CTX_EXECUTION_DATE='2025-06-11T09:47:58.435646+00:00' AIRFLOW_CTX_TRY_NUMBER='1' AIRFLOW_CTX_DAG_RUN_ID='manual__2025-06-11T09:47:58.435646+00:00'
[2025-06-11T09:48:12.082+0000] {logging_mixin.py:190} INFO - Task instance is in running state
[2025-06-11T09:48:12.084+0000] {logging_mixin.py:190} INFO -  Previous state of the Task instance: queued
[2025-06-11T09:48:12.088+0000] {logging_mixin.py:190} INFO - Current task name:load_cities_20180508 state:running start_date:2025-06-11 09:48:11.516995+00:00
[2025-06-11T09:48:12.095+0000] {logging_mixin.py:190} INFO - Dag name:etl_to_data_warehouse and current dag run status:running
[2025-06-11T09:48:12.097+0000] {taskinstance.py:731} INFO - ::endgroup::
[2025-06-11T09:48:12.102+0000] {postgres.py:191} INFO - Running copy expert: COPY stg.cities FROM STDIN WITH CSV DELIMITER ';' HEADER;, filename: /opt/***/INPUT/20180508/20180508.cities.csv
[2025-06-11T09:48:12.126+0000] {base.py:84} INFO - Retrieving connection 'data_warehouse_project'
[2025-06-11T09:48:12.215+0000] {logging_mixin.py:190} INFO - [INFO] Berhasil load 20180508.cities.csv ke stg.cities
[2025-06-11T09:48:12.216+0000] {python.py:240} INFO - Done. Returned value was: None
[2025-06-11T09:48:12.233+0000] {taskinstance.py:340} INFO - ::group::Post task execution logs
[2025-06-11T09:48:12.236+0000] {taskinstance.py:352} INFO - Marking task as SUCCESS. dag_id=etl_to_data_warehouse, task_id=load_cities_20180508, run_id=manual__2025-06-11T09:47:58.435646+00:00, execution_date=20250611T094758, start_date=20250611T094811, end_date=20250611T094812
[2025-06-11T09:48:12.269+0000] {logging_mixin.py:190} INFO - Task instance in success state
[2025-06-11T09:48:12.271+0000] {logging_mixin.py:190} INFO -  Previous state of the Task instance: running
[2025-06-11T09:48:12.272+0000] {logging_mixin.py:190} INFO - Dag name:etl_to_data_warehouse queued_at:2025-06-11 09:47:58.494987+00:00
[2025-06-11T09:48:12.274+0000] {logging_mixin.py:190} INFO - Task hostname:50af1b76beaf operator:PythonOperator
[2025-06-11T09:48:12.302+0000] {local_task_job_runner.py:266} INFO - Task exited with return code 0
[2025-06-11T09:48:12.321+0000] {local_task_job_runner.py:245} INFO - ::endgroup::
