[2025-06-10T15:00:23.515+0000] {processor.py:186} INFO - Started process (PID=73) to work on /opt/airflow/dags/data/data_ingestion_to_stg.py
[2025-06-10T15:00:23.522+0000] {processor.py:914} INFO - Processing file /opt/airflow/dags/data/data_ingestion_to_stg.py for tasks to queue
[2025-06-10T15:00:23.542+0000] {logging_mixin.py:190} INFO - [2025-06-10T15:00:23.542+0000] {dagbag.py:587} INFO - Filling up the DagBag from /opt/airflow/dags/data/data_ingestion_to_stg.py
[2025-06-10T15:00:23.624+0000] {processor.py:925} INFO - DAG(s) 'data_ingestion_to_stg' retrieved from /opt/airflow/dags/data/data_ingestion_to_stg.py
[2025-06-10T15:00:24.430+0000] {logging_mixin.py:190} INFO - [2025-06-10T15:00:24.429+0000] {dag.py:3229} INFO - Sync 1 DAGs
[2025-06-10T15:00:24.472+0000] {logging_mixin.py:190} INFO - [2025-06-10T15:00:24.472+0000] {dag.py:4156} INFO - Setting next_dagrun for data_ingestion_to_stg to None, run_after=None
[2025-06-10T15:00:24.567+0000] {processor.py:208} INFO - Processing /opt/airflow/dags/data/data_ingestion_to_stg.py took 1.065 seconds
[2025-06-10T15:00:54.701+0000] {processor.py:186} INFO - Started process (PID=137) to work on /opt/airflow/dags/data/data_ingestion_to_stg.py
[2025-06-10T15:00:54.703+0000] {processor.py:914} INFO - Processing file /opt/airflow/dags/data/data_ingestion_to_stg.py for tasks to queue
[2025-06-10T15:00:54.706+0000] {logging_mixin.py:190} INFO - [2025-06-10T15:00:54.706+0000] {dagbag.py:587} INFO - Filling up the DagBag from /opt/airflow/dags/data/data_ingestion_to_stg.py
[2025-06-10T15:00:54.734+0000] {processor.py:925} INFO - DAG(s) 'data_ingestion_to_stg' retrieved from /opt/airflow/dags/data/data_ingestion_to_stg.py
[2025-06-10T15:00:54.764+0000] {logging_mixin.py:190} INFO - [2025-06-10T15:00:54.763+0000] {dag.py:3229} INFO - Sync 1 DAGs
[2025-06-10T15:00:54.780+0000] {logging_mixin.py:190} INFO - [2025-06-10T15:00:54.780+0000] {dag.py:4156} INFO - Setting next_dagrun for data_ingestion_to_stg to None, run_after=None
[2025-06-10T15:00:54.804+0000] {processor.py:208} INFO - Processing /opt/airflow/dags/data/data_ingestion_to_stg.py took 0.110 seconds
[2025-06-10T15:01:25.806+0000] {processor.py:186} INFO - Started process (PID=200) to work on /opt/airflow/dags/data/data_ingestion_to_stg.py
[2025-06-10T15:01:25.807+0000] {processor.py:914} INFO - Processing file /opt/airflow/dags/data/data_ingestion_to_stg.py for tasks to queue
[2025-06-10T15:01:25.811+0000] {logging_mixin.py:190} INFO - [2025-06-10T15:01:25.811+0000] {dagbag.py:587} INFO - Filling up the DagBag from /opt/airflow/dags/data/data_ingestion_to_stg.py
[2025-06-10T15:01:25.853+0000] {processor.py:925} INFO - DAG(s) 'data_ingestion_to_stg' retrieved from /opt/airflow/dags/data/data_ingestion_to_stg.py
[2025-06-10T15:01:26.091+0000] {logging_mixin.py:190} INFO - [2025-06-10T15:01:26.091+0000] {dag.py:3229} INFO - Sync 1 DAGs
[2025-06-10T15:01:26.136+0000] {logging_mixin.py:190} INFO - [2025-06-10T15:01:26.135+0000] {dag.py:4156} INFO - Setting next_dagrun for data_ingestion_to_stg to None, run_after=None
[2025-06-10T15:01:26.184+0000] {processor.py:208} INFO - Processing /opt/airflow/dags/data/data_ingestion_to_stg.py took 0.387 seconds
[2025-06-10T15:01:56.736+0000] {processor.py:186} INFO - Started process (PID=273) to work on /opt/airflow/dags/data/data_ingestion_to_stg.py
[2025-06-10T15:01:56.737+0000] {processor.py:914} INFO - Processing file /opt/airflow/dags/data/data_ingestion_to_stg.py for tasks to queue
[2025-06-10T15:01:56.741+0000] {logging_mixin.py:190} INFO - [2025-06-10T15:01:56.740+0000] {dagbag.py:587} INFO - Filling up the DagBag from /opt/airflow/dags/data/data_ingestion_to_stg.py
[2025-06-10T15:01:56.772+0000] {processor.py:925} INFO - DAG(s) 'data_ingestion_to_stg' retrieved from /opt/airflow/dags/data/data_ingestion_to_stg.py
[2025-06-10T15:01:56.816+0000] {logging_mixin.py:190} INFO - [2025-06-10T15:01:56.815+0000] {dag.py:3229} INFO - Sync 1 DAGs
[2025-06-10T15:01:56.842+0000] {logging_mixin.py:190} INFO - [2025-06-10T15:01:56.841+0000] {dag.py:4156} INFO - Setting next_dagrun for data_ingestion_to_stg to None, run_after=None
[2025-06-10T15:01:56.873+0000] {processor.py:208} INFO - Processing /opt/airflow/dags/data/data_ingestion_to_stg.py took 0.146 seconds
[2025-06-10T15:02:27.624+0000] {processor.py:186} INFO - Started process (PID=337) to work on /opt/airflow/dags/data/data_ingestion_to_stg.py
[2025-06-10T15:02:27.625+0000] {processor.py:914} INFO - Processing file /opt/airflow/dags/data/data_ingestion_to_stg.py for tasks to queue
[2025-06-10T15:02:27.630+0000] {logging_mixin.py:190} INFO - [2025-06-10T15:02:27.629+0000] {dagbag.py:587} INFO - Filling up the DagBag from /opt/airflow/dags/data/data_ingestion_to_stg.py
[2025-06-10T15:02:27.661+0000] {processor.py:925} INFO - DAG(s) 'data_ingestion_to_stg' retrieved from /opt/airflow/dags/data/data_ingestion_to_stg.py
[2025-06-10T15:02:27.858+0000] {logging_mixin.py:190} INFO - [2025-06-10T15:02:27.857+0000] {dag.py:3229} INFO - Sync 1 DAGs
[2025-06-10T15:02:27.881+0000] {logging_mixin.py:190} INFO - [2025-06-10T15:02:27.881+0000] {dag.py:4156} INFO - Setting next_dagrun for data_ingestion_to_stg to None, run_after=None
[2025-06-10T15:02:27.912+0000] {processor.py:208} INFO - Processing /opt/airflow/dags/data/data_ingestion_to_stg.py took 0.299 seconds
[2025-06-10T15:02:58.677+0000] {processor.py:186} INFO - Started process (PID=401) to work on /opt/airflow/dags/data/data_ingestion_to_stg.py
[2025-06-10T15:02:58.677+0000] {processor.py:914} INFO - Processing file /opt/airflow/dags/data/data_ingestion_to_stg.py for tasks to queue
[2025-06-10T15:02:58.680+0000] {logging_mixin.py:190} INFO - [2025-06-10T15:02:58.679+0000] {dagbag.py:587} INFO - Filling up the DagBag from /opt/airflow/dags/data/data_ingestion_to_stg.py
[2025-06-10T15:02:58.698+0000] {processor.py:925} INFO - DAG(s) 'data_ingestion_to_stg' retrieved from /opt/airflow/dags/data/data_ingestion_to_stg.py
[2025-06-10T15:02:58.722+0000] {logging_mixin.py:190} INFO - [2025-06-10T15:02:58.722+0000] {dag.py:3229} INFO - Sync 1 DAGs
[2025-06-10T15:02:58.735+0000] {logging_mixin.py:190} INFO - [2025-06-10T15:02:58.735+0000] {dag.py:4156} INFO - Setting next_dagrun for data_ingestion_to_stg to None, run_after=None
[2025-06-10T15:02:58.757+0000] {processor.py:208} INFO - Processing /opt/airflow/dags/data/data_ingestion_to_stg.py took 0.087 seconds
[2025-06-10T15:03:29.174+0000] {processor.py:186} INFO - Started process (PID=465) to work on /opt/airflow/dags/data/data_ingestion_to_stg.py
[2025-06-10T15:03:29.175+0000] {processor.py:914} INFO - Processing file /opt/airflow/dags/data/data_ingestion_to_stg.py for tasks to queue
[2025-06-10T15:03:29.177+0000] {logging_mixin.py:190} INFO - [2025-06-10T15:03:29.177+0000] {dagbag.py:587} INFO - Filling up the DagBag from /opt/airflow/dags/data/data_ingestion_to_stg.py
[2025-06-10T15:03:29.190+0000] {processor.py:925} INFO - DAG(s) 'data_ingestion_to_stg' retrieved from /opt/airflow/dags/data/data_ingestion_to_stg.py
[2025-06-10T15:03:29.291+0000] {logging_mixin.py:190} INFO - [2025-06-10T15:03:29.291+0000] {dag.py:3229} INFO - Sync 1 DAGs
[2025-06-10T15:03:29.302+0000] {logging_mixin.py:190} INFO - [2025-06-10T15:03:29.301+0000] {dag.py:4156} INFO - Setting next_dagrun for data_ingestion_to_stg to None, run_after=None
[2025-06-10T15:03:29.324+0000] {processor.py:208} INFO - Processing /opt/airflow/dags/data/data_ingestion_to_stg.py took 0.155 seconds
