[2025-06-11T06:01:37.907+0000] {local_task_job_runner.py:123} INFO - ::group::Pre task execution logs
[2025-06-11T06:01:37.957+0000] {taskinstance.py:2612} INFO - Dependencies all met for dep_context=non-requeueable deps ti=<TaskInstance: data_ingestion_to_stg.truncate_countries_20180508 manual__2025-06-11T06:01:32.136155+00:00 [queued]>
[2025-06-11T06:01:38.006+0000] {taskinstance.py:2612} INFO - Dependencies all met for dep_context=requeueable deps ti=<TaskInstance: data_ingestion_to_stg.truncate_countries_20180508 manual__2025-06-11T06:01:32.136155+00:00 [queued]>
[2025-06-11T06:01:38.007+0000] {taskinstance.py:2865} INFO - Starting attempt 1 of 2
[2025-06-11T06:01:38.117+0000] {taskinstance.py:2888} INFO - Executing <Task(PythonOperator): truncate_countries_20180508> on 2025-06-11 06:01:32.136155+00:00
[2025-06-11T06:01:38.168+0000] {warnings.py:112} WARNING - /home/***/.local/lib/python3.12/site-packages/***/task/task_runner/standard_task_runner.py:70: DeprecationWarning: This process (pid=999) is multi-threaded, use of fork() may lead to deadlocks in the child.
  pid = os.fork()

[2025-06-11T06:01:38.171+0000] {standard_task_runner.py:72} INFO - Started process 1022 to run task
[2025-06-11T06:01:38.182+0000] {standard_task_runner.py:104} INFO - Running: ['***', 'tasks', 'run', 'data_ingestion_to_stg', 'truncate_countries_20180508', 'manual__2025-06-11T06:01:32.136155+00:00', '--job-id', '460', '--raw', '--subdir', 'DAGS_FOLDER/data_ingestion_to_stg.py', '--cfg-path', '/tmp/tmp8xl2jzm9']
[2025-06-11T06:01:38.197+0000] {standard_task_runner.py:105} INFO - Job 460: Subtask truncate_countries_20180508
[2025-06-11T06:01:38.431+0000] {task_command.py:467} INFO - Running <TaskInstance: data_ingestion_to_stg.truncate_countries_20180508 manual__2025-06-11T06:01:32.136155+00:00 [running]> on host 70fc91f07add
[2025-06-11T06:01:38.797+0000] {taskinstance.py:3131} INFO - Exporting env vars: AIRFLOW_CTX_DAG_OWNER='***' AIRFLOW_CTX_DAG_ID='data_ingestion_to_stg' AIRFLOW_CTX_TASK_ID='truncate_countries_20180508' AIRFLOW_CTX_EXECUTION_DATE='2025-06-11T06:01:32.136155+00:00' AIRFLOW_CTX_TRY_NUMBER='1' AIRFLOW_CTX_DAG_RUN_ID='manual__2025-06-11T06:01:32.136155+00:00'
[2025-06-11T06:01:38.824+0000] {logging_mixin.py:190} INFO - Task instance is in running state
[2025-06-11T06:01:38.826+0000] {logging_mixin.py:190} INFO -  Previous state of the Task instance: queued
[2025-06-11T06:01:38.840+0000] {logging_mixin.py:190} INFO - Current task name:truncate_countries_20180508 state:running start_date:2025-06-11 06:01:37.969940+00:00
[2025-06-11T06:01:38.844+0000] {logging_mixin.py:190} INFO - Dag name:data_ingestion_to_stg and current dag run status:running
[2025-06-11T06:01:38.854+0000] {taskinstance.py:731} INFO - ::endgroup::
[2025-06-11T06:01:38.905+0000] {base.py:84} INFO - Retrieving connection 'data_warehouse_project'
[2025-06-11T06:01:39.008+0000] {sql.py:509} INFO - Running statement: TRUNCATE TABLE stg.countries;, parameters: None
[2025-06-11T06:01:39.039+0000] {logging_mixin.py:190} INFO - [INFO] Truncated table stg.countries
[2025-06-11T06:01:39.041+0000] {python.py:240} INFO - Done. Returned value was: None
[2025-06-11T06:01:39.063+0000] {taskinstance.py:340} INFO - ::group::Post task execution logs
[2025-06-11T06:01:39.064+0000] {taskinstance.py:352} INFO - Marking task as SUCCESS. dag_id=data_ingestion_to_stg, task_id=truncate_countries_20180508, run_id=manual__2025-06-11T06:01:32.136155+00:00, execution_date=20250611T060132, start_date=20250611T060137, end_date=20250611T060139
[2025-06-11T06:01:39.105+0000] {logging_mixin.py:190} INFO - Task instance in success state
[2025-06-11T06:01:39.106+0000] {logging_mixin.py:190} INFO -  Previous state of the Task instance: running
[2025-06-11T06:01:39.107+0000] {logging_mixin.py:190} INFO - Dag name:data_ingestion_to_stg queued_at:2025-06-11 06:01:32.196993+00:00
[2025-06-11T06:01:39.109+0000] {logging_mixin.py:190} INFO - Task hostname:70fc91f07add operator:PythonOperator
[2025-06-11T06:01:39.184+0000] {local_task_job_runner.py:266} INFO - Task exited with return code 0
[2025-06-11T06:01:39.305+0000] {taskinstance.py:3900} INFO - 1 downstream tasks scheduled from follow-on schedule check
[2025-06-11T06:01:39.349+0000] {local_task_job_runner.py:245} INFO - ::endgroup::
